[2024-11-08T08:59:10.094+0000] {processor.py:186} INFO - Started process (PID=134) to work on /home/airflow/.local/lib/python3.12/site-packages/airflow/example_dags/example_sensor_decorator.py
[2024-11-08T08:59:10.096+0000] {processor.py:914} INFO - Processing file /home/airflow/.local/lib/python3.12/site-packages/airflow/example_dags/example_sensor_decorator.py for tasks to queue
[2024-11-08T08:59:10.102+0000] {logging_mixin.py:190} INFO - [2024-11-08T08:59:10.101+0000] {dagbag.py:588} INFO - Filling up the DagBag from /home/airflow/.local/lib/python3.12/site-packages/airflow/example_dags/example_sensor_decorator.py
[2024-11-08T08:59:10.120+0000] {processor.py:925} INFO - DAG(s) 'example_sensor_decorator' retrieved from /home/airflow/.local/lib/python3.12/site-packages/airflow/example_dags/example_sensor_decorator.py
[2024-11-08T08:59:10.478+0000] {logging_mixin.py:190} INFO - [2024-11-08T08:59:10.476+0000] {override.py:1911} INFO - Created Permission View: can read on DAG:example_sensor_decorator
[2024-11-08T08:59:10.558+0000] {logging_mixin.py:190} INFO - [2024-11-08T08:59:10.557+0000] {override.py:1911} INFO - Created Permission View: can delete on DAG:example_sensor_decorator
[2024-11-08T08:59:10.595+0000] {logging_mixin.py:190} INFO - [2024-11-08T08:59:10.594+0000] {override.py:1911} INFO - Created Permission View: can edit on DAG:example_sensor_decorator
[2024-11-08T08:59:10.647+0000] {logging_mixin.py:190} INFO - [2024-11-08T08:59:10.646+0000] {override.py:1911} INFO - Created Permission View: can read on DAG Run:example_sensor_decorator
[2024-11-08T08:59:10.691+0000] {logging_mixin.py:190} INFO - [2024-11-08T08:59:10.690+0000] {override.py:1911} INFO - Created Permission View: can delete on DAG Run:example_sensor_decorator
[2024-11-08T08:59:10.735+0000] {logging_mixin.py:190} INFO - [2024-11-08T08:59:10.734+0000] {override.py:1911} INFO - Created Permission View: can create on DAG Run:example_sensor_decorator
[2024-11-08T08:59:10.777+0000] {logging_mixin.py:190} INFO - [2024-11-08T08:59:10.772+0000] {override.py:1911} INFO - Created Permission View: menu access on DAG Run:example_sensor_decorator
[2024-11-08T08:59:10.792+0000] {logging_mixin.py:190} INFO - [2024-11-08T08:59:10.789+0000] {dag.py:3239} INFO - Sync 1 DAGs
[2024-11-08T08:59:10.867+0000] {logging_mixin.py:190} INFO - [2024-11-08T08:59:10.866+0000] {dag.py:3262} INFO - Creating ORM DAG for example_sensor_decorator
[2024-11-08T08:59:10.871+0000] {logging_mixin.py:190} INFO - [2024-11-08T08:59:10.871+0000] {dag.py:4180} INFO - Setting next_dagrun for example_sensor_decorator to None, run_after=None
[2024-11-08T08:59:10.975+0000] {processor.py:208} INFO - Processing /home/airflow/.local/lib/python3.12/site-packages/airflow/example_dags/example_sensor_decorator.py took 0.891 seconds
[2024-11-08T08:59:41.542+0000] {processor.py:186} INFO - Started process (PID=202) to work on /home/airflow/.local/lib/python3.12/site-packages/airflow/example_dags/example_sensor_decorator.py
[2024-11-08T08:59:41.546+0000] {processor.py:914} INFO - Processing file /home/airflow/.local/lib/python3.12/site-packages/airflow/example_dags/example_sensor_decorator.py for tasks to queue
[2024-11-08T08:59:41.557+0000] {logging_mixin.py:190} INFO - [2024-11-08T08:59:41.556+0000] {dagbag.py:588} INFO - Filling up the DagBag from /home/airflow/.local/lib/python3.12/site-packages/airflow/example_dags/example_sensor_decorator.py
[2024-11-08T08:59:41.583+0000] {processor.py:925} INFO - DAG(s) 'example_sensor_decorator' retrieved from /home/airflow/.local/lib/python3.12/site-packages/airflow/example_dags/example_sensor_decorator.py
[2024-11-08T08:59:41.682+0000] {logging_mixin.py:190} INFO - [2024-11-08T08:59:41.681+0000] {dag.py:3239} INFO - Sync 1 DAGs
[2024-11-08T08:59:41.728+0000] {logging_mixin.py:190} INFO - [2024-11-08T08:59:41.728+0000] {dag.py:4180} INFO - Setting next_dagrun for example_sensor_decorator to None, run_after=None
[2024-11-08T08:59:41.798+0000] {processor.py:208} INFO - Processing /home/airflow/.local/lib/python3.12/site-packages/airflow/example_dags/example_sensor_decorator.py took 0.278 seconds
[2024-11-08T09:00:50.123+0000] {processor.py:186} INFO - Started process (PID=273) to work on /home/airflow/.local/lib/python3.12/site-packages/airflow/example_dags/example_sensor_decorator.py
[2024-11-08T09:00:50.142+0000] {processor.py:914} INFO - Processing file /home/airflow/.local/lib/python3.12/site-packages/airflow/example_dags/example_sensor_decorator.py for tasks to queue
[2024-11-08T09:00:50.175+0000] {logging_mixin.py:190} INFO - [2024-11-08T09:00:50.174+0000] {dagbag.py:588} INFO - Filling up the DagBag from /home/airflow/.local/lib/python3.12/site-packages/airflow/example_dags/example_sensor_decorator.py
[2024-11-08T09:00:50.271+0000] {processor.py:925} INFO - DAG(s) 'example_sensor_decorator' retrieved from /home/airflow/.local/lib/python3.12/site-packages/airflow/example_dags/example_sensor_decorator.py
[2024-11-08T09:00:50.414+0000] {logging_mixin.py:190} INFO - [2024-11-08T09:00:50.413+0000] {dag.py:3239} INFO - Sync 1 DAGs
[2024-11-08T09:00:50.556+0000] {logging_mixin.py:190} INFO - [2024-11-08T09:00:50.555+0000] {dag.py:4180} INFO - Setting next_dagrun for example_sensor_decorator to None, run_after=None
[2024-11-08T09:00:50.772+0000] {processor.py:208} INFO - Processing /home/airflow/.local/lib/python3.12/site-packages/airflow/example_dags/example_sensor_decorator.py took 0.697 seconds
[2024-11-08T09:01:24.482+0000] {processor.py:186} INFO - Started process (PID=336) to work on /home/airflow/.local/lib/python3.12/site-packages/airflow/example_dags/example_sensor_decorator.py
[2024-11-08T09:01:24.497+0000] {processor.py:914} INFO - Processing file /home/airflow/.local/lib/python3.12/site-packages/airflow/example_dags/example_sensor_decorator.py for tasks to queue
[2024-11-08T09:01:24.506+0000] {logging_mixin.py:190} INFO - [2024-11-08T09:01:24.505+0000] {dagbag.py:588} INFO - Filling up the DagBag from /home/airflow/.local/lib/python3.12/site-packages/airflow/example_dags/example_sensor_decorator.py
[2024-11-08T09:01:24.567+0000] {processor.py:925} INFO - DAG(s) 'example_sensor_decorator' retrieved from /home/airflow/.local/lib/python3.12/site-packages/airflow/example_dags/example_sensor_decorator.py
[2024-11-08T09:01:24.787+0000] {logging_mixin.py:190} INFO - [2024-11-08T09:01:24.786+0000] {dag.py:3239} INFO - Sync 1 DAGs
[2024-11-08T09:01:24.932+0000] {logging_mixin.py:190} INFO - [2024-11-08T09:01:24.931+0000] {dag.py:4180} INFO - Setting next_dagrun for example_sensor_decorator to None, run_after=None
[2024-11-08T09:01:25.052+0000] {processor.py:208} INFO - Processing /home/airflow/.local/lib/python3.12/site-packages/airflow/example_dags/example_sensor_decorator.py took 0.594 seconds
[2024-11-08T09:04:31.486+0000] {processor.py:186} INFO - Started process (PID=405) to work on /home/airflow/.local/lib/python3.12/site-packages/airflow/example_dags/example_sensor_decorator.py
[2024-11-08T09:04:31.502+0000] {processor.py:914} INFO - Processing file /home/airflow/.local/lib/python3.12/site-packages/airflow/example_dags/example_sensor_decorator.py for tasks to queue
[2024-11-08T09:04:31.509+0000] {logging_mixin.py:190} INFO - [2024-11-08T09:04:31.508+0000] {dagbag.py:588} INFO - Filling up the DagBag from /home/airflow/.local/lib/python3.12/site-packages/airflow/example_dags/example_sensor_decorator.py
[2024-11-08T09:04:31.569+0000] {processor.py:925} INFO - DAG(s) 'example_sensor_decorator' retrieved from /home/airflow/.local/lib/python3.12/site-packages/airflow/example_dags/example_sensor_decorator.py
[2024-11-08T09:04:31.668+0000] {logging_mixin.py:190} INFO - [2024-11-08T09:04:31.668+0000] {dag.py:3239} INFO - Sync 1 DAGs
[2024-11-08T09:04:31.724+0000] {logging_mixin.py:190} INFO - [2024-11-08T09:04:31.724+0000] {dag.py:4180} INFO - Setting next_dagrun for example_sensor_decorator to None, run_after=None
[2024-11-08T09:04:31.805+0000] {processor.py:208} INFO - Processing /home/airflow/.local/lib/python3.12/site-packages/airflow/example_dags/example_sensor_decorator.py took 0.366 seconds
[2024-11-08T09:05:03.244+0000] {processor.py:186} INFO - Started process (PID=468) to work on /home/airflow/.local/lib/python3.12/site-packages/airflow/example_dags/example_sensor_decorator.py
[2024-11-08T09:05:03.247+0000] {processor.py:914} INFO - Processing file /home/airflow/.local/lib/python3.12/site-packages/airflow/example_dags/example_sensor_decorator.py for tasks to queue
[2024-11-08T09:05:03.250+0000] {logging_mixin.py:190} INFO - [2024-11-08T09:05:03.249+0000] {dagbag.py:588} INFO - Filling up the DagBag from /home/airflow/.local/lib/python3.12/site-packages/airflow/example_dags/example_sensor_decorator.py
[2024-11-08T09:05:03.283+0000] {processor.py:925} INFO - DAG(s) 'example_sensor_decorator' retrieved from /home/airflow/.local/lib/python3.12/site-packages/airflow/example_dags/example_sensor_decorator.py
[2024-11-08T09:05:03.341+0000] {logging_mixin.py:190} INFO - [2024-11-08T09:05:03.340+0000] {dag.py:3239} INFO - Sync 1 DAGs
[2024-11-08T09:05:03.383+0000] {logging_mixin.py:190} INFO - [2024-11-08T09:05:03.382+0000] {dag.py:4180} INFO - Setting next_dagrun for example_sensor_decorator to None, run_after=None
[2024-11-08T09:05:03.428+0000] {processor.py:208} INFO - Processing /home/airflow/.local/lib/python3.12/site-packages/airflow/example_dags/example_sensor_decorator.py took 0.199 seconds
[2024-11-08T09:05:35.945+0000] {processor.py:186} INFO - Started process (PID=531) to work on /home/airflow/.local/lib/python3.12/site-packages/airflow/example_dags/example_sensor_decorator.py
[2024-11-08T09:05:35.948+0000] {processor.py:914} INFO - Processing file /home/airflow/.local/lib/python3.12/site-packages/airflow/example_dags/example_sensor_decorator.py for tasks to queue
[2024-11-08T09:05:35.962+0000] {logging_mixin.py:190} INFO - [2024-11-08T09:05:35.952+0000] {dagbag.py:588} INFO - Filling up the DagBag from /home/airflow/.local/lib/python3.12/site-packages/airflow/example_dags/example_sensor_decorator.py
[2024-11-08T09:05:36.023+0000] {processor.py:925} INFO - DAG(s) 'example_sensor_decorator' retrieved from /home/airflow/.local/lib/python3.12/site-packages/airflow/example_dags/example_sensor_decorator.py
[2024-11-08T09:05:36.103+0000] {logging_mixin.py:190} INFO - [2024-11-08T09:05:36.103+0000] {dag.py:3239} INFO - Sync 1 DAGs
[2024-11-08T09:05:36.182+0000] {logging_mixin.py:190} INFO - [2024-11-08T09:05:36.182+0000] {dag.py:4180} INFO - Setting next_dagrun for example_sensor_decorator to None, run_after=None
[2024-11-08T09:05:36.284+0000] {processor.py:208} INFO - Processing /home/airflow/.local/lib/python3.12/site-packages/airflow/example_dags/example_sensor_decorator.py took 0.380 seconds
[2024-11-08T09:06:10.665+0000] {processor.py:186} INFO - Started process (PID=594) to work on /home/airflow/.local/lib/python3.12/site-packages/airflow/example_dags/example_sensor_decorator.py
[2024-11-08T09:06:10.669+0000] {processor.py:914} INFO - Processing file /home/airflow/.local/lib/python3.12/site-packages/airflow/example_dags/example_sensor_decorator.py for tasks to queue
[2024-11-08T09:06:10.672+0000] {logging_mixin.py:190} INFO - [2024-11-08T09:06:10.671+0000] {dagbag.py:588} INFO - Filling up the DagBag from /home/airflow/.local/lib/python3.12/site-packages/airflow/example_dags/example_sensor_decorator.py
[2024-11-08T09:06:10.702+0000] {processor.py:925} INFO - DAG(s) 'example_sensor_decorator' retrieved from /home/airflow/.local/lib/python3.12/site-packages/airflow/example_dags/example_sensor_decorator.py
[2024-11-08T09:06:10.768+0000] {logging_mixin.py:190} INFO - [2024-11-08T09:06:10.767+0000] {dag.py:3239} INFO - Sync 1 DAGs
[2024-11-08T09:06:10.823+0000] {logging_mixin.py:190} INFO - [2024-11-08T09:06:10.822+0000] {dag.py:4180} INFO - Setting next_dagrun for example_sensor_decorator to None, run_after=None
[2024-11-08T09:06:10.896+0000] {processor.py:208} INFO - Processing /home/airflow/.local/lib/python3.12/site-packages/airflow/example_dags/example_sensor_decorator.py took 0.250 seconds
