[2024-11-08T08:59:23.879+0000] {processor.py:186} INFO - Started process (PID=154) to work on /home/airflow/.local/lib/python3.12/site-packages/airflow/example_dags/example_branch_operator.py
[2024-11-08T08:59:23.882+0000] {processor.py:914} INFO - Processing file /home/airflow/.local/lib/python3.12/site-packages/airflow/example_dags/example_branch_operator.py for tasks to queue
[2024-11-08T08:59:23.890+0000] {logging_mixin.py:190} INFO - [2024-11-08T08:59:23.888+0000] {dagbag.py:588} INFO - Filling up the DagBag from /home/airflow/.local/lib/python3.12/site-packages/airflow/example_dags/example_branch_operator.py
[2024-11-08T08:59:23.973+0000] {processor.py:925} INFO - DAG(s) 'example_branch_operator' retrieved from /home/airflow/.local/lib/python3.12/site-packages/airflow/example_dags/example_branch_operator.py
[2024-11-08T08:59:24.291+0000] {logging_mixin.py:190} INFO - [2024-11-08T08:59:24.290+0000] {override.py:1911} INFO - Created Permission View: can read on DAG:example_branch_operator
[2024-11-08T08:59:24.333+0000] {logging_mixin.py:190} INFO - [2024-11-08T08:59:24.332+0000] {override.py:1911} INFO - Created Permission View: can delete on DAG:example_branch_operator
[2024-11-08T08:59:24.363+0000] {logging_mixin.py:190} INFO - [2024-11-08T08:59:24.363+0000] {override.py:1911} INFO - Created Permission View: can edit on DAG:example_branch_operator
[2024-11-08T08:59:24.402+0000] {logging_mixin.py:190} INFO - [2024-11-08T08:59:24.402+0000] {override.py:1911} INFO - Created Permission View: can read on DAG Run:example_branch_operator
[2024-11-08T08:59:24.429+0000] {logging_mixin.py:190} INFO - [2024-11-08T08:59:24.428+0000] {override.py:1911} INFO - Created Permission View: can delete on DAG Run:example_branch_operator
[2024-11-08T08:59:24.454+0000] {logging_mixin.py:190} INFO - [2024-11-08T08:59:24.453+0000] {override.py:1911} INFO - Created Permission View: can create on DAG Run:example_branch_operator
[2024-11-08T08:59:24.477+0000] {logging_mixin.py:190} INFO - [2024-11-08T08:59:24.476+0000] {override.py:1911} INFO - Created Permission View: menu access on DAG Run:example_branch_operator
[2024-11-08T08:59:24.478+0000] {logging_mixin.py:190} INFO - [2024-11-08T08:59:24.478+0000] {dag.py:3239} INFO - Sync 1 DAGs
[2024-11-08T08:59:24.512+0000] {logging_mixin.py:190} INFO - [2024-11-08T08:59:24.512+0000] {dag.py:3262} INFO - Creating ORM DAG for example_branch_operator
[2024-11-08T08:59:24.563+0000] {logging_mixin.py:190} INFO - [2024-11-08T08:59:24.562+0000] {dag.py:4180} INFO - Setting next_dagrun for example_branch_operator to 2024-11-07 00:00:00+00:00, run_after=2024-11-08 00:00:00+00:00
[2024-11-08T08:59:24.645+0000] {processor.py:208} INFO - Processing /home/airflow/.local/lib/python3.12/site-packages/airflow/example_dags/example_branch_operator.py took 0.791 seconds
[2024-11-08T09:00:05.253+0000] {processor.py:186} INFO - Started process (PID=224) to work on /home/airflow/.local/lib/python3.12/site-packages/airflow/example_dags/example_branch_operator.py
[2024-11-08T09:00:05.258+0000] {processor.py:914} INFO - Processing file /home/airflow/.local/lib/python3.12/site-packages/airflow/example_dags/example_branch_operator.py for tasks to queue
[2024-11-08T09:00:05.273+0000] {logging_mixin.py:190} INFO - [2024-11-08T09:00:05.265+0000] {dagbag.py:588} INFO - Filling up the DagBag from /home/airflow/.local/lib/python3.12/site-packages/airflow/example_dags/example_branch_operator.py
[2024-11-08T09:00:05.328+0000] {processor.py:925} INFO - DAG(s) 'example_branch_operator' retrieved from /home/airflow/.local/lib/python3.12/site-packages/airflow/example_dags/example_branch_operator.py
[2024-11-08T09:00:05.398+0000] {logging_mixin.py:190} INFO - [2024-11-08T09:00:05.397+0000] {dag.py:3239} INFO - Sync 1 DAGs
[2024-11-08T09:00:05.462+0000] {logging_mixin.py:190} INFO - [2024-11-08T09:00:05.462+0000] {dag.py:4180} INFO - Setting next_dagrun for example_branch_operator to 2024-11-07 00:00:00+00:00, run_after=2024-11-08 00:00:00+00:00
[2024-11-08T09:00:05.537+0000] {processor.py:208} INFO - Processing /home/airflow/.local/lib/python3.12/site-packages/airflow/example_dags/example_branch_operator.py took 0.304 seconds
[2024-11-08T09:01:06.927+0000] {processor.py:186} INFO - Started process (PID=300) to work on /home/airflow/.local/lib/python3.12/site-packages/airflow/example_dags/example_branch_operator.py
[2024-11-08T09:01:06.934+0000] {processor.py:914} INFO - Processing file /home/airflow/.local/lib/python3.12/site-packages/airflow/example_dags/example_branch_operator.py for tasks to queue
[2024-11-08T09:01:06.940+0000] {logging_mixin.py:190} INFO - [2024-11-08T09:01:06.939+0000] {dagbag.py:588} INFO - Filling up the DagBag from /home/airflow/.local/lib/python3.12/site-packages/airflow/example_dags/example_branch_operator.py
[2024-11-08T09:01:07.064+0000] {processor.py:925} INFO - DAG(s) 'example_branch_operator' retrieved from /home/airflow/.local/lib/python3.12/site-packages/airflow/example_dags/example_branch_operator.py
[2024-11-08T09:01:07.271+0000] {logging_mixin.py:190} INFO - [2024-11-08T09:01:07.260+0000] {dag.py:3239} INFO - Sync 1 DAGs
[2024-11-08T09:01:07.398+0000] {logging_mixin.py:190} INFO - [2024-11-08T09:01:07.398+0000] {dag.py:4180} INFO - Setting next_dagrun for example_branch_operator to 2024-11-07 00:00:00+00:00, run_after=2024-11-08 00:00:00+00:00
[2024-11-08T09:01:07.480+0000] {processor.py:208} INFO - Processing /home/airflow/.local/lib/python3.12/site-packages/airflow/example_dags/example_branch_operator.py took 0.576 seconds
[2024-11-08T09:04:39.241+0000] {processor.py:186} INFO - Started process (PID=420) to work on /home/airflow/.local/lib/python3.12/site-packages/airflow/example_dags/example_branch_operator.py
[2024-11-08T09:04:39.245+0000] {processor.py:914} INFO - Processing file /home/airflow/.local/lib/python3.12/site-packages/airflow/example_dags/example_branch_operator.py for tasks to queue
[2024-11-08T09:04:39.256+0000] {logging_mixin.py:190} INFO - [2024-11-08T09:04:39.256+0000] {dagbag.py:588} INFO - Filling up the DagBag from /home/airflow/.local/lib/python3.12/site-packages/airflow/example_dags/example_branch_operator.py
[2024-11-08T09:04:39.316+0000] {processor.py:925} INFO - DAG(s) 'example_branch_operator' retrieved from /home/airflow/.local/lib/python3.12/site-packages/airflow/example_dags/example_branch_operator.py
[2024-11-08T09:04:39.522+0000] {logging_mixin.py:190} INFO - [2024-11-08T09:04:39.521+0000] {dag.py:3239} INFO - Sync 1 DAGs
[2024-11-08T09:04:39.664+0000] {logging_mixin.py:190} INFO - [2024-11-08T09:04:39.664+0000] {dag.py:4180} INFO - Setting next_dagrun for example_branch_operator to 2024-11-07 00:00:00+00:00, run_after=2024-11-08 00:00:00+00:00
[2024-11-08T09:04:39.785+0000] {processor.py:208} INFO - Processing /home/airflow/.local/lib/python3.12/site-packages/airflow/example_dags/example_branch_operator.py took 0.566 seconds
[2024-11-08T09:05:10.781+0000] {processor.py:186} INFO - Started process (PID=483) to work on /home/airflow/.local/lib/python3.12/site-packages/airflow/example_dags/example_branch_operator.py
[2024-11-08T09:05:10.784+0000] {processor.py:914} INFO - Processing file /home/airflow/.local/lib/python3.12/site-packages/airflow/example_dags/example_branch_operator.py for tasks to queue
[2024-11-08T09:05:10.787+0000] {logging_mixin.py:190} INFO - [2024-11-08T09:05:10.786+0000] {dagbag.py:588} INFO - Filling up the DagBag from /home/airflow/.local/lib/python3.12/site-packages/airflow/example_dags/example_branch_operator.py
[2024-11-08T09:05:10.841+0000] {processor.py:925} INFO - DAG(s) 'example_branch_operator' retrieved from /home/airflow/.local/lib/python3.12/site-packages/airflow/example_dags/example_branch_operator.py
[2024-11-08T09:05:10.979+0000] {logging_mixin.py:190} INFO - [2024-11-08T09:05:10.979+0000] {dag.py:3239} INFO - Sync 1 DAGs
[2024-11-08T09:05:11.111+0000] {logging_mixin.py:190} INFO - [2024-11-08T09:05:11.110+0000] {dag.py:4180} INFO - Setting next_dagrun for example_branch_operator to 2024-11-07 00:00:00+00:00, run_after=2024-11-08 00:00:00+00:00
[2024-11-08T09:05:11.192+0000] {processor.py:208} INFO - Processing /home/airflow/.local/lib/python3.12/site-packages/airflow/example_dags/example_branch_operator.py took 0.438 seconds
[2024-11-08T09:05:41.713+0000] {processor.py:186} INFO - Started process (PID=545) to work on /home/airflow/.local/lib/python3.12/site-packages/airflow/example_dags/example_branch_operator.py
[2024-11-08T09:05:41.733+0000] {processor.py:914} INFO - Processing file /home/airflow/.local/lib/python3.12/site-packages/airflow/example_dags/example_branch_operator.py for tasks to queue
[2024-11-08T09:05:41.737+0000] {logging_mixin.py:190} INFO - [2024-11-08T09:05:41.736+0000] {dagbag.py:588} INFO - Filling up the DagBag from /home/airflow/.local/lib/python3.12/site-packages/airflow/example_dags/example_branch_operator.py
[2024-11-08T09:05:41.831+0000] {processor.py:925} INFO - DAG(s) 'example_branch_operator' retrieved from /home/airflow/.local/lib/python3.12/site-packages/airflow/example_dags/example_branch_operator.py
[2024-11-08T09:05:41.953+0000] {logging_mixin.py:190} INFO - [2024-11-08T09:05:41.952+0000] {dag.py:3239} INFO - Sync 1 DAGs
[2024-11-08T09:05:42.061+0000] {logging_mixin.py:190} INFO - [2024-11-08T09:05:42.060+0000] {dag.py:4180} INFO - Setting next_dagrun for example_branch_operator to 2024-11-07 00:00:00+00:00, run_after=2024-11-08 00:00:00+00:00
[2024-11-08T09:05:42.194+0000] {processor.py:208} INFO - Processing /home/airflow/.local/lib/python3.12/site-packages/airflow/example_dags/example_branch_operator.py took 0.502 seconds
[2024-11-08T09:06:13.133+0000] {processor.py:186} INFO - Started process (PID=608) to work on /home/airflow/.local/lib/python3.12/site-packages/airflow/example_dags/example_branch_operator.py
[2024-11-08T09:06:13.135+0000] {processor.py:914} INFO - Processing file /home/airflow/.local/lib/python3.12/site-packages/airflow/example_dags/example_branch_operator.py for tasks to queue
[2024-11-08T09:06:13.137+0000] {logging_mixin.py:190} INFO - [2024-11-08T09:06:13.137+0000] {dagbag.py:588} INFO - Filling up the DagBag from /home/airflow/.local/lib/python3.12/site-packages/airflow/example_dags/example_branch_operator.py
[2024-11-08T09:06:13.183+0000] {processor.py:925} INFO - DAG(s) 'example_branch_operator' retrieved from /home/airflow/.local/lib/python3.12/site-packages/airflow/example_dags/example_branch_operator.py
[2024-11-08T09:06:13.251+0000] {logging_mixin.py:190} INFO - [2024-11-08T09:06:13.251+0000] {dag.py:3239} INFO - Sync 1 DAGs
[2024-11-08T09:06:13.313+0000] {logging_mixin.py:190} INFO - [2024-11-08T09:06:13.312+0000] {dag.py:4180} INFO - Setting next_dagrun for example_branch_operator to 2024-11-07 00:00:00+00:00, run_after=2024-11-08 00:00:00+00:00
[2024-11-08T09:06:13.372+0000] {processor.py:208} INFO - Processing /home/airflow/.local/lib/python3.12/site-packages/airflow/example_dags/example_branch_operator.py took 0.252 seconds
