[2024-11-08T08:59:09.217+0000] {processor.py:186} INFO - Started process (PID=132) to work on /home/airflow/.local/lib/python3.12/site-packages/airflow/example_dags/example_local_kubernetes_executor.py
[2024-11-08T08:59:09.219+0000] {processor.py:914} INFO - Processing file /home/airflow/.local/lib/python3.12/site-packages/airflow/example_dags/example_local_kubernetes_executor.py for tasks to queue
[2024-11-08T08:59:09.223+0000] {logging_mixin.py:190} INFO - [2024-11-08T08:59:09.223+0000] {dagbag.py:588} INFO - Filling up the DagBag from /home/airflow/.local/lib/python3.12/site-packages/airflow/example_dags/example_local_kubernetes_executor.py
[2024-11-08T08:59:09.247+0000] {processor.py:925} INFO - DAG(s) 'example_local_kubernetes_executor' retrieved from /home/airflow/.local/lib/python3.12/site-packages/airflow/example_dags/example_local_kubernetes_executor.py
[2024-11-08T08:59:09.681+0000] {logging_mixin.py:190} INFO - [2024-11-08T08:59:09.673+0000] {override.py:1911} INFO - Created Permission View: can read on DAG:example_local_kubernetes_executor
[2024-11-08T08:59:09.726+0000] {logging_mixin.py:190} INFO - [2024-11-08T08:59:09.725+0000] {override.py:1911} INFO - Created Permission View: can delete on DAG:example_local_kubernetes_executor
[2024-11-08T08:59:09.753+0000] {logging_mixin.py:190} INFO - [2024-11-08T08:59:09.752+0000] {override.py:1911} INFO - Created Permission View: can edit on DAG:example_local_kubernetes_executor
[2024-11-08T08:59:09.783+0000] {logging_mixin.py:190} INFO - [2024-11-08T08:59:09.782+0000] {override.py:1911} INFO - Created Permission View: can read on DAG Run:example_local_kubernetes_executor
[2024-11-08T08:59:09.821+0000] {logging_mixin.py:190} INFO - [2024-11-08T08:59:09.820+0000] {override.py:1911} INFO - Created Permission View: can delete on DAG Run:example_local_kubernetes_executor
[2024-11-08T08:59:09.870+0000] {logging_mixin.py:190} INFO - [2024-11-08T08:59:09.869+0000] {override.py:1911} INFO - Created Permission View: can create on DAG Run:example_local_kubernetes_executor
[2024-11-08T08:59:09.897+0000] {logging_mixin.py:190} INFO - [2024-11-08T08:59:09.896+0000] {override.py:1911} INFO - Created Permission View: menu access on DAG Run:example_local_kubernetes_executor
[2024-11-08T08:59:09.899+0000] {logging_mixin.py:190} INFO - [2024-11-08T08:59:09.899+0000] {dag.py:3239} INFO - Sync 1 DAGs
[2024-11-08T08:59:09.945+0000] {logging_mixin.py:190} INFO - [2024-11-08T08:59:09.944+0000] {dag.py:3262} INFO - Creating ORM DAG for example_local_kubernetes_executor
[2024-11-08T08:59:09.947+0000] {logging_mixin.py:190} INFO - [2024-11-08T08:59:09.947+0000] {dag.py:4180} INFO - Setting next_dagrun for example_local_kubernetes_executor to None, run_after=None
[2024-11-08T08:59:10.001+0000] {processor.py:208} INFO - Processing /home/airflow/.local/lib/python3.12/site-packages/airflow/example_dags/example_local_kubernetes_executor.py took 0.795 seconds
[2024-11-08T08:59:41.013+0000] {processor.py:186} INFO - Started process (PID=200) to work on /home/airflow/.local/lib/python3.12/site-packages/airflow/example_dags/example_local_kubernetes_executor.py
[2024-11-08T08:59:41.014+0000] {processor.py:914} INFO - Processing file /home/airflow/.local/lib/python3.12/site-packages/airflow/example_dags/example_local_kubernetes_executor.py for tasks to queue
[2024-11-08T08:59:41.019+0000] {logging_mixin.py:190} INFO - [2024-11-08T08:59:41.018+0000] {dagbag.py:588} INFO - Filling up the DagBag from /home/airflow/.local/lib/python3.12/site-packages/airflow/example_dags/example_local_kubernetes_executor.py
[2024-11-08T08:59:41.045+0000] {processor.py:925} INFO - DAG(s) 'example_local_kubernetes_executor' retrieved from /home/airflow/.local/lib/python3.12/site-packages/airflow/example_dags/example_local_kubernetes_executor.py
[2024-11-08T08:59:41.216+0000] {logging_mixin.py:190} INFO - [2024-11-08T08:59:41.215+0000] {dag.py:3239} INFO - Sync 1 DAGs
[2024-11-08T08:59:41.296+0000] {logging_mixin.py:190} INFO - [2024-11-08T08:59:41.296+0000] {dag.py:4180} INFO - Setting next_dagrun for example_local_kubernetes_executor to None, run_after=None
[2024-11-08T08:59:41.384+0000] {processor.py:208} INFO - Processing /home/airflow/.local/lib/python3.12/site-packages/airflow/example_dags/example_local_kubernetes_executor.py took 0.386 seconds
[2024-11-08T09:00:48.869+0000] {processor.py:186} INFO - Started process (PID=271) to work on /home/airflow/.local/lib/python3.12/site-packages/airflow/example_dags/example_local_kubernetes_executor.py
[2024-11-08T09:00:48.958+0000] {processor.py:914} INFO - Processing file /home/airflow/.local/lib/python3.12/site-packages/airflow/example_dags/example_local_kubernetes_executor.py for tasks to queue
[2024-11-08T09:00:48.982+0000] {logging_mixin.py:190} INFO - [2024-11-08T09:00:48.980+0000] {dagbag.py:588} INFO - Filling up the DagBag from /home/airflow/.local/lib/python3.12/site-packages/airflow/example_dags/example_local_kubernetes_executor.py
[2024-11-08T09:00:49.064+0000] {processor.py:925} INFO - DAG(s) 'example_local_kubernetes_executor' retrieved from /home/airflow/.local/lib/python3.12/site-packages/airflow/example_dags/example_local_kubernetes_executor.py
[2024-11-08T09:00:49.348+0000] {logging_mixin.py:190} INFO - [2024-11-08T09:00:49.347+0000] {dag.py:3239} INFO - Sync 1 DAGs
[2024-11-08T09:00:49.450+0000] {logging_mixin.py:190} INFO - [2024-11-08T09:00:49.449+0000] {dag.py:4180} INFO - Setting next_dagrun for example_local_kubernetes_executor to None, run_after=None
[2024-11-08T09:00:49.566+0000] {processor.py:208} INFO - Processing /home/airflow/.local/lib/python3.12/site-packages/airflow/example_dags/example_local_kubernetes_executor.py took 0.789 seconds
[2024-11-08T09:01:23.759+0000] {processor.py:186} INFO - Started process (PID=334) to work on /home/airflow/.local/lib/python3.12/site-packages/airflow/example_dags/example_local_kubernetes_executor.py
[2024-11-08T09:01:23.764+0000] {processor.py:914} INFO - Processing file /home/airflow/.local/lib/python3.12/site-packages/airflow/example_dags/example_local_kubernetes_executor.py for tasks to queue
[2024-11-08T09:01:23.781+0000] {logging_mixin.py:190} INFO - [2024-11-08T09:01:23.780+0000] {dagbag.py:588} INFO - Filling up the DagBag from /home/airflow/.local/lib/python3.12/site-packages/airflow/example_dags/example_local_kubernetes_executor.py
[2024-11-08T09:01:23.836+0000] {processor.py:925} INFO - DAG(s) 'example_local_kubernetes_executor' retrieved from /home/airflow/.local/lib/python3.12/site-packages/airflow/example_dags/example_local_kubernetes_executor.py
[2024-11-08T09:01:24.043+0000] {logging_mixin.py:190} INFO - [2024-11-08T09:01:24.042+0000] {dag.py:3239} INFO - Sync 1 DAGs
[2024-11-08T09:01:24.108+0000] {logging_mixin.py:190} INFO - [2024-11-08T09:01:24.107+0000] {dag.py:4180} INFO - Setting next_dagrun for example_local_kubernetes_executor to None, run_after=None
[2024-11-08T09:01:24.224+0000] {processor.py:208} INFO - Processing /home/airflow/.local/lib/python3.12/site-packages/airflow/example_dags/example_local_kubernetes_executor.py took 0.518 seconds
[2024-11-08T09:04:30.252+0000] {processor.py:186} INFO - Started process (PID=403) to work on /home/airflow/.local/lib/python3.12/site-packages/airflow/example_dags/example_local_kubernetes_executor.py
[2024-11-08T09:04:30.257+0000] {processor.py:914} INFO - Processing file /home/airflow/.local/lib/python3.12/site-packages/airflow/example_dags/example_local_kubernetes_executor.py for tasks to queue
[2024-11-08T09:04:30.261+0000] {logging_mixin.py:190} INFO - [2024-11-08T09:04:30.260+0000] {dagbag.py:588} INFO - Filling up the DagBag from /home/airflow/.local/lib/python3.12/site-packages/airflow/example_dags/example_local_kubernetes_executor.py
[2024-11-08T09:04:30.417+0000] {processor.py:925} INFO - DAG(s) 'example_local_kubernetes_executor' retrieved from /home/airflow/.local/lib/python3.12/site-packages/airflow/example_dags/example_local_kubernetes_executor.py
[2024-11-08T09:04:30.925+0000] {logging_mixin.py:190} INFO - [2024-11-08T09:04:30.924+0000] {dag.py:3239} INFO - Sync 1 DAGs
[2024-11-08T09:04:30.991+0000] {logging_mixin.py:190} INFO - [2024-11-08T09:04:30.991+0000] {dag.py:4180} INFO - Setting next_dagrun for example_local_kubernetes_executor to None, run_after=None
[2024-11-08T09:04:31.151+0000] {processor.py:208} INFO - Processing /home/airflow/.local/lib/python3.12/site-packages/airflow/example_dags/example_local_kubernetes_executor.py took 0.939 seconds
[2024-11-08T09:05:02.783+0000] {processor.py:186} INFO - Started process (PID=466) to work on /home/airflow/.local/lib/python3.12/site-packages/airflow/example_dags/example_local_kubernetes_executor.py
[2024-11-08T09:05:02.788+0000] {processor.py:914} INFO - Processing file /home/airflow/.local/lib/python3.12/site-packages/airflow/example_dags/example_local_kubernetes_executor.py for tasks to queue
[2024-11-08T09:05:02.797+0000] {logging_mixin.py:190} INFO - [2024-11-08T09:05:02.791+0000] {dagbag.py:588} INFO - Filling up the DagBag from /home/airflow/.local/lib/python3.12/site-packages/airflow/example_dags/example_local_kubernetes_executor.py
[2024-11-08T09:05:02.833+0000] {processor.py:925} INFO - DAG(s) 'example_local_kubernetes_executor' retrieved from /home/airflow/.local/lib/python3.12/site-packages/airflow/example_dags/example_local_kubernetes_executor.py
[2024-11-08T09:05:02.986+0000] {logging_mixin.py:190} INFO - [2024-11-08T09:05:02.985+0000] {dag.py:3239} INFO - Sync 1 DAGs
[2024-11-08T09:05:03.048+0000] {logging_mixin.py:190} INFO - [2024-11-08T09:05:03.047+0000] {dag.py:4180} INFO - Setting next_dagrun for example_local_kubernetes_executor to None, run_after=None
[2024-11-08T09:05:03.133+0000] {processor.py:208} INFO - Processing /home/airflow/.local/lib/python3.12/site-packages/airflow/example_dags/example_local_kubernetes_executor.py took 0.392 seconds
[2024-11-08T09:05:35.344+0000] {processor.py:186} INFO - Started process (PID=529) to work on /home/airflow/.local/lib/python3.12/site-packages/airflow/example_dags/example_local_kubernetes_executor.py
[2024-11-08T09:05:35.352+0000] {processor.py:914} INFO - Processing file /home/airflow/.local/lib/python3.12/site-packages/airflow/example_dags/example_local_kubernetes_executor.py for tasks to queue
[2024-11-08T09:05:35.358+0000] {logging_mixin.py:190} INFO - [2024-11-08T09:05:35.357+0000] {dagbag.py:588} INFO - Filling up the DagBag from /home/airflow/.local/lib/python3.12/site-packages/airflow/example_dags/example_local_kubernetes_executor.py
[2024-11-08T09:05:35.406+0000] {processor.py:925} INFO - DAG(s) 'example_local_kubernetes_executor' retrieved from /home/airflow/.local/lib/python3.12/site-packages/airflow/example_dags/example_local_kubernetes_executor.py
[2024-11-08T09:05:35.571+0000] {logging_mixin.py:190} INFO - [2024-11-08T09:05:35.569+0000] {dag.py:3239} INFO - Sync 1 DAGs
[2024-11-08T09:05:35.650+0000] {logging_mixin.py:190} INFO - [2024-11-08T09:05:35.648+0000] {dag.py:4180} INFO - Setting next_dagrun for example_local_kubernetes_executor to None, run_after=None
[2024-11-08T09:05:35.745+0000] {processor.py:208} INFO - Processing /home/airflow/.local/lib/python3.12/site-packages/airflow/example_dags/example_local_kubernetes_executor.py took 0.420 seconds
[2024-11-08T09:06:10.214+0000] {processor.py:186} INFO - Started process (PID=592) to work on /home/airflow/.local/lib/python3.12/site-packages/airflow/example_dags/example_local_kubernetes_executor.py
[2024-11-08T09:06:10.217+0000] {processor.py:914} INFO - Processing file /home/airflow/.local/lib/python3.12/site-packages/airflow/example_dags/example_local_kubernetes_executor.py for tasks to queue
[2024-11-08T09:06:10.220+0000] {logging_mixin.py:190} INFO - [2024-11-08T09:06:10.219+0000] {dagbag.py:588} INFO - Filling up the DagBag from /home/airflow/.local/lib/python3.12/site-packages/airflow/example_dags/example_local_kubernetes_executor.py
[2024-11-08T09:06:10.246+0000] {processor.py:925} INFO - DAG(s) 'example_local_kubernetes_executor' retrieved from /home/airflow/.local/lib/python3.12/site-packages/airflow/example_dags/example_local_kubernetes_executor.py
[2024-11-08T09:06:10.370+0000] {logging_mixin.py:190} INFO - [2024-11-08T09:06:10.369+0000] {dag.py:3239} INFO - Sync 1 DAGs
[2024-11-08T09:06:10.453+0000] {logging_mixin.py:190} INFO - [2024-11-08T09:06:10.452+0000] {dag.py:4180} INFO - Setting next_dagrun for example_local_kubernetes_executor to None, run_after=None
[2024-11-08T09:06:10.528+0000] {processor.py:208} INFO - Processing /home/airflow/.local/lib/python3.12/site-packages/airflow/example_dags/example_local_kubernetes_executor.py took 0.334 seconds
