[2024-11-08T08:59:15.030+0000] {processor.py:186} INFO - Started process (PID=145) to work on /home/airflow/.local/lib/python3.12/site-packages/airflow/example_dags/example_xcom.py
[2024-11-08T08:59:15.035+0000] {processor.py:914} INFO - Processing file /home/airflow/.local/lib/python3.12/site-packages/airflow/example_dags/example_xcom.py for tasks to queue
[2024-11-08T08:59:15.048+0000] {logging_mixin.py:190} INFO - [2024-11-08T08:59:15.046+0000] {dagbag.py:588} INFO - Filling up the DagBag from /home/airflow/.local/lib/python3.12/site-packages/airflow/example_dags/example_xcom.py
[2024-11-08T08:59:15.135+0000] {processor.py:925} INFO - DAG(s) 'example_xcom' retrieved from /home/airflow/.local/lib/python3.12/site-packages/airflow/example_dags/example_xcom.py
[2024-11-08T08:59:15.771+0000] {logging_mixin.py:190} INFO - [2024-11-08T08:59:15.768+0000] {override.py:1911} INFO - Created Permission View: can read on DAG:example_xcom
[2024-11-08T08:59:15.848+0000] {logging_mixin.py:190} INFO - [2024-11-08T08:59:15.847+0000] {override.py:1911} INFO - Created Permission View: can delete on DAG:example_xcom
[2024-11-08T08:59:15.890+0000] {logging_mixin.py:190} INFO - [2024-11-08T08:59:15.890+0000] {override.py:1911} INFO - Created Permission View: can edit on DAG:example_xcom
[2024-11-08T08:59:15.935+0000] {logging_mixin.py:190} INFO - [2024-11-08T08:59:15.934+0000] {override.py:1911} INFO - Created Permission View: can read on DAG Run:example_xcom
[2024-11-08T08:59:15.971+0000] {logging_mixin.py:190} INFO - [2024-11-08T08:59:15.970+0000] {override.py:1911} INFO - Created Permission View: can delete on DAG Run:example_xcom
[2024-11-08T08:59:15.993+0000] {logging_mixin.py:190} INFO - [2024-11-08T08:59:15.993+0000] {override.py:1911} INFO - Created Permission View: can create on DAG Run:example_xcom
[2024-11-08T08:59:16.031+0000] {logging_mixin.py:190} INFO - [2024-11-08T08:59:16.030+0000] {override.py:1911} INFO - Created Permission View: menu access on DAG Run:example_xcom
[2024-11-08T08:59:16.033+0000] {logging_mixin.py:190} INFO - [2024-11-08T08:59:16.033+0000] {dag.py:3239} INFO - Sync 1 DAGs
[2024-11-08T08:59:16.101+0000] {logging_mixin.py:190} INFO - [2024-11-08T08:59:16.099+0000] {dag.py:3262} INFO - Creating ORM DAG for example_xcom
[2024-11-08T08:59:16.132+0000] {logging_mixin.py:190} INFO - [2024-11-08T08:59:16.131+0000] {dag.py:4180} INFO - Setting next_dagrun for example_xcom to 2021-01-01 00:00:00+00:00, run_after=2021-01-01 00:00:00+00:00
[2024-11-08T08:59:16.175+0000] {processor.py:208} INFO - Processing /home/airflow/.local/lib/python3.12/site-packages/airflow/example_dags/example_xcom.py took 1.168 seconds
[2024-11-08T08:59:47.034+0000] {processor.py:186} INFO - Started process (PID=207) to work on /home/airflow/.local/lib/python3.12/site-packages/airflow/example_dags/example_xcom.py
[2024-11-08T08:59:47.046+0000] {processor.py:914} INFO - Processing file /home/airflow/.local/lib/python3.12/site-packages/airflow/example_dags/example_xcom.py for tasks to queue
[2024-11-08T08:59:47.079+0000] {logging_mixin.py:190} INFO - [2024-11-08T08:59:47.078+0000] {dagbag.py:588} INFO - Filling up the DagBag from /home/airflow/.local/lib/python3.12/site-packages/airflow/example_dags/example_xcom.py
[2024-11-08T08:59:47.168+0000] {processor.py:925} INFO - DAG(s) 'example_xcom' retrieved from /home/airflow/.local/lib/python3.12/site-packages/airflow/example_dags/example_xcom.py
[2024-11-08T08:59:47.324+0000] {logging_mixin.py:190} INFO - [2024-11-08T08:59:47.323+0000] {dag.py:3239} INFO - Sync 1 DAGs
[2024-11-08T08:59:47.485+0000] {logging_mixin.py:190} INFO - [2024-11-08T08:59:47.484+0000] {dag.py:4180} INFO - Setting next_dagrun for example_xcom to 2021-01-01 00:00:00+00:00, run_after=2021-01-01 00:00:00+00:00
[2024-11-08T08:59:47.613+0000] {processor.py:208} INFO - Processing /home/airflow/.local/lib/python3.12/site-packages/airflow/example_dags/example_xcom.py took 0.625 seconds
[2024-11-08T09:00:52.276+0000] {processor.py:186} INFO - Started process (PID=278) to work on /home/airflow/.local/lib/python3.12/site-packages/airflow/example_dags/example_xcom.py
[2024-11-08T09:00:52.292+0000] {processor.py:914} INFO - Processing file /home/airflow/.local/lib/python3.12/site-packages/airflow/example_dags/example_xcom.py for tasks to queue
[2024-11-08T09:00:52.331+0000] {logging_mixin.py:190} INFO - [2024-11-08T09:00:52.330+0000] {dagbag.py:588} INFO - Filling up the DagBag from /home/airflow/.local/lib/python3.12/site-packages/airflow/example_dags/example_xcom.py
[2024-11-08T09:00:52.412+0000] {processor.py:925} INFO - DAG(s) 'example_xcom' retrieved from /home/airflow/.local/lib/python3.12/site-packages/airflow/example_dags/example_xcom.py
[2024-11-08T09:00:52.555+0000] {logging_mixin.py:190} INFO - [2024-11-08T09:00:52.554+0000] {dag.py:3239} INFO - Sync 1 DAGs
[2024-11-08T09:00:52.793+0000] {logging_mixin.py:190} INFO - [2024-11-08T09:00:52.792+0000] {dag.py:4180} INFO - Setting next_dagrun for example_xcom to 2021-01-01 00:00:00+00:00, run_after=2021-01-01 00:00:00+00:00
[2024-11-08T09:00:52.960+0000] {processor.py:208} INFO - Processing /home/airflow/.local/lib/python3.12/site-packages/airflow/example_dags/example_xcom.py took 0.704 seconds
[2024-11-08T09:01:26.319+0000] {processor.py:186} INFO - Started process (PID=341) to work on /home/airflow/.local/lib/python3.12/site-packages/airflow/example_dags/example_xcom.py
[2024-11-08T09:01:26.328+0000] {processor.py:914} INFO - Processing file /home/airflow/.local/lib/python3.12/site-packages/airflow/example_dags/example_xcom.py for tasks to queue
[2024-11-08T09:01:26.356+0000] {logging_mixin.py:190} INFO - [2024-11-08T09:01:26.355+0000] {dagbag.py:588} INFO - Filling up the DagBag from /home/airflow/.local/lib/python3.12/site-packages/airflow/example_dags/example_xcom.py
[2024-11-08T09:01:26.439+0000] {processor.py:925} INFO - DAG(s) 'example_xcom' retrieved from /home/airflow/.local/lib/python3.12/site-packages/airflow/example_dags/example_xcom.py
[2024-11-08T09:01:26.606+0000] {logging_mixin.py:190} INFO - [2024-11-08T09:01:26.606+0000] {dag.py:3239} INFO - Sync 1 DAGs
[2024-11-08T09:01:26.745+0000] {logging_mixin.py:190} INFO - [2024-11-08T09:01:26.743+0000] {dag.py:4180} INFO - Setting next_dagrun for example_xcom to 2021-01-01 00:00:00+00:00, run_after=2021-01-01 00:00:00+00:00
[2024-11-08T09:01:26.849+0000] {processor.py:208} INFO - Processing /home/airflow/.local/lib/python3.12/site-packages/airflow/example_dags/example_xcom.py took 0.553 seconds
[2024-11-08T09:04:34.333+0000] {processor.py:186} INFO - Started process (PID=411) to work on /home/airflow/.local/lib/python3.12/site-packages/airflow/example_dags/example_xcom.py
[2024-11-08T09:04:34.349+0000] {processor.py:914} INFO - Processing file /home/airflow/.local/lib/python3.12/site-packages/airflow/example_dags/example_xcom.py for tasks to queue
[2024-11-08T09:04:34.367+0000] {logging_mixin.py:190} INFO - [2024-11-08T09:04:34.366+0000] {dagbag.py:588} INFO - Filling up the DagBag from /home/airflow/.local/lib/python3.12/site-packages/airflow/example_dags/example_xcom.py
[2024-11-08T09:04:34.419+0000] {processor.py:925} INFO - DAG(s) 'example_xcom' retrieved from /home/airflow/.local/lib/python3.12/site-packages/airflow/example_dags/example_xcom.py
[2024-11-08T09:04:34.523+0000] {logging_mixin.py:190} INFO - [2024-11-08T09:04:34.522+0000] {dag.py:3239} INFO - Sync 1 DAGs
[2024-11-08T09:04:34.759+0000] {logging_mixin.py:190} INFO - [2024-11-08T09:04:34.758+0000] {dag.py:4180} INFO - Setting next_dagrun for example_xcom to 2021-01-01 00:00:00+00:00, run_after=2021-01-01 00:00:00+00:00
[2024-11-08T09:04:35.023+0000] {processor.py:208} INFO - Processing /home/airflow/.local/lib/python3.12/site-packages/airflow/example_dags/example_xcom.py took 0.706 seconds
[2024-11-08T09:05:05.972+0000] {processor.py:186} INFO - Started process (PID=473) to work on /home/airflow/.local/lib/python3.12/site-packages/airflow/example_dags/example_xcom.py
[2024-11-08T09:05:05.974+0000] {processor.py:914} INFO - Processing file /home/airflow/.local/lib/python3.12/site-packages/airflow/example_dags/example_xcom.py for tasks to queue
[2024-11-08T09:05:05.977+0000] {logging_mixin.py:190} INFO - [2024-11-08T09:05:05.977+0000] {dagbag.py:588} INFO - Filling up the DagBag from /home/airflow/.local/lib/python3.12/site-packages/airflow/example_dags/example_xcom.py
[2024-11-08T09:05:06.004+0000] {processor.py:925} INFO - DAG(s) 'example_xcom' retrieved from /home/airflow/.local/lib/python3.12/site-packages/airflow/example_dags/example_xcom.py
[2024-11-08T09:05:06.058+0000] {logging_mixin.py:190} INFO - [2024-11-08T09:05:06.057+0000] {dag.py:3239} INFO - Sync 1 DAGs
[2024-11-08T09:05:06.121+0000] {logging_mixin.py:190} INFO - [2024-11-08T09:05:06.121+0000] {dag.py:4180} INFO - Setting next_dagrun for example_xcom to 2021-01-01 00:00:00+00:00, run_after=2021-01-01 00:00:00+00:00
[2024-11-08T09:05:06.187+0000] {processor.py:208} INFO - Processing /home/airflow/.local/lib/python3.12/site-packages/airflow/example_dags/example_xcom.py took 0.226 seconds
[2024-11-08T09:05:37.275+0000] {processor.py:186} INFO - Started process (PID=536) to work on /home/airflow/.local/lib/python3.12/site-packages/airflow/example_dags/example_xcom.py
[2024-11-08T09:05:37.278+0000] {processor.py:914} INFO - Processing file /home/airflow/.local/lib/python3.12/site-packages/airflow/example_dags/example_xcom.py for tasks to queue
[2024-11-08T09:05:37.287+0000] {logging_mixin.py:190} INFO - [2024-11-08T09:05:37.285+0000] {dagbag.py:588} INFO - Filling up the DagBag from /home/airflow/.local/lib/python3.12/site-packages/airflow/example_dags/example_xcom.py
[2024-11-08T09:05:37.329+0000] {processor.py:925} INFO - DAG(s) 'example_xcom' retrieved from /home/airflow/.local/lib/python3.12/site-packages/airflow/example_dags/example_xcom.py
[2024-11-08T09:05:37.518+0000] {logging_mixin.py:190} INFO - [2024-11-08T09:05:37.517+0000] {dag.py:3239} INFO - Sync 1 DAGs
[2024-11-08T09:05:37.755+0000] {logging_mixin.py:190} INFO - [2024-11-08T09:05:37.754+0000] {dag.py:4180} INFO - Setting next_dagrun for example_xcom to 2021-01-01 00:00:00+00:00, run_after=2021-01-01 00:00:00+00:00
[2024-11-08T09:05:37.938+0000] {processor.py:208} INFO - Processing /home/airflow/.local/lib/python3.12/site-packages/airflow/example_dags/example_xcom.py took 0.683 seconds
[2024-11-08T09:06:11.792+0000] {processor.py:186} INFO - Started process (PID=599) to work on /home/airflow/.local/lib/python3.12/site-packages/airflow/example_dags/example_xcom.py
[2024-11-08T09:06:11.795+0000] {processor.py:914} INFO - Processing file /home/airflow/.local/lib/python3.12/site-packages/airflow/example_dags/example_xcom.py for tasks to queue
[2024-11-08T09:06:11.798+0000] {logging_mixin.py:190} INFO - [2024-11-08T09:06:11.797+0000] {dagbag.py:588} INFO - Filling up the DagBag from /home/airflow/.local/lib/python3.12/site-packages/airflow/example_dags/example_xcom.py
[2024-11-08T09:06:11.828+0000] {processor.py:925} INFO - DAG(s) 'example_xcom' retrieved from /home/airflow/.local/lib/python3.12/site-packages/airflow/example_dags/example_xcom.py
[2024-11-08T09:06:11.904+0000] {logging_mixin.py:190} INFO - [2024-11-08T09:06:11.903+0000] {dag.py:3239} INFO - Sync 1 DAGs
[2024-11-08T09:06:11.951+0000] {logging_mixin.py:190} INFO - [2024-11-08T09:06:11.950+0000] {dag.py:4180} INFO - Setting next_dagrun for example_xcom to 2021-01-01 00:00:00+00:00, run_after=2021-01-01 00:00:00+00:00
[2024-11-08T09:06:11.999+0000] {processor.py:208} INFO - Processing /home/airflow/.local/lib/python3.12/site-packages/airflow/example_dags/example_xcom.py took 0.226 seconds
