[2024-11-08T08:59:21.663+0000] {processor.py:186} INFO - Started process (PID=151) to work on /home/airflow/.local/lib/python3.12/site-packages/airflow/example_dags/example_latest_only.py
[2024-11-08T08:59:21.666+0000] {processor.py:914} INFO - Processing file /home/airflow/.local/lib/python3.12/site-packages/airflow/example_dags/example_latest_only.py for tasks to queue
[2024-11-08T08:59:21.686+0000] {logging_mixin.py:190} INFO - [2024-11-08T08:59:21.685+0000] {dagbag.py:588} INFO - Filling up the DagBag from /home/airflow/.local/lib/python3.12/site-packages/airflow/example_dags/example_latest_only.py
[2024-11-08T08:59:21.735+0000] {processor.py:925} INFO - DAG(s) 'latest_only' retrieved from /home/airflow/.local/lib/python3.12/site-packages/airflow/example_dags/example_latest_only.py
[2024-11-08T08:59:22.121+0000] {logging_mixin.py:190} INFO - [2024-11-08T08:59:22.120+0000] {override.py:1911} INFO - Created Permission View: can read on DAG:latest_only
[2024-11-08T08:59:22.156+0000] {logging_mixin.py:190} INFO - [2024-11-08T08:59:22.155+0000] {override.py:1911} INFO - Created Permission View: can delete on DAG:latest_only
[2024-11-08T08:59:22.186+0000] {logging_mixin.py:190} INFO - [2024-11-08T08:59:22.185+0000] {override.py:1911} INFO - Created Permission View: can edit on DAG:latest_only
[2024-11-08T08:59:22.249+0000] {logging_mixin.py:190} INFO - [2024-11-08T08:59:22.248+0000] {override.py:1911} INFO - Created Permission View: can read on DAG Run:latest_only
[2024-11-08T08:59:22.281+0000] {logging_mixin.py:190} INFO - [2024-11-08T08:59:22.280+0000] {override.py:1911} INFO - Created Permission View: can delete on DAG Run:latest_only
[2024-11-08T08:59:22.314+0000] {logging_mixin.py:190} INFO - [2024-11-08T08:59:22.313+0000] {override.py:1911} INFO - Created Permission View: can create on DAG Run:latest_only
[2024-11-08T08:59:22.344+0000] {logging_mixin.py:190} INFO - [2024-11-08T08:59:22.343+0000] {override.py:1911} INFO - Created Permission View: menu access on DAG Run:latest_only
[2024-11-08T08:59:22.347+0000] {logging_mixin.py:190} INFO - [2024-11-08T08:59:22.347+0000] {dag.py:3239} INFO - Sync 1 DAGs
[2024-11-08T08:59:22.391+0000] {logging_mixin.py:190} INFO - [2024-11-08T08:59:22.390+0000] {dag.py:3262} INFO - Creating ORM DAG for latest_only
[2024-11-08T08:59:22.450+0000] {logging_mixin.py:190} INFO - [2024-11-08T08:59:22.450+0000] {dag.py:4180} INFO - Setting next_dagrun for latest_only to 2024-11-08 04:00:00+00:00, run_after=2024-11-08 08:00:00+00:00
[2024-11-08T08:59:22.521+0000] {processor.py:208} INFO - Processing /home/airflow/.local/lib/python3.12/site-packages/airflow/example_dags/example_latest_only.py took 0.893 seconds
[2024-11-08T09:00:00.527+0000] {processor.py:186} INFO - Started process (PID=214) to work on /home/airflow/.local/lib/python3.12/site-packages/airflow/example_dags/example_latest_only.py
[2024-11-08T09:00:00.540+0000] {processor.py:914} INFO - Processing file /home/airflow/.local/lib/python3.12/site-packages/airflow/example_dags/example_latest_only.py for tasks to queue
[2024-11-08T09:00:00.556+0000] {logging_mixin.py:190} INFO - [2024-11-08T09:00:00.555+0000] {dagbag.py:588} INFO - Filling up the DagBag from /home/airflow/.local/lib/python3.12/site-packages/airflow/example_dags/example_latest_only.py
[2024-11-08T09:00:00.594+0000] {processor.py:925} INFO - DAG(s) 'latest_only' retrieved from /home/airflow/.local/lib/python3.12/site-packages/airflow/example_dags/example_latest_only.py
[2024-11-08T09:00:00.671+0000] {logging_mixin.py:190} INFO - [2024-11-08T09:00:00.671+0000] {dag.py:3239} INFO - Sync 1 DAGs
[2024-11-08T09:00:00.756+0000] {logging_mixin.py:190} INFO - [2024-11-08T09:00:00.755+0000] {dag.py:4180} INFO - Setting next_dagrun for latest_only to 2024-11-08 04:00:00+00:00, run_after=2024-11-08 08:00:00+00:00
[2024-11-08T09:00:00.841+0000] {processor.py:208} INFO - Processing /home/airflow/.local/lib/python3.12/site-packages/airflow/example_dags/example_latest_only.py took 0.338 seconds
[2024-11-08T09:01:04.566+0000] {processor.py:186} INFO - Started process (PID=297) to work on /home/airflow/.local/lib/python3.12/site-packages/airflow/example_dags/example_latest_only.py
[2024-11-08T09:01:04.570+0000] {processor.py:914} INFO - Processing file /home/airflow/.local/lib/python3.12/site-packages/airflow/example_dags/example_latest_only.py for tasks to queue
[2024-11-08T09:01:04.585+0000] {logging_mixin.py:190} INFO - [2024-11-08T09:01:04.584+0000] {dagbag.py:588} INFO - Filling up the DagBag from /home/airflow/.local/lib/python3.12/site-packages/airflow/example_dags/example_latest_only.py
[2024-11-08T09:01:04.626+0000] {processor.py:925} INFO - DAG(s) 'latest_only' retrieved from /home/airflow/.local/lib/python3.12/site-packages/airflow/example_dags/example_latest_only.py
[2024-11-08T09:01:04.738+0000] {logging_mixin.py:190} INFO - [2024-11-08T09:01:04.737+0000] {dag.py:3239} INFO - Sync 1 DAGs
[2024-11-08T09:01:04.875+0000] {logging_mixin.py:190} INFO - [2024-11-08T09:01:04.874+0000] {dag.py:4180} INFO - Setting next_dagrun for latest_only to 2024-11-08 04:00:00+00:00, run_after=2024-11-08 08:00:00+00:00
[2024-11-08T09:01:04.985+0000] {processor.py:208} INFO - Processing /home/airflow/.local/lib/python3.12/site-packages/airflow/example_dags/example_latest_only.py took 0.454 seconds
[2024-11-08T09:04:37.710+0000] {processor.py:186} INFO - Started process (PID=417) to work on /home/airflow/.local/lib/python3.12/site-packages/airflow/example_dags/example_latest_only.py
[2024-11-08T09:04:37.714+0000] {processor.py:914} INFO - Processing file /home/airflow/.local/lib/python3.12/site-packages/airflow/example_dags/example_latest_only.py for tasks to queue
[2024-11-08T09:04:37.718+0000] {logging_mixin.py:190} INFO - [2024-11-08T09:04:37.717+0000] {dagbag.py:588} INFO - Filling up the DagBag from /home/airflow/.local/lib/python3.12/site-packages/airflow/example_dags/example_latest_only.py
[2024-11-08T09:04:37.776+0000] {processor.py:925} INFO - DAG(s) 'latest_only' retrieved from /home/airflow/.local/lib/python3.12/site-packages/airflow/example_dags/example_latest_only.py
[2024-11-08T09:04:37.885+0000] {logging_mixin.py:190} INFO - [2024-11-08T09:04:37.884+0000] {dag.py:3239} INFO - Sync 1 DAGs
[2024-11-08T09:04:38.004+0000] {logging_mixin.py:190} INFO - [2024-11-08T09:04:38.001+0000] {dag.py:4180} INFO - Setting next_dagrun for latest_only to 2024-11-08 04:00:00+00:00, run_after=2024-11-08 08:00:00+00:00
[2024-11-08T09:04:38.107+0000] {processor.py:208} INFO - Processing /home/airflow/.local/lib/python3.12/site-packages/airflow/example_dags/example_latest_only.py took 0.420 seconds
[2024-11-08T09:05:08.269+0000] {processor.py:186} INFO - Started process (PID=479) to work on /home/airflow/.local/lib/python3.12/site-packages/airflow/example_dags/example_latest_only.py
[2024-11-08T09:05:08.272+0000] {processor.py:914} INFO - Processing file /home/airflow/.local/lib/python3.12/site-packages/airflow/example_dags/example_latest_only.py for tasks to queue
[2024-11-08T09:05:08.276+0000] {logging_mixin.py:190} INFO - [2024-11-08T09:05:08.275+0000] {dagbag.py:588} INFO - Filling up the DagBag from /home/airflow/.local/lib/python3.12/site-packages/airflow/example_dags/example_latest_only.py
[2024-11-08T09:05:08.298+0000] {processor.py:925} INFO - DAG(s) 'latest_only' retrieved from /home/airflow/.local/lib/python3.12/site-packages/airflow/example_dags/example_latest_only.py
[2024-11-08T09:05:08.357+0000] {logging_mixin.py:190} INFO - [2024-11-08T09:05:08.356+0000] {dag.py:3239} INFO - Sync 1 DAGs
[2024-11-08T09:05:08.470+0000] {logging_mixin.py:190} INFO - [2024-11-08T09:05:08.470+0000] {dag.py:4180} INFO - Setting next_dagrun for latest_only to 2024-11-08 04:00:00+00:00, run_after=2024-11-08 08:00:00+00:00
[2024-11-08T09:05:08.549+0000] {processor.py:208} INFO - Processing /home/airflow/.local/lib/python3.12/site-packages/airflow/example_dags/example_latest_only.py took 0.292 seconds
[2024-11-08T09:05:39.392+0000] {processor.py:186} INFO - Started process (PID=542) to work on /home/airflow/.local/lib/python3.12/site-packages/airflow/example_dags/example_latest_only.py
[2024-11-08T09:05:39.398+0000] {processor.py:914} INFO - Processing file /home/airflow/.local/lib/python3.12/site-packages/airflow/example_dags/example_latest_only.py for tasks to queue
[2024-11-08T09:05:39.407+0000] {logging_mixin.py:190} INFO - [2024-11-08T09:05:39.406+0000] {dagbag.py:588} INFO - Filling up the DagBag from /home/airflow/.local/lib/python3.12/site-packages/airflow/example_dags/example_latest_only.py
[2024-11-08T09:05:39.457+0000] {processor.py:925} INFO - DAG(s) 'latest_only' retrieved from /home/airflow/.local/lib/python3.12/site-packages/airflow/example_dags/example_latest_only.py
[2024-11-08T09:05:39.578+0000] {logging_mixin.py:190} INFO - [2024-11-08T09:05:39.577+0000] {dag.py:3239} INFO - Sync 1 DAGs
[2024-11-08T09:05:39.691+0000] {logging_mixin.py:190} INFO - [2024-11-08T09:05:39.690+0000] {dag.py:4180} INFO - Setting next_dagrun for latest_only to 2024-11-08 04:00:00+00:00, run_after=2024-11-08 08:00:00+00:00
[2024-11-08T09:05:39.767+0000] {processor.py:208} INFO - Processing /home/airflow/.local/lib/python3.12/site-packages/airflow/example_dags/example_latest_only.py took 0.398 seconds
[2024-11-08T09:06:12.653+0000] {processor.py:186} INFO - Started process (PID=605) to work on /home/airflow/.local/lib/python3.12/site-packages/airflow/example_dags/example_latest_only.py
[2024-11-08T09:06:12.655+0000] {processor.py:914} INFO - Processing file /home/airflow/.local/lib/python3.12/site-packages/airflow/example_dags/example_latest_only.py for tasks to queue
[2024-11-08T09:06:12.657+0000] {logging_mixin.py:190} INFO - [2024-11-08T09:06:12.657+0000] {dagbag.py:588} INFO - Filling up the DagBag from /home/airflow/.local/lib/python3.12/site-packages/airflow/example_dags/example_latest_only.py
[2024-11-08T09:06:12.671+0000] {processor.py:925} INFO - DAG(s) 'latest_only' retrieved from /home/airflow/.local/lib/python3.12/site-packages/airflow/example_dags/example_latest_only.py
[2024-11-08T09:06:12.716+0000] {logging_mixin.py:190} INFO - [2024-11-08T09:06:12.715+0000] {dag.py:3239} INFO - Sync 1 DAGs
[2024-11-08T09:06:12.792+0000] {logging_mixin.py:190} INFO - [2024-11-08T09:06:12.791+0000] {dag.py:4180} INFO - Setting next_dagrun for latest_only to 2024-11-08 04:00:00+00:00, run_after=2024-11-08 08:00:00+00:00
[2024-11-08T09:06:12.839+0000] {processor.py:208} INFO - Processing /home/airflow/.local/lib/python3.12/site-packages/airflow/example_dags/example_latest_only.py took 0.197 seconds
