[2024-11-08T08:58:48.875+0000] {processor.py:186} INFO - Started process (PID=119) to work on /home/airflow/.local/lib/python3.12/site-packages/airflow/example_dags/example_bash_operator.py
[2024-11-08T08:58:48.887+0000] {processor.py:914} INFO - Processing file /home/airflow/.local/lib/python3.12/site-packages/airflow/example_dags/example_bash_operator.py for tasks to queue
[2024-11-08T08:58:48.898+0000] {logging_mixin.py:190} INFO - [2024-11-08T08:58:48.893+0000] {dagbag.py:588} INFO - Filling up the DagBag from /home/airflow/.local/lib/python3.12/site-packages/airflow/example_dags/example_bash_operator.py
[2024-11-08T08:58:49.210+0000] {processor.py:925} INFO - DAG(s) 'example_bash_operator' retrieved from /home/airflow/.local/lib/python3.12/site-packages/airflow/example_dags/example_bash_operator.py
[2024-11-08T08:58:50.075+0000] {logging_mixin.py:190} INFO - [2024-11-08T08:58:50.073+0000] {override.py:1911} INFO - Created Permission View: can read on DAG:example_bash_operator
[2024-11-08T08:58:50.130+0000] {logging_mixin.py:190} INFO - [2024-11-08T08:58:50.129+0000] {override.py:1911} INFO - Created Permission View: can delete on DAG:example_bash_operator
[2024-11-08T08:58:50.163+0000] {logging_mixin.py:190} INFO - [2024-11-08T08:58:50.163+0000] {override.py:1911} INFO - Created Permission View: can edit on DAG:example_bash_operator
[2024-11-08T08:58:50.200+0000] {logging_mixin.py:190} INFO - [2024-11-08T08:58:50.200+0000] {override.py:1911} INFO - Created Permission View: can read on DAG Run:example_bash_operator
[2024-11-08T08:58:50.232+0000] {logging_mixin.py:190} INFO - [2024-11-08T08:58:50.231+0000] {override.py:1911} INFO - Created Permission View: can delete on DAG Run:example_bash_operator
[2024-11-08T08:58:50.266+0000] {logging_mixin.py:190} INFO - [2024-11-08T08:58:50.265+0000] {override.py:1911} INFO - Created Permission View: can create on DAG Run:example_bash_operator
[2024-11-08T08:58:50.298+0000] {logging_mixin.py:190} INFO - [2024-11-08T08:58:50.297+0000] {override.py:1911} INFO - Created Permission View: menu access on DAG Run:example_bash_operator
[2024-11-08T08:58:50.300+0000] {logging_mixin.py:190} INFO - [2024-11-08T08:58:50.299+0000] {dag.py:3239} INFO - Sync 1 DAGs
[2024-11-08T08:58:50.438+0000] {logging_mixin.py:190} INFO - [2024-11-08T08:58:50.437+0000] {dag.py:3262} INFO - Creating ORM DAG for example_bash_operator
[2024-11-08T08:58:50.743+0000] {logging_mixin.py:190} INFO - [2024-11-08T08:58:50.742+0000] {dag.py:4180} INFO - Setting next_dagrun for example_bash_operator to 2024-11-07 00:00:00+00:00, run_after=2024-11-08 00:00:00+00:00
[2024-11-08T08:58:50.880+0000] {processor.py:208} INFO - Processing /home/airflow/.local/lib/python3.12/site-packages/airflow/example_dags/example_bash_operator.py took 2.029 seconds
[2024-11-08T08:59:33.616+0000] {processor.py:186} INFO - Started process (PID=181) to work on /home/airflow/.local/lib/python3.12/site-packages/airflow/example_dags/example_bash_operator.py
[2024-11-08T08:59:33.621+0000] {processor.py:914} INFO - Processing file /home/airflow/.local/lib/python3.12/site-packages/airflow/example_dags/example_bash_operator.py for tasks to queue
[2024-11-08T08:59:33.634+0000] {logging_mixin.py:190} INFO - [2024-11-08T08:59:33.633+0000] {dagbag.py:588} INFO - Filling up the DagBag from /home/airflow/.local/lib/python3.12/site-packages/airflow/example_dags/example_bash_operator.py
[2024-11-08T08:59:33.695+0000] {processor.py:925} INFO - DAG(s) 'example_bash_operator' retrieved from /home/airflow/.local/lib/python3.12/site-packages/airflow/example_dags/example_bash_operator.py
[2024-11-08T08:59:33.817+0000] {logging_mixin.py:190} INFO - [2024-11-08T08:59:33.817+0000] {dag.py:3239} INFO - Sync 1 DAGs
[2024-11-08T08:59:33.936+0000] {logging_mixin.py:190} INFO - [2024-11-08T08:59:33.936+0000] {dag.py:4180} INFO - Setting next_dagrun for example_bash_operator to 2024-11-07 00:00:00+00:00, run_after=2024-11-08 00:00:00+00:00
[2024-11-08T08:59:34.004+0000] {processor.py:208} INFO - Processing /home/airflow/.local/lib/python3.12/site-packages/airflow/example_dags/example_bash_operator.py took 0.408 seconds
[2024-11-08T09:00:27.374+0000] {processor.py:186} INFO - Started process (PID=251) to work on /home/airflow/.local/lib/python3.12/site-packages/airflow/example_dags/example_bash_operator.py
[2024-11-08T09:00:27.377+0000] {processor.py:914} INFO - Processing file /home/airflow/.local/lib/python3.12/site-packages/airflow/example_dags/example_bash_operator.py for tasks to queue
[2024-11-08T09:00:27.384+0000] {logging_mixin.py:190} INFO - [2024-11-08T09:00:27.382+0000] {dagbag.py:588} INFO - Filling up the DagBag from /home/airflow/.local/lib/python3.12/site-packages/airflow/example_dags/example_bash_operator.py
[2024-11-08T09:00:27.441+0000] {processor.py:925} INFO - DAG(s) 'example_bash_operator' retrieved from /home/airflow/.local/lib/python3.12/site-packages/airflow/example_dags/example_bash_operator.py
[2024-11-08T09:00:27.647+0000] {logging_mixin.py:190} INFO - [2024-11-08T09:00:27.646+0000] {dag.py:3239} INFO - Sync 1 DAGs
[2024-11-08T09:00:27.784+0000] {logging_mixin.py:190} INFO - [2024-11-08T09:00:27.782+0000] {dag.py:4180} INFO - Setting next_dagrun for example_bash_operator to 2024-11-07 00:00:00+00:00, run_after=2024-11-08 00:00:00+00:00
[2024-11-08T09:00:27.927+0000] {processor.py:208} INFO - Processing /home/airflow/.local/lib/python3.12/site-packages/airflow/example_dags/example_bash_operator.py took 0.575 seconds
[2024-11-08T09:01:11.595+0000] {processor.py:186} INFO - Started process (PID=315) to work on /home/airflow/.local/lib/python3.12/site-packages/airflow/example_dags/example_bash_operator.py
[2024-11-08T09:01:11.602+0000] {processor.py:914} INFO - Processing file /home/airflow/.local/lib/python3.12/site-packages/airflow/example_dags/example_bash_operator.py for tasks to queue
[2024-11-08T09:01:11.610+0000] {logging_mixin.py:190} INFO - [2024-11-08T09:01:11.609+0000] {dagbag.py:588} INFO - Filling up the DagBag from /home/airflow/.local/lib/python3.12/site-packages/airflow/example_dags/example_bash_operator.py
[2024-11-08T09:01:11.667+0000] {processor.py:925} INFO - DAG(s) 'example_bash_operator' retrieved from /home/airflow/.local/lib/python3.12/site-packages/airflow/example_dags/example_bash_operator.py
[2024-11-08T09:01:11.766+0000] {logging_mixin.py:190} INFO - [2024-11-08T09:01:11.766+0000] {dag.py:3239} INFO - Sync 1 DAGs
[2024-11-08T09:01:11.888+0000] {logging_mixin.py:190} INFO - [2024-11-08T09:01:11.883+0000] {dag.py:4180} INFO - Setting next_dagrun for example_bash_operator to 2024-11-07 00:00:00+00:00, run_after=2024-11-08 00:00:00+00:00
[2024-11-08T09:01:12.019+0000] {processor.py:208} INFO - Processing /home/airflow/.local/lib/python3.12/site-packages/airflow/example_dags/example_bash_operator.py took 0.444 seconds
[2024-11-08T09:04:03.592+0000] {processor.py:186} INFO - Started process (PID=384) to work on /home/airflow/.local/lib/python3.12/site-packages/airflow/example_dags/example_bash_operator.py
[2024-11-08T09:04:03.594+0000] {processor.py:914} INFO - Processing file /home/airflow/.local/lib/python3.12/site-packages/airflow/example_dags/example_bash_operator.py for tasks to queue
[2024-11-08T09:04:03.600+0000] {logging_mixin.py:190} INFO - [2024-11-08T09:04:03.599+0000] {dagbag.py:588} INFO - Filling up the DagBag from /home/airflow/.local/lib/python3.12/site-packages/airflow/example_dags/example_bash_operator.py
[2024-11-08T09:04:03.629+0000] {processor.py:925} INFO - DAG(s) 'example_bash_operator' retrieved from /home/airflow/.local/lib/python3.12/site-packages/airflow/example_dags/example_bash_operator.py
[2024-11-08T09:04:03.706+0000] {logging_mixin.py:190} INFO - [2024-11-08T09:04:03.705+0000] {dag.py:3239} INFO - Sync 1 DAGs
[2024-11-08T09:04:03.769+0000] {logging_mixin.py:190} INFO - [2024-11-08T09:04:03.769+0000] {dag.py:4180} INFO - Setting next_dagrun for example_bash_operator to 2024-11-07 00:00:00+00:00, run_after=2024-11-08 00:00:00+00:00
[2024-11-08T09:04:03.827+0000] {processor.py:208} INFO - Processing /home/airflow/.local/lib/python3.12/site-packages/airflow/example_dags/example_bash_operator.py took 0.249 seconds
[2024-11-08T09:04:49.477+0000] {processor.py:186} INFO - Started process (PID=447) to work on /home/airflow/.local/lib/python3.12/site-packages/airflow/example_dags/example_bash_operator.py
[2024-11-08T09:04:49.491+0000] {processor.py:914} INFO - Processing file /home/airflow/.local/lib/python3.12/site-packages/airflow/example_dags/example_bash_operator.py for tasks to queue
[2024-11-08T09:04:49.495+0000] {logging_mixin.py:190} INFO - [2024-11-08T09:04:49.494+0000] {dagbag.py:588} INFO - Filling up the DagBag from /home/airflow/.local/lib/python3.12/site-packages/airflow/example_dags/example_bash_operator.py
[2024-11-08T09:04:49.561+0000] {processor.py:925} INFO - DAG(s) 'example_bash_operator' retrieved from /home/airflow/.local/lib/python3.12/site-packages/airflow/example_dags/example_bash_operator.py
[2024-11-08T09:04:49.691+0000] {logging_mixin.py:190} INFO - [2024-11-08T09:04:49.691+0000] {dag.py:3239} INFO - Sync 1 DAGs
[2024-11-08T09:04:49.836+0000] {logging_mixin.py:190} INFO - [2024-11-08T09:04:49.835+0000] {dag.py:4180} INFO - Setting next_dagrun for example_bash_operator to 2024-11-07 00:00:00+00:00, run_after=2024-11-08 00:00:00+00:00
[2024-11-08T09:04:49.936+0000] {processor.py:208} INFO - Processing /home/airflow/.local/lib/python3.12/site-packages/airflow/example_dags/example_bash_operator.py took 0.492 seconds
[2024-11-08T09:05:22.560+0000] {processor.py:186} INFO - Started process (PID=510) to work on /home/airflow/.local/lib/python3.12/site-packages/airflow/example_dags/example_bash_operator.py
[2024-11-08T09:05:22.561+0000] {processor.py:914} INFO - Processing file /home/airflow/.local/lib/python3.12/site-packages/airflow/example_dags/example_bash_operator.py for tasks to queue
[2024-11-08T09:05:22.565+0000] {logging_mixin.py:190} INFO - [2024-11-08T09:05:22.564+0000] {dagbag.py:588} INFO - Filling up the DagBag from /home/airflow/.local/lib/python3.12/site-packages/airflow/example_dags/example_bash_operator.py
[2024-11-08T09:05:22.592+0000] {processor.py:925} INFO - DAG(s) 'example_bash_operator' retrieved from /home/airflow/.local/lib/python3.12/site-packages/airflow/example_dags/example_bash_operator.py
[2024-11-08T09:05:22.654+0000] {logging_mixin.py:190} INFO - [2024-11-08T09:05:22.654+0000] {dag.py:3239} INFO - Sync 1 DAGs
[2024-11-08T09:05:22.735+0000] {logging_mixin.py:190} INFO - [2024-11-08T09:05:22.735+0000] {dag.py:4180} INFO - Setting next_dagrun for example_bash_operator to 2024-11-07 00:00:00+00:00, run_after=2024-11-08 00:00:00+00:00
[2024-11-08T09:05:22.788+0000] {processor.py:208} INFO - Processing /home/airflow/.local/lib/python3.12/site-packages/airflow/example_dags/example_bash_operator.py took 0.237 seconds
[2024-11-08T09:05:58.553+0000] {processor.py:186} INFO - Started process (PID=573) to work on /home/airflow/.local/lib/python3.12/site-packages/airflow/example_dags/example_bash_operator.py
[2024-11-08T09:05:58.577+0000] {processor.py:914} INFO - Processing file /home/airflow/.local/lib/python3.12/site-packages/airflow/example_dags/example_bash_operator.py for tasks to queue
[2024-11-08T09:05:58.586+0000] {logging_mixin.py:190} INFO - [2024-11-08T09:05:58.585+0000] {dagbag.py:588} INFO - Filling up the DagBag from /home/airflow/.local/lib/python3.12/site-packages/airflow/example_dags/example_bash_operator.py
[2024-11-08T09:05:58.688+0000] {processor.py:925} INFO - DAG(s) 'example_bash_operator' retrieved from /home/airflow/.local/lib/python3.12/site-packages/airflow/example_dags/example_bash_operator.py
[2024-11-08T09:05:58.847+0000] {logging_mixin.py:190} INFO - [2024-11-08T09:05:58.844+0000] {dag.py:3239} INFO - Sync 1 DAGs
[2024-11-08T09:05:58.955+0000] {logging_mixin.py:190} INFO - [2024-11-08T09:05:58.954+0000] {dag.py:4180} INFO - Setting next_dagrun for example_bash_operator to 2024-11-07 00:00:00+00:00, run_after=2024-11-08 00:00:00+00:00
[2024-11-08T09:05:59.032+0000] {processor.py:208} INFO - Processing /home/airflow/.local/lib/python3.12/site-packages/airflow/example_dags/example_bash_operator.py took 0.515 seconds
[2024-11-08T09:06:32.421+0000] {processor.py:186} INFO - Started process (PID=636) to work on /home/airflow/.local/lib/python3.12/site-packages/airflow/example_dags/example_bash_operator.py
[2024-11-08T09:06:32.424+0000] {processor.py:914} INFO - Processing file /home/airflow/.local/lib/python3.12/site-packages/airflow/example_dags/example_bash_operator.py for tasks to queue
[2024-11-08T09:06:32.427+0000] {logging_mixin.py:190} INFO - [2024-11-08T09:06:32.427+0000] {dagbag.py:588} INFO - Filling up the DagBag from /home/airflow/.local/lib/python3.12/site-packages/airflow/example_dags/example_bash_operator.py
[2024-11-08T09:06:32.495+0000] {processor.py:925} INFO - DAG(s) 'example_bash_operator' retrieved from /home/airflow/.local/lib/python3.12/site-packages/airflow/example_dags/example_bash_operator.py
[2024-11-08T09:06:32.658+0000] {logging_mixin.py:190} INFO - [2024-11-08T09:06:32.657+0000] {dag.py:3239} INFO - Sync 1 DAGs
[2024-11-08T09:06:32.808+0000] {logging_mixin.py:190} INFO - [2024-11-08T09:06:32.808+0000] {dag.py:4180} INFO - Setting next_dagrun for example_bash_operator to 2024-11-07 00:00:00+00:00, run_after=2024-11-08 00:00:00+00:00
[2024-11-08T09:06:32.925+0000] {processor.py:208} INFO - Processing /home/airflow/.local/lib/python3.12/site-packages/airflow/example_dags/example_bash_operator.py took 0.524 seconds
