[2024-11-08T08:57:20.984+0000] {processor.py:186} INFO - Started process (PID=102) to work on /home/airflow/.local/lib/python3.12/site-packages/airflow/example_dags/example_subdag_operator.py
[2024-11-08T08:57:20.988+0000] {processor.py:914} INFO - Processing file /home/airflow/.local/lib/python3.12/site-packages/airflow/example_dags/example_subdag_operator.py for tasks to queue
[2024-11-08T08:57:21.003+0000] {logging_mixin.py:190} INFO - [2024-11-08T08:57:21.002+0000] {dagbag.py:588} INFO - Filling up the DagBag from /home/airflow/.local/lib/python3.12/site-packages/airflow/example_dags/example_subdag_operator.py
[2024-11-08T08:57:21.110+0000] {processor.py:925} INFO - DAG(s) 'example_subdag_operator.section-1', 'example_subdag_operator.section-2', 'example_subdag_operator' retrieved from /home/airflow/.local/lib/python3.12/site-packages/airflow/example_dags/example_subdag_operator.py
[2024-11-08T08:57:21.550+0000] {logging_mixin.py:190} INFO - [2024-11-08T08:57:21.547+0000] {override.py:1911} INFO - Created Permission View: can read on DAG:example_subdag_operator
[2024-11-08T08:57:21.613+0000] {logging_mixin.py:190} INFO - [2024-11-08T08:57:21.612+0000] {override.py:1911} INFO - Created Permission View: can delete on DAG:example_subdag_operator
[2024-11-08T08:57:21.644+0000] {logging_mixin.py:190} INFO - [2024-11-08T08:57:21.643+0000] {override.py:1911} INFO - Created Permission View: can edit on DAG:example_subdag_operator
[2024-11-08T08:57:21.695+0000] {logging_mixin.py:190} INFO - [2024-11-08T08:57:21.694+0000] {override.py:1911} INFO - Created Permission View: can read on DAG Run:example_subdag_operator
[2024-11-08T08:57:21.718+0000] {logging_mixin.py:190} INFO - [2024-11-08T08:57:21.717+0000] {override.py:1911} INFO - Created Permission View: can delete on DAG Run:example_subdag_operator
[2024-11-08T08:57:21.737+0000] {logging_mixin.py:190} INFO - [2024-11-08T08:57:21.737+0000] {override.py:1911} INFO - Created Permission View: can create on DAG Run:example_subdag_operator
[2024-11-08T08:57:21.758+0000] {logging_mixin.py:190} INFO - [2024-11-08T08:57:21.757+0000] {override.py:1911} INFO - Created Permission View: menu access on DAG Run:example_subdag_operator
[2024-11-08T08:57:21.760+0000] {logging_mixin.py:190} INFO - [2024-11-08T08:57:21.759+0000] {dag.py:3239} INFO - Sync 3 DAGs
[2024-11-08T08:57:21.808+0000] {logging_mixin.py:190} INFO - [2024-11-08T08:57:21.807+0000] {dag.py:3262} INFO - Creating ORM DAG for example_subdag_operator.section-1
[2024-11-08T08:57:21.812+0000] {logging_mixin.py:190} INFO - [2024-11-08T08:57:21.812+0000] {dag.py:3262} INFO - Creating ORM DAG for example_subdag_operator
[2024-11-08T08:57:21.815+0000] {logging_mixin.py:190} INFO - [2024-11-08T08:57:21.815+0000] {dag.py:3262} INFO - Creating ORM DAG for example_subdag_operator.section-2
[2024-11-08T08:57:21.859+0000] {logging_mixin.py:190} INFO - [2024-11-08T08:57:21.858+0000] {dag.py:4180} INFO - Setting next_dagrun for example_subdag_operator to 2022-01-01 00:00:00+00:00, run_after=2022-01-01 00:00:00+00:00
[2024-11-08T08:57:21.863+0000] {logging_mixin.py:190} INFO - [2024-11-08T08:57:21.863+0000] {dag.py:4180} INFO - Setting next_dagrun for example_subdag_operator.section-1 to None, run_after=None
[2024-11-08T08:57:21.865+0000] {logging_mixin.py:190} INFO - [2024-11-08T08:57:21.865+0000] {dag.py:4180} INFO - Setting next_dagrun for example_subdag_operator.section-2 to None, run_after=None
[2024-11-08T08:57:21.920+0000] {logging_mixin.py:190} INFO - [2024-11-08T08:57:21.919+0000] {dag.py:3239} INFO - Sync 2 DAGs
[2024-11-08T08:57:21.955+0000] {logging_mixin.py:190} INFO - [2024-11-08T08:57:21.954+0000] {dag.py:4180} INFO - Setting next_dagrun for example_subdag_operator.section-1 to None, run_after=None
[2024-11-08T08:57:21.970+0000] {logging_mixin.py:190} INFO - [2024-11-08T08:57:21.970+0000] {dag.py:4180} INFO - Setting next_dagrun for example_subdag_operator.section-2 to None, run_after=None
[2024-11-08T08:57:22.033+0000] {processor.py:208} INFO - Processing /home/airflow/.local/lib/python3.12/site-packages/airflow/example_dags/example_subdag_operator.py took 1.073 seconds
[2024-11-08T08:59:28.486+0000] {processor.py:186} INFO - Started process (PID=170) to work on /home/airflow/.local/lib/python3.12/site-packages/airflow/example_dags/example_subdag_operator.py
[2024-11-08T08:59:28.489+0000] {processor.py:914} INFO - Processing file /home/airflow/.local/lib/python3.12/site-packages/airflow/example_dags/example_subdag_operator.py for tasks to queue
[2024-11-08T08:59:28.496+0000] {logging_mixin.py:190} INFO - [2024-11-08T08:59:28.494+0000] {dagbag.py:588} INFO - Filling up the DagBag from /home/airflow/.local/lib/python3.12/site-packages/airflow/example_dags/example_subdag_operator.py
[2024-11-08T08:59:28.588+0000] {processor.py:925} INFO - DAG(s) 'example_subdag_operator.section-1', 'example_subdag_operator.section-2', 'example_subdag_operator' retrieved from /home/airflow/.local/lib/python3.12/site-packages/airflow/example_dags/example_subdag_operator.py
[2024-11-08T08:59:28.640+0000] {logging_mixin.py:190} INFO - [2024-11-08T08:59:28.639+0000] {dag.py:3239} INFO - Sync 3 DAGs
[2024-11-08T08:59:28.728+0000] {logging_mixin.py:190} INFO - [2024-11-08T08:59:28.728+0000] {dag.py:4180} INFO - Setting next_dagrun for example_subdag_operator to 2022-01-01 00:00:00+00:00, run_after=2022-01-01 00:00:00+00:00
[2024-11-08T08:59:28.740+0000] {logging_mixin.py:190} INFO - [2024-11-08T08:59:28.739+0000] {dag.py:4180} INFO - Setting next_dagrun for example_subdag_operator.section-1 to None, run_after=None
[2024-11-08T08:59:28.744+0000] {logging_mixin.py:190} INFO - [2024-11-08T08:59:28.744+0000] {dag.py:4180} INFO - Setting next_dagrun for example_subdag_operator.section-2 to None, run_after=None
[2024-11-08T08:59:28.769+0000] {logging_mixin.py:190} INFO - [2024-11-08T08:59:28.768+0000] {dag.py:3239} INFO - Sync 2 DAGs
[2024-11-08T08:59:28.783+0000] {logging_mixin.py:190} INFO - [2024-11-08T08:59:28.783+0000] {dag.py:4180} INFO - Setting next_dagrun for example_subdag_operator.section-1 to None, run_after=None
[2024-11-08T08:59:28.786+0000] {logging_mixin.py:190} INFO - [2024-11-08T08:59:28.785+0000] {dag.py:4180} INFO - Setting next_dagrun for example_subdag_operator.section-2 to None, run_after=None
[2024-11-08T08:59:28.818+0000] {processor.py:208} INFO - Processing /home/airflow/.local/lib/python3.12/site-packages/airflow/example_dags/example_subdag_operator.py took 0.341 seconds
[2024-11-08T09:00:04.263+0000] {processor.py:186} INFO - Started process (PID=221) to work on /home/airflow/.local/lib/python3.12/site-packages/airflow/example_dags/example_subdag_operator.py
[2024-11-08T09:00:04.267+0000] {processor.py:914} INFO - Processing file /home/airflow/.local/lib/python3.12/site-packages/airflow/example_dags/example_subdag_operator.py for tasks to queue
[2024-11-08T09:00:04.274+0000] {logging_mixin.py:190} INFO - [2024-11-08T09:00:04.273+0000] {dagbag.py:588} INFO - Filling up the DagBag from /home/airflow/.local/lib/python3.12/site-packages/airflow/example_dags/example_subdag_operator.py
[2024-11-08T09:00:04.352+0000] {processor.py:925} INFO - DAG(s) 'example_subdag_operator.section-1', 'example_subdag_operator.section-2', 'example_subdag_operator' retrieved from /home/airflow/.local/lib/python3.12/site-packages/airflow/example_dags/example_subdag_operator.py
[2024-11-08T09:00:04.406+0000] {logging_mixin.py:190} INFO - [2024-11-08T09:00:04.405+0000] {dag.py:3239} INFO - Sync 3 DAGs
[2024-11-08T09:00:04.474+0000] {logging_mixin.py:190} INFO - [2024-11-08T09:00:04.474+0000] {dag.py:4180} INFO - Setting next_dagrun for example_subdag_operator to 2022-01-01 00:00:00+00:00, run_after=2022-01-01 00:00:00+00:00
[2024-11-08T09:00:04.491+0000] {logging_mixin.py:190} INFO - [2024-11-08T09:00:04.490+0000] {dag.py:4180} INFO - Setting next_dagrun for example_subdag_operator.section-1 to None, run_after=None
[2024-11-08T09:00:04.500+0000] {logging_mixin.py:190} INFO - [2024-11-08T09:00:04.500+0000] {dag.py:4180} INFO - Setting next_dagrun for example_subdag_operator.section-2 to None, run_after=None
[2024-11-08T09:00:04.543+0000] {logging_mixin.py:190} INFO - [2024-11-08T09:00:04.542+0000] {dag.py:3239} INFO - Sync 2 DAGs
[2024-11-08T09:00:04.571+0000] {logging_mixin.py:190} INFO - [2024-11-08T09:00:04.570+0000] {dag.py:4180} INFO - Setting next_dagrun for example_subdag_operator.section-1 to None, run_after=None
[2024-11-08T09:00:04.573+0000] {logging_mixin.py:190} INFO - [2024-11-08T09:00:04.572+0000] {dag.py:4180} INFO - Setting next_dagrun for example_subdag_operator.section-2 to None, run_after=None
[2024-11-08T09:00:04.634+0000] {processor.py:208} INFO - Processing /home/airflow/.local/lib/python3.12/site-packages/airflow/example_dags/example_subdag_operator.py took 0.392 seconds
[2024-11-08T09:00:58.752+0000] {processor.py:186} INFO - Started process (PID=291) to work on /home/airflow/.local/lib/python3.12/site-packages/airflow/example_dags/example_subdag_operator.py
[2024-11-08T09:00:58.766+0000] {processor.py:914} INFO - Processing file /home/airflow/.local/lib/python3.12/site-packages/airflow/example_dags/example_subdag_operator.py for tasks to queue
[2024-11-08T09:00:58.782+0000] {logging_mixin.py:190} INFO - [2024-11-08T09:00:58.774+0000] {dagbag.py:588} INFO - Filling up the DagBag from /home/airflow/.local/lib/python3.12/site-packages/airflow/example_dags/example_subdag_operator.py
[2024-11-08T09:00:58.962+0000] {processor.py:925} INFO - DAG(s) 'example_subdag_operator.section-1', 'example_subdag_operator.section-2', 'example_subdag_operator' retrieved from /home/airflow/.local/lib/python3.12/site-packages/airflow/example_dags/example_subdag_operator.py
[2024-11-08T09:00:59.066+0000] {logging_mixin.py:190} INFO - [2024-11-08T09:00:59.065+0000] {dag.py:3239} INFO - Sync 3 DAGs
[2024-11-08T09:00:59.198+0000] {logging_mixin.py:190} INFO - [2024-11-08T09:00:59.197+0000] {dag.py:4180} INFO - Setting next_dagrun for example_subdag_operator to 2022-01-01 00:00:00+00:00, run_after=2022-01-01 00:00:00+00:00
[2024-11-08T09:00:59.220+0000] {logging_mixin.py:190} INFO - [2024-11-08T09:00:59.220+0000] {dag.py:4180} INFO - Setting next_dagrun for example_subdag_operator.section-1 to None, run_after=None
[2024-11-08T09:00:59.239+0000] {logging_mixin.py:190} INFO - [2024-11-08T09:00:59.239+0000] {dag.py:4180} INFO - Setting next_dagrun for example_subdag_operator.section-2 to None, run_after=None
[2024-11-08T09:00:59.287+0000] {logging_mixin.py:190} INFO - [2024-11-08T09:00:59.287+0000] {dag.py:3239} INFO - Sync 2 DAGs
[2024-11-08T09:00:59.321+0000] {logging_mixin.py:190} INFO - [2024-11-08T09:00:59.320+0000] {dag.py:4180} INFO - Setting next_dagrun for example_subdag_operator.section-1 to None, run_after=None
[2024-11-08T09:00:59.323+0000] {logging_mixin.py:190} INFO - [2024-11-08T09:00:59.322+0000] {dag.py:4180} INFO - Setting next_dagrun for example_subdag_operator.section-2 to None, run_after=None
[2024-11-08T09:00:59.375+0000] {processor.py:208} INFO - Processing /home/airflow/.local/lib/python3.12/site-packages/airflow/example_dags/example_subdag_operator.py took 0.702 seconds
[2024-11-08T09:01:31.083+0000] {processor.py:186} INFO - Started process (PID=353) to work on /home/airflow/.local/lib/python3.12/site-packages/airflow/example_dags/example_subdag_operator.py
[2024-11-08T09:01:31.095+0000] {processor.py:914} INFO - Processing file /home/airflow/.local/lib/python3.12/site-packages/airflow/example_dags/example_subdag_operator.py for tasks to queue
[2024-11-08T09:01:31.102+0000] {logging_mixin.py:190} INFO - [2024-11-08T09:01:31.101+0000] {dagbag.py:588} INFO - Filling up the DagBag from /home/airflow/.local/lib/python3.12/site-packages/airflow/example_dags/example_subdag_operator.py
[2024-11-08T09:01:31.247+0000] {processor.py:925} INFO - DAG(s) 'example_subdag_operator.section-1', 'example_subdag_operator.section-2', 'example_subdag_operator' retrieved from /home/airflow/.local/lib/python3.12/site-packages/airflow/example_dags/example_subdag_operator.py
[2024-11-08T09:01:31.351+0000] {logging_mixin.py:190} INFO - [2024-11-08T09:01:31.350+0000] {dag.py:3239} INFO - Sync 3 DAGs
[2024-11-08T09:01:31.470+0000] {logging_mixin.py:190} INFO - [2024-11-08T09:01:31.469+0000] {dag.py:4180} INFO - Setting next_dagrun for example_subdag_operator to 2022-01-01 00:00:00+00:00, run_after=2022-01-01 00:00:00+00:00
[2024-11-08T09:01:31.486+0000] {logging_mixin.py:190} INFO - [2024-11-08T09:01:31.483+0000] {dag.py:4180} INFO - Setting next_dagrun for example_subdag_operator.section-1 to None, run_after=None
[2024-11-08T09:01:31.490+0000] {logging_mixin.py:190} INFO - [2024-11-08T09:01:31.490+0000] {dag.py:4180} INFO - Setting next_dagrun for example_subdag_operator.section-2 to None, run_after=None
[2024-11-08T09:01:31.522+0000] {logging_mixin.py:190} INFO - [2024-11-08T09:01:31.521+0000] {dag.py:3239} INFO - Sync 2 DAGs
[2024-11-08T09:01:31.545+0000] {logging_mixin.py:190} INFO - [2024-11-08T09:01:31.545+0000] {dag.py:4180} INFO - Setting next_dagrun for example_subdag_operator.section-1 to None, run_after=None
[2024-11-08T09:01:31.554+0000] {logging_mixin.py:190} INFO - [2024-11-08T09:01:31.553+0000] {dag.py:4180} INFO - Setting next_dagrun for example_subdag_operator.section-2 to None, run_after=None
[2024-11-08T09:01:31.600+0000] {processor.py:208} INFO - Processing /home/airflow/.local/lib/python3.12/site-packages/airflow/example_dags/example_subdag_operator.py took 0.538 seconds
[2024-11-08T09:04:02.095+0000] {processor.py:186} INFO - Started process (PID=375) to work on /home/airflow/.local/lib/python3.12/site-packages/airflow/example_dags/example_subdag_operator.py
[2024-11-08T09:04:02.099+0000] {processor.py:914} INFO - Processing file /home/airflow/.local/lib/python3.12/site-packages/airflow/example_dags/example_subdag_operator.py for tasks to queue
[2024-11-08T09:04:02.104+0000] {logging_mixin.py:190} INFO - [2024-11-08T09:04:02.104+0000] {dagbag.py:588} INFO - Filling up the DagBag from /home/airflow/.local/lib/python3.12/site-packages/airflow/example_dags/example_subdag_operator.py
[2024-11-08T09:04:02.188+0000] {processor.py:925} INFO - DAG(s) 'example_subdag_operator.section-1', 'example_subdag_operator.section-2', 'example_subdag_operator' retrieved from /home/airflow/.local/lib/python3.12/site-packages/airflow/example_dags/example_subdag_operator.py
[2024-11-08T09:04:02.225+0000] {logging_mixin.py:190} INFO - [2024-11-08T09:04:02.225+0000] {dag.py:3239} INFO - Sync 3 DAGs
[2024-11-08T09:04:02.281+0000] {logging_mixin.py:190} INFO - [2024-11-08T09:04:02.280+0000] {dag.py:4180} INFO - Setting next_dagrun for example_subdag_operator to 2022-01-01 00:00:00+00:00, run_after=2022-01-01 00:00:00+00:00
[2024-11-08T09:04:02.289+0000] {logging_mixin.py:190} INFO - [2024-11-08T09:04:02.289+0000] {dag.py:4180} INFO - Setting next_dagrun for example_subdag_operator.section-1 to None, run_after=None
[2024-11-08T09:04:02.294+0000] {logging_mixin.py:190} INFO - [2024-11-08T09:04:02.293+0000] {dag.py:4180} INFO - Setting next_dagrun for example_subdag_operator.section-2 to None, run_after=None
[2024-11-08T09:04:02.322+0000] {logging_mixin.py:190} INFO - [2024-11-08T09:04:02.321+0000] {dag.py:3239} INFO - Sync 2 DAGs
[2024-11-08T09:04:02.336+0000] {logging_mixin.py:190} INFO - [2024-11-08T09:04:02.336+0000] {dag.py:4180} INFO - Setting next_dagrun for example_subdag_operator.section-1 to None, run_after=None
[2024-11-08T09:04:02.338+0000] {logging_mixin.py:190} INFO - [2024-11-08T09:04:02.337+0000] {dag.py:4180} INFO - Setting next_dagrun for example_subdag_operator.section-2 to None, run_after=None
[2024-11-08T09:04:02.369+0000] {processor.py:208} INFO - Processing /home/airflow/.local/lib/python3.12/site-packages/airflow/example_dags/example_subdag_operator.py took 0.295 seconds
[2024-11-08T09:04:43.892+0000] {processor.py:186} INFO - Started process (PID=436) to work on /home/airflow/.local/lib/python3.12/site-packages/airflow/example_dags/example_subdag_operator.py
[2024-11-08T09:04:43.895+0000] {processor.py:914} INFO - Processing file /home/airflow/.local/lib/python3.12/site-packages/airflow/example_dags/example_subdag_operator.py for tasks to queue
[2024-11-08T09:04:43.900+0000] {logging_mixin.py:190} INFO - [2024-11-08T09:04:43.899+0000] {dagbag.py:588} INFO - Filling up the DagBag from /home/airflow/.local/lib/python3.12/site-packages/airflow/example_dags/example_subdag_operator.py
[2024-11-08T09:04:43.992+0000] {processor.py:925} INFO - DAG(s) 'example_subdag_operator.section-1', 'example_subdag_operator.section-2', 'example_subdag_operator' retrieved from /home/airflow/.local/lib/python3.12/site-packages/airflow/example_dags/example_subdag_operator.py
[2024-11-08T09:04:44.058+0000] {logging_mixin.py:190} INFO - [2024-11-08T09:04:44.056+0000] {dag.py:3239} INFO - Sync 3 DAGs
[2024-11-08T09:04:44.154+0000] {logging_mixin.py:190} INFO - [2024-11-08T09:04:44.153+0000] {dag.py:4180} INFO - Setting next_dagrun for example_subdag_operator to 2022-01-01 00:00:00+00:00, run_after=2022-01-01 00:00:00+00:00
[2024-11-08T09:04:44.174+0000] {logging_mixin.py:190} INFO - [2024-11-08T09:04:44.173+0000] {dag.py:4180} INFO - Setting next_dagrun for example_subdag_operator.section-1 to None, run_after=None
[2024-11-08T09:04:44.178+0000] {logging_mixin.py:190} INFO - [2024-11-08T09:04:44.178+0000] {dag.py:4180} INFO - Setting next_dagrun for example_subdag_operator.section-2 to None, run_after=None
[2024-11-08T09:04:44.214+0000] {logging_mixin.py:190} INFO - [2024-11-08T09:04:44.214+0000] {dag.py:3239} INFO - Sync 2 DAGs
[2024-11-08T09:04:44.261+0000] {logging_mixin.py:190} INFO - [2024-11-08T09:04:44.260+0000] {dag.py:4180} INFO - Setting next_dagrun for example_subdag_operator.section-1 to None, run_after=None
[2024-11-08T09:04:44.326+0000] {logging_mixin.py:190} INFO - [2024-11-08T09:04:44.325+0000] {dag.py:4180} INFO - Setting next_dagrun for example_subdag_operator.section-2 to None, run_after=None
[2024-11-08T09:04:44.416+0000] {processor.py:208} INFO - Processing /home/airflow/.local/lib/python3.12/site-packages/airflow/example_dags/example_subdag_operator.py took 0.548 seconds
[2024-11-08T09:05:16.549+0000] {processor.py:186} INFO - Started process (PID=498) to work on /home/airflow/.local/lib/python3.12/site-packages/airflow/example_dags/example_subdag_operator.py
[2024-11-08T09:05:16.555+0000] {processor.py:914} INFO - Processing file /home/airflow/.local/lib/python3.12/site-packages/airflow/example_dags/example_subdag_operator.py for tasks to queue
[2024-11-08T09:05:16.559+0000] {logging_mixin.py:190} INFO - [2024-11-08T09:05:16.559+0000] {dagbag.py:588} INFO - Filling up the DagBag from /home/airflow/.local/lib/python3.12/site-packages/airflow/example_dags/example_subdag_operator.py
[2024-11-08T09:05:16.668+0000] {processor.py:925} INFO - DAG(s) 'example_subdag_operator.section-1', 'example_subdag_operator.section-2', 'example_subdag_operator' retrieved from /home/airflow/.local/lib/python3.12/site-packages/airflow/example_dags/example_subdag_operator.py
[2024-11-08T09:05:16.715+0000] {logging_mixin.py:190} INFO - [2024-11-08T09:05:16.714+0000] {dag.py:3239} INFO - Sync 3 DAGs
[2024-11-08T09:05:16.797+0000] {logging_mixin.py:190} INFO - [2024-11-08T09:05:16.795+0000] {dag.py:4180} INFO - Setting next_dagrun for example_subdag_operator to 2022-01-01 00:00:00+00:00, run_after=2022-01-01 00:00:00+00:00
[2024-11-08T09:05:16.810+0000] {logging_mixin.py:190} INFO - [2024-11-08T09:05:16.810+0000] {dag.py:4180} INFO - Setting next_dagrun for example_subdag_operator.section-1 to None, run_after=None
[2024-11-08T09:05:16.815+0000] {logging_mixin.py:190} INFO - [2024-11-08T09:05:16.814+0000] {dag.py:4180} INFO - Setting next_dagrun for example_subdag_operator.section-2 to None, run_after=None
[2024-11-08T09:05:16.842+0000] {logging_mixin.py:190} INFO - [2024-11-08T09:05:16.842+0000] {dag.py:3239} INFO - Sync 2 DAGs
[2024-11-08T09:05:16.874+0000] {logging_mixin.py:190} INFO - [2024-11-08T09:05:16.874+0000] {dag.py:4180} INFO - Setting next_dagrun for example_subdag_operator.section-1 to None, run_after=None
[2024-11-08T09:05:16.877+0000] {logging_mixin.py:190} INFO - [2024-11-08T09:05:16.876+0000] {dag.py:4180} INFO - Setting next_dagrun for example_subdag_operator.section-2 to None, run_after=None
[2024-11-08T09:05:16.941+0000] {processor.py:208} INFO - Processing /home/airflow/.local/lib/python3.12/site-packages/airflow/example_dags/example_subdag_operator.py took 0.427 seconds
[2024-11-08T09:05:50.231+0000] {processor.py:186} INFO - Started process (PID=559) to work on /home/airflow/.local/lib/python3.12/site-packages/airflow/example_dags/example_subdag_operator.py
[2024-11-08T09:05:50.234+0000] {processor.py:914} INFO - Processing file /home/airflow/.local/lib/python3.12/site-packages/airflow/example_dags/example_subdag_operator.py for tasks to queue
[2024-11-08T09:05:50.238+0000] {logging_mixin.py:190} INFO - [2024-11-08T09:05:50.237+0000] {dagbag.py:588} INFO - Filling up the DagBag from /home/airflow/.local/lib/python3.12/site-packages/airflow/example_dags/example_subdag_operator.py
[2024-11-08T09:05:50.354+0000] {processor.py:925} INFO - DAG(s) 'example_subdag_operator.section-1', 'example_subdag_operator.section-2', 'example_subdag_operator' retrieved from /home/airflow/.local/lib/python3.12/site-packages/airflow/example_dags/example_subdag_operator.py
[2024-11-08T09:05:50.437+0000] {logging_mixin.py:190} INFO - [2024-11-08T09:05:50.436+0000] {dag.py:3239} INFO - Sync 3 DAGs
[2024-11-08T09:05:50.549+0000] {logging_mixin.py:190} INFO - [2024-11-08T09:05:50.548+0000] {dag.py:4180} INFO - Setting next_dagrun for example_subdag_operator to 2022-01-01 00:00:00+00:00, run_after=2022-01-01 00:00:00+00:00
[2024-11-08T09:05:50.564+0000] {logging_mixin.py:190} INFO - [2024-11-08T09:05:50.564+0000] {dag.py:4180} INFO - Setting next_dagrun for example_subdag_operator.section-1 to None, run_after=None
[2024-11-08T09:05:50.569+0000] {logging_mixin.py:190} INFO - [2024-11-08T09:05:50.568+0000] {dag.py:4180} INFO - Setting next_dagrun for example_subdag_operator.section-2 to None, run_after=None
[2024-11-08T09:05:50.604+0000] {logging_mixin.py:190} INFO - [2024-11-08T09:05:50.604+0000] {dag.py:3239} INFO - Sync 2 DAGs
[2024-11-08T09:05:50.646+0000] {logging_mixin.py:190} INFO - [2024-11-08T09:05:50.645+0000] {dag.py:4180} INFO - Setting next_dagrun for example_subdag_operator.section-1 to None, run_after=None
[2024-11-08T09:05:50.649+0000] {logging_mixin.py:190} INFO - [2024-11-08T09:05:50.648+0000] {dag.py:4180} INFO - Setting next_dagrun for example_subdag_operator.section-2 to None, run_after=None
[2024-11-08T09:05:50.702+0000] {processor.py:208} INFO - Processing /home/airflow/.local/lib/python3.12/site-packages/airflow/example_dags/example_subdag_operator.py took 0.503 seconds
[2024-11-08T09:06:20.948+0000] {processor.py:186} INFO - Started process (PID=621) to work on /home/airflow/.local/lib/python3.12/site-packages/airflow/example_dags/example_subdag_operator.py
[2024-11-08T09:06:20.958+0000] {processor.py:914} INFO - Processing file /home/airflow/.local/lib/python3.12/site-packages/airflow/example_dags/example_subdag_operator.py for tasks to queue
[2024-11-08T09:06:20.963+0000] {logging_mixin.py:190} INFO - [2024-11-08T09:06:20.962+0000] {dagbag.py:588} INFO - Filling up the DagBag from /home/airflow/.local/lib/python3.12/site-packages/airflow/example_dags/example_subdag_operator.py
[2024-11-08T09:06:21.070+0000] {processor.py:925} INFO - DAG(s) 'example_subdag_operator.section-1', 'example_subdag_operator.section-2', 'example_subdag_operator' retrieved from /home/airflow/.local/lib/python3.12/site-packages/airflow/example_dags/example_subdag_operator.py
[2024-11-08T09:06:21.177+0000] {logging_mixin.py:190} INFO - [2024-11-08T09:06:21.177+0000] {dag.py:3239} INFO - Sync 3 DAGs
[2024-11-08T09:06:21.328+0000] {logging_mixin.py:190} INFO - [2024-11-08T09:06:21.327+0000] {dag.py:4180} INFO - Setting next_dagrun for example_subdag_operator to 2022-01-01 00:00:00+00:00, run_after=2022-01-01 00:00:00+00:00
[2024-11-08T09:06:21.358+0000] {logging_mixin.py:190} INFO - [2024-11-08T09:06:21.358+0000] {dag.py:4180} INFO - Setting next_dagrun for example_subdag_operator.section-1 to None, run_after=None
[2024-11-08T09:06:21.375+0000] {logging_mixin.py:190} INFO - [2024-11-08T09:06:21.375+0000] {dag.py:4180} INFO - Setting next_dagrun for example_subdag_operator.section-2 to None, run_after=None
[2024-11-08T09:06:21.440+0000] {logging_mixin.py:190} INFO - [2024-11-08T09:06:21.429+0000] {dag.py:3239} INFO - Sync 2 DAGs
[2024-11-08T09:06:21.474+0000] {logging_mixin.py:190} INFO - [2024-11-08T09:06:21.473+0000] {dag.py:4180} INFO - Setting next_dagrun for example_subdag_operator.section-1 to None, run_after=None
[2024-11-08T09:06:21.476+0000] {logging_mixin.py:190} INFO - [2024-11-08T09:06:21.475+0000] {dag.py:4180} INFO - Setting next_dagrun for example_subdag_operator.section-2 to None, run_after=None
[2024-11-08T09:06:21.534+0000] {processor.py:208} INFO - Processing /home/airflow/.local/lib/python3.12/site-packages/airflow/example_dags/example_subdag_operator.py took 0.605 seconds
