[2024-11-08T08:57:03.024+0000] {processor.py:186} INFO - Started process (PID=98) to work on /home/airflow/.local/lib/python3.12/site-packages/airflow/example_dags/example_sensors.py
[2024-11-08T08:57:03.033+0000] {processor.py:914} INFO - Processing file /home/airflow/.local/lib/python3.12/site-packages/airflow/example_dags/example_sensors.py for tasks to queue
[2024-11-08T08:57:03.308+0000] {logging_mixin.py:190} INFO - [2024-11-08T08:57:03.298+0000] {dagbag.py:588} INFO - Filling up the DagBag from /home/airflow/.local/lib/python3.12/site-packages/airflow/example_dags/example_sensors.py
[2024-11-08T08:57:03.577+0000] {processor.py:925} INFO - DAG(s) 'example_sensors' retrieved from /home/airflow/.local/lib/python3.12/site-packages/airflow/example_dags/example_sensors.py
[2024-11-08T08:57:09.859+0000] {logging_mixin.py:190} INFO - [2024-11-08T08:57:09.853+0000] {override.py:1911} INFO - Created Permission View: can read on DAG:example_sensors
[2024-11-08T08:57:10.117+0000] {logging_mixin.py:190} INFO - [2024-11-08T08:57:10.116+0000] {override.py:1911} INFO - Created Permission View: can delete on DAG:example_sensors
[2024-11-08T08:57:11.634+0000] {logging_mixin.py:190} INFO - [2024-11-08T08:57:11.633+0000] {override.py:1911} INFO - Created Permission View: can edit on DAG:example_sensors
[2024-11-08T08:57:11.933+0000] {logging_mixin.py:190} INFO - [2024-11-08T08:57:11.932+0000] {override.py:1911} INFO - Created Permission View: can read on DAG Run:example_sensors
[2024-11-08T08:57:11.996+0000] {logging_mixin.py:190} INFO - [2024-11-08T08:57:11.995+0000] {override.py:1911} INFO - Created Permission View: can delete on DAG Run:example_sensors
[2024-11-08T08:57:12.034+0000] {logging_mixin.py:190} INFO - [2024-11-08T08:57:12.034+0000] {override.py:1911} INFO - Created Permission View: can create on DAG Run:example_sensors
[2024-11-08T08:57:12.102+0000] {logging_mixin.py:190} INFO - [2024-11-08T08:57:12.102+0000] {override.py:1911} INFO - Created Permission View: menu access on DAG Run:example_sensors
[2024-11-08T08:57:12.108+0000] {logging_mixin.py:190} INFO - [2024-11-08T08:57:12.108+0000] {dag.py:3239} INFO - Sync 1 DAGs
[2024-11-08T08:57:12.363+0000] {logging_mixin.py:190} INFO - [2024-11-08T08:57:12.356+0000] {dag.py:3262} INFO - Creating ORM DAG for example_sensors
[2024-11-08T08:57:15.057+0000] {logging_mixin.py:190} INFO - [2024-11-08T08:57:15.056+0000] {dag.py:4180} INFO - Setting next_dagrun for example_sensors to None, run_after=None
[2024-11-08T08:57:15.410+0000] {processor.py:208} INFO - Processing /home/airflow/.local/lib/python3.12/site-packages/airflow/example_dags/example_sensors.py took 12.996 seconds
[2024-11-08T08:59:27.919+0000] {processor.py:186} INFO - Started process (PID=166) to work on /home/airflow/.local/lib/python3.12/site-packages/airflow/example_dags/example_sensors.py
[2024-11-08T08:59:27.922+0000] {processor.py:914} INFO - Processing file /home/airflow/.local/lib/python3.12/site-packages/airflow/example_dags/example_sensors.py for tasks to queue
[2024-11-08T08:59:27.928+0000] {logging_mixin.py:190} INFO - [2024-11-08T08:59:27.927+0000] {dagbag.py:588} INFO - Filling up the DagBag from /home/airflow/.local/lib/python3.12/site-packages/airflow/example_dags/example_sensors.py
[2024-11-08T08:59:27.961+0000] {processor.py:925} INFO - DAG(s) 'example_sensors' retrieved from /home/airflow/.local/lib/python3.12/site-packages/airflow/example_dags/example_sensors.py
[2024-11-08T08:59:28.029+0000] {logging_mixin.py:190} INFO - [2024-11-08T08:59:28.029+0000] {dag.py:3239} INFO - Sync 1 DAGs
[2024-11-08T08:59:28.059+0000] {logging_mixin.py:190} INFO - [2024-11-08T08:59:28.058+0000] {dag.py:4180} INFO - Setting next_dagrun for example_sensors to None, run_after=None
[2024-11-08T08:59:28.097+0000] {processor.py:208} INFO - Processing /home/airflow/.local/lib/python3.12/site-packages/airflow/example_dags/example_sensors.py took 0.193 seconds
[2024-11-08T09:00:03.206+0000] {processor.py:186} INFO - Started process (PID=218) to work on /home/airflow/.local/lib/python3.12/site-packages/airflow/example_dags/example_sensors.py
[2024-11-08T09:00:03.212+0000] {processor.py:914} INFO - Processing file /home/airflow/.local/lib/python3.12/site-packages/airflow/example_dags/example_sensors.py for tasks to queue
[2024-11-08T09:00:03.218+0000] {logging_mixin.py:190} INFO - [2024-11-08T09:00:03.217+0000] {dagbag.py:588} INFO - Filling up the DagBag from /home/airflow/.local/lib/python3.12/site-packages/airflow/example_dags/example_sensors.py
[2024-11-08T09:00:03.269+0000] {processor.py:925} INFO - DAG(s) 'example_sensors' retrieved from /home/airflow/.local/lib/python3.12/site-packages/airflow/example_dags/example_sensors.py
[2024-11-08T09:00:03.391+0000] {logging_mixin.py:190} INFO - [2024-11-08T09:00:03.389+0000] {dag.py:3239} INFO - Sync 1 DAGs
[2024-11-08T09:00:03.447+0000] {logging_mixin.py:190} INFO - [2024-11-08T09:00:03.446+0000] {dag.py:4180} INFO - Setting next_dagrun for example_sensors to None, run_after=None
[2024-11-08T09:00:03.532+0000] {processor.py:208} INFO - Processing /home/airflow/.local/lib/python3.12/site-packages/airflow/example_dags/example_sensors.py took 0.343 seconds
[2024-11-08T09:00:56.908+0000] {processor.py:186} INFO - Started process (PID=287) to work on /home/airflow/.local/lib/python3.12/site-packages/airflow/example_dags/example_sensors.py
[2024-11-08T09:00:56.911+0000] {processor.py:914} INFO - Processing file /home/airflow/.local/lib/python3.12/site-packages/airflow/example_dags/example_sensors.py for tasks to queue
[2024-11-08T09:00:56.918+0000] {logging_mixin.py:190} INFO - [2024-11-08T09:00:56.917+0000] {dagbag.py:588} INFO - Filling up the DagBag from /home/airflow/.local/lib/python3.12/site-packages/airflow/example_dags/example_sensors.py
[2024-11-08T09:00:56.998+0000] {processor.py:925} INFO - DAG(s) 'example_sensors' retrieved from /home/airflow/.local/lib/python3.12/site-packages/airflow/example_dags/example_sensors.py
[2024-11-08T09:00:57.128+0000] {logging_mixin.py:190} INFO - [2024-11-08T09:00:57.127+0000] {dag.py:3239} INFO - Sync 1 DAGs
[2024-11-08T09:00:57.214+0000] {logging_mixin.py:190} INFO - [2024-11-08T09:00:57.213+0000] {dag.py:4180} INFO - Setting next_dagrun for example_sensors to None, run_after=None
[2024-11-08T09:00:57.341+0000] {processor.py:208} INFO - Processing /home/airflow/.local/lib/python3.12/site-packages/airflow/example_dags/example_sensors.py took 0.466 seconds
[2024-11-08T09:01:29.253+0000] {processor.py:186} INFO - Started process (PID=350) to work on /home/airflow/.local/lib/python3.12/site-packages/airflow/example_dags/example_sensors.py
[2024-11-08T09:01:29.256+0000] {processor.py:914} INFO - Processing file /home/airflow/.local/lib/python3.12/site-packages/airflow/example_dags/example_sensors.py for tasks to queue
[2024-11-08T09:01:29.271+0000] {logging_mixin.py:190} INFO - [2024-11-08T09:01:29.270+0000] {dagbag.py:588} INFO - Filling up the DagBag from /home/airflow/.local/lib/python3.12/site-packages/airflow/example_dags/example_sensors.py
[2024-11-08T09:01:29.329+0000] {processor.py:925} INFO - DAG(s) 'example_sensors' retrieved from /home/airflow/.local/lib/python3.12/site-packages/airflow/example_dags/example_sensors.py
[2024-11-08T09:01:29.467+0000] {logging_mixin.py:190} INFO - [2024-11-08T09:01:29.467+0000] {dag.py:3239} INFO - Sync 1 DAGs
[2024-11-08T09:01:29.533+0000] {logging_mixin.py:190} INFO - [2024-11-08T09:01:29.532+0000] {dag.py:4180} INFO - Setting next_dagrun for example_sensors to None, run_after=None
[2024-11-08T09:01:29.615+0000] {processor.py:208} INFO - Processing /home/airflow/.local/lib/python3.12/site-packages/airflow/example_dags/example_sensors.py took 0.377 seconds
[2024-11-08T09:04:01.559+0000] {processor.py:186} INFO - Started process (PID=372) to work on /home/airflow/.local/lib/python3.12/site-packages/airflow/example_dags/example_sensors.py
[2024-11-08T09:04:01.561+0000] {processor.py:914} INFO - Processing file /home/airflow/.local/lib/python3.12/site-packages/airflow/example_dags/example_sensors.py for tasks to queue
[2024-11-08T09:04:01.565+0000] {logging_mixin.py:190} INFO - [2024-11-08T09:04:01.564+0000] {dagbag.py:588} INFO - Filling up the DagBag from /home/airflow/.local/lib/python3.12/site-packages/airflow/example_dags/example_sensors.py
[2024-11-08T09:04:01.585+0000] {processor.py:925} INFO - DAG(s) 'example_sensors' retrieved from /home/airflow/.local/lib/python3.12/site-packages/airflow/example_dags/example_sensors.py
[2024-11-08T09:04:01.654+0000] {logging_mixin.py:190} INFO - [2024-11-08T09:04:01.654+0000] {dag.py:3239} INFO - Sync 1 DAGs
[2024-11-08T09:04:01.682+0000] {logging_mixin.py:190} INFO - [2024-11-08T09:04:01.681+0000] {dag.py:4180} INFO - Setting next_dagrun for example_sensors to None, run_after=None
[2024-11-08T09:04:01.720+0000] {processor.py:208} INFO - Processing /home/airflow/.local/lib/python3.12/site-packages/airflow/example_dags/example_sensors.py took 0.171 seconds
[2024-11-08T09:04:42.402+0000] {processor.py:186} INFO - Started process (PID=432) to work on /home/airflow/.local/lib/python3.12/site-packages/airflow/example_dags/example_sensors.py
[2024-11-08T09:04:42.406+0000] {processor.py:914} INFO - Processing file /home/airflow/.local/lib/python3.12/site-packages/airflow/example_dags/example_sensors.py for tasks to queue
[2024-11-08T09:04:42.414+0000] {logging_mixin.py:190} INFO - [2024-11-08T09:04:42.412+0000] {dagbag.py:588} INFO - Filling up the DagBag from /home/airflow/.local/lib/python3.12/site-packages/airflow/example_dags/example_sensors.py
[2024-11-08T09:04:42.480+0000] {processor.py:925} INFO - DAG(s) 'example_sensors' retrieved from /home/airflow/.local/lib/python3.12/site-packages/airflow/example_dags/example_sensors.py
[2024-11-08T09:04:42.585+0000] {logging_mixin.py:190} INFO - [2024-11-08T09:04:42.585+0000] {dag.py:3239} INFO - Sync 1 DAGs
[2024-11-08T09:04:42.630+0000] {logging_mixin.py:190} INFO - [2024-11-08T09:04:42.630+0000] {dag.py:4180} INFO - Setting next_dagrun for example_sensors to None, run_after=None
[2024-11-08T09:04:42.695+0000] {processor.py:208} INFO - Processing /home/airflow/.local/lib/python3.12/site-packages/airflow/example_dags/example_sensors.py took 0.304 seconds
[2024-11-08T09:05:15.088+0000] {processor.py:186} INFO - Started process (PID=493) to work on /home/airflow/.local/lib/python3.12/site-packages/airflow/example_dags/example_sensors.py
[2024-11-08T09:05:15.091+0000] {processor.py:914} INFO - Processing file /home/airflow/.local/lib/python3.12/site-packages/airflow/example_dags/example_sensors.py for tasks to queue
[2024-11-08T09:05:15.096+0000] {logging_mixin.py:190} INFO - [2024-11-08T09:05:15.095+0000] {dagbag.py:588} INFO - Filling up the DagBag from /home/airflow/.local/lib/python3.12/site-packages/airflow/example_dags/example_sensors.py
[2024-11-08T09:05:15.188+0000] {processor.py:925} INFO - DAG(s) 'example_sensors' retrieved from /home/airflow/.local/lib/python3.12/site-packages/airflow/example_dags/example_sensors.py
[2024-11-08T09:05:15.461+0000] {logging_mixin.py:190} INFO - [2024-11-08T09:05:15.460+0000] {dag.py:3239} INFO - Sync 1 DAGs
[2024-11-08T09:05:15.533+0000] {logging_mixin.py:190} INFO - [2024-11-08T09:05:15.533+0000] {dag.py:4180} INFO - Setting next_dagrun for example_sensors to None, run_after=None
[2024-11-08T09:05:15.638+0000] {processor.py:208} INFO - Processing /home/airflow/.local/lib/python3.12/site-packages/airflow/example_dags/example_sensors.py took 0.571 seconds
[2024-11-08T09:05:48.417+0000] {processor.py:186} INFO - Started process (PID=556) to work on /home/airflow/.local/lib/python3.12/site-packages/airflow/example_dags/example_sensors.py
[2024-11-08T09:05:48.432+0000] {processor.py:914} INFO - Processing file /home/airflow/.local/lib/python3.12/site-packages/airflow/example_dags/example_sensors.py for tasks to queue
[2024-11-08T09:05:48.435+0000] {logging_mixin.py:190} INFO - [2024-11-08T09:05:48.435+0000] {dagbag.py:588} INFO - Filling up the DagBag from /home/airflow/.local/lib/python3.12/site-packages/airflow/example_dags/example_sensors.py
[2024-11-08T09:05:48.514+0000] {processor.py:925} INFO - DAG(s) 'example_sensors' retrieved from /home/airflow/.local/lib/python3.12/site-packages/airflow/example_dags/example_sensors.py
[2024-11-08T09:05:48.678+0000] {logging_mixin.py:190} INFO - [2024-11-08T09:05:48.677+0000] {dag.py:3239} INFO - Sync 1 DAGs
[2024-11-08T09:05:48.793+0000] {logging_mixin.py:190} INFO - [2024-11-08T09:05:48.793+0000] {dag.py:4180} INFO - Setting next_dagrun for example_sensors to None, run_after=None
[2024-11-08T09:05:48.916+0000] {processor.py:208} INFO - Processing /home/airflow/.local/lib/python3.12/site-packages/airflow/example_dags/example_sensors.py took 0.523 seconds
[2024-11-08T09:06:19.494+0000] {processor.py:186} INFO - Started process (PID=618) to work on /home/airflow/.local/lib/python3.12/site-packages/airflow/example_dags/example_sensors.py
[2024-11-08T09:06:19.498+0000] {processor.py:914} INFO - Processing file /home/airflow/.local/lib/python3.12/site-packages/airflow/example_dags/example_sensors.py for tasks to queue
[2024-11-08T09:06:19.502+0000] {logging_mixin.py:190} INFO - [2024-11-08T09:06:19.501+0000] {dagbag.py:588} INFO - Filling up the DagBag from /home/airflow/.local/lib/python3.12/site-packages/airflow/example_dags/example_sensors.py
[2024-11-08T09:06:19.538+0000] {processor.py:925} INFO - DAG(s) 'example_sensors' retrieved from /home/airflow/.local/lib/python3.12/site-packages/airflow/example_dags/example_sensors.py
[2024-11-08T09:06:19.603+0000] {logging_mixin.py:190} INFO - [2024-11-08T09:06:19.603+0000] {dag.py:3239} INFO - Sync 1 DAGs
[2024-11-08T09:06:19.645+0000] {logging_mixin.py:190} INFO - [2024-11-08T09:06:19.644+0000] {dag.py:4180} INFO - Setting next_dagrun for example_sensors to None, run_after=None
[2024-11-08T09:06:19.703+0000] {processor.py:208} INFO - Processing /home/airflow/.local/lib/python3.12/site-packages/airflow/example_dags/example_sensors.py took 0.218 seconds
