[2024-11-08T08:58:54.974+0000] {processor.py:186} INFO - Started process (PID=127) to work on /home/airflow/.local/lib/python3.12/site-packages/airflow/example_dags/example_dataset_alias_with_no_taskflow.py
[2024-11-08T08:58:54.984+0000] {processor.py:914} INFO - Processing file /home/airflow/.local/lib/python3.12/site-packages/airflow/example_dags/example_dataset_alias_with_no_taskflow.py for tasks to queue
[2024-11-08T08:58:55.004+0000] {logging_mixin.py:190} INFO - [2024-11-08T08:58:54.993+0000] {dagbag.py:588} INFO - Filling up the DagBag from /home/airflow/.local/lib/python3.12/site-packages/airflow/example_dags/example_dataset_alias_with_no_taskflow.py
[2024-11-08T08:59:07.294+0000] {processor.py:925} INFO - DAG(s) 'dataset_alias_example_alias_consumer_with_no_taskflow', 'dataset_s3_bucket_producer_with_no_taskflow', 'dataset_s3_bucket_consumer_with_no_taskflow', 'dataset_alias_example_alias_producer_with_no_taskflow' retrieved from /home/airflow/.local/lib/python3.12/site-packages/airflow/example_dags/example_dataset_alias_with_no_taskflow.py
[2024-11-08T08:59:07.536+0000] {logging_mixin.py:190} INFO - [2024-11-08T08:59:07.534+0000] {override.py:1911} INFO - Created Permission View: can read on DAG:dataset_alias_example_alias_consumer_with_no_taskflow
[2024-11-08T08:59:07.558+0000] {logging_mixin.py:190} INFO - [2024-11-08T08:59:07.558+0000] {override.py:1911} INFO - Created Permission View: can delete on DAG:dataset_alias_example_alias_consumer_with_no_taskflow
[2024-11-08T08:59:07.577+0000] {logging_mixin.py:190} INFO - [2024-11-08T08:59:07.576+0000] {override.py:1911} INFO - Created Permission View: can edit on DAG:dataset_alias_example_alias_consumer_with_no_taskflow
[2024-11-08T08:59:07.610+0000] {logging_mixin.py:190} INFO - [2024-11-08T08:59:07.610+0000] {override.py:1911} INFO - Created Permission View: can read on DAG Run:dataset_alias_example_alias_consumer_with_no_taskflow
[2024-11-08T08:59:07.626+0000] {logging_mixin.py:190} INFO - [2024-11-08T08:59:07.625+0000] {override.py:1911} INFO - Created Permission View: can delete on DAG Run:dataset_alias_example_alias_consumer_with_no_taskflow
[2024-11-08T08:59:07.642+0000] {logging_mixin.py:190} INFO - [2024-11-08T08:59:07.641+0000] {override.py:1911} INFO - Created Permission View: can create on DAG Run:dataset_alias_example_alias_consumer_with_no_taskflow
[2024-11-08T08:59:07.679+0000] {logging_mixin.py:190} INFO - [2024-11-08T08:59:07.678+0000] {override.py:1911} INFO - Created Permission View: menu access on DAG Run:dataset_alias_example_alias_consumer_with_no_taskflow
[2024-11-08T08:59:07.772+0000] {logging_mixin.py:190} INFO - [2024-11-08T08:59:07.771+0000] {override.py:1911} INFO - Created Permission View: can read on DAG:dataset_s3_bucket_producer_with_no_taskflow
[2024-11-08T08:59:07.806+0000] {logging_mixin.py:190} INFO - [2024-11-08T08:59:07.805+0000] {override.py:1911} INFO - Created Permission View: can delete on DAG:dataset_s3_bucket_producer_with_no_taskflow
[2024-11-08T08:59:07.831+0000] {logging_mixin.py:190} INFO - [2024-11-08T08:59:07.830+0000] {override.py:1911} INFO - Created Permission View: can edit on DAG:dataset_s3_bucket_producer_with_no_taskflow
[2024-11-08T08:59:07.885+0000] {logging_mixin.py:190} INFO - [2024-11-08T08:59:07.885+0000] {override.py:1911} INFO - Created Permission View: can read on DAG Run:dataset_s3_bucket_producer_with_no_taskflow
[2024-11-08T08:59:07.916+0000] {logging_mixin.py:190} INFO - [2024-11-08T08:59:07.915+0000] {override.py:1911} INFO - Created Permission View: can delete on DAG Run:dataset_s3_bucket_producer_with_no_taskflow
[2024-11-08T08:59:07.958+0000] {logging_mixin.py:190} INFO - [2024-11-08T08:59:07.957+0000] {override.py:1911} INFO - Created Permission View: can create on DAG Run:dataset_s3_bucket_producer_with_no_taskflow
[2024-11-08T08:59:07.993+0000] {logging_mixin.py:190} INFO - [2024-11-08T08:59:07.992+0000] {override.py:1911} INFO - Created Permission View: menu access on DAG Run:dataset_s3_bucket_producer_with_no_taskflow
[2024-11-08T08:59:08.070+0000] {logging_mixin.py:190} INFO - [2024-11-08T08:59:08.069+0000] {override.py:1911} INFO - Created Permission View: can read on DAG:dataset_s3_bucket_consumer_with_no_taskflow
[2024-11-08T08:59:08.119+0000] {logging_mixin.py:190} INFO - [2024-11-08T08:59:08.118+0000] {override.py:1911} INFO - Created Permission View: can delete on DAG:dataset_s3_bucket_consumer_with_no_taskflow
[2024-11-08T08:59:08.142+0000] {logging_mixin.py:190} INFO - [2024-11-08T08:59:08.142+0000] {override.py:1911} INFO - Created Permission View: can edit on DAG:dataset_s3_bucket_consumer_with_no_taskflow
[2024-11-08T08:59:08.166+0000] {logging_mixin.py:190} INFO - [2024-11-08T08:59:08.166+0000] {override.py:1911} INFO - Created Permission View: can read on DAG Run:dataset_s3_bucket_consumer_with_no_taskflow
[2024-11-08T08:59:08.187+0000] {logging_mixin.py:190} INFO - [2024-11-08T08:59:08.186+0000] {override.py:1911} INFO - Created Permission View: can delete on DAG Run:dataset_s3_bucket_consumer_with_no_taskflow
[2024-11-08T08:59:08.209+0000] {logging_mixin.py:190} INFO - [2024-11-08T08:59:08.208+0000] {override.py:1911} INFO - Created Permission View: can create on DAG Run:dataset_s3_bucket_consumer_with_no_taskflow
[2024-11-08T08:59:08.229+0000] {logging_mixin.py:190} INFO - [2024-11-08T08:59:08.228+0000] {override.py:1911} INFO - Created Permission View: menu access on DAG Run:dataset_s3_bucket_consumer_with_no_taskflow
[2024-11-08T08:59:08.272+0000] {logging_mixin.py:190} INFO - [2024-11-08T08:59:08.272+0000] {override.py:1911} INFO - Created Permission View: can read on DAG:dataset_alias_example_alias_producer_with_no_taskflow
[2024-11-08T08:59:08.293+0000] {logging_mixin.py:190} INFO - [2024-11-08T08:59:08.292+0000] {override.py:1911} INFO - Created Permission View: can delete on DAG:dataset_alias_example_alias_producer_with_no_taskflow
[2024-11-08T08:59:08.312+0000] {logging_mixin.py:190} INFO - [2024-11-08T08:59:08.311+0000] {override.py:1911} INFO - Created Permission View: can edit on DAG:dataset_alias_example_alias_producer_with_no_taskflow
[2024-11-08T08:59:08.335+0000] {logging_mixin.py:190} INFO - [2024-11-08T08:59:08.335+0000] {override.py:1911} INFO - Created Permission View: can read on DAG Run:dataset_alias_example_alias_producer_with_no_taskflow
[2024-11-08T08:59:08.355+0000] {logging_mixin.py:190} INFO - [2024-11-08T08:59:08.354+0000] {override.py:1911} INFO - Created Permission View: can delete on DAG Run:dataset_alias_example_alias_producer_with_no_taskflow
[2024-11-08T08:59:08.375+0000] {logging_mixin.py:190} INFO - [2024-11-08T08:59:08.374+0000] {override.py:1911} INFO - Created Permission View: can create on DAG Run:dataset_alias_example_alias_producer_with_no_taskflow
[2024-11-08T08:59:08.394+0000] {logging_mixin.py:190} INFO - [2024-11-08T08:59:08.394+0000] {override.py:1911} INFO - Created Permission View: menu access on DAG Run:dataset_alias_example_alias_producer_with_no_taskflow
[2024-11-08T08:59:08.396+0000] {logging_mixin.py:190} INFO - [2024-11-08T08:59:08.395+0000] {dag.py:3239} INFO - Sync 4 DAGs
[2024-11-08T08:59:08.425+0000] {logging_mixin.py:190} INFO - [2024-11-08T08:59:08.424+0000] {dag.py:3262} INFO - Creating ORM DAG for dataset_alias_example_alias_producer_with_no_taskflow
[2024-11-08T08:59:08.427+0000] {logging_mixin.py:190} INFO - [2024-11-08T08:59:08.427+0000] {dag.py:3262} INFO - Creating ORM DAG for dataset_s3_bucket_producer_with_no_taskflow
[2024-11-08T08:59:08.429+0000] {logging_mixin.py:190} INFO - [2024-11-08T08:59:08.428+0000] {dag.py:3262} INFO - Creating ORM DAG for dataset_s3_bucket_consumer_with_no_taskflow
[2024-11-08T08:59:08.431+0000] {logging_mixin.py:190} INFO - [2024-11-08T08:59:08.430+0000] {dag.py:3262} INFO - Creating ORM DAG for dataset_alias_example_alias_consumer_with_no_taskflow
[2024-11-08T08:59:08.449+0000] {logging_mixin.py:190} INFO - [2024-11-08T08:59:08.449+0000] {dag.py:4180} INFO - Setting next_dagrun for dataset_alias_example_alias_consumer_with_no_taskflow to None, run_after=None
[2024-11-08T08:59:08.451+0000] {logging_mixin.py:190} INFO - [2024-11-08T08:59:08.451+0000] {dag.py:4180} INFO - Setting next_dagrun for dataset_alias_example_alias_producer_with_no_taskflow to None, run_after=None
[2024-11-08T08:59:08.453+0000] {logging_mixin.py:190} INFO - [2024-11-08T08:59:08.453+0000] {dag.py:4180} INFO - Setting next_dagrun for dataset_s3_bucket_consumer_with_no_taskflow to None, run_after=None
[2024-11-08T08:59:08.455+0000] {logging_mixin.py:190} INFO - [2024-11-08T08:59:08.455+0000] {dag.py:4180} INFO - Setting next_dagrun for dataset_s3_bucket_producer_with_no_taskflow to None, run_after=None
[2024-11-08T08:59:08.526+0000] {processor.py:208} INFO - Processing /home/airflow/.local/lib/python3.12/site-packages/airflow/example_dags/example_dataset_alias_with_no_taskflow.py took 13.589 seconds
[2024-11-08T08:59:38.894+0000] {processor.py:186} INFO - Started process (PID=190) to work on /home/airflow/.local/lib/python3.12/site-packages/airflow/example_dags/example_dataset_alias_with_no_taskflow.py
[2024-11-08T08:59:38.896+0000] {processor.py:914} INFO - Processing file /home/airflow/.local/lib/python3.12/site-packages/airflow/example_dags/example_dataset_alias_with_no_taskflow.py for tasks to queue
[2024-11-08T08:59:38.901+0000] {logging_mixin.py:190} INFO - [2024-11-08T08:59:38.900+0000] {dagbag.py:588} INFO - Filling up the DagBag from /home/airflow/.local/lib/python3.12/site-packages/airflow/example_dags/example_dataset_alias_with_no_taskflow.py
[2024-11-08T08:59:40.572+0000] {processor.py:925} INFO - DAG(s) 'dataset_s3_bucket_consumer_with_no_taskflow', 'dataset_s3_bucket_producer_with_no_taskflow', 'dataset_alias_example_alias_consumer_with_no_taskflow', 'dataset_alias_example_alias_producer_with_no_taskflow' retrieved from /home/airflow/.local/lib/python3.12/site-packages/airflow/example_dags/example_dataset_alias_with_no_taskflow.py
[2024-11-08T08:59:40.676+0000] {logging_mixin.py:190} INFO - [2024-11-08T08:59:40.675+0000] {dag.py:3239} INFO - Sync 4 DAGs
[2024-11-08T08:59:40.746+0000] {logging_mixin.py:190} INFO - [2024-11-08T08:59:40.745+0000] {dag.py:4180} INFO - Setting next_dagrun for dataset_alias_example_alias_consumer_with_no_taskflow to None, run_after=None
[2024-11-08T08:59:40.752+0000] {logging_mixin.py:190} INFO - [2024-11-08T08:59:40.752+0000] {dag.py:4180} INFO - Setting next_dagrun for dataset_alias_example_alias_producer_with_no_taskflow to None, run_after=None
[2024-11-08T08:59:40.756+0000] {logging_mixin.py:190} INFO - [2024-11-08T08:59:40.756+0000] {dag.py:4180} INFO - Setting next_dagrun for dataset_s3_bucket_consumer_with_no_taskflow to None, run_after=None
[2024-11-08T08:59:40.760+0000] {logging_mixin.py:190} INFO - [2024-11-08T08:59:40.760+0000] {dag.py:4180} INFO - Setting next_dagrun for dataset_s3_bucket_producer_with_no_taskflow to None, run_after=None
[2024-11-08T08:59:40.829+0000] {processor.py:208} INFO - Processing /home/airflow/.local/lib/python3.12/site-packages/airflow/example_dags/example_dataset_alias_with_no_taskflow.py took 1.948 seconds
[2024-11-08T09:00:30.745+0000] {processor.py:186} INFO - Started process (PID=259) to work on /home/airflow/.local/lib/python3.12/site-packages/airflow/example_dags/example_dataset_alias_with_no_taskflow.py
[2024-11-08T09:00:30.755+0000] {processor.py:914} INFO - Processing file /home/airflow/.local/lib/python3.12/site-packages/airflow/example_dags/example_dataset_alias_with_no_taskflow.py for tasks to queue
[2024-11-08T09:00:30.764+0000] {logging_mixin.py:190} INFO - [2024-11-08T09:00:30.763+0000] {dagbag.py:588} INFO - Filling up the DagBag from /home/airflow/.local/lib/python3.12/site-packages/airflow/example_dags/example_dataset_alias_with_no_taskflow.py
[2024-11-08T09:00:46.909+0000] {processor.py:925} INFO - DAG(s) 'dataset_s3_bucket_producer_with_no_taskflow', 'dataset_alias_example_alias_consumer_with_no_taskflow', 'dataset_s3_bucket_consumer_with_no_taskflow', 'dataset_alias_example_alias_producer_with_no_taskflow' retrieved from /home/airflow/.local/lib/python3.12/site-packages/airflow/example_dags/example_dataset_alias_with_no_taskflow.py
[2024-11-08T09:00:47.050+0000] {logging_mixin.py:190} INFO - [2024-11-08T09:00:47.049+0000] {dag.py:3239} INFO - Sync 4 DAGs
[2024-11-08T09:00:47.225+0000] {logging_mixin.py:190} INFO - [2024-11-08T09:00:47.224+0000] {dag.py:4180} INFO - Setting next_dagrun for dataset_alias_example_alias_consumer_with_no_taskflow to None, run_after=None
[2024-11-08T09:00:47.263+0000] {logging_mixin.py:190} INFO - [2024-11-08T09:00:47.262+0000] {dag.py:4180} INFO - Setting next_dagrun for dataset_alias_example_alias_producer_with_no_taskflow to None, run_after=None
[2024-11-08T09:00:47.283+0000] {logging_mixin.py:190} INFO - [2024-11-08T09:00:47.283+0000] {dag.py:4180} INFO - Setting next_dagrun for dataset_s3_bucket_consumer_with_no_taskflow to None, run_after=None
[2024-11-08T09:00:47.297+0000] {logging_mixin.py:190} INFO - [2024-11-08T09:00:47.295+0000] {dag.py:4180} INFO - Setting next_dagrun for dataset_s3_bucket_producer_with_no_taskflow to None, run_after=None
[2024-11-08T09:00:47.456+0000] {processor.py:208} INFO - Processing /home/airflow/.local/lib/python3.12/site-packages/airflow/example_dags/example_dataset_alias_with_no_taskflow.py took 16.729 seconds
[2024-11-08T09:01:18.715+0000] {processor.py:186} INFO - Started process (PID=330) to work on /home/airflow/.local/lib/python3.12/site-packages/airflow/example_dags/example_dataset_alias_with_no_taskflow.py
[2024-11-08T09:01:18.720+0000] {processor.py:914} INFO - Processing file /home/airflow/.local/lib/python3.12/site-packages/airflow/example_dags/example_dataset_alias_with_no_taskflow.py for tasks to queue
[2024-11-08T09:01:18.746+0000] {logging_mixin.py:190} INFO - [2024-11-08T09:01:18.745+0000] {dagbag.py:588} INFO - Filling up the DagBag from /home/airflow/.local/lib/python3.12/site-packages/airflow/example_dags/example_dataset_alias_with_no_taskflow.py
[2024-11-08T09:01:22.429+0000] {processor.py:925} INFO - DAG(s) 'dataset_alias_example_alias_consumer_with_no_taskflow', 'dataset_alias_example_alias_producer_with_no_taskflow', 'dataset_s3_bucket_producer_with_no_taskflow', 'dataset_s3_bucket_consumer_with_no_taskflow' retrieved from /home/airflow/.local/lib/python3.12/site-packages/airflow/example_dags/example_dataset_alias_with_no_taskflow.py
[2024-11-08T09:01:22.507+0000] {logging_mixin.py:190} INFO - [2024-11-08T09:01:22.506+0000] {dag.py:3239} INFO - Sync 4 DAGs
[2024-11-08T09:01:22.613+0000] {logging_mixin.py:190} INFO - [2024-11-08T09:01:22.612+0000] {dag.py:4180} INFO - Setting next_dagrun for dataset_alias_example_alias_consumer_with_no_taskflow to None, run_after=None
[2024-11-08T09:01:22.626+0000] {logging_mixin.py:190} INFO - [2024-11-08T09:01:22.626+0000] {dag.py:4180} INFO - Setting next_dagrun for dataset_alias_example_alias_producer_with_no_taskflow to None, run_after=None
[2024-11-08T09:01:22.637+0000] {logging_mixin.py:190} INFO - [2024-11-08T09:01:22.634+0000] {dag.py:4180} INFO - Setting next_dagrun for dataset_s3_bucket_consumer_with_no_taskflow to None, run_after=None
[2024-11-08T09:01:22.646+0000] {logging_mixin.py:190} INFO - [2024-11-08T09:01:22.645+0000] {dag.py:4180} INFO - Setting next_dagrun for dataset_s3_bucket_producer_with_no_taskflow to None, run_after=None
[2024-11-08T09:01:22.783+0000] {processor.py:208} INFO - Processing /home/airflow/.local/lib/python3.12/site-packages/airflow/example_dags/example_dataset_alias_with_no_taskflow.py took 4.103 seconds
[2024-11-08T09:04:05.635+0000] {processor.py:186} INFO - Started process (PID=392) to work on /home/airflow/.local/lib/python3.12/site-packages/airflow/example_dags/example_dataset_alias_with_no_taskflow.py
[2024-11-08T09:04:05.637+0000] {processor.py:914} INFO - Processing file /home/airflow/.local/lib/python3.12/site-packages/airflow/example_dags/example_dataset_alias_with_no_taskflow.py for tasks to queue
[2024-11-08T09:04:05.640+0000] {logging_mixin.py:190} INFO - [2024-11-08T09:04:05.639+0000] {dagbag.py:588} INFO - Filling up the DagBag from /home/airflow/.local/lib/python3.12/site-packages/airflow/example_dags/example_dataset_alias_with_no_taskflow.py
[2024-11-08T09:04:27.425+0000] {processor.py:925} INFO - DAG(s) 'dataset_alias_example_alias_consumer_with_no_taskflow', 'dataset_s3_bucket_producer_with_no_taskflow', 'dataset_alias_example_alias_producer_with_no_taskflow', 'dataset_s3_bucket_consumer_with_no_taskflow' retrieved from /home/airflow/.local/lib/python3.12/site-packages/airflow/example_dags/example_dataset_alias_with_no_taskflow.py
[2024-11-08T09:04:27.528+0000] {logging_mixin.py:190} INFO - [2024-11-08T09:04:27.525+0000] {dag.py:3239} INFO - Sync 4 DAGs
[2024-11-08T09:04:27.623+0000] {logging_mixin.py:190} INFO - [2024-11-08T09:04:27.623+0000] {dag.py:4180} INFO - Setting next_dagrun for dataset_alias_example_alias_consumer_with_no_taskflow to None, run_after=None
[2024-11-08T09:04:27.633+0000] {logging_mixin.py:190} INFO - [2024-11-08T09:04:27.633+0000] {dag.py:4180} INFO - Setting next_dagrun for dataset_alias_example_alias_producer_with_no_taskflow to None, run_after=None
[2024-11-08T09:04:27.643+0000] {logging_mixin.py:190} INFO - [2024-11-08T09:04:27.642+0000] {dag.py:4180} INFO - Setting next_dagrun for dataset_s3_bucket_consumer_with_no_taskflow to None, run_after=None
[2024-11-08T09:04:27.652+0000] {logging_mixin.py:190} INFO - [2024-11-08T09:04:27.651+0000] {dag.py:4180} INFO - Setting next_dagrun for dataset_s3_bucket_producer_with_no_taskflow to None, run_after=None
[2024-11-08T09:04:27.776+0000] {processor.py:208} INFO - Processing /home/airflow/.local/lib/python3.12/site-packages/airflow/example_dags/example_dataset_alias_with_no_taskflow.py took 22.204 seconds
[2024-11-08T09:04:58.146+0000] {processor.py:186} INFO - Started process (PID=455) to work on /home/airflow/.local/lib/python3.12/site-packages/airflow/example_dags/example_dataset_alias_with_no_taskflow.py
[2024-11-08T09:04:58.157+0000] {processor.py:914} INFO - Processing file /home/airflow/.local/lib/python3.12/site-packages/airflow/example_dags/example_dataset_alias_with_no_taskflow.py for tasks to queue
[2024-11-08T09:04:58.164+0000] {logging_mixin.py:190} INFO - [2024-11-08T09:04:58.163+0000] {dagbag.py:588} INFO - Filling up the DagBag from /home/airflow/.local/lib/python3.12/site-packages/airflow/example_dags/example_dataset_alias_with_no_taskflow.py
[2024-11-08T09:05:01.542+0000] {processor.py:925} INFO - DAG(s) 'dataset_s3_bucket_producer_with_no_taskflow', 'dataset_alias_example_alias_consumer_with_no_taskflow', 'dataset_s3_bucket_consumer_with_no_taskflow', 'dataset_alias_example_alias_producer_with_no_taskflow' retrieved from /home/airflow/.local/lib/python3.12/site-packages/airflow/example_dags/example_dataset_alias_with_no_taskflow.py
[2024-11-08T09:05:01.608+0000] {logging_mixin.py:190} INFO - [2024-11-08T09:05:01.607+0000] {dag.py:3239} INFO - Sync 4 DAGs
[2024-11-08T09:05:01.680+0000] {logging_mixin.py:190} INFO - [2024-11-08T09:05:01.679+0000] {dag.py:4180} INFO - Setting next_dagrun for dataset_alias_example_alias_consumer_with_no_taskflow to None, run_after=None
[2024-11-08T09:05:01.690+0000] {logging_mixin.py:190} INFO - [2024-11-08T09:05:01.688+0000] {dag.py:4180} INFO - Setting next_dagrun for dataset_alias_example_alias_producer_with_no_taskflow to None, run_after=None
[2024-11-08T09:05:01.697+0000] {logging_mixin.py:190} INFO - [2024-11-08T09:05:01.697+0000] {dag.py:4180} INFO - Setting next_dagrun for dataset_s3_bucket_consumer_with_no_taskflow to None, run_after=None
[2024-11-08T09:05:01.715+0000] {logging_mixin.py:190} INFO - [2024-11-08T09:05:01.714+0000] {dag.py:4180} INFO - Setting next_dagrun for dataset_s3_bucket_producer_with_no_taskflow to None, run_after=None
[2024-11-08T09:05:01.805+0000] {processor.py:208} INFO - Processing /home/airflow/.local/lib/python3.12/site-packages/airflow/example_dags/example_dataset_alias_with_no_taskflow.py took 3.679 seconds
[2024-11-08T09:05:32.038+0000] {processor.py:186} INFO - Started process (PID=524) to work on /home/airflow/.local/lib/python3.12/site-packages/airflow/example_dags/example_dataset_alias_with_no_taskflow.py
[2024-11-08T09:05:32.041+0000] {processor.py:914} INFO - Processing file /home/airflow/.local/lib/python3.12/site-packages/airflow/example_dags/example_dataset_alias_with_no_taskflow.py for tasks to queue
[2024-11-08T09:05:32.044+0000] {logging_mixin.py:190} INFO - [2024-11-08T09:05:32.043+0000] {dagbag.py:588} INFO - Filling up the DagBag from /home/airflow/.local/lib/python3.12/site-packages/airflow/example_dags/example_dataset_alias_with_no_taskflow.py
[2024-11-08T09:05:33.865+0000] {processor.py:925} INFO - DAG(s) 'dataset_alias_example_alias_consumer_with_no_taskflow', 'dataset_s3_bucket_consumer_with_no_taskflow', 'dataset_s3_bucket_producer_with_no_taskflow', 'dataset_alias_example_alias_producer_with_no_taskflow' retrieved from /home/airflow/.local/lib/python3.12/site-packages/airflow/example_dags/example_dataset_alias_with_no_taskflow.py
[2024-11-08T09:05:34.035+0000] {logging_mixin.py:190} INFO - [2024-11-08T09:05:34.034+0000] {dag.py:3239} INFO - Sync 4 DAGs
[2024-11-08T09:05:34.163+0000] {logging_mixin.py:190} INFO - [2024-11-08T09:05:34.153+0000] {dag.py:4180} INFO - Setting next_dagrun for dataset_alias_example_alias_consumer_with_no_taskflow to None, run_after=None
[2024-11-08T09:05:34.175+0000] {logging_mixin.py:190} INFO - [2024-11-08T09:05:34.174+0000] {dag.py:4180} INFO - Setting next_dagrun for dataset_alias_example_alias_producer_with_no_taskflow to None, run_after=None
[2024-11-08T09:05:34.193+0000] {logging_mixin.py:190} INFO - [2024-11-08T09:05:34.192+0000] {dag.py:4180} INFO - Setting next_dagrun for dataset_s3_bucket_consumer_with_no_taskflow to None, run_after=None
[2024-11-08T09:05:34.200+0000] {logging_mixin.py:190} INFO - [2024-11-08T09:05:34.200+0000] {dag.py:4180} INFO - Setting next_dagrun for dataset_s3_bucket_producer_with_no_taskflow to None, run_after=None
[2024-11-08T09:05:34.320+0000] {processor.py:208} INFO - Processing /home/airflow/.local/lib/python3.12/site-packages/airflow/example_dags/example_dataset_alias_with_no_taskflow.py took 2.295 seconds
[2024-11-08T09:06:05.157+0000] {processor.py:186} INFO - Started process (PID=587) to work on /home/airflow/.local/lib/python3.12/site-packages/airflow/example_dags/example_dataset_alias_with_no_taskflow.py
[2024-11-08T09:06:05.182+0000] {processor.py:914} INFO - Processing file /home/airflow/.local/lib/python3.12/site-packages/airflow/example_dags/example_dataset_alias_with_no_taskflow.py for tasks to queue
[2024-11-08T09:06:05.190+0000] {logging_mixin.py:190} INFO - [2024-11-08T09:06:05.190+0000] {dagbag.py:588} INFO - Filling up the DagBag from /home/airflow/.local/lib/python3.12/site-packages/airflow/example_dags/example_dataset_alias_with_no_taskflow.py
[2024-11-08T09:06:08.880+0000] {processor.py:925} INFO - DAG(s) 'dataset_alias_example_alias_consumer_with_no_taskflow', 'dataset_s3_bucket_consumer_with_no_taskflow', 'dataset_alias_example_alias_producer_with_no_taskflow', 'dataset_s3_bucket_producer_with_no_taskflow' retrieved from /home/airflow/.local/lib/python3.12/site-packages/airflow/example_dags/example_dataset_alias_with_no_taskflow.py
[2024-11-08T09:06:09.009+0000] {logging_mixin.py:190} INFO - [2024-11-08T09:06:08.998+0000] {dag.py:3239} INFO - Sync 4 DAGs
[2024-11-08T09:06:09.171+0000] {logging_mixin.py:190} INFO - [2024-11-08T09:06:09.171+0000] {dag.py:4180} INFO - Setting next_dagrun for dataset_alias_example_alias_consumer_with_no_taskflow to None, run_after=None
[2024-11-08T09:06:09.188+0000] {logging_mixin.py:190} INFO - [2024-11-08T09:06:09.188+0000] {dag.py:4180} INFO - Setting next_dagrun for dataset_alias_example_alias_producer_with_no_taskflow to None, run_after=None
[2024-11-08T09:06:09.203+0000] {logging_mixin.py:190} INFO - [2024-11-08T09:06:09.202+0000] {dag.py:4180} INFO - Setting next_dagrun for dataset_s3_bucket_consumer_with_no_taskflow to None, run_after=None
[2024-11-08T09:06:09.216+0000] {logging_mixin.py:190} INFO - [2024-11-08T09:06:09.215+0000] {dag.py:4180} INFO - Setting next_dagrun for dataset_s3_bucket_producer_with_no_taskflow to None, run_after=None
[2024-11-08T09:06:09.391+0000] {processor.py:208} INFO - Processing /home/airflow/.local/lib/python3.12/site-packages/airflow/example_dags/example_dataset_alias_with_no_taskflow.py took 4.258 seconds
[2024-11-08T09:06:40.301+0000] {processor.py:186} INFO - Started process (PID=651) to work on /home/airflow/.local/lib/python3.12/site-packages/airflow/example_dags/example_dataset_alias_with_no_taskflow.py
[2024-11-08T09:06:40.303+0000] {processor.py:914} INFO - Processing file /home/airflow/.local/lib/python3.12/site-packages/airflow/example_dags/example_dataset_alias_with_no_taskflow.py for tasks to queue
[2024-11-08T09:06:40.307+0000] {logging_mixin.py:190} INFO - [2024-11-08T09:06:40.306+0000] {dagbag.py:588} INFO - Filling up the DagBag from /home/airflow/.local/lib/python3.12/site-packages/airflow/example_dags/example_dataset_alias_with_no_taskflow.py
[2024-11-08T09:06:41.633+0000] {processor.py:925} INFO - DAG(s) 'dataset_s3_bucket_producer_with_no_taskflow', 'dataset_alias_example_alias_producer_with_no_taskflow', 'dataset_alias_example_alias_consumer_with_no_taskflow', 'dataset_s3_bucket_consumer_with_no_taskflow' retrieved from /home/airflow/.local/lib/python3.12/site-packages/airflow/example_dags/example_dataset_alias_with_no_taskflow.py
[2024-11-08T09:06:41.692+0000] {logging_mixin.py:190} INFO - [2024-11-08T09:06:41.689+0000] {dag.py:3239} INFO - Sync 4 DAGs
[2024-11-08T09:06:41.797+0000] {logging_mixin.py:190} INFO - [2024-11-08T09:06:41.796+0000] {dag.py:4180} INFO - Setting next_dagrun for dataset_alias_example_alias_consumer_with_no_taskflow to None, run_after=None
[2024-11-08T09:06:41.815+0000] {logging_mixin.py:190} INFO - [2024-11-08T09:06:41.814+0000] {dag.py:4180} INFO - Setting next_dagrun for dataset_alias_example_alias_producer_with_no_taskflow to None, run_after=None
[2024-11-08T09:06:41.830+0000] {logging_mixin.py:190} INFO - [2024-11-08T09:06:41.829+0000] {dag.py:4180} INFO - Setting next_dagrun for dataset_s3_bucket_consumer_with_no_taskflow to None, run_after=None
[2024-11-08T09:06:41.846+0000] {logging_mixin.py:190} INFO - [2024-11-08T09:06:41.846+0000] {dag.py:4180} INFO - Setting next_dagrun for dataset_s3_bucket_producer_with_no_taskflow to None, run_after=None
[2024-11-08T09:06:41.943+0000] {processor.py:208} INFO - Processing /home/airflow/.local/lib/python3.12/site-packages/airflow/example_dags/example_dataset_alias_with_no_taskflow.py took 1.654 seconds
