[2024-11-08T08:59:22.401+0000] {processor.py:186} INFO - Started process (PID=152) to work on /home/airflow/.local/lib/python3.12/site-packages/airflow/example_dags/example_branch_datetime_operator.py
[2024-11-08T08:59:22.405+0000] {processor.py:914} INFO - Processing file /home/airflow/.local/lib/python3.12/site-packages/airflow/example_dags/example_branch_datetime_operator.py for tasks to queue
[2024-11-08T08:59:22.413+0000] {logging_mixin.py:190} INFO - [2024-11-08T08:59:22.412+0000] {dagbag.py:588} INFO - Filling up the DagBag from /home/airflow/.local/lib/python3.12/site-packages/airflow/example_dags/example_branch_datetime_operator.py
[2024-11-08T08:59:22.469+0000] {processor.py:925} INFO - DAG(s) 'example_branch_datetime_operator', 'example_branch_datetime_operator_3', 'example_branch_datetime_operator_2' retrieved from /home/airflow/.local/lib/python3.12/site-packages/airflow/example_dags/example_branch_datetime_operator.py
[2024-11-08T08:59:22.837+0000] {logging_mixin.py:190} INFO - [2024-11-08T08:59:22.835+0000] {override.py:1911} INFO - Created Permission View: can read on DAG:example_branch_datetime_operator
[2024-11-08T08:59:22.881+0000] {logging_mixin.py:190} INFO - [2024-11-08T08:59:22.880+0000] {override.py:1911} INFO - Created Permission View: can delete on DAG:example_branch_datetime_operator
[2024-11-08T08:59:22.904+0000] {logging_mixin.py:190} INFO - [2024-11-08T08:59:22.903+0000] {override.py:1911} INFO - Created Permission View: can edit on DAG:example_branch_datetime_operator
[2024-11-08T08:59:22.931+0000] {logging_mixin.py:190} INFO - [2024-11-08T08:59:22.930+0000] {override.py:1911} INFO - Created Permission View: can read on DAG Run:example_branch_datetime_operator
[2024-11-08T08:59:22.956+0000] {logging_mixin.py:190} INFO - [2024-11-08T08:59:22.955+0000] {override.py:1911} INFO - Created Permission View: can delete on DAG Run:example_branch_datetime_operator
[2024-11-08T08:59:22.978+0000] {logging_mixin.py:190} INFO - [2024-11-08T08:59:22.978+0000] {override.py:1911} INFO - Created Permission View: can create on DAG Run:example_branch_datetime_operator
[2024-11-08T08:59:22.998+0000] {logging_mixin.py:190} INFO - [2024-11-08T08:59:22.997+0000] {override.py:1911} INFO - Created Permission View: menu access on DAG Run:example_branch_datetime_operator
[2024-11-08T08:59:23.036+0000] {logging_mixin.py:190} INFO - [2024-11-08T08:59:23.036+0000] {override.py:1911} INFO - Created Permission View: can read on DAG:example_branch_datetime_operator_3
[2024-11-08T08:59:23.065+0000] {logging_mixin.py:190} INFO - [2024-11-08T08:59:23.064+0000] {override.py:1911} INFO - Created Permission View: can delete on DAG:example_branch_datetime_operator_3
[2024-11-08T08:59:23.124+0000] {logging_mixin.py:190} INFO - [2024-11-08T08:59:23.123+0000] {override.py:1911} INFO - Created Permission View: can edit on DAG:example_branch_datetime_operator_3
[2024-11-08T08:59:23.151+0000] {logging_mixin.py:190} INFO - [2024-11-08T08:59:23.150+0000] {override.py:1911} INFO - Created Permission View: can read on DAG Run:example_branch_datetime_operator_3
[2024-11-08T08:59:23.175+0000] {logging_mixin.py:190} INFO - [2024-11-08T08:59:23.174+0000] {override.py:1911} INFO - Created Permission View: can delete on DAG Run:example_branch_datetime_operator_3
[2024-11-08T08:59:23.203+0000] {logging_mixin.py:190} INFO - [2024-11-08T08:59:23.198+0000] {override.py:1911} INFO - Created Permission View: can create on DAG Run:example_branch_datetime_operator_3
[2024-11-08T08:59:23.233+0000] {logging_mixin.py:190} INFO - [2024-11-08T08:59:23.231+0000] {override.py:1911} INFO - Created Permission View: menu access on DAG Run:example_branch_datetime_operator_3
[2024-11-08T08:59:23.304+0000] {logging_mixin.py:190} INFO - [2024-11-08T08:59:23.303+0000] {override.py:1911} INFO - Created Permission View: can read on DAG:example_branch_datetime_operator_2
[2024-11-08T08:59:23.339+0000] {logging_mixin.py:190} INFO - [2024-11-08T08:59:23.338+0000] {override.py:1911} INFO - Created Permission View: can delete on DAG:example_branch_datetime_operator_2
[2024-11-08T08:59:23.380+0000] {logging_mixin.py:190} INFO - [2024-11-08T08:59:23.379+0000] {override.py:1911} INFO - Created Permission View: can edit on DAG:example_branch_datetime_operator_2
[2024-11-08T08:59:23.453+0000] {logging_mixin.py:190} INFO - [2024-11-08T08:59:23.451+0000] {override.py:1911} INFO - Created Permission View: can read on DAG Run:example_branch_datetime_operator_2
[2024-11-08T08:59:23.597+0000] {logging_mixin.py:190} INFO - [2024-11-08T08:59:23.596+0000] {override.py:1911} INFO - Created Permission View: can delete on DAG Run:example_branch_datetime_operator_2
[2024-11-08T08:59:23.676+0000] {logging_mixin.py:190} INFO - [2024-11-08T08:59:23.675+0000] {override.py:1911} INFO - Created Permission View: can create on DAG Run:example_branch_datetime_operator_2
[2024-11-08T08:59:23.746+0000] {logging_mixin.py:190} INFO - [2024-11-08T08:59:23.745+0000] {override.py:1911} INFO - Created Permission View: menu access on DAG Run:example_branch_datetime_operator_2
[2024-11-08T08:59:23.755+0000] {logging_mixin.py:190} INFO - [2024-11-08T08:59:23.754+0000] {dag.py:3239} INFO - Sync 3 DAGs
[2024-11-08T08:59:23.847+0000] {logging_mixin.py:190} INFO - [2024-11-08T08:59:23.846+0000] {dag.py:3262} INFO - Creating ORM DAG for example_branch_datetime_operator_3
[2024-11-08T08:59:23.851+0000] {logging_mixin.py:190} INFO - [2024-11-08T08:59:23.850+0000] {dag.py:3262} INFO - Creating ORM DAG for example_branch_datetime_operator
[2024-11-08T08:59:23.856+0000] {logging_mixin.py:190} INFO - [2024-11-08T08:59:23.853+0000] {dag.py:3262} INFO - Creating ORM DAG for example_branch_datetime_operator_2
[2024-11-08T08:59:23.905+0000] {logging_mixin.py:190} INFO - [2024-11-08T08:59:23.904+0000] {dag.py:4180} INFO - Setting next_dagrun for example_branch_datetime_operator to 2024-11-07 00:00:00+00:00, run_after=2024-11-08 00:00:00+00:00
[2024-11-08T08:59:23.919+0000] {logging_mixin.py:190} INFO - [2024-11-08T08:59:23.918+0000] {dag.py:4180} INFO - Setting next_dagrun for example_branch_datetime_operator_2 to 2024-11-07 00:00:00+00:00, run_after=2024-11-08 00:00:00+00:00
[2024-11-08T08:59:23.941+0000] {logging_mixin.py:190} INFO - [2024-11-08T08:59:23.940+0000] {dag.py:4180} INFO - Setting next_dagrun for example_branch_datetime_operator_3 to 2024-11-07 00:00:00+00:00, run_after=2024-11-08 00:00:00+00:00
[2024-11-08T08:59:24.020+0000] {processor.py:208} INFO - Processing /home/airflow/.local/lib/python3.12/site-packages/airflow/example_dags/example_branch_datetime_operator.py took 1.638 seconds
[2024-11-08T09:00:04.265+0000] {processor.py:186} INFO - Started process (PID=222) to work on /home/airflow/.local/lib/python3.12/site-packages/airflow/example_dags/example_branch_datetime_operator.py
[2024-11-08T09:00:04.269+0000] {processor.py:914} INFO - Processing file /home/airflow/.local/lib/python3.12/site-packages/airflow/example_dags/example_branch_datetime_operator.py for tasks to queue
[2024-11-08T09:00:04.274+0000] {logging_mixin.py:190} INFO - [2024-11-08T09:00:04.273+0000] {dagbag.py:588} INFO - Filling up the DagBag from /home/airflow/.local/lib/python3.12/site-packages/airflow/example_dags/example_branch_datetime_operator.py
[2024-11-08T09:00:04.321+0000] {processor.py:925} INFO - DAG(s) 'example_branch_datetime_operator_3', 'example_branch_datetime_operator', 'example_branch_datetime_operator_2' retrieved from /home/airflow/.local/lib/python3.12/site-packages/airflow/example_dags/example_branch_datetime_operator.py
[2024-11-08T09:00:04.403+0000] {logging_mixin.py:190} INFO - [2024-11-08T09:00:04.401+0000] {dag.py:3239} INFO - Sync 3 DAGs
[2024-11-08T09:00:04.473+0000] {logging_mixin.py:190} INFO - [2024-11-08T09:00:04.472+0000] {dag.py:4180} INFO - Setting next_dagrun for example_branch_datetime_operator to 2024-11-07 00:00:00+00:00, run_after=2024-11-08 00:00:00+00:00
[2024-11-08T09:00:04.493+0000] {logging_mixin.py:190} INFO - [2024-11-08T09:00:04.492+0000] {dag.py:4180} INFO - Setting next_dagrun for example_branch_datetime_operator_2 to 2024-11-07 00:00:00+00:00, run_after=2024-11-08 00:00:00+00:00
[2024-11-08T09:00:04.526+0000] {logging_mixin.py:190} INFO - [2024-11-08T09:00:04.525+0000] {dag.py:4180} INFO - Setting next_dagrun for example_branch_datetime_operator_3 to 2024-11-07 00:00:00+00:00, run_after=2024-11-08 00:00:00+00:00
[2024-11-08T09:00:04.601+0000] {processor.py:208} INFO - Processing /home/airflow/.local/lib/python3.12/site-packages/airflow/example_dags/example_branch_datetime_operator.py took 0.359 seconds
[2024-11-08T09:01:05.280+0000] {processor.py:186} INFO - Started process (PID=298) to work on /home/airflow/.local/lib/python3.12/site-packages/airflow/example_dags/example_branch_datetime_operator.py
[2024-11-08T09:01:05.293+0000] {processor.py:914} INFO - Processing file /home/airflow/.local/lib/python3.12/site-packages/airflow/example_dags/example_branch_datetime_operator.py for tasks to queue
[2024-11-08T09:01:05.322+0000] {logging_mixin.py:190} INFO - [2024-11-08T09:01:05.322+0000] {dagbag.py:588} INFO - Filling up the DagBag from /home/airflow/.local/lib/python3.12/site-packages/airflow/example_dags/example_branch_datetime_operator.py
[2024-11-08T09:01:05.403+0000] {processor.py:925} INFO - DAG(s) 'example_branch_datetime_operator', 'example_branch_datetime_operator_2', 'example_branch_datetime_operator_3' retrieved from /home/airflow/.local/lib/python3.12/site-packages/airflow/example_dags/example_branch_datetime_operator.py
[2024-11-08T09:01:05.600+0000] {logging_mixin.py:190} INFO - [2024-11-08T09:01:05.599+0000] {dag.py:3239} INFO - Sync 3 DAGs
[2024-11-08T09:01:05.792+0000] {logging_mixin.py:190} INFO - [2024-11-08T09:01:05.791+0000] {dag.py:4180} INFO - Setting next_dagrun for example_branch_datetime_operator to 2024-11-07 00:00:00+00:00, run_after=2024-11-08 00:00:00+00:00
[2024-11-08T09:01:05.839+0000] {logging_mixin.py:190} INFO - [2024-11-08T09:01:05.834+0000] {dag.py:4180} INFO - Setting next_dagrun for example_branch_datetime_operator_2 to 2024-11-07 00:00:00+00:00, run_after=2024-11-08 00:00:00+00:00
[2024-11-08T09:01:05.853+0000] {logging_mixin.py:190} INFO - [2024-11-08T09:01:05.852+0000] {dag.py:4180} INFO - Setting next_dagrun for example_branch_datetime_operator_3 to 2024-11-07 00:00:00+00:00, run_after=2024-11-08 00:00:00+00:00
[2024-11-08T09:01:05.979+0000] {processor.py:208} INFO - Processing /home/airflow/.local/lib/python3.12/site-packages/airflow/example_dags/example_branch_datetime_operator.py took 0.722 seconds
[2024-11-08T09:04:38.245+0000] {processor.py:186} INFO - Started process (PID=418) to work on /home/airflow/.local/lib/python3.12/site-packages/airflow/example_dags/example_branch_datetime_operator.py
[2024-11-08T09:04:38.250+0000] {processor.py:914} INFO - Processing file /home/airflow/.local/lib/python3.12/site-packages/airflow/example_dags/example_branch_datetime_operator.py for tasks to queue
[2024-11-08T09:04:38.258+0000] {logging_mixin.py:190} INFO - [2024-11-08T09:04:38.257+0000] {dagbag.py:588} INFO - Filling up the DagBag from /home/airflow/.local/lib/python3.12/site-packages/airflow/example_dags/example_branch_datetime_operator.py
[2024-11-08T09:04:38.327+0000] {processor.py:925} INFO - DAG(s) 'example_branch_datetime_operator_2', 'example_branch_datetime_operator_3', 'example_branch_datetime_operator' retrieved from /home/airflow/.local/lib/python3.12/site-packages/airflow/example_dags/example_branch_datetime_operator.py
[2024-11-08T09:04:38.460+0000] {logging_mixin.py:190} INFO - [2024-11-08T09:04:38.460+0000] {dag.py:3239} INFO - Sync 3 DAGs
[2024-11-08T09:04:38.550+0000] {logging_mixin.py:190} INFO - [2024-11-08T09:04:38.549+0000] {dag.py:4180} INFO - Setting next_dagrun for example_branch_datetime_operator to 2024-11-07 00:00:00+00:00, run_after=2024-11-08 00:00:00+00:00
[2024-11-08T09:04:38.565+0000] {logging_mixin.py:190} INFO - [2024-11-08T09:04:38.565+0000] {dag.py:4180} INFO - Setting next_dagrun for example_branch_datetime_operator_2 to 2024-11-07 00:00:00+00:00, run_after=2024-11-08 00:00:00+00:00
[2024-11-08T09:04:38.575+0000] {logging_mixin.py:190} INFO - [2024-11-08T09:04:38.574+0000] {dag.py:4180} INFO - Setting next_dagrun for example_branch_datetime_operator_3 to 2024-11-07 00:00:00+00:00, run_after=2024-11-08 00:00:00+00:00
[2024-11-08T09:04:38.637+0000] {processor.py:208} INFO - Processing /home/airflow/.local/lib/python3.12/site-packages/airflow/example_dags/example_branch_datetime_operator.py took 0.411 seconds
[2024-11-08T09:05:09.705+0000] {processor.py:186} INFO - Started process (PID=480) to work on /home/airflow/.local/lib/python3.12/site-packages/airflow/example_dags/example_branch_datetime_operator.py
[2024-11-08T09:05:09.708+0000] {processor.py:914} INFO - Processing file /home/airflow/.local/lib/python3.12/site-packages/airflow/example_dags/example_branch_datetime_operator.py for tasks to queue
[2024-11-08T09:05:09.713+0000] {logging_mixin.py:190} INFO - [2024-11-08T09:05:09.712+0000] {dagbag.py:588} INFO - Filling up the DagBag from /home/airflow/.local/lib/python3.12/site-packages/airflow/example_dags/example_branch_datetime_operator.py
[2024-11-08T09:05:09.779+0000] {processor.py:925} INFO - DAG(s) 'example_branch_datetime_operator_2', 'example_branch_datetime_operator', 'example_branch_datetime_operator_3' retrieved from /home/airflow/.local/lib/python3.12/site-packages/airflow/example_dags/example_branch_datetime_operator.py
[2024-11-08T09:05:09.975+0000] {logging_mixin.py:190} INFO - [2024-11-08T09:05:09.974+0000] {dag.py:3239} INFO - Sync 3 DAGs
[2024-11-08T09:05:10.147+0000] {logging_mixin.py:190} INFO - [2024-11-08T09:05:10.144+0000] {dag.py:4180} INFO - Setting next_dagrun for example_branch_datetime_operator to 2024-11-07 00:00:00+00:00, run_after=2024-11-08 00:00:00+00:00
[2024-11-08T09:05:10.175+0000] {logging_mixin.py:190} INFO - [2024-11-08T09:05:10.174+0000] {dag.py:4180} INFO - Setting next_dagrun for example_branch_datetime_operator_2 to 2024-11-07 00:00:00+00:00, run_after=2024-11-08 00:00:00+00:00
[2024-11-08T09:05:10.187+0000] {logging_mixin.py:190} INFO - [2024-11-08T09:05:10.187+0000] {dag.py:4180} INFO - Setting next_dagrun for example_branch_datetime_operator_3 to 2024-11-07 00:00:00+00:00, run_after=2024-11-08 00:00:00+00:00
[2024-11-08T09:05:10.310+0000] {processor.py:208} INFO - Processing /home/airflow/.local/lib/python3.12/site-packages/airflow/example_dags/example_branch_datetime_operator.py took 0.631 seconds
[2024-11-08T09:05:40.731+0000] {processor.py:186} INFO - Started process (PID=543) to work on /home/airflow/.local/lib/python3.12/site-packages/airflow/example_dags/example_branch_datetime_operator.py
[2024-11-08T09:05:40.754+0000] {processor.py:914} INFO - Processing file /home/airflow/.local/lib/python3.12/site-packages/airflow/example_dags/example_branch_datetime_operator.py for tasks to queue
[2024-11-08T09:05:40.764+0000] {logging_mixin.py:190} INFO - [2024-11-08T09:05:40.763+0000] {dagbag.py:588} INFO - Filling up the DagBag from /home/airflow/.local/lib/python3.12/site-packages/airflow/example_dags/example_branch_datetime_operator.py
[2024-11-08T09:05:40.837+0000] {processor.py:925} INFO - DAG(s) 'example_branch_datetime_operator', 'example_branch_datetime_operator_3', 'example_branch_datetime_operator_2' retrieved from /home/airflow/.local/lib/python3.12/site-packages/airflow/example_dags/example_branch_datetime_operator.py
[2024-11-08T09:05:41.055+0000] {logging_mixin.py:190} INFO - [2024-11-08T09:05:41.055+0000] {dag.py:3239} INFO - Sync 3 DAGs
[2024-11-08T09:05:41.292+0000] {logging_mixin.py:190} INFO - [2024-11-08T09:05:41.291+0000] {dag.py:4180} INFO - Setting next_dagrun for example_branch_datetime_operator to 2024-11-07 00:00:00+00:00, run_after=2024-11-08 00:00:00+00:00
[2024-11-08T09:05:41.349+0000] {logging_mixin.py:190} INFO - [2024-11-08T09:05:41.339+0000] {dag.py:4180} INFO - Setting next_dagrun for example_branch_datetime_operator_2 to 2024-11-07 00:00:00+00:00, run_after=2024-11-08 00:00:00+00:00
[2024-11-08T09:05:41.410+0000] {logging_mixin.py:190} INFO - [2024-11-08T09:05:41.409+0000] {dag.py:4180} INFO - Setting next_dagrun for example_branch_datetime_operator_3 to 2024-11-07 00:00:00+00:00, run_after=2024-11-08 00:00:00+00:00
[2024-11-08T09:05:41.558+0000] {processor.py:208} INFO - Processing /home/airflow/.local/lib/python3.12/site-packages/airflow/example_dags/example_branch_datetime_operator.py took 0.851 seconds
[2024-11-08T09:06:12.785+0000] {processor.py:186} INFO - Started process (PID=606) to work on /home/airflow/.local/lib/python3.12/site-packages/airflow/example_dags/example_branch_datetime_operator.py
[2024-11-08T09:06:12.787+0000] {processor.py:914} INFO - Processing file /home/airflow/.local/lib/python3.12/site-packages/airflow/example_dags/example_branch_datetime_operator.py for tasks to queue
[2024-11-08T09:06:12.789+0000] {logging_mixin.py:190} INFO - [2024-11-08T09:06:12.789+0000] {dagbag.py:588} INFO - Filling up the DagBag from /home/airflow/.local/lib/python3.12/site-packages/airflow/example_dags/example_branch_datetime_operator.py
[2024-11-08T09:06:12.816+0000] {processor.py:925} INFO - DAG(s) 'example_branch_datetime_operator_2', 'example_branch_datetime_operator_3', 'example_branch_datetime_operator' retrieved from /home/airflow/.local/lib/python3.12/site-packages/airflow/example_dags/example_branch_datetime_operator.py
[2024-11-08T09:06:12.878+0000] {logging_mixin.py:190} INFO - [2024-11-08T09:06:12.878+0000] {dag.py:3239} INFO - Sync 3 DAGs
[2024-11-08T09:06:12.936+0000] {logging_mixin.py:190} INFO - [2024-11-08T09:06:12.935+0000] {dag.py:4180} INFO - Setting next_dagrun for example_branch_datetime_operator to 2024-11-07 00:00:00+00:00, run_after=2024-11-08 00:00:00+00:00
[2024-11-08T09:06:12.945+0000] {logging_mixin.py:190} INFO - [2024-11-08T09:06:12.945+0000] {dag.py:4180} INFO - Setting next_dagrun for example_branch_datetime_operator_2 to 2024-11-07 00:00:00+00:00, run_after=2024-11-08 00:00:00+00:00
[2024-11-08T09:06:12.951+0000] {logging_mixin.py:190} INFO - [2024-11-08T09:06:12.951+0000] {dag.py:4180} INFO - Setting next_dagrun for example_branch_datetime_operator_3 to 2024-11-07 00:00:00+00:00, run_after=2024-11-08 00:00:00+00:00
[2024-11-08T09:06:13.006+0000] {processor.py:208} INFO - Processing /home/airflow/.local/lib/python3.12/site-packages/airflow/example_dags/example_branch_datetime_operator.py took 0.234 seconds
