[2024-11-08T08:59:12.356+0000] {processor.py:186} INFO - Started process (PID=143) to work on /home/airflow/.local/lib/python3.12/site-packages/airflow/example_dags/example_task_group_decorator.py
[2024-11-08T08:59:12.360+0000] {processor.py:914} INFO - Processing file /home/airflow/.local/lib/python3.12/site-packages/airflow/example_dags/example_task_group_decorator.py for tasks to queue
[2024-11-08T08:59:12.367+0000] {logging_mixin.py:190} INFO - [2024-11-08T08:59:12.366+0000] {dagbag.py:588} INFO - Filling up the DagBag from /home/airflow/.local/lib/python3.12/site-packages/airflow/example_dags/example_task_group_decorator.py
[2024-11-08T08:59:12.499+0000] {processor.py:925} INFO - DAG(s) 'example_task_group_decorator' retrieved from /home/airflow/.local/lib/python3.12/site-packages/airflow/example_dags/example_task_group_decorator.py
[2024-11-08T08:59:13.056+0000] {logging_mixin.py:190} INFO - [2024-11-08T08:59:13.054+0000] {override.py:1911} INFO - Created Permission View: can read on DAG:example_task_group_decorator
[2024-11-08T08:59:13.113+0000] {logging_mixin.py:190} INFO - [2024-11-08T08:59:13.112+0000] {override.py:1911} INFO - Created Permission View: can delete on DAG:example_task_group_decorator
[2024-11-08T08:59:13.143+0000] {logging_mixin.py:190} INFO - [2024-11-08T08:59:13.142+0000] {override.py:1911} INFO - Created Permission View: can edit on DAG:example_task_group_decorator
[2024-11-08T08:59:13.178+0000] {logging_mixin.py:190} INFO - [2024-11-08T08:59:13.177+0000] {override.py:1911} INFO - Created Permission View: can read on DAG Run:example_task_group_decorator
[2024-11-08T08:59:13.220+0000] {logging_mixin.py:190} INFO - [2024-11-08T08:59:13.219+0000] {override.py:1911} INFO - Created Permission View: can delete on DAG Run:example_task_group_decorator
[2024-11-08T08:59:13.266+0000] {logging_mixin.py:190} INFO - [2024-11-08T08:59:13.263+0000] {override.py:1911} INFO - Created Permission View: can create on DAG Run:example_task_group_decorator
[2024-11-08T08:59:13.332+0000] {logging_mixin.py:190} INFO - [2024-11-08T08:59:13.331+0000] {override.py:1911} INFO - Created Permission View: menu access on DAG Run:example_task_group_decorator
[2024-11-08T08:59:13.349+0000] {logging_mixin.py:190} INFO - [2024-11-08T08:59:13.348+0000] {dag.py:3239} INFO - Sync 1 DAGs
[2024-11-08T08:59:13.419+0000] {logging_mixin.py:190} INFO - [2024-11-08T08:59:13.418+0000] {dag.py:3262} INFO - Creating ORM DAG for example_task_group_decorator
[2024-11-08T08:59:13.426+0000] {logging_mixin.py:190} INFO - [2024-11-08T08:59:13.424+0000] {dag.py:4180} INFO - Setting next_dagrun for example_task_group_decorator to None, run_after=None
[2024-11-08T08:59:13.508+0000] {processor.py:208} INFO - Processing /home/airflow/.local/lib/python3.12/site-packages/airflow/example_dags/example_task_group_decorator.py took 1.169 seconds
[2024-11-08T08:59:45.142+0000] {processor.py:186} INFO - Started process (PID=205) to work on /home/airflow/.local/lib/python3.12/site-packages/airflow/example_dags/example_task_group_decorator.py
[2024-11-08T08:59:45.170+0000] {processor.py:914} INFO - Processing file /home/airflow/.local/lib/python3.12/site-packages/airflow/example_dags/example_task_group_decorator.py for tasks to queue
[2024-11-08T08:59:45.218+0000] {logging_mixin.py:190} INFO - [2024-11-08T08:59:45.217+0000] {dagbag.py:588} INFO - Filling up the DagBag from /home/airflow/.local/lib/python3.12/site-packages/airflow/example_dags/example_task_group_decorator.py
[2024-11-08T08:59:45.357+0000] {processor.py:925} INFO - DAG(s) 'example_task_group_decorator' retrieved from /home/airflow/.local/lib/python3.12/site-packages/airflow/example_dags/example_task_group_decorator.py
[2024-11-08T08:59:45.621+0000] {logging_mixin.py:190} INFO - [2024-11-08T08:59:45.621+0000] {dag.py:3239} INFO - Sync 1 DAGs
[2024-11-08T08:59:45.765+0000] {logging_mixin.py:190} INFO - [2024-11-08T08:59:45.765+0000] {dag.py:4180} INFO - Setting next_dagrun for example_task_group_decorator to None, run_after=None
[2024-11-08T08:59:45.944+0000] {processor.py:208} INFO - Processing /home/airflow/.local/lib/python3.12/site-packages/airflow/example_dags/example_task_group_decorator.py took 0.837 seconds
[2024-11-08T09:00:51.243+0000] {processor.py:186} INFO - Started process (PID=276) to work on /home/airflow/.local/lib/python3.12/site-packages/airflow/example_dags/example_task_group_decorator.py
[2024-11-08T09:00:51.247+0000] {processor.py:914} INFO - Processing file /home/airflow/.local/lib/python3.12/site-packages/airflow/example_dags/example_task_group_decorator.py for tasks to queue
[2024-11-08T09:00:51.265+0000] {logging_mixin.py:190} INFO - [2024-11-08T09:00:51.264+0000] {dagbag.py:588} INFO - Filling up the DagBag from /home/airflow/.local/lib/python3.12/site-packages/airflow/example_dags/example_task_group_decorator.py
[2024-11-08T09:00:51.399+0000] {processor.py:925} INFO - DAG(s) 'example_task_group_decorator' retrieved from /home/airflow/.local/lib/python3.12/site-packages/airflow/example_dags/example_task_group_decorator.py
[2024-11-08T09:00:51.621+0000] {logging_mixin.py:190} INFO - [2024-11-08T09:00:51.620+0000] {dag.py:3239} INFO - Sync 1 DAGs
[2024-11-08T09:00:51.699+0000] {logging_mixin.py:190} INFO - [2024-11-08T09:00:51.694+0000] {dag.py:4180} INFO - Setting next_dagrun for example_task_group_decorator to None, run_after=None
[2024-11-08T09:00:51.826+0000] {processor.py:208} INFO - Processing /home/airflow/.local/lib/python3.12/site-packages/airflow/example_dags/example_task_group_decorator.py took 0.605 seconds
[2024-11-08T09:01:25.560+0000] {processor.py:186} INFO - Started process (PID=339) to work on /home/airflow/.local/lib/python3.12/site-packages/airflow/example_dags/example_task_group_decorator.py
[2024-11-08T09:01:25.566+0000] {processor.py:914} INFO - Processing file /home/airflow/.local/lib/python3.12/site-packages/airflow/example_dags/example_task_group_decorator.py for tasks to queue
[2024-11-08T09:01:25.582+0000] {logging_mixin.py:190} INFO - [2024-11-08T09:01:25.582+0000] {dagbag.py:588} INFO - Filling up the DagBag from /home/airflow/.local/lib/python3.12/site-packages/airflow/example_dags/example_task_group_decorator.py
[2024-11-08T09:01:25.713+0000] {processor.py:925} INFO - DAG(s) 'example_task_group_decorator' retrieved from /home/airflow/.local/lib/python3.12/site-packages/airflow/example_dags/example_task_group_decorator.py
[2024-11-08T09:01:25.900+0000] {logging_mixin.py:190} INFO - [2024-11-08T09:01:25.899+0000] {dag.py:3239} INFO - Sync 1 DAGs
[2024-11-08T09:01:25.998+0000] {logging_mixin.py:190} INFO - [2024-11-08T09:01:25.997+0000] {dag.py:4180} INFO - Setting next_dagrun for example_task_group_decorator to None, run_after=None
[2024-11-08T09:01:26.144+0000] {processor.py:208} INFO - Processing /home/airflow/.local/lib/python3.12/site-packages/airflow/example_dags/example_task_group_decorator.py took 0.609 seconds
[2024-11-08T09:04:33.172+0000] {processor.py:186} INFO - Started process (PID=409) to work on /home/airflow/.local/lib/python3.12/site-packages/airflow/example_dags/example_task_group_decorator.py
[2024-11-08T09:04:33.185+0000] {processor.py:914} INFO - Processing file /home/airflow/.local/lib/python3.12/site-packages/airflow/example_dags/example_task_group_decorator.py for tasks to queue
[2024-11-08T09:04:33.189+0000] {logging_mixin.py:190} INFO - [2024-11-08T09:04:33.188+0000] {dagbag.py:588} INFO - Filling up the DagBag from /home/airflow/.local/lib/python3.12/site-packages/airflow/example_dags/example_task_group_decorator.py
[2024-11-08T09:04:33.301+0000] {processor.py:925} INFO - DAG(s) 'example_task_group_decorator' retrieved from /home/airflow/.local/lib/python3.12/site-packages/airflow/example_dags/example_task_group_decorator.py
[2024-11-08T09:04:33.413+0000] {logging_mixin.py:190} INFO - [2024-11-08T09:04:33.413+0000] {dag.py:3239} INFO - Sync 1 DAGs
[2024-11-08T09:04:33.458+0000] {logging_mixin.py:190} INFO - [2024-11-08T09:04:33.457+0000] {dag.py:4180} INFO - Setting next_dagrun for example_task_group_decorator to None, run_after=None
[2024-11-08T09:04:33.538+0000] {processor.py:208} INFO - Processing /home/airflow/.local/lib/python3.12/site-packages/airflow/example_dags/example_task_group_decorator.py took 0.389 seconds
[2024-11-08T09:05:03.919+0000] {processor.py:186} INFO - Started process (PID=471) to work on /home/airflow/.local/lib/python3.12/site-packages/airflow/example_dags/example_task_group_decorator.py
[2024-11-08T09:05:03.922+0000] {processor.py:914} INFO - Processing file /home/airflow/.local/lib/python3.12/site-packages/airflow/example_dags/example_task_group_decorator.py for tasks to queue
[2024-11-08T09:05:03.925+0000] {logging_mixin.py:190} INFO - [2024-11-08T09:05:03.924+0000] {dagbag.py:588} INFO - Filling up the DagBag from /home/airflow/.local/lib/python3.12/site-packages/airflow/example_dags/example_task_group_decorator.py
[2024-11-08T09:05:03.972+0000] {processor.py:925} INFO - DAG(s) 'example_task_group_decorator' retrieved from /home/airflow/.local/lib/python3.12/site-packages/airflow/example_dags/example_task_group_decorator.py
[2024-11-08T09:05:04.042+0000] {logging_mixin.py:190} INFO - [2024-11-08T09:05:04.041+0000] {dag.py:3239} INFO - Sync 1 DAGs
[2024-11-08T09:05:04.092+0000] {logging_mixin.py:190} INFO - [2024-11-08T09:05:04.091+0000] {dag.py:4180} INFO - Setting next_dagrun for example_task_group_decorator to None, run_after=None
[2024-11-08T09:05:04.149+0000] {processor.py:208} INFO - Processing /home/airflow/.local/lib/python3.12/site-packages/airflow/example_dags/example_task_group_decorator.py took 0.242 seconds
[2024-11-08T09:05:36.757+0000] {processor.py:186} INFO - Started process (PID=534) to work on /home/airflow/.local/lib/python3.12/site-packages/airflow/example_dags/example_task_group_decorator.py
[2024-11-08T09:05:36.762+0000] {processor.py:914} INFO - Processing file /home/airflow/.local/lib/python3.12/site-packages/airflow/example_dags/example_task_group_decorator.py for tasks to queue
[2024-11-08T09:05:36.771+0000] {logging_mixin.py:190} INFO - [2024-11-08T09:05:36.766+0000] {dagbag.py:588} INFO - Filling up the DagBag from /home/airflow/.local/lib/python3.12/site-packages/airflow/example_dags/example_task_group_decorator.py
[2024-11-08T09:05:36.859+0000] {processor.py:925} INFO - DAG(s) 'example_task_group_decorator' retrieved from /home/airflow/.local/lib/python3.12/site-packages/airflow/example_dags/example_task_group_decorator.py
[2024-11-08T09:05:37.003+0000] {logging_mixin.py:190} INFO - [2024-11-08T09:05:37.002+0000] {dag.py:3239} INFO - Sync 1 DAGs
[2024-11-08T09:05:37.066+0000] {logging_mixin.py:190} INFO - [2024-11-08T09:05:37.066+0000] {dag.py:4180} INFO - Setting next_dagrun for example_task_group_decorator to None, run_after=None
[2024-11-08T09:05:37.156+0000] {processor.py:208} INFO - Processing /home/airflow/.local/lib/python3.12/site-packages/airflow/example_dags/example_task_group_decorator.py took 0.422 seconds
[2024-11-08T09:06:11.356+0000] {processor.py:186} INFO - Started process (PID=597) to work on /home/airflow/.local/lib/python3.12/site-packages/airflow/example_dags/example_task_group_decorator.py
[2024-11-08T09:06:11.359+0000] {processor.py:914} INFO - Processing file /home/airflow/.local/lib/python3.12/site-packages/airflow/example_dags/example_task_group_decorator.py for tasks to queue
[2024-11-08T09:06:11.364+0000] {logging_mixin.py:190} INFO - [2024-11-08T09:06:11.363+0000] {dagbag.py:588} INFO - Filling up the DagBag from /home/airflow/.local/lib/python3.12/site-packages/airflow/example_dags/example_task_group_decorator.py
[2024-11-08T09:06:11.436+0000] {processor.py:925} INFO - DAG(s) 'example_task_group_decorator' retrieved from /home/airflow/.local/lib/python3.12/site-packages/airflow/example_dags/example_task_group_decorator.py
[2024-11-08T09:06:11.516+0000] {logging_mixin.py:190} INFO - [2024-11-08T09:06:11.515+0000] {dag.py:3239} INFO - Sync 1 DAGs
[2024-11-08T09:06:11.557+0000] {logging_mixin.py:190} INFO - [2024-11-08T09:06:11.557+0000] {dag.py:4180} INFO - Setting next_dagrun for example_task_group_decorator to None, run_after=None
[2024-11-08T09:06:11.619+0000] {processor.py:208} INFO - Processing /home/airflow/.local/lib/python3.12/site-packages/airflow/example_dags/example_task_group_decorator.py took 0.279 seconds
