[2024-11-08T08:58:50.135+0000] {processor.py:186} INFO - Started process (PID=120) to work on /home/airflow/.local/lib/python3.12/site-packages/airflow/example_dags/example_branch_labels.py
[2024-11-08T08:58:50.140+0000] {processor.py:914} INFO - Processing file /home/airflow/.local/lib/python3.12/site-packages/airflow/example_dags/example_branch_labels.py for tasks to queue
[2024-11-08T08:58:50.150+0000] {logging_mixin.py:190} INFO - [2024-11-08T08:58:50.147+0000] {dagbag.py:588} INFO - Filling up the DagBag from /home/airflow/.local/lib/python3.12/site-packages/airflow/example_dags/example_branch_labels.py
[2024-11-08T08:58:50.192+0000] {processor.py:925} INFO - DAG(s) 'example_branch_labels' retrieved from /home/airflow/.local/lib/python3.12/site-packages/airflow/example_dags/example_branch_labels.py
[2024-11-08T08:58:50.911+0000] {logging_mixin.py:190} INFO - [2024-11-08T08:58:50.909+0000] {override.py:1911} INFO - Created Permission View: can read on DAG:example_branch_labels
[2024-11-08T08:58:51.000+0000] {logging_mixin.py:190} INFO - [2024-11-08T08:58:50.996+0000] {override.py:1911} INFO - Created Permission View: can delete on DAG:example_branch_labels
[2024-11-08T08:58:51.042+0000] {logging_mixin.py:190} INFO - [2024-11-08T08:58:51.041+0000] {override.py:1911} INFO - Created Permission View: can edit on DAG:example_branch_labels
[2024-11-08T08:58:51.079+0000] {logging_mixin.py:190} INFO - [2024-11-08T08:58:51.077+0000] {override.py:1911} INFO - Created Permission View: can read on DAG Run:example_branch_labels
[2024-11-08T08:58:51.106+0000] {logging_mixin.py:190} INFO - [2024-11-08T08:58:51.105+0000] {override.py:1911} INFO - Created Permission View: can delete on DAG Run:example_branch_labels
[2024-11-08T08:58:51.135+0000] {logging_mixin.py:190} INFO - [2024-11-08T08:58:51.135+0000] {override.py:1911} INFO - Created Permission View: can create on DAG Run:example_branch_labels
[2024-11-08T08:58:51.160+0000] {logging_mixin.py:190} INFO - [2024-11-08T08:58:51.159+0000] {override.py:1911} INFO - Created Permission View: menu access on DAG Run:example_branch_labels
[2024-11-08T08:58:51.162+0000] {logging_mixin.py:190} INFO - [2024-11-08T08:58:51.161+0000] {dag.py:3239} INFO - Sync 1 DAGs
[2024-11-08T08:58:51.199+0000] {logging_mixin.py:190} INFO - [2024-11-08T08:58:51.198+0000] {dag.py:3262} INFO - Creating ORM DAG for example_branch_labels
[2024-11-08T08:58:51.226+0000] {logging_mixin.py:190} INFO - [2024-11-08T08:58:51.225+0000] {dag.py:4180} INFO - Setting next_dagrun for example_branch_labels to 2024-11-07 00:00:00+00:00, run_after=2024-11-08 00:00:00+00:00
[2024-11-08T08:58:51.280+0000] {processor.py:208} INFO - Processing /home/airflow/.local/lib/python3.12/site-packages/airflow/example_dags/example_branch_labels.py took 1.167 seconds
[2024-11-08T08:59:33.763+0000] {processor.py:186} INFO - Started process (PID=182) to work on /home/airflow/.local/lib/python3.12/site-packages/airflow/example_dags/example_branch_labels.py
[2024-11-08T08:59:33.766+0000] {processor.py:914} INFO - Processing file /home/airflow/.local/lib/python3.12/site-packages/airflow/example_dags/example_branch_labels.py for tasks to queue
[2024-11-08T08:59:33.774+0000] {logging_mixin.py:190} INFO - [2024-11-08T08:59:33.773+0000] {dagbag.py:588} INFO - Filling up the DagBag from /home/airflow/.local/lib/python3.12/site-packages/airflow/example_dags/example_branch_labels.py
[2024-11-08T08:59:33.804+0000] {processor.py:925} INFO - DAG(s) 'example_branch_labels' retrieved from /home/airflow/.local/lib/python3.12/site-packages/airflow/example_dags/example_branch_labels.py
[2024-11-08T08:59:33.904+0000] {logging_mixin.py:190} INFO - [2024-11-08T08:59:33.903+0000] {dag.py:3239} INFO - Sync 1 DAGs
[2024-11-08T08:59:34.000+0000] {logging_mixin.py:190} INFO - [2024-11-08T08:59:33.999+0000] {dag.py:4180} INFO - Setting next_dagrun for example_branch_labels to 2024-11-07 00:00:00+00:00, run_after=2024-11-08 00:00:00+00:00
[2024-11-08T08:59:34.080+0000] {processor.py:208} INFO - Processing /home/airflow/.local/lib/python3.12/site-packages/airflow/example_dags/example_branch_labels.py took 0.341 seconds
[2024-11-08T09:00:27.782+0000] {processor.py:186} INFO - Started process (PID=252) to work on /home/airflow/.local/lib/python3.12/site-packages/airflow/example_dags/example_branch_labels.py
[2024-11-08T09:00:27.791+0000] {processor.py:914} INFO - Processing file /home/airflow/.local/lib/python3.12/site-packages/airflow/example_dags/example_branch_labels.py for tasks to queue
[2024-11-08T09:00:27.802+0000] {logging_mixin.py:190} INFO - [2024-11-08T09:00:27.800+0000] {dagbag.py:588} INFO - Filling up the DagBag from /home/airflow/.local/lib/python3.12/site-packages/airflow/example_dags/example_branch_labels.py
[2024-11-08T09:00:27.869+0000] {processor.py:925} INFO - DAG(s) 'example_branch_labels' retrieved from /home/airflow/.local/lib/python3.12/site-packages/airflow/example_dags/example_branch_labels.py
[2024-11-08T09:00:28.051+0000] {logging_mixin.py:190} INFO - [2024-11-08T09:00:28.051+0000] {dag.py:3239} INFO - Sync 1 DAGs
[2024-11-08T09:00:28.237+0000] {logging_mixin.py:190} INFO - [2024-11-08T09:00:28.236+0000] {dag.py:4180} INFO - Setting next_dagrun for example_branch_labels to 2024-11-07 00:00:00+00:00, run_after=2024-11-08 00:00:00+00:00
[2024-11-08T09:00:28.382+0000] {processor.py:208} INFO - Processing /home/airflow/.local/lib/python3.12/site-packages/airflow/example_dags/example_branch_labels.py took 0.623 seconds
[2024-11-08T09:01:11.682+0000] {processor.py:186} INFO - Started process (PID=316) to work on /home/airflow/.local/lib/python3.12/site-packages/airflow/example_dags/example_branch_labels.py
[2024-11-08T09:01:11.689+0000] {processor.py:914} INFO - Processing file /home/airflow/.local/lib/python3.12/site-packages/airflow/example_dags/example_branch_labels.py for tasks to queue
[2024-11-08T09:01:11.700+0000] {logging_mixin.py:190} INFO - [2024-11-08T09:01:11.699+0000] {dagbag.py:588} INFO - Filling up the DagBag from /home/airflow/.local/lib/python3.12/site-packages/airflow/example_dags/example_branch_labels.py
[2024-11-08T09:01:11.731+0000] {processor.py:925} INFO - DAG(s) 'example_branch_labels' retrieved from /home/airflow/.local/lib/python3.12/site-packages/airflow/example_dags/example_branch_labels.py
[2024-11-08T09:01:11.805+0000] {logging_mixin.py:190} INFO - [2024-11-08T09:01:11.797+0000] {dag.py:3239} INFO - Sync 1 DAGs
[2024-11-08T09:01:11.919+0000] {logging_mixin.py:190} INFO - [2024-11-08T09:01:11.918+0000] {dag.py:4180} INFO - Setting next_dagrun for example_branch_labels to 2024-11-07 00:00:00+00:00, run_after=2024-11-08 00:00:00+00:00
[2024-11-08T09:01:12.063+0000] {processor.py:208} INFO - Processing /home/airflow/.local/lib/python3.12/site-packages/airflow/example_dags/example_branch_labels.py took 0.404 seconds
[2024-11-08T09:04:03.842+0000] {processor.py:186} INFO - Started process (PID=385) to work on /home/airflow/.local/lib/python3.12/site-packages/airflow/example_dags/example_branch_labels.py
[2024-11-08T09:04:03.846+0000] {processor.py:914} INFO - Processing file /home/airflow/.local/lib/python3.12/site-packages/airflow/example_dags/example_branch_labels.py for tasks to queue
[2024-11-08T09:04:03.856+0000] {logging_mixin.py:190} INFO - [2024-11-08T09:04:03.856+0000] {dagbag.py:588} INFO - Filling up the DagBag from /home/airflow/.local/lib/python3.12/site-packages/airflow/example_dags/example_branch_labels.py
[2024-11-08T09:04:03.885+0000] {processor.py:925} INFO - DAG(s) 'example_branch_labels' retrieved from /home/airflow/.local/lib/python3.12/site-packages/airflow/example_dags/example_branch_labels.py
[2024-11-08T09:04:03.936+0000] {logging_mixin.py:190} INFO - [2024-11-08T09:04:03.935+0000] {dag.py:3239} INFO - Sync 1 DAGs
[2024-11-08T09:04:03.997+0000] {logging_mixin.py:190} INFO - [2024-11-08T09:04:03.996+0000] {dag.py:4180} INFO - Setting next_dagrun for example_branch_labels to 2024-11-07 00:00:00+00:00, run_after=2024-11-08 00:00:00+00:00
[2024-11-08T09:04:04.062+0000] {processor.py:208} INFO - Processing /home/airflow/.local/lib/python3.12/site-packages/airflow/example_dags/example_branch_labels.py took 0.241 seconds
[2024-11-08T09:04:49.861+0000] {processor.py:186} INFO - Started process (PID=448) to work on /home/airflow/.local/lib/python3.12/site-packages/airflow/example_dags/example_branch_labels.py
[2024-11-08T09:04:49.873+0000] {processor.py:914} INFO - Processing file /home/airflow/.local/lib/python3.12/site-packages/airflow/example_dags/example_branch_labels.py for tasks to queue
[2024-11-08T09:04:49.885+0000] {logging_mixin.py:190} INFO - [2024-11-08T09:04:49.884+0000] {dagbag.py:588} INFO - Filling up the DagBag from /home/airflow/.local/lib/python3.12/site-packages/airflow/example_dags/example_branch_labels.py
[2024-11-08T09:04:49.914+0000] {processor.py:925} INFO - DAG(s) 'example_branch_labels' retrieved from /home/airflow/.local/lib/python3.12/site-packages/airflow/example_dags/example_branch_labels.py
[2024-11-08T09:04:50.001+0000] {logging_mixin.py:190} INFO - [2024-11-08T09:04:50.001+0000] {dag.py:3239} INFO - Sync 1 DAGs
[2024-11-08T09:04:50.080+0000] {logging_mixin.py:190} INFO - [2024-11-08T09:04:50.079+0000] {dag.py:4180} INFO - Setting next_dagrun for example_branch_labels to 2024-11-07 00:00:00+00:00, run_after=2024-11-08 00:00:00+00:00
[2024-11-08T09:04:50.168+0000] {processor.py:208} INFO - Processing /home/airflow/.local/lib/python3.12/site-packages/airflow/example_dags/example_branch_labels.py took 0.320 seconds
[2024-11-08T09:05:22.889+0000] {processor.py:186} INFO - Started process (PID=511) to work on /home/airflow/.local/lib/python3.12/site-packages/airflow/example_dags/example_branch_labels.py
[2024-11-08T09:05:22.891+0000] {processor.py:914} INFO - Processing file /home/airflow/.local/lib/python3.12/site-packages/airflow/example_dags/example_branch_labels.py for tasks to queue
[2024-11-08T09:05:22.893+0000] {logging_mixin.py:190} INFO - [2024-11-08T09:05:22.893+0000] {dagbag.py:588} INFO - Filling up the DagBag from /home/airflow/.local/lib/python3.12/site-packages/airflow/example_dags/example_branch_labels.py
[2024-11-08T09:05:22.911+0000] {processor.py:925} INFO - DAG(s) 'example_branch_labels' retrieved from /home/airflow/.local/lib/python3.12/site-packages/airflow/example_dags/example_branch_labels.py
[2024-11-08T09:05:22.976+0000] {logging_mixin.py:190} INFO - [2024-11-08T09:05:22.974+0000] {dag.py:3239} INFO - Sync 1 DAGs
[2024-11-08T09:05:23.044+0000] {logging_mixin.py:190} INFO - [2024-11-08T09:05:23.043+0000] {dag.py:4180} INFO - Setting next_dagrun for example_branch_labels to 2024-11-07 00:00:00+00:00, run_after=2024-11-08 00:00:00+00:00
[2024-11-08T09:05:23.099+0000] {processor.py:208} INFO - Processing /home/airflow/.local/lib/python3.12/site-packages/airflow/example_dags/example_branch_labels.py took 0.219 seconds
[2024-11-08T09:05:58.577+0000] {processor.py:186} INFO - Started process (PID=574) to work on /home/airflow/.local/lib/python3.12/site-packages/airflow/example_dags/example_branch_labels.py
[2024-11-08T09:05:58.605+0000] {processor.py:914} INFO - Processing file /home/airflow/.local/lib/python3.12/site-packages/airflow/example_dags/example_branch_labels.py for tasks to queue
[2024-11-08T09:05:58.614+0000] {logging_mixin.py:190} INFO - [2024-11-08T09:05:58.613+0000] {dagbag.py:588} INFO - Filling up the DagBag from /home/airflow/.local/lib/python3.12/site-packages/airflow/example_dags/example_branch_labels.py
[2024-11-08T09:05:58.682+0000] {processor.py:925} INFO - DAG(s) 'example_branch_labels' retrieved from /home/airflow/.local/lib/python3.12/site-packages/airflow/example_dags/example_branch_labels.py
[2024-11-08T09:05:58.783+0000] {logging_mixin.py:190} INFO - [2024-11-08T09:05:58.782+0000] {dag.py:3239} INFO - Sync 1 DAGs
[2024-11-08T09:05:58.910+0000] {logging_mixin.py:190} INFO - [2024-11-08T09:05:58.910+0000] {dag.py:4180} INFO - Setting next_dagrun for example_branch_labels to 2024-11-07 00:00:00+00:00, run_after=2024-11-08 00:00:00+00:00
[2024-11-08T09:05:58.988+0000] {processor.py:208} INFO - Processing /home/airflow/.local/lib/python3.12/site-packages/airflow/example_dags/example_branch_labels.py took 0.437 seconds
[2024-11-08T09:06:33.079+0000] {processor.py:186} INFO - Started process (PID=637) to work on /home/airflow/.local/lib/python3.12/site-packages/airflow/example_dags/example_branch_labels.py
[2024-11-08T09:06:33.083+0000] {processor.py:914} INFO - Processing file /home/airflow/.local/lib/python3.12/site-packages/airflow/example_dags/example_branch_labels.py for tasks to queue
[2024-11-08T09:06:33.099+0000] {logging_mixin.py:190} INFO - [2024-11-08T09:06:33.098+0000] {dagbag.py:588} INFO - Filling up the DagBag from /home/airflow/.local/lib/python3.12/site-packages/airflow/example_dags/example_branch_labels.py
[2024-11-08T09:06:33.135+0000] {processor.py:925} INFO - DAG(s) 'example_branch_labels' retrieved from /home/airflow/.local/lib/python3.12/site-packages/airflow/example_dags/example_branch_labels.py
[2024-11-08T09:06:33.228+0000] {logging_mixin.py:190} INFO - [2024-11-08T09:06:33.227+0000] {dag.py:3239} INFO - Sync 1 DAGs
[2024-11-08T09:06:33.308+0000] {logging_mixin.py:190} INFO - [2024-11-08T09:06:33.307+0000] {dag.py:4180} INFO - Setting next_dagrun for example_branch_labels to 2024-11-07 00:00:00+00:00, run_after=2024-11-08 00:00:00+00:00
[2024-11-08T09:06:33.397+0000] {processor.py:208} INFO - Processing /home/airflow/.local/lib/python3.12/site-packages/airflow/example_dags/example_branch_labels.py took 0.337 seconds
