[2024-11-08T08:57:15.970+0000] {processor.py:186} INFO - Started process (PID=99) to work on /home/airflow/.local/lib/python3.12/site-packages/airflow/example_dags/example_complex.py
[2024-11-08T08:57:15.977+0000] {processor.py:914} INFO - Processing file /home/airflow/.local/lib/python3.12/site-packages/airflow/example_dags/example_complex.py for tasks to queue
[2024-11-08T08:57:16.000+0000] {logging_mixin.py:190} INFO - [2024-11-08T08:57:15.996+0000] {dagbag.py:588} INFO - Filling up the DagBag from /home/airflow/.local/lib/python3.12/site-packages/airflow/example_dags/example_complex.py
[2024-11-08T08:57:16.130+0000] {processor.py:925} INFO - DAG(s) 'example_complex' retrieved from /home/airflow/.local/lib/python3.12/site-packages/airflow/example_dags/example_complex.py
[2024-11-08T08:57:19.421+0000] {logging_mixin.py:190} INFO - [2024-11-08T08:57:19.419+0000] {override.py:1911} INFO - Created Permission View: can read on DAG:example_complex
[2024-11-08T08:57:19.503+0000] {logging_mixin.py:190} INFO - [2024-11-08T08:57:19.502+0000] {override.py:1911} INFO - Created Permission View: can delete on DAG:example_complex
[2024-11-08T08:57:19.629+0000] {logging_mixin.py:190} INFO - [2024-11-08T08:57:19.628+0000] {override.py:1911} INFO - Created Permission View: can edit on DAG:example_complex
[2024-11-08T08:57:19.699+0000] {logging_mixin.py:190} INFO - [2024-11-08T08:57:19.699+0000] {override.py:1911} INFO - Created Permission View: can read on DAG Run:example_complex
[2024-11-08T08:57:19.748+0000] {logging_mixin.py:190} INFO - [2024-11-08T08:57:19.748+0000] {override.py:1911} INFO - Created Permission View: can delete on DAG Run:example_complex
[2024-11-08T08:57:19.798+0000] {logging_mixin.py:190} INFO - [2024-11-08T08:57:19.798+0000] {override.py:1911} INFO - Created Permission View: can create on DAG Run:example_complex
[2024-11-08T08:57:19.876+0000] {logging_mixin.py:190} INFO - [2024-11-08T08:57:19.875+0000] {override.py:1911} INFO - Created Permission View: menu access on DAG Run:example_complex
[2024-11-08T08:57:19.887+0000] {logging_mixin.py:190} INFO - [2024-11-08T08:57:19.882+0000] {dag.py:3239} INFO - Sync 1 DAGs
[2024-11-08T08:57:19.995+0000] {logging_mixin.py:190} INFO - [2024-11-08T08:57:19.995+0000] {dag.py:3262} INFO - Creating ORM DAG for example_complex
[2024-11-08T08:57:20.031+0000] {logging_mixin.py:190} INFO - [2024-11-08T08:57:20.025+0000] {dag.py:4180} INFO - Setting next_dagrun for example_complex to None, run_after=None
[2024-11-08T08:57:20.474+0000] {processor.py:208} INFO - Processing /home/airflow/.local/lib/python3.12/site-packages/airflow/example_dags/example_complex.py took 4.575 seconds
[2024-11-08T08:59:28.010+0000] {processor.py:186} INFO - Started process (PID=167) to work on /home/airflow/.local/lib/python3.12/site-packages/airflow/example_dags/example_complex.py
[2024-11-08T08:59:28.013+0000] {processor.py:914} INFO - Processing file /home/airflow/.local/lib/python3.12/site-packages/airflow/example_dags/example_complex.py for tasks to queue
[2024-11-08T08:59:28.017+0000] {logging_mixin.py:190} INFO - [2024-11-08T08:59:28.017+0000] {dagbag.py:588} INFO - Filling up the DagBag from /home/airflow/.local/lib/python3.12/site-packages/airflow/example_dags/example_complex.py
[2024-11-08T08:59:28.043+0000] {processor.py:925} INFO - DAG(s) 'example_complex' retrieved from /home/airflow/.local/lib/python3.12/site-packages/airflow/example_dags/example_complex.py
[2024-11-08T08:59:28.107+0000] {logging_mixin.py:190} INFO - [2024-11-08T08:59:28.107+0000] {dag.py:3239} INFO - Sync 1 DAGs
[2024-11-08T08:59:28.138+0000] {logging_mixin.py:190} INFO - [2024-11-08T08:59:28.138+0000] {dag.py:4180} INFO - Setting next_dagrun for example_complex to None, run_after=None
[2024-11-08T08:59:28.183+0000] {processor.py:208} INFO - Processing /home/airflow/.local/lib/python3.12/site-packages/airflow/example_dags/example_complex.py took 0.183 seconds
[2024-11-08T09:00:03.685+0000] {processor.py:186} INFO - Started process (PID=219) to work on /home/airflow/.local/lib/python3.12/site-packages/airflow/example_dags/example_complex.py
[2024-11-08T09:00:03.691+0000] {processor.py:914} INFO - Processing file /home/airflow/.local/lib/python3.12/site-packages/airflow/example_dags/example_complex.py for tasks to queue
[2024-11-08T09:00:03.715+0000] {logging_mixin.py:190} INFO - [2024-11-08T09:00:03.703+0000] {dagbag.py:588} INFO - Filling up the DagBag from /home/airflow/.local/lib/python3.12/site-packages/airflow/example_dags/example_complex.py
[2024-11-08T09:00:03.776+0000] {processor.py:925} INFO - DAG(s) 'example_complex' retrieved from /home/airflow/.local/lib/python3.12/site-packages/airflow/example_dags/example_complex.py
[2024-11-08T09:00:03.900+0000] {logging_mixin.py:190} INFO - [2024-11-08T09:00:03.899+0000] {dag.py:3239} INFO - Sync 1 DAGs
[2024-11-08T09:00:03.951+0000] {logging_mixin.py:190} INFO - [2024-11-08T09:00:03.950+0000] {dag.py:4180} INFO - Setting next_dagrun for example_complex to None, run_after=None
[2024-11-08T09:00:04.029+0000] {processor.py:208} INFO - Processing /home/airflow/.local/lib/python3.12/site-packages/airflow/example_dags/example_complex.py took 0.374 seconds
[2024-11-08T09:00:57.482+0000] {processor.py:186} INFO - Started process (PID=288) to work on /home/airflow/.local/lib/python3.12/site-packages/airflow/example_dags/example_complex.py
[2024-11-08T09:00:57.495+0000] {processor.py:914} INFO - Processing file /home/airflow/.local/lib/python3.12/site-packages/airflow/example_dags/example_complex.py for tasks to queue
[2024-11-08T09:00:57.500+0000] {logging_mixin.py:190} INFO - [2024-11-08T09:00:57.499+0000] {dagbag.py:588} INFO - Filling up the DagBag from /home/airflow/.local/lib/python3.12/site-packages/airflow/example_dags/example_complex.py
[2024-11-08T09:00:57.540+0000] {processor.py:925} INFO - DAG(s) 'example_complex' retrieved from /home/airflow/.local/lib/python3.12/site-packages/airflow/example_dags/example_complex.py
[2024-11-08T09:00:57.654+0000] {logging_mixin.py:190} INFO - [2024-11-08T09:00:57.653+0000] {dag.py:3239} INFO - Sync 1 DAGs
[2024-11-08T09:00:57.712+0000] {logging_mixin.py:190} INFO - [2024-11-08T09:00:57.712+0000] {dag.py:4180} INFO - Setting next_dagrun for example_complex to None, run_after=None
[2024-11-08T09:00:57.788+0000] {processor.py:208} INFO - Processing /home/airflow/.local/lib/python3.12/site-packages/airflow/example_dags/example_complex.py took 0.327 seconds
[2024-11-08T09:01:29.921+0000] {processor.py:186} INFO - Started process (PID=351) to work on /home/airflow/.local/lib/python3.12/site-packages/airflow/example_dags/example_complex.py
[2024-11-08T09:01:29.938+0000] {processor.py:914} INFO - Processing file /home/airflow/.local/lib/python3.12/site-packages/airflow/example_dags/example_complex.py for tasks to queue
[2024-11-08T09:01:29.955+0000] {logging_mixin.py:190} INFO - [2024-11-08T09:01:29.954+0000] {dagbag.py:588} INFO - Filling up the DagBag from /home/airflow/.local/lib/python3.12/site-packages/airflow/example_dags/example_complex.py
[2024-11-08T09:01:30.069+0000] {processor.py:925} INFO - DAG(s) 'example_complex' retrieved from /home/airflow/.local/lib/python3.12/site-packages/airflow/example_dags/example_complex.py
[2024-11-08T09:01:30.291+0000] {logging_mixin.py:190} INFO - [2024-11-08T09:01:30.290+0000] {dag.py:3239} INFO - Sync 1 DAGs
[2024-11-08T09:01:30.484+0000] {logging_mixin.py:190} INFO - [2024-11-08T09:01:30.484+0000] {dag.py:4180} INFO - Setting next_dagrun for example_complex to None, run_after=None
[2024-11-08T09:01:30.677+0000] {processor.py:208} INFO - Processing /home/airflow/.local/lib/python3.12/site-packages/airflow/example_dags/example_complex.py took 0.780 seconds
[2024-11-08T09:04:01.812+0000] {processor.py:186} INFO - Started process (PID=373) to work on /home/airflow/.local/lib/python3.12/site-packages/airflow/example_dags/example_complex.py
[2024-11-08T09:04:01.814+0000] {processor.py:914} INFO - Processing file /home/airflow/.local/lib/python3.12/site-packages/airflow/example_dags/example_complex.py for tasks to queue
[2024-11-08T09:04:01.821+0000] {logging_mixin.py:190} INFO - [2024-11-08T09:04:01.820+0000] {dagbag.py:588} INFO - Filling up the DagBag from /home/airflow/.local/lib/python3.12/site-packages/airflow/example_dags/example_complex.py
[2024-11-08T09:04:01.852+0000] {processor.py:925} INFO - DAG(s) 'example_complex' retrieved from /home/airflow/.local/lib/python3.12/site-packages/airflow/example_dags/example_complex.py
[2024-11-08T09:04:01.915+0000] {logging_mixin.py:190} INFO - [2024-11-08T09:04:01.915+0000] {dag.py:3239} INFO - Sync 1 DAGs
[2024-11-08T09:04:01.939+0000] {logging_mixin.py:190} INFO - [2024-11-08T09:04:01.938+0000] {dag.py:4180} INFO - Setting next_dagrun for example_complex to None, run_after=None
[2024-11-08T09:04:01.989+0000] {processor.py:208} INFO - Processing /home/airflow/.local/lib/python3.12/site-packages/airflow/example_dags/example_complex.py took 0.192 seconds
[2024-11-08T09:04:42.913+0000] {processor.py:186} INFO - Started process (PID=433) to work on /home/airflow/.local/lib/python3.12/site-packages/airflow/example_dags/example_complex.py
[2024-11-08T09:04:42.918+0000] {processor.py:914} INFO - Processing file /home/airflow/.local/lib/python3.12/site-packages/airflow/example_dags/example_complex.py for tasks to queue
[2024-11-08T09:04:42.923+0000] {logging_mixin.py:190} INFO - [2024-11-08T09:04:42.922+0000] {dagbag.py:588} INFO - Filling up the DagBag from /home/airflow/.local/lib/python3.12/site-packages/airflow/example_dags/example_complex.py
[2024-11-08T09:04:42.955+0000] {processor.py:925} INFO - DAG(s) 'example_complex' retrieved from /home/airflow/.local/lib/python3.12/site-packages/airflow/example_dags/example_complex.py
[2024-11-08T09:04:43.042+0000] {logging_mixin.py:190} INFO - [2024-11-08T09:04:43.042+0000] {dag.py:3239} INFO - Sync 1 DAGs
[2024-11-08T09:04:43.081+0000] {logging_mixin.py:190} INFO - [2024-11-08T09:04:43.080+0000] {dag.py:4180} INFO - Setting next_dagrun for example_complex to None, run_after=None
[2024-11-08T09:04:43.147+0000] {processor.py:208} INFO - Processing /home/airflow/.local/lib/python3.12/site-packages/airflow/example_dags/example_complex.py took 0.255 seconds
[2024-11-08T09:05:15.577+0000] {processor.py:186} INFO - Started process (PID=494) to work on /home/airflow/.local/lib/python3.12/site-packages/airflow/example_dags/example_complex.py
[2024-11-08T09:05:15.593+0000] {processor.py:914} INFO - Processing file /home/airflow/.local/lib/python3.12/site-packages/airflow/example_dags/example_complex.py for tasks to queue
[2024-11-08T09:05:15.600+0000] {logging_mixin.py:190} INFO - [2024-11-08T09:05:15.599+0000] {dagbag.py:588} INFO - Filling up the DagBag from /home/airflow/.local/lib/python3.12/site-packages/airflow/example_dags/example_complex.py
[2024-11-08T09:05:15.684+0000] {processor.py:925} INFO - DAG(s) 'example_complex' retrieved from /home/airflow/.local/lib/python3.12/site-packages/airflow/example_dags/example_complex.py
[2024-11-08T09:05:15.845+0000] {logging_mixin.py:190} INFO - [2024-11-08T09:05:15.841+0000] {dag.py:3239} INFO - Sync 1 DAGs
[2024-11-08T09:05:15.910+0000] {logging_mixin.py:190} INFO - [2024-11-08T09:05:15.910+0000] {dag.py:4180} INFO - Setting next_dagrun for example_complex to None, run_after=None
[2024-11-08T09:05:16.073+0000] {processor.py:208} INFO - Processing /home/airflow/.local/lib/python3.12/site-packages/airflow/example_dags/example_complex.py took 0.522 seconds
[2024-11-08T09:05:49.115+0000] {processor.py:186} INFO - Started process (PID=557) to work on /home/airflow/.local/lib/python3.12/site-packages/airflow/example_dags/example_complex.py
[2024-11-08T09:05:49.121+0000] {processor.py:914} INFO - Processing file /home/airflow/.local/lib/python3.12/site-packages/airflow/example_dags/example_complex.py for tasks to queue
[2024-11-08T09:05:49.125+0000] {logging_mixin.py:190} INFO - [2024-11-08T09:05:49.124+0000] {dagbag.py:588} INFO - Filling up the DagBag from /home/airflow/.local/lib/python3.12/site-packages/airflow/example_dags/example_complex.py
[2024-11-08T09:05:49.173+0000] {processor.py:925} INFO - DAG(s) 'example_complex' retrieved from /home/airflow/.local/lib/python3.12/site-packages/airflow/example_dags/example_complex.py
[2024-11-08T09:05:49.467+0000] {logging_mixin.py:190} INFO - [2024-11-08T09:05:49.467+0000] {dag.py:3239} INFO - Sync 1 DAGs
[2024-11-08T09:05:49.533+0000] {logging_mixin.py:190} INFO - [2024-11-08T09:05:49.532+0000] {dag.py:4180} INFO - Setting next_dagrun for example_complex to None, run_after=None
[2024-11-08T09:05:49.596+0000] {processor.py:208} INFO - Processing /home/airflow/.local/lib/python3.12/site-packages/airflow/example_dags/example_complex.py took 0.503 seconds
[2024-11-08T09:06:19.793+0000] {processor.py:186} INFO - Started process (PID=619) to work on /home/airflow/.local/lib/python3.12/site-packages/airflow/example_dags/example_complex.py
[2024-11-08T09:06:19.794+0000] {processor.py:914} INFO - Processing file /home/airflow/.local/lib/python3.12/site-packages/airflow/example_dags/example_complex.py for tasks to queue
[2024-11-08T09:06:19.797+0000] {logging_mixin.py:190} INFO - [2024-11-08T09:06:19.796+0000] {dagbag.py:588} INFO - Filling up the DagBag from /home/airflow/.local/lib/python3.12/site-packages/airflow/example_dags/example_complex.py
[2024-11-08T09:06:19.816+0000] {processor.py:925} INFO - DAG(s) 'example_complex' retrieved from /home/airflow/.local/lib/python3.12/site-packages/airflow/example_dags/example_complex.py
[2024-11-08T09:06:19.873+0000] {logging_mixin.py:190} INFO - [2024-11-08T09:06:19.872+0000] {dag.py:3239} INFO - Sync 1 DAGs
[2024-11-08T09:06:19.898+0000] {logging_mixin.py:190} INFO - [2024-11-08T09:06:19.898+0000] {dag.py:4180} INFO - Setting next_dagrun for example_complex to None, run_after=None
[2024-11-08T09:06:19.936+0000] {processor.py:208} INFO - Processing /home/airflow/.local/lib/python3.12/site-packages/airflow/example_dags/example_complex.py took 0.153 seconds
