[2024-11-08T08:58:39.485+0000] {processor.py:186} INFO - Started process (PID=114) to work on /home/airflow/.local/lib/python3.12/site-packages/airflow/example_dags/example_external_task_marker_dag.py
[2024-11-08T08:58:39.496+0000] {processor.py:914} INFO - Processing file /home/airflow/.local/lib/python3.12/site-packages/airflow/example_dags/example_external_task_marker_dag.py for tasks to queue
[2024-11-08T08:58:39.530+0000] {logging_mixin.py:190} INFO - [2024-11-08T08:58:39.524+0000] {dagbag.py:588} INFO - Filling up the DagBag from /home/airflow/.local/lib/python3.12/site-packages/airflow/example_dags/example_external_task_marker_dag.py
[2024-11-08T08:58:39.761+0000] {processor.py:925} INFO - DAG(s) 'example_external_task_marker_child', 'example_external_task_marker_parent' retrieved from /home/airflow/.local/lib/python3.12/site-packages/airflow/example_dags/example_external_task_marker_dag.py
[2024-11-08T08:58:44.624+0000] {logging_mixin.py:190} INFO - [2024-11-08T08:58:44.605+0000] {override.py:1911} INFO - Created Permission View: can read on DAG:example_external_task_marker_child
[2024-11-08T08:58:44.857+0000] {logging_mixin.py:190} INFO - [2024-11-08T08:58:44.856+0000] {override.py:1911} INFO - Created Permission View: can delete on DAG:example_external_task_marker_child
[2024-11-08T08:58:45.035+0000] {logging_mixin.py:190} INFO - [2024-11-08T08:58:45.027+0000] {override.py:1911} INFO - Created Permission View: can edit on DAG:example_external_task_marker_child
[2024-11-08T08:58:45.112+0000] {logging_mixin.py:190} INFO - [2024-11-08T08:58:45.111+0000] {override.py:1911} INFO - Created Permission View: can read on DAG Run:example_external_task_marker_child
[2024-11-08T08:58:45.221+0000] {logging_mixin.py:190} INFO - [2024-11-08T08:58:45.220+0000] {override.py:1911} INFO - Created Permission View: can delete on DAG Run:example_external_task_marker_child
[2024-11-08T08:58:45.364+0000] {logging_mixin.py:190} INFO - [2024-11-08T08:58:45.333+0000] {override.py:1911} INFO - Created Permission View: can create on DAG Run:example_external_task_marker_child
[2024-11-08T08:58:45.444+0000] {logging_mixin.py:190} INFO - [2024-11-08T08:58:45.442+0000] {override.py:1911} INFO - Created Permission View: menu access on DAG Run:example_external_task_marker_child
[2024-11-08T08:58:45.618+0000] {logging_mixin.py:190} INFO - [2024-11-08T08:58:45.617+0000] {override.py:1911} INFO - Created Permission View: can read on DAG:example_external_task_marker_parent
[2024-11-08T08:58:45.681+0000] {logging_mixin.py:190} INFO - [2024-11-08T08:58:45.669+0000] {override.py:1911} INFO - Created Permission View: can delete on DAG:example_external_task_marker_parent
[2024-11-08T08:58:45.721+0000] {logging_mixin.py:190} INFO - [2024-11-08T08:58:45.715+0000] {override.py:1911} INFO - Created Permission View: can edit on DAG:example_external_task_marker_parent
[2024-11-08T08:58:45.780+0000] {logging_mixin.py:190} INFO - [2024-11-08T08:58:45.780+0000] {override.py:1911} INFO - Created Permission View: can read on DAG Run:example_external_task_marker_parent
[2024-11-08T08:58:45.835+0000] {logging_mixin.py:190} INFO - [2024-11-08T08:58:45.833+0000] {override.py:1911} INFO - Created Permission View: can delete on DAG Run:example_external_task_marker_parent
[2024-11-08T08:58:45.895+0000] {logging_mixin.py:190} INFO - [2024-11-08T08:58:45.894+0000] {override.py:1911} INFO - Created Permission View: can create on DAG Run:example_external_task_marker_parent
[2024-11-08T08:58:45.953+0000] {logging_mixin.py:190} INFO - [2024-11-08T08:58:45.952+0000] {override.py:1911} INFO - Created Permission View: menu access on DAG Run:example_external_task_marker_parent
[2024-11-08T08:58:45.973+0000] {logging_mixin.py:190} INFO - [2024-11-08T08:58:45.972+0000] {dag.py:3239} INFO - Sync 2 DAGs
[2024-11-08T08:58:46.105+0000] {logging_mixin.py:190} INFO - [2024-11-08T08:58:46.104+0000] {dag.py:3262} INFO - Creating ORM DAG for example_external_task_marker_child
[2024-11-08T08:58:46.121+0000] {logging_mixin.py:190} INFO - [2024-11-08T08:58:46.120+0000] {dag.py:3262} INFO - Creating ORM DAG for example_external_task_marker_parent
[2024-11-08T08:58:46.138+0000] {logging_mixin.py:190} INFO - [2024-11-08T08:58:46.137+0000] {dag.py:4180} INFO - Setting next_dagrun for example_external_task_marker_child to None, run_after=None
[2024-11-08T08:58:46.151+0000] {logging_mixin.py:190} INFO - [2024-11-08T08:58:46.150+0000] {dag.py:4180} INFO - Setting next_dagrun for example_external_task_marker_parent to None, run_after=None
[2024-11-08T08:58:46.335+0000] {processor.py:208} INFO - Processing /home/airflow/.local/lib/python3.12/site-packages/airflow/example_dags/example_external_task_marker_dag.py took 6.959 seconds
[2024-11-08T08:59:32.662+0000] {processor.py:186} INFO - Started process (PID=176) to work on /home/airflow/.local/lib/python3.12/site-packages/airflow/example_dags/example_external_task_marker_dag.py
[2024-11-08T08:59:32.664+0000] {processor.py:914} INFO - Processing file /home/airflow/.local/lib/python3.12/site-packages/airflow/example_dags/example_external_task_marker_dag.py for tasks to queue
[2024-11-08T08:59:32.670+0000] {logging_mixin.py:190} INFO - [2024-11-08T08:59:32.669+0000] {dagbag.py:588} INFO - Filling up the DagBag from /home/airflow/.local/lib/python3.12/site-packages/airflow/example_dags/example_external_task_marker_dag.py
[2024-11-08T08:59:32.690+0000] {processor.py:925} INFO - DAG(s) 'example_external_task_marker_parent', 'example_external_task_marker_child' retrieved from /home/airflow/.local/lib/python3.12/site-packages/airflow/example_dags/example_external_task_marker_dag.py
[2024-11-08T08:59:32.751+0000] {logging_mixin.py:190} INFO - [2024-11-08T08:59:32.750+0000] {dag.py:3239} INFO - Sync 2 DAGs
[2024-11-08T08:59:32.791+0000] {logging_mixin.py:190} INFO - [2024-11-08T08:59:32.791+0000] {dag.py:4180} INFO - Setting next_dagrun for example_external_task_marker_child to None, run_after=None
[2024-11-08T08:59:32.805+0000] {logging_mixin.py:190} INFO - [2024-11-08T08:59:32.805+0000] {dag.py:4180} INFO - Setting next_dagrun for example_external_task_marker_parent to None, run_after=None
[2024-11-08T08:59:32.851+0000] {processor.py:208} INFO - Processing /home/airflow/.local/lib/python3.12/site-packages/airflow/example_dags/example_external_task_marker_dag.py took 0.204 seconds
[2024-11-08T09:00:25.395+0000] {processor.py:186} INFO - Started process (PID=246) to work on /home/airflow/.local/lib/python3.12/site-packages/airflow/example_dags/example_external_task_marker_dag.py
[2024-11-08T09:00:25.399+0000] {processor.py:914} INFO - Processing file /home/airflow/.local/lib/python3.12/site-packages/airflow/example_dags/example_external_task_marker_dag.py for tasks to queue
[2024-11-08T09:00:25.440+0000] {logging_mixin.py:190} INFO - [2024-11-08T09:00:25.440+0000] {dagbag.py:588} INFO - Filling up the DagBag from /home/airflow/.local/lib/python3.12/site-packages/airflow/example_dags/example_external_task_marker_dag.py
[2024-11-08T09:00:25.506+0000] {processor.py:925} INFO - DAG(s) 'example_external_task_marker_parent', 'example_external_task_marker_child' retrieved from /home/airflow/.local/lib/python3.12/site-packages/airflow/example_dags/example_external_task_marker_dag.py
[2024-11-08T09:00:25.651+0000] {logging_mixin.py:190} INFO - [2024-11-08T09:00:25.651+0000] {dag.py:3239} INFO - Sync 2 DAGs
[2024-11-08T09:00:25.834+0000] {logging_mixin.py:190} INFO - [2024-11-08T09:00:25.834+0000] {dag.py:4180} INFO - Setting next_dagrun for example_external_task_marker_child to None, run_after=None
[2024-11-08T09:00:25.934+0000] {logging_mixin.py:190} INFO - [2024-11-08T09:00:25.934+0000] {dag.py:4180} INFO - Setting next_dagrun for example_external_task_marker_parent to None, run_after=None
[2024-11-08T09:00:26.088+0000] {processor.py:208} INFO - Processing /home/airflow/.local/lib/python3.12/site-packages/airflow/example_dags/example_external_task_marker_dag.py took 0.812 seconds
[2024-11-08T09:01:10.509+0000] {processor.py:186} INFO - Started process (PID=310) to work on /home/airflow/.local/lib/python3.12/site-packages/airflow/example_dags/example_external_task_marker_dag.py
[2024-11-08T09:01:10.519+0000] {processor.py:914} INFO - Processing file /home/airflow/.local/lib/python3.12/site-packages/airflow/example_dags/example_external_task_marker_dag.py for tasks to queue
[2024-11-08T09:01:10.528+0000] {logging_mixin.py:190} INFO - [2024-11-08T09:01:10.527+0000] {dagbag.py:588} INFO - Filling up the DagBag from /home/airflow/.local/lib/python3.12/site-packages/airflow/example_dags/example_external_task_marker_dag.py
[2024-11-08T09:01:10.561+0000] {processor.py:925} INFO - DAG(s) 'example_external_task_marker_child', 'example_external_task_marker_parent' retrieved from /home/airflow/.local/lib/python3.12/site-packages/airflow/example_dags/example_external_task_marker_dag.py
[2024-11-08T09:01:10.718+0000] {logging_mixin.py:190} INFO - [2024-11-08T09:01:10.718+0000] {dag.py:3239} INFO - Sync 2 DAGs
[2024-11-08T09:01:10.804+0000] {logging_mixin.py:190} INFO - [2024-11-08T09:01:10.801+0000] {dag.py:4180} INFO - Setting next_dagrun for example_external_task_marker_child to None, run_after=None
[2024-11-08T09:01:10.816+0000] {logging_mixin.py:190} INFO - [2024-11-08T09:01:10.815+0000] {dag.py:4180} INFO - Setting next_dagrun for example_external_task_marker_parent to None, run_after=None
[2024-11-08T09:01:10.890+0000] {processor.py:208} INFO - Processing /home/airflow/.local/lib/python3.12/site-packages/airflow/example_dags/example_external_task_marker_dag.py took 0.397 seconds
[2024-11-08T09:04:02.823+0000] {processor.py:186} INFO - Started process (PID=379) to work on /home/airflow/.local/lib/python3.12/site-packages/airflow/example_dags/example_external_task_marker_dag.py
[2024-11-08T09:04:02.826+0000] {processor.py:914} INFO - Processing file /home/airflow/.local/lib/python3.12/site-packages/airflow/example_dags/example_external_task_marker_dag.py for tasks to queue
[2024-11-08T09:04:02.830+0000] {logging_mixin.py:190} INFO - [2024-11-08T09:04:02.829+0000] {dagbag.py:588} INFO - Filling up the DagBag from /home/airflow/.local/lib/python3.12/site-packages/airflow/example_dags/example_external_task_marker_dag.py
[2024-11-08T09:04:02.848+0000] {processor.py:925} INFO - DAG(s) 'example_external_task_marker_parent', 'example_external_task_marker_child' retrieved from /home/airflow/.local/lib/python3.12/site-packages/airflow/example_dags/example_external_task_marker_dag.py
[2024-11-08T09:04:02.892+0000] {logging_mixin.py:190} INFO - [2024-11-08T09:04:02.891+0000] {dag.py:3239} INFO - Sync 2 DAGs
[2024-11-08T09:04:02.917+0000] {logging_mixin.py:190} INFO - [2024-11-08T09:04:02.916+0000] {dag.py:4180} INFO - Setting next_dagrun for example_external_task_marker_child to None, run_after=None
[2024-11-08T09:04:02.923+0000] {logging_mixin.py:190} INFO - [2024-11-08T09:04:02.923+0000] {dag.py:4180} INFO - Setting next_dagrun for example_external_task_marker_parent to None, run_after=None
[2024-11-08T09:04:02.958+0000] {processor.py:208} INFO - Processing /home/airflow/.local/lib/python3.12/site-packages/airflow/example_dags/example_external_task_marker_dag.py took 0.144 seconds
[2024-11-08T09:04:48.329+0000] {processor.py:186} INFO - Started process (PID=442) to work on /home/airflow/.local/lib/python3.12/site-packages/airflow/example_dags/example_external_task_marker_dag.py
[2024-11-08T09:04:48.335+0000] {processor.py:914} INFO - Processing file /home/airflow/.local/lib/python3.12/site-packages/airflow/example_dags/example_external_task_marker_dag.py for tasks to queue
[2024-11-08T09:04:48.343+0000] {logging_mixin.py:190} INFO - [2024-11-08T09:04:48.342+0000] {dagbag.py:588} INFO - Filling up the DagBag from /home/airflow/.local/lib/python3.12/site-packages/airflow/example_dags/example_external_task_marker_dag.py
[2024-11-08T09:04:48.368+0000] {processor.py:925} INFO - DAG(s) 'example_external_task_marker_parent', 'example_external_task_marker_child' retrieved from /home/airflow/.local/lib/python3.12/site-packages/airflow/example_dags/example_external_task_marker_dag.py
[2024-11-08T09:04:48.433+0000] {logging_mixin.py:190} INFO - [2024-11-08T09:04:48.432+0000] {dag.py:3239} INFO - Sync 2 DAGs
[2024-11-08T09:04:48.480+0000] {logging_mixin.py:190} INFO - [2024-11-08T09:04:48.479+0000] {dag.py:4180} INFO - Setting next_dagrun for example_external_task_marker_child to None, run_after=None
[2024-11-08T09:04:48.497+0000] {logging_mixin.py:190} INFO - [2024-11-08T09:04:48.497+0000] {dag.py:4180} INFO - Setting next_dagrun for example_external_task_marker_parent to None, run_after=None
[2024-11-08T09:04:48.561+0000] {processor.py:208} INFO - Processing /home/airflow/.local/lib/python3.12/site-packages/airflow/example_dags/example_external_task_marker_dag.py took 0.253 seconds
[2024-11-08T09:05:21.716+0000] {processor.py:186} INFO - Started process (PID=505) to work on /home/airflow/.local/lib/python3.12/site-packages/airflow/example_dags/example_external_task_marker_dag.py
[2024-11-08T09:05:21.720+0000] {processor.py:914} INFO - Processing file /home/airflow/.local/lib/python3.12/site-packages/airflow/example_dags/example_external_task_marker_dag.py for tasks to queue
[2024-11-08T09:05:21.723+0000] {logging_mixin.py:190} INFO - [2024-11-08T09:05:21.722+0000] {dagbag.py:588} INFO - Filling up the DagBag from /home/airflow/.local/lib/python3.12/site-packages/airflow/example_dags/example_external_task_marker_dag.py
[2024-11-08T09:05:21.745+0000] {processor.py:925} INFO - DAG(s) 'example_external_task_marker_parent', 'example_external_task_marker_child' retrieved from /home/airflow/.local/lib/python3.12/site-packages/airflow/example_dags/example_external_task_marker_dag.py
[2024-11-08T09:05:21.841+0000] {logging_mixin.py:190} INFO - [2024-11-08T09:05:21.841+0000] {dag.py:3239} INFO - Sync 2 DAGs
[2024-11-08T09:05:21.880+0000] {logging_mixin.py:190} INFO - [2024-11-08T09:05:21.880+0000] {dag.py:4180} INFO - Setting next_dagrun for example_external_task_marker_child to None, run_after=None
[2024-11-08T09:05:21.889+0000] {logging_mixin.py:190} INFO - [2024-11-08T09:05:21.889+0000] {dag.py:4180} INFO - Setting next_dagrun for example_external_task_marker_parent to None, run_after=None
[2024-11-08T09:05:21.946+0000] {processor.py:208} INFO - Processing /home/airflow/.local/lib/python3.12/site-packages/airflow/example_dags/example_external_task_marker_dag.py took 0.243 seconds
[2024-11-08T09:05:56.737+0000] {processor.py:186} INFO - Started process (PID=568) to work on /home/airflow/.local/lib/python3.12/site-packages/airflow/example_dags/example_external_task_marker_dag.py
[2024-11-08T09:05:56.741+0000] {processor.py:914} INFO - Processing file /home/airflow/.local/lib/python3.12/site-packages/airflow/example_dags/example_external_task_marker_dag.py for tasks to queue
[2024-11-08T09:05:56.744+0000] {logging_mixin.py:190} INFO - [2024-11-08T09:05:56.743+0000] {dagbag.py:588} INFO - Filling up the DagBag from /home/airflow/.local/lib/python3.12/site-packages/airflow/example_dags/example_external_task_marker_dag.py
[2024-11-08T09:05:56.768+0000] {processor.py:925} INFO - DAG(s) 'example_external_task_marker_child', 'example_external_task_marker_parent' retrieved from /home/airflow/.local/lib/python3.12/site-packages/airflow/example_dags/example_external_task_marker_dag.py
[2024-11-08T09:05:56.842+0000] {logging_mixin.py:190} INFO - [2024-11-08T09:05:56.842+0000] {dag.py:3239} INFO - Sync 2 DAGs
[2024-11-08T09:05:56.873+0000] {logging_mixin.py:190} INFO - [2024-11-08T09:05:56.873+0000] {dag.py:4180} INFO - Setting next_dagrun for example_external_task_marker_child to None, run_after=None
[2024-11-08T09:05:56.882+0000] {logging_mixin.py:190} INFO - [2024-11-08T09:05:56.881+0000] {dag.py:4180} INFO - Setting next_dagrun for example_external_task_marker_parent to None, run_after=None
[2024-11-08T09:05:56.946+0000] {processor.py:208} INFO - Processing /home/airflow/.local/lib/python3.12/site-packages/airflow/example_dags/example_external_task_marker_dag.py took 0.226 seconds
[2024-11-08T09:06:31.120+0000] {processor.py:186} INFO - Started process (PID=631) to work on /home/airflow/.local/lib/python3.12/site-packages/airflow/example_dags/example_external_task_marker_dag.py
[2024-11-08T09:06:31.123+0000] {processor.py:914} INFO - Processing file /home/airflow/.local/lib/python3.12/site-packages/airflow/example_dags/example_external_task_marker_dag.py for tasks to queue
[2024-11-08T09:06:31.135+0000] {logging_mixin.py:190} INFO - [2024-11-08T09:06:31.134+0000] {dagbag.py:588} INFO - Filling up the DagBag from /home/airflow/.local/lib/python3.12/site-packages/airflow/example_dags/example_external_task_marker_dag.py
[2024-11-08T09:06:31.165+0000] {processor.py:925} INFO - DAG(s) 'example_external_task_marker_parent', 'example_external_task_marker_child' retrieved from /home/airflow/.local/lib/python3.12/site-packages/airflow/example_dags/example_external_task_marker_dag.py
[2024-11-08T09:06:31.271+0000] {logging_mixin.py:190} INFO - [2024-11-08T09:06:31.270+0000] {dag.py:3239} INFO - Sync 2 DAGs
[2024-11-08T09:06:31.353+0000] {logging_mixin.py:190} INFO - [2024-11-08T09:06:31.353+0000] {dag.py:4180} INFO - Setting next_dagrun for example_external_task_marker_child to None, run_after=None
[2024-11-08T09:06:31.373+0000] {logging_mixin.py:190} INFO - [2024-11-08T09:06:31.372+0000] {dag.py:4180} INFO - Setting next_dagrun for example_external_task_marker_parent to None, run_after=None
[2024-11-08T09:06:31.443+0000] {processor.py:208} INFO - Processing /home/airflow/.local/lib/python3.12/site-packages/airflow/example_dags/example_external_task_marker_dag.py took 0.340 seconds
