[2024-11-08T08:57:20.702+0000] {processor.py:186} INFO - Started process (PID=101) to work on /home/airflow/.local/lib/python3.12/site-packages/airflow/example_dags/example_dataset_alias.py
[2024-11-08T08:57:20.704+0000] {processor.py:914} INFO - Processing file /home/airflow/.local/lib/python3.12/site-packages/airflow/example_dags/example_dataset_alias.py for tasks to queue
[2024-11-08T08:57:20.710+0000] {logging_mixin.py:190} INFO - [2024-11-08T08:57:20.709+0000] {dagbag.py:588} INFO - Filling up the DagBag from /home/airflow/.local/lib/python3.12/site-packages/airflow/example_dags/example_dataset_alias.py
[2024-11-08T08:59:28.317+0000] {processor.py:186} INFO - Started process (PID=169) to work on /home/airflow/.local/lib/python3.12/site-packages/airflow/example_dags/example_dataset_alias.py
[2024-11-08T08:59:28.321+0000] {processor.py:914} INFO - Processing file /home/airflow/.local/lib/python3.12/site-packages/airflow/example_dags/example_dataset_alias.py for tasks to queue
[2024-11-08T08:59:28.326+0000] {logging_mixin.py:190} INFO - [2024-11-08T08:59:28.325+0000] {dagbag.py:588} INFO - Filling up the DagBag from /home/airflow/.local/lib/python3.12/site-packages/airflow/example_dags/example_dataset_alias.py
[2024-11-08T08:59:30.968+0000] {processor.py:925} INFO - DAG(s) 'dataset_s3_bucket_consumer', 'dataset_alias_example_alias_producer', 'dataset_alias_example_alias_consumer', 'dataset_s3_bucket_producer' retrieved from /home/airflow/.local/lib/python3.12/site-packages/airflow/example_dags/example_dataset_alias.py
[2024-11-08T08:59:31.213+0000] {logging_mixin.py:190} INFO - [2024-11-08T08:59:31.211+0000] {override.py:1911} INFO - Created Permission View: can read on DAG:dataset_s3_bucket_consumer
[2024-11-08T08:59:31.251+0000] {logging_mixin.py:190} INFO - [2024-11-08T08:59:31.250+0000] {override.py:1911} INFO - Created Permission View: can delete on DAG:dataset_s3_bucket_consumer
[2024-11-08T08:59:31.275+0000] {logging_mixin.py:190} INFO - [2024-11-08T08:59:31.275+0000] {override.py:1911} INFO - Created Permission View: can edit on DAG:dataset_s3_bucket_consumer
[2024-11-08T08:59:31.303+0000] {logging_mixin.py:190} INFO - [2024-11-08T08:59:31.302+0000] {override.py:1911} INFO - Created Permission View: can read on DAG Run:dataset_s3_bucket_consumer
[2024-11-08T08:59:31.324+0000] {logging_mixin.py:190} INFO - [2024-11-08T08:59:31.324+0000] {override.py:1911} INFO - Created Permission View: can delete on DAG Run:dataset_s3_bucket_consumer
[2024-11-08T08:59:31.349+0000] {logging_mixin.py:190} INFO - [2024-11-08T08:59:31.349+0000] {override.py:1911} INFO - Created Permission View: can create on DAG Run:dataset_s3_bucket_consumer
[2024-11-08T08:59:31.371+0000] {logging_mixin.py:190} INFO - [2024-11-08T08:59:31.370+0000] {override.py:1911} INFO - Created Permission View: menu access on DAG Run:dataset_s3_bucket_consumer
[2024-11-08T08:59:31.419+0000] {logging_mixin.py:190} INFO - [2024-11-08T08:59:31.419+0000] {override.py:1911} INFO - Created Permission View: can read on DAG:dataset_alias_example_alias_producer
[2024-11-08T08:59:31.443+0000] {logging_mixin.py:190} INFO - [2024-11-08T08:59:31.442+0000] {override.py:1911} INFO - Created Permission View: can delete on DAG:dataset_alias_example_alias_producer
[2024-11-08T08:59:31.463+0000] {logging_mixin.py:190} INFO - [2024-11-08T08:59:31.462+0000] {override.py:1911} INFO - Created Permission View: can edit on DAG:dataset_alias_example_alias_producer
[2024-11-08T08:59:31.492+0000] {logging_mixin.py:190} INFO - [2024-11-08T08:59:31.491+0000] {override.py:1911} INFO - Created Permission View: can read on DAG Run:dataset_alias_example_alias_producer
[2024-11-08T08:59:31.522+0000] {logging_mixin.py:190} INFO - [2024-11-08T08:59:31.521+0000] {override.py:1911} INFO - Created Permission View: can delete on DAG Run:dataset_alias_example_alias_producer
[2024-11-08T08:59:31.542+0000] {logging_mixin.py:190} INFO - [2024-11-08T08:59:31.541+0000] {override.py:1911} INFO - Created Permission View: can create on DAG Run:dataset_alias_example_alias_producer
[2024-11-08T08:59:31.561+0000] {logging_mixin.py:190} INFO - [2024-11-08T08:59:31.560+0000] {override.py:1911} INFO - Created Permission View: menu access on DAG Run:dataset_alias_example_alias_producer
[2024-11-08T08:59:31.600+0000] {logging_mixin.py:190} INFO - [2024-11-08T08:59:31.599+0000] {override.py:1911} INFO - Created Permission View: can read on DAG:dataset_alias_example_alias_consumer
[2024-11-08T08:59:31.626+0000] {logging_mixin.py:190} INFO - [2024-11-08T08:59:31.625+0000] {override.py:1911} INFO - Created Permission View: can delete on DAG:dataset_alias_example_alias_consumer
[2024-11-08T08:59:31.650+0000] {logging_mixin.py:190} INFO - [2024-11-08T08:59:31.649+0000] {override.py:1911} INFO - Created Permission View: can edit on DAG:dataset_alias_example_alias_consumer
[2024-11-08T08:59:31.680+0000] {logging_mixin.py:190} INFO - [2024-11-08T08:59:31.679+0000] {override.py:1911} INFO - Created Permission View: can read on DAG Run:dataset_alias_example_alias_consumer
[2024-11-08T08:59:31.709+0000] {logging_mixin.py:190} INFO - [2024-11-08T08:59:31.708+0000] {override.py:1911} INFO - Created Permission View: can delete on DAG Run:dataset_alias_example_alias_consumer
[2024-11-08T08:59:31.737+0000] {logging_mixin.py:190} INFO - [2024-11-08T08:59:31.736+0000] {override.py:1911} INFO - Created Permission View: can create on DAG Run:dataset_alias_example_alias_consumer
[2024-11-08T08:59:31.759+0000] {logging_mixin.py:190} INFO - [2024-11-08T08:59:31.759+0000] {override.py:1911} INFO - Created Permission View: menu access on DAG Run:dataset_alias_example_alias_consumer
[2024-11-08T08:59:31.800+0000] {logging_mixin.py:190} INFO - [2024-11-08T08:59:31.799+0000] {override.py:1911} INFO - Created Permission View: can read on DAG:dataset_s3_bucket_producer
[2024-11-08T08:59:31.827+0000] {logging_mixin.py:190} INFO - [2024-11-08T08:59:31.826+0000] {override.py:1911} INFO - Created Permission View: can delete on DAG:dataset_s3_bucket_producer
[2024-11-08T08:59:31.850+0000] {logging_mixin.py:190} INFO - [2024-11-08T08:59:31.850+0000] {override.py:1911} INFO - Created Permission View: can edit on DAG:dataset_s3_bucket_producer
[2024-11-08T08:59:31.875+0000] {logging_mixin.py:190} INFO - [2024-11-08T08:59:31.875+0000] {override.py:1911} INFO - Created Permission View: can read on DAG Run:dataset_s3_bucket_producer
[2024-11-08T08:59:31.896+0000] {logging_mixin.py:190} INFO - [2024-11-08T08:59:31.895+0000] {override.py:1911} INFO - Created Permission View: can delete on DAG Run:dataset_s3_bucket_producer
[2024-11-08T08:59:31.917+0000] {logging_mixin.py:190} INFO - [2024-11-08T08:59:31.917+0000] {override.py:1911} INFO - Created Permission View: can create on DAG Run:dataset_s3_bucket_producer
[2024-11-08T08:59:31.941+0000] {logging_mixin.py:190} INFO - [2024-11-08T08:59:31.941+0000] {override.py:1911} INFO - Created Permission View: menu access on DAG Run:dataset_s3_bucket_producer
[2024-11-08T08:59:31.943+0000] {logging_mixin.py:190} INFO - [2024-11-08T08:59:31.942+0000] {dag.py:3239} INFO - Sync 4 DAGs
[2024-11-08T08:59:31.999+0000] {logging_mixin.py:190} INFO - [2024-11-08T08:59:31.996+0000] {dag.py:3262} INFO - Creating ORM DAG for dataset_s3_bucket_consumer
[2024-11-08T08:59:32.001+0000] {logging_mixin.py:190} INFO - [2024-11-08T08:59:32.001+0000] {dag.py:3262} INFO - Creating ORM DAG for dataset_alias_example_alias_consumer
[2024-11-08T08:59:32.004+0000] {logging_mixin.py:190} INFO - [2024-11-08T08:59:32.003+0000] {dag.py:3262} INFO - Creating ORM DAG for dataset_s3_bucket_producer
[2024-11-08T08:59:32.006+0000] {logging_mixin.py:190} INFO - [2024-11-08T08:59:32.006+0000] {dag.py:3262} INFO - Creating ORM DAG for dataset_alias_example_alias_producer
[2024-11-08T08:59:32.039+0000] {logging_mixin.py:190} INFO - [2024-11-08T08:59:32.038+0000] {dag.py:4180} INFO - Setting next_dagrun for dataset_alias_example_alias_consumer to None, run_after=None
[2024-11-08T08:59:32.042+0000] {logging_mixin.py:190} INFO - [2024-11-08T08:59:32.041+0000] {dag.py:4180} INFO - Setting next_dagrun for dataset_alias_example_alias_producer to None, run_after=None
[2024-11-08T08:59:32.045+0000] {logging_mixin.py:190} INFO - [2024-11-08T08:59:32.044+0000] {dag.py:4180} INFO - Setting next_dagrun for dataset_s3_bucket_consumer to None, run_after=None
[2024-11-08T08:59:32.049+0000] {logging_mixin.py:190} INFO - [2024-11-08T08:59:32.047+0000] {dag.py:4180} INFO - Setting next_dagrun for dataset_s3_bucket_producer to None, run_after=None
[2024-11-08T08:59:32.139+0000] {processor.py:208} INFO - Processing /home/airflow/.local/lib/python3.12/site-packages/airflow/example_dags/example_dataset_alias.py took 3.835 seconds
[2024-11-08T09:00:07.360+0000] {processor.py:186} INFO - Started process (PID=233) to work on /home/airflow/.local/lib/python3.12/site-packages/airflow/example_dags/example_dataset_alias.py
[2024-11-08T09:00:07.364+0000] {processor.py:914} INFO - Processing file /home/airflow/.local/lib/python3.12/site-packages/airflow/example_dags/example_dataset_alias.py for tasks to queue
[2024-11-08T09:00:07.383+0000] {logging_mixin.py:190} INFO - [2024-11-08T09:00:07.382+0000] {dagbag.py:588} INFO - Filling up the DagBag from /home/airflow/.local/lib/python3.12/site-packages/airflow/example_dags/example_dataset_alias.py
[2024-11-08T09:00:22.768+0000] {processor.py:925} INFO - DAG(s) 'dataset_s3_bucket_consumer', 'dataset_alias_example_alias_producer', 'dataset_alias_example_alias_consumer', 'dataset_s3_bucket_producer' retrieved from /home/airflow/.local/lib/python3.12/site-packages/airflow/example_dags/example_dataset_alias.py
[2024-11-08T09:00:22.839+0000] {logging_mixin.py:190} INFO - [2024-11-08T09:00:22.812+0000] {dag.py:3239} INFO - Sync 4 DAGs
[2024-11-08T09:00:22.902+0000] {logging_mixin.py:190} INFO - [2024-11-08T09:00:22.902+0000] {dag.py:4180} INFO - Setting next_dagrun for dataset_alias_example_alias_consumer to None, run_after=None
[2024-11-08T09:00:22.908+0000] {logging_mixin.py:190} INFO - [2024-11-08T09:00:22.908+0000] {dag.py:4180} INFO - Setting next_dagrun for dataset_alias_example_alias_producer to None, run_after=None
[2024-11-08T09:00:22.911+0000] {logging_mixin.py:190} INFO - [2024-11-08T09:00:22.911+0000] {dag.py:4180} INFO - Setting next_dagrun for dataset_s3_bucket_consumer to None, run_after=None
[2024-11-08T09:00:22.915+0000] {logging_mixin.py:190} INFO - [2024-11-08T09:00:22.914+0000] {dag.py:4180} INFO - Setting next_dagrun for dataset_s3_bucket_producer to None, run_after=None
[2024-11-08T09:00:23.064+0000] {processor.py:208} INFO - Processing /home/airflow/.local/lib/python3.12/site-packages/airflow/example_dags/example_dataset_alias.py took 15.893 seconds
[2024-11-08T09:00:58.025+0000] {processor.py:186} INFO - Started process (PID=290) to work on /home/airflow/.local/lib/python3.12/site-packages/airflow/example_dags/example_dataset_alias.py
[2024-11-08T09:00:58.028+0000] {processor.py:914} INFO - Processing file /home/airflow/.local/lib/python3.12/site-packages/airflow/example_dags/example_dataset_alias.py for tasks to queue
[2024-11-08T09:00:58.035+0000] {logging_mixin.py:190} INFO - [2024-11-08T09:00:58.034+0000] {dagbag.py:588} INFO - Filling up the DagBag from /home/airflow/.local/lib/python3.12/site-packages/airflow/example_dags/example_dataset_alias.py
[2024-11-08T09:01:02.254+0000] {processor.py:925} INFO - DAG(s) 'dataset_s3_bucket_consumer', 'dataset_s3_bucket_producer', 'dataset_alias_example_alias_producer', 'dataset_alias_example_alias_consumer' retrieved from /home/airflow/.local/lib/python3.12/site-packages/airflow/example_dags/example_dataset_alias.py
[2024-11-08T09:01:02.424+0000] {logging_mixin.py:190} INFO - [2024-11-08T09:01:02.423+0000] {dag.py:3239} INFO - Sync 4 DAGs
[2024-11-08T09:01:02.540+0000] {logging_mixin.py:190} INFO - [2024-11-08T09:01:02.540+0000] {dag.py:4180} INFO - Setting next_dagrun for dataset_alias_example_alias_consumer to None, run_after=None
[2024-11-08T09:01:02.572+0000] {logging_mixin.py:190} INFO - [2024-11-08T09:01:02.571+0000] {dag.py:4180} INFO - Setting next_dagrun for dataset_alias_example_alias_producer to None, run_after=None
[2024-11-08T09:01:02.601+0000] {logging_mixin.py:190} INFO - [2024-11-08T09:01:02.600+0000] {dag.py:4180} INFO - Setting next_dagrun for dataset_s3_bucket_consumer to None, run_after=None
[2024-11-08T09:01:02.624+0000] {logging_mixin.py:190} INFO - [2024-11-08T09:01:02.624+0000] {dag.py:4180} INFO - Setting next_dagrun for dataset_s3_bucket_producer to None, run_after=None
[2024-11-08T09:01:02.753+0000] {processor.py:208} INFO - Processing /home/airflow/.local/lib/python3.12/site-packages/airflow/example_dags/example_dataset_alias.py took 4.751 seconds
[2024-11-08T09:01:33.130+0000] {processor.py:186} INFO - Started process (PID=354) to work on /home/airflow/.local/lib/python3.12/site-packages/airflow/example_dags/example_dataset_alias.py
[2024-11-08T09:01:33.133+0000] {processor.py:914} INFO - Processing file /home/airflow/.local/lib/python3.12/site-packages/airflow/example_dags/example_dataset_alias.py for tasks to queue
[2024-11-08T09:01:33.164+0000] {logging_mixin.py:190} INFO - [2024-11-08T09:01:33.164+0000] {dagbag.py:588} INFO - Filling up the DagBag from /home/airflow/.local/lib/python3.12/site-packages/airflow/example_dags/example_dataset_alias.py
[2024-11-08T09:02:13.926+0000] {logging_mixin.py:190} INFO - [2024-11-08T09:02:03.800+0000] {timeout.py:68} ERROR - Process timed out, PID: 354
[2024-11-08T09:04:43.353+0000] {processor.py:186} INFO - Started process (PID=435) to work on /home/airflow/.local/lib/python3.12/site-packages/airflow/example_dags/example_dataset_alias.py
[2024-11-08T09:04:43.357+0000] {processor.py:914} INFO - Processing file /home/airflow/.local/lib/python3.12/site-packages/airflow/example_dags/example_dataset_alias.py for tasks to queue
[2024-11-08T09:04:43.363+0000] {logging_mixin.py:190} INFO - [2024-11-08T09:04:43.362+0000] {dagbag.py:588} INFO - Filling up the DagBag from /home/airflow/.local/lib/python3.12/site-packages/airflow/example_dags/example_dataset_alias.py
[2024-11-08T09:04:46.278+0000] {processor.py:925} INFO - DAG(s) 'dataset_alias_example_alias_consumer', 'dataset_s3_bucket_producer', 'dataset_s3_bucket_consumer', 'dataset_alias_example_alias_producer' retrieved from /home/airflow/.local/lib/python3.12/site-packages/airflow/example_dags/example_dataset_alias.py
[2024-11-08T09:04:47.039+0000] {logging_mixin.py:190} INFO - [2024-11-08T09:04:47.037+0000] {dag.py:3239} INFO - Sync 4 DAGs
[2024-11-08T09:04:47.150+0000] {logging_mixin.py:190} INFO - [2024-11-08T09:04:47.150+0000] {dag.py:4180} INFO - Setting next_dagrun for dataset_alias_example_alias_consumer to None, run_after=None
[2024-11-08T09:04:47.158+0000] {logging_mixin.py:190} INFO - [2024-11-08T09:04:47.157+0000] {dag.py:4180} INFO - Setting next_dagrun for dataset_alias_example_alias_producer to None, run_after=None
[2024-11-08T09:04:47.164+0000] {logging_mixin.py:190} INFO - [2024-11-08T09:04:47.163+0000] {dag.py:4180} INFO - Setting next_dagrun for dataset_s3_bucket_consumer to None, run_after=None
[2024-11-08T09:04:47.170+0000] {logging_mixin.py:190} INFO - [2024-11-08T09:04:47.170+0000] {dag.py:4180} INFO - Setting next_dagrun for dataset_s3_bucket_producer to None, run_after=None
[2024-11-08T09:04:47.245+0000] {processor.py:208} INFO - Processing /home/airflow/.local/lib/python3.12/site-packages/airflow/example_dags/example_dataset_alias.py took 3.899 seconds
[2024-11-08T09:05:17.848+0000] {processor.py:186} INFO - Started process (PID=499) to work on /home/airflow/.local/lib/python3.12/site-packages/airflow/example_dags/example_dataset_alias.py
[2024-11-08T09:05:17.850+0000] {processor.py:914} INFO - Processing file /home/airflow/.local/lib/python3.12/site-packages/airflow/example_dags/example_dataset_alias.py for tasks to queue
[2024-11-08T09:05:17.853+0000] {logging_mixin.py:190} INFO - [2024-11-08T09:05:17.852+0000] {dagbag.py:588} INFO - Filling up the DagBag from /home/airflow/.local/lib/python3.12/site-packages/airflow/example_dags/example_dataset_alias.py
[2024-11-08T09:05:20.825+0000] {processor.py:925} INFO - DAG(s) 'dataset_s3_bucket_producer', 'dataset_alias_example_alias_producer', 'dataset_s3_bucket_consumer', 'dataset_alias_example_alias_consumer' retrieved from /home/airflow/.local/lib/python3.12/site-packages/airflow/example_dags/example_dataset_alias.py
[2024-11-08T09:05:20.892+0000] {logging_mixin.py:190} INFO - [2024-11-08T09:05:20.891+0000] {dag.py:3239} INFO - Sync 4 DAGs
[2024-11-08T09:05:20.944+0000] {logging_mixin.py:190} INFO - [2024-11-08T09:05:20.944+0000] {dag.py:4180} INFO - Setting next_dagrun for dataset_alias_example_alias_consumer to None, run_after=None
[2024-11-08T09:05:20.950+0000] {logging_mixin.py:190} INFO - [2024-11-08T09:05:20.950+0000] {dag.py:4180} INFO - Setting next_dagrun for dataset_alias_example_alias_producer to None, run_after=None
[2024-11-08T09:05:20.954+0000] {logging_mixin.py:190} INFO - [2024-11-08T09:05:20.954+0000] {dag.py:4180} INFO - Setting next_dagrun for dataset_s3_bucket_consumer to None, run_after=None
[2024-11-08T09:05:20.958+0000] {logging_mixin.py:190} INFO - [2024-11-08T09:05:20.957+0000] {dag.py:4180} INFO - Setting next_dagrun for dataset_s3_bucket_producer to None, run_after=None
[2024-11-08T09:05:21.002+0000] {processor.py:208} INFO - Processing /home/airflow/.local/lib/python3.12/site-packages/airflow/example_dags/example_dataset_alias.py took 3.169 seconds
[2024-11-08T09:05:51.531+0000] {processor.py:186} INFO - Started process (PID=563) to work on /home/airflow/.local/lib/python3.12/site-packages/airflow/example_dags/example_dataset_alias.py
[2024-11-08T09:05:51.536+0000] {processor.py:914} INFO - Processing file /home/airflow/.local/lib/python3.12/site-packages/airflow/example_dags/example_dataset_alias.py for tasks to queue
[2024-11-08T09:05:51.539+0000] {logging_mixin.py:190} INFO - [2024-11-08T09:05:51.538+0000] {dagbag.py:588} INFO - Filling up the DagBag from /home/airflow/.local/lib/python3.12/site-packages/airflow/example_dags/example_dataset_alias.py
[2024-11-08T09:05:55.129+0000] {processor.py:925} INFO - DAG(s) 'dataset_s3_bucket_producer', 'dataset_alias_example_alias_consumer', 'dataset_s3_bucket_consumer', 'dataset_alias_example_alias_producer' retrieved from /home/airflow/.local/lib/python3.12/site-packages/airflow/example_dags/example_dataset_alias.py
[2024-11-08T09:05:55.254+0000] {logging_mixin.py:190} INFO - [2024-11-08T09:05:55.252+0000] {dag.py:3239} INFO - Sync 4 DAGs
[2024-11-08T09:05:55.378+0000] {logging_mixin.py:190} INFO - [2024-11-08T09:05:55.378+0000] {dag.py:4180} INFO - Setting next_dagrun for dataset_alias_example_alias_consumer to None, run_after=None
[2024-11-08T09:05:55.390+0000] {logging_mixin.py:190} INFO - [2024-11-08T09:05:55.388+0000] {dag.py:4180} INFO - Setting next_dagrun for dataset_alias_example_alias_producer to None, run_after=None
[2024-11-08T09:05:55.401+0000] {logging_mixin.py:190} INFO - [2024-11-08T09:05:55.400+0000] {dag.py:4180} INFO - Setting next_dagrun for dataset_s3_bucket_consumer to None, run_after=None
[2024-11-08T09:05:55.429+0000] {logging_mixin.py:190} INFO - [2024-11-08T09:05:55.428+0000] {dag.py:4180} INFO - Setting next_dagrun for dataset_s3_bucket_producer to None, run_after=None
[2024-11-08T09:05:55.567+0000] {processor.py:208} INFO - Processing /home/airflow/.local/lib/python3.12/site-packages/airflow/example_dags/example_dataset_alias.py took 4.049 seconds
[2024-11-08T09:06:26.343+0000] {processor.py:186} INFO - Started process (PID=626) to work on /home/airflow/.local/lib/python3.12/site-packages/airflow/example_dags/example_dataset_alias.py
[2024-11-08T09:06:26.352+0000] {processor.py:914} INFO - Processing file /home/airflow/.local/lib/python3.12/site-packages/airflow/example_dags/example_dataset_alias.py for tasks to queue
[2024-11-08T09:06:26.357+0000] {logging_mixin.py:190} INFO - [2024-11-08T09:06:26.356+0000] {dagbag.py:588} INFO - Filling up the DagBag from /home/airflow/.local/lib/python3.12/site-packages/airflow/example_dags/example_dataset_alias.py
[2024-11-08T09:06:30.021+0000] {processor.py:925} INFO - DAG(s) 'dataset_s3_bucket_producer', 'dataset_s3_bucket_consumer', 'dataset_alias_example_alias_consumer', 'dataset_alias_example_alias_producer' retrieved from /home/airflow/.local/lib/python3.12/site-packages/airflow/example_dags/example_dataset_alias.py
[2024-11-08T09:06:30.115+0000] {logging_mixin.py:190} INFO - [2024-11-08T09:06:30.113+0000] {dag.py:3239} INFO - Sync 4 DAGs
[2024-11-08T09:06:30.195+0000] {logging_mixin.py:190} INFO - [2024-11-08T09:06:30.195+0000] {dag.py:4180} INFO - Setting next_dagrun for dataset_alias_example_alias_consumer to None, run_after=None
[2024-11-08T09:06:30.203+0000] {logging_mixin.py:190} INFO - [2024-11-08T09:06:30.203+0000] {dag.py:4180} INFO - Setting next_dagrun for dataset_alias_example_alias_producer to None, run_after=None
[2024-11-08T09:06:30.208+0000] {logging_mixin.py:190} INFO - [2024-11-08T09:06:30.207+0000] {dag.py:4180} INFO - Setting next_dagrun for dataset_s3_bucket_consumer to None, run_after=None
[2024-11-08T09:06:30.212+0000] {logging_mixin.py:190} INFO - [2024-11-08T09:06:30.211+0000] {dag.py:4180} INFO - Setting next_dagrun for dataset_s3_bucket_producer to None, run_after=None
[2024-11-08T09:06:30.297+0000] {processor.py:208} INFO - Processing /home/airflow/.local/lib/python3.12/site-packages/airflow/example_dags/example_dataset_alias.py took 3.972 seconds
