[2024-11-08T08:59:13.717+0000] {processor.py:186} INFO - Started process (PID=144) to work on /home/airflow/.local/lib/python3.12/site-packages/airflow/example_dags/example_sla_dag.py
[2024-11-08T08:59:13.723+0000] {processor.py:914} INFO - Processing file /home/airflow/.local/lib/python3.12/site-packages/airflow/example_dags/example_sla_dag.py for tasks to queue
[2024-11-08T08:59:13.733+0000] {logging_mixin.py:190} INFO - [2024-11-08T08:59:13.731+0000] {dagbag.py:588} INFO - Filling up the DagBag from /home/airflow/.local/lib/python3.12/site-packages/airflow/example_dags/example_sla_dag.py
[2024-11-08T08:59:13.798+0000] {processor.py:925} INFO - DAG(s) 'example_sla_dag' retrieved from /home/airflow/.local/lib/python3.12/site-packages/airflow/example_dags/example_sla_dag.py
[2024-11-08T08:59:14.187+0000] {logging_mixin.py:190} INFO - [2024-11-08T08:59:14.186+0000] {override.py:1911} INFO - Created Permission View: can read on DAG:example_sla_dag
[2024-11-08T08:59:14.242+0000] {logging_mixin.py:190} INFO - [2024-11-08T08:59:14.241+0000] {override.py:1911} INFO - Created Permission View: can delete on DAG:example_sla_dag
[2024-11-08T08:59:14.264+0000] {logging_mixin.py:190} INFO - [2024-11-08T08:59:14.263+0000] {override.py:1911} INFO - Created Permission View: can edit on DAG:example_sla_dag
[2024-11-08T08:59:14.307+0000] {logging_mixin.py:190} INFO - [2024-11-08T08:59:14.306+0000] {override.py:1911} INFO - Created Permission View: can read on DAG Run:example_sla_dag
[2024-11-08T08:59:14.355+0000] {logging_mixin.py:190} INFO - [2024-11-08T08:59:14.354+0000] {override.py:1911} INFO - Created Permission View: can delete on DAG Run:example_sla_dag
[2024-11-08T08:59:14.393+0000] {logging_mixin.py:190} INFO - [2024-11-08T08:59:14.392+0000] {override.py:1911} INFO - Created Permission View: can create on DAG Run:example_sla_dag
[2024-11-08T08:59:14.433+0000] {logging_mixin.py:190} INFO - [2024-11-08T08:59:14.432+0000] {override.py:1911} INFO - Created Permission View: menu access on DAG Run:example_sla_dag
[2024-11-08T08:59:14.434+0000] {logging_mixin.py:190} INFO - [2024-11-08T08:59:14.434+0000] {dag.py:3239} INFO - Sync 1 DAGs
[2024-11-08T08:59:14.485+0000] {logging_mixin.py:190} INFO - [2024-11-08T08:59:14.484+0000] {dag.py:3262} INFO - Creating ORM DAG for example_sla_dag
[2024-11-08T08:59:14.541+0000] {logging_mixin.py:190} INFO - [2024-11-08T08:59:14.540+0000] {dag.py:4180} INFO - Setting next_dagrun for example_sla_dag to 2024-11-08 08:56:00+00:00, run_after=2024-11-08 08:58:00+00:00
[2024-11-08T08:59:14.692+0000] {processor.py:208} INFO - Processing /home/airflow/.local/lib/python3.12/site-packages/airflow/example_dags/example_sla_dag.py took 1.005 seconds
[2024-11-08T08:59:45.752+0000] {processor.py:186} INFO - Started process (PID=206) to work on /home/airflow/.local/lib/python3.12/site-packages/airflow/example_dags/example_sla_dag.py
[2024-11-08T08:59:45.772+0000] {processor.py:914} INFO - Processing file /home/airflow/.local/lib/python3.12/site-packages/airflow/example_dags/example_sla_dag.py for tasks to queue
[2024-11-08T08:59:45.782+0000] {logging_mixin.py:190} INFO - [2024-11-08T08:59:45.781+0000] {dagbag.py:588} INFO - Filling up the DagBag from /home/airflow/.local/lib/python3.12/site-packages/airflow/example_dags/example_sla_dag.py
[2024-11-08T08:59:45.866+0000] {processor.py:925} INFO - DAG(s) 'example_sla_dag' retrieved from /home/airflow/.local/lib/python3.12/site-packages/airflow/example_dags/example_sla_dag.py
[2024-11-08T08:59:45.993+0000] {logging_mixin.py:190} INFO - [2024-11-08T08:59:45.993+0000] {dag.py:3239} INFO - Sync 1 DAGs
[2024-11-08T08:59:46.168+0000] {logging_mixin.py:190} INFO - [2024-11-08T08:59:46.167+0000] {dag.py:4180} INFO - Setting next_dagrun for example_sla_dag to 2024-11-08 08:56:00+00:00, run_after=2024-11-08 08:58:00+00:00
[2024-11-08T08:59:46.336+0000] {processor.py:208} INFO - Processing /home/airflow/.local/lib/python3.12/site-packages/airflow/example_dags/example_sla_dag.py took 0.596 seconds
[2024-11-08T09:00:52.048+0000] {processor.py:186} INFO - Started process (PID=277) to work on /home/airflow/.local/lib/python3.12/site-packages/airflow/example_dags/example_sla_dag.py
[2024-11-08T09:00:52.054+0000] {processor.py:914} INFO - Processing file /home/airflow/.local/lib/python3.12/site-packages/airflow/example_dags/example_sla_dag.py for tasks to queue
[2024-11-08T09:00:52.067+0000] {logging_mixin.py:190} INFO - [2024-11-08T09:00:52.066+0000] {dagbag.py:588} INFO - Filling up the DagBag from /home/airflow/.local/lib/python3.12/site-packages/airflow/example_dags/example_sla_dag.py
[2024-11-08T09:00:52.113+0000] {processor.py:925} INFO - DAG(s) 'example_sla_dag' retrieved from /home/airflow/.local/lib/python3.12/site-packages/airflow/example_dags/example_sla_dag.py
[2024-11-08T09:00:52.230+0000] {logging_mixin.py:190} INFO - [2024-11-08T09:00:52.229+0000] {dag.py:3239} INFO - Sync 1 DAGs
[2024-11-08T09:00:52.468+0000] {logging_mixin.py:190} INFO - [2024-11-08T09:00:52.467+0000] {dag.py:4180} INFO - Setting next_dagrun for example_sla_dag to 2024-11-08 08:58:00+00:00, run_after=2024-11-08 09:00:00+00:00
[2024-11-08T09:00:52.621+0000] {processor.py:208} INFO - Processing /home/airflow/.local/lib/python3.12/site-packages/airflow/example_dags/example_sla_dag.py took 0.596 seconds
[2024-11-08T09:01:26.194+0000] {processor.py:186} INFO - Started process (PID=340) to work on /home/airflow/.local/lib/python3.12/site-packages/airflow/example_dags/example_sla_dag.py
[2024-11-08T09:01:26.206+0000] {processor.py:914} INFO - Processing file /home/airflow/.local/lib/python3.12/site-packages/airflow/example_dags/example_sla_dag.py for tasks to queue
[2024-11-08T09:01:26.224+0000] {logging_mixin.py:190} INFO - [2024-11-08T09:01:26.223+0000] {dagbag.py:588} INFO - Filling up the DagBag from /home/airflow/.local/lib/python3.12/site-packages/airflow/example_dags/example_sla_dag.py
[2024-11-08T09:01:26.275+0000] {processor.py:925} INFO - DAG(s) 'example_sla_dag' retrieved from /home/airflow/.local/lib/python3.12/site-packages/airflow/example_dags/example_sla_dag.py
[2024-11-08T09:01:26.381+0000] {logging_mixin.py:190} INFO - [2024-11-08T09:01:26.380+0000] {dag.py:3239} INFO - Sync 1 DAGs
[2024-11-08T09:01:26.555+0000] {logging_mixin.py:190} INFO - [2024-11-08T09:01:26.554+0000] {dag.py:4180} INFO - Setting next_dagrun for example_sla_dag to 2024-11-08 08:58:00+00:00, run_after=2024-11-08 09:00:00+00:00
[2024-11-08T09:01:26.657+0000] {processor.py:208} INFO - Processing /home/airflow/.local/lib/python3.12/site-packages/airflow/example_dags/example_sla_dag.py took 0.486 seconds
[2024-11-08T09:04:33.669+0000] {processor.py:186} INFO - Started process (PID=410) to work on /home/airflow/.local/lib/python3.12/site-packages/airflow/example_dags/example_sla_dag.py
[2024-11-08T09:04:33.678+0000] {processor.py:914} INFO - Processing file /home/airflow/.local/lib/python3.12/site-packages/airflow/example_dags/example_sla_dag.py for tasks to queue
[2024-11-08T09:04:33.682+0000] {logging_mixin.py:190} INFO - [2024-11-08T09:04:33.681+0000] {dagbag.py:588} INFO - Filling up the DagBag from /home/airflow/.local/lib/python3.12/site-packages/airflow/example_dags/example_sla_dag.py
[2024-11-08T09:04:33.725+0000] {processor.py:925} INFO - DAG(s) 'example_sla_dag' retrieved from /home/airflow/.local/lib/python3.12/site-packages/airflow/example_dags/example_sla_dag.py
[2024-11-08T09:04:33.793+0000] {logging_mixin.py:190} INFO - [2024-11-08T09:04:33.792+0000] {dag.py:3239} INFO - Sync 1 DAGs
[2024-11-08T09:04:34.076+0000] {logging_mixin.py:190} INFO - [2024-11-08T09:04:34.075+0000] {dag.py:4180} INFO - Setting next_dagrun for example_sla_dag to 2024-11-08 09:02:00+00:00, run_after=2024-11-08 09:04:00+00:00
[2024-11-08T09:04:34.160+0000] {processor.py:208} INFO - Processing /home/airflow/.local/lib/python3.12/site-packages/airflow/example_dags/example_sla_dag.py took 0.509 seconds
[2024-11-08T09:05:04.944+0000] {processor.py:186} INFO - Started process (PID=472) to work on /home/airflow/.local/lib/python3.12/site-packages/airflow/example_dags/example_sla_dag.py
[2024-11-08T09:05:04.945+0000] {processor.py:914} INFO - Processing file /home/airflow/.local/lib/python3.12/site-packages/airflow/example_dags/example_sla_dag.py for tasks to queue
[2024-11-08T09:05:04.948+0000] {logging_mixin.py:190} INFO - [2024-11-08T09:05:04.947+0000] {dagbag.py:588} INFO - Filling up the DagBag from /home/airflow/.local/lib/python3.12/site-packages/airflow/example_dags/example_sla_dag.py
[2024-11-08T09:05:04.964+0000] {processor.py:925} INFO - DAG(s) 'example_sla_dag' retrieved from /home/airflow/.local/lib/python3.12/site-packages/airflow/example_dags/example_sla_dag.py
[2024-11-08T09:05:04.996+0000] {logging_mixin.py:190} INFO - [2024-11-08T09:05:04.996+0000] {dag.py:3239} INFO - Sync 1 DAGs
[2024-11-08T09:05:05.036+0000] {logging_mixin.py:190} INFO - [2024-11-08T09:05:05.035+0000] {dag.py:4180} INFO - Setting next_dagrun for example_sla_dag to 2024-11-08 09:02:00+00:00, run_after=2024-11-08 09:04:00+00:00
[2024-11-08T09:05:05.073+0000] {processor.py:208} INFO - Processing /home/airflow/.local/lib/python3.12/site-packages/airflow/example_dags/example_sla_dag.py took 0.139 seconds
[2024-11-08T09:05:37.087+0000] {processor.py:186} INFO - Started process (PID=535) to work on /home/airflow/.local/lib/python3.12/site-packages/airflow/example_dags/example_sla_dag.py
[2024-11-08T09:05:37.096+0000] {processor.py:914} INFO - Processing file /home/airflow/.local/lib/python3.12/site-packages/airflow/example_dags/example_sla_dag.py for tasks to queue
[2024-11-08T09:05:37.101+0000] {logging_mixin.py:190} INFO - [2024-11-08T09:05:37.101+0000] {dagbag.py:588} INFO - Filling up the DagBag from /home/airflow/.local/lib/python3.12/site-packages/airflow/example_dags/example_sla_dag.py
[2024-11-08T09:05:37.160+0000] {processor.py:925} INFO - DAG(s) 'example_sla_dag' retrieved from /home/airflow/.local/lib/python3.12/site-packages/airflow/example_dags/example_sla_dag.py
[2024-11-08T09:05:37.222+0000] {logging_mixin.py:190} INFO - [2024-11-08T09:05:37.222+0000] {dag.py:3239} INFO - Sync 1 DAGs
[2024-11-08T09:05:37.318+0000] {logging_mixin.py:190} INFO - [2024-11-08T09:05:37.317+0000] {dag.py:4180} INFO - Setting next_dagrun for example_sla_dag to 2024-11-08 09:02:00+00:00, run_after=2024-11-08 09:04:00+00:00
[2024-11-08T09:05:37.472+0000] {processor.py:208} INFO - Processing /home/airflow/.local/lib/python3.12/site-packages/airflow/example_dags/example_sla_dag.py took 0.406 seconds
[2024-11-08T09:06:11.546+0000] {processor.py:186} INFO - Started process (PID=598) to work on /home/airflow/.local/lib/python3.12/site-packages/airflow/example_dags/example_sla_dag.py
[2024-11-08T09:06:11.548+0000] {processor.py:914} INFO - Processing file /home/airflow/.local/lib/python3.12/site-packages/airflow/example_dags/example_sla_dag.py for tasks to queue
[2024-11-08T09:06:11.553+0000] {logging_mixin.py:190} INFO - [2024-11-08T09:06:11.552+0000] {dagbag.py:588} INFO - Filling up the DagBag from /home/airflow/.local/lib/python3.12/site-packages/airflow/example_dags/example_sla_dag.py
[2024-11-08T09:06:11.576+0000] {processor.py:925} INFO - DAG(s) 'example_sla_dag' retrieved from /home/airflow/.local/lib/python3.12/site-packages/airflow/example_dags/example_sla_dag.py
[2024-11-08T09:06:11.654+0000] {logging_mixin.py:190} INFO - [2024-11-08T09:06:11.654+0000] {dag.py:3239} INFO - Sync 1 DAGs
[2024-11-08T09:06:11.780+0000] {logging_mixin.py:190} INFO - [2024-11-08T09:06:11.779+0000] {dag.py:4180} INFO - Setting next_dagrun for example_sla_dag to 2024-11-08 09:04:00+00:00, run_after=2024-11-08 09:06:00+00:00
[2024-11-08T09:06:11.841+0000] {processor.py:208} INFO - Processing /home/airflow/.local/lib/python3.12/site-packages/airflow/example_dags/example_sla_dag.py took 0.308 seconds
