[2024-11-08T08:59:24.123+0000] {processor.py:186} INFO - Started process (PID=155) to work on /home/airflow/.local/lib/python3.12/site-packages/airflow/example_dags/example_nested_branch_dag.py
[2024-11-08T08:59:24.125+0000] {processor.py:914} INFO - Processing file /home/airflow/.local/lib/python3.12/site-packages/airflow/example_dags/example_nested_branch_dag.py for tasks to queue
[2024-11-08T08:59:24.130+0000] {logging_mixin.py:190} INFO - [2024-11-08T08:59:24.130+0000] {dagbag.py:588} INFO - Filling up the DagBag from /home/airflow/.local/lib/python3.12/site-packages/airflow/example_dags/example_nested_branch_dag.py
[2024-11-08T08:59:24.162+0000] {processor.py:925} INFO - DAG(s) 'example_nested_branch_dag' retrieved from /home/airflow/.local/lib/python3.12/site-packages/airflow/example_dags/example_nested_branch_dag.py
[2024-11-08T08:59:24.482+0000] {logging_mixin.py:190} INFO - [2024-11-08T08:59:24.480+0000] {override.py:1911} INFO - Created Permission View: can read on DAG:example_nested_branch_dag
[2024-11-08T08:59:24.515+0000] {logging_mixin.py:190} INFO - [2024-11-08T08:59:24.514+0000] {override.py:1911} INFO - Created Permission View: can delete on DAG:example_nested_branch_dag
[2024-11-08T08:59:24.545+0000] {logging_mixin.py:190} INFO - [2024-11-08T08:59:24.543+0000] {override.py:1911} INFO - Created Permission View: can edit on DAG:example_nested_branch_dag
[2024-11-08T08:59:24.595+0000] {logging_mixin.py:190} INFO - [2024-11-08T08:59:24.594+0000] {override.py:1911} INFO - Created Permission View: can read on DAG Run:example_nested_branch_dag
[2024-11-08T08:59:24.631+0000] {logging_mixin.py:190} INFO - [2024-11-08T08:59:24.630+0000] {override.py:1911} INFO - Created Permission View: can delete on DAG Run:example_nested_branch_dag
[2024-11-08T08:59:24.662+0000] {logging_mixin.py:190} INFO - [2024-11-08T08:59:24.661+0000] {override.py:1911} INFO - Created Permission View: can create on DAG Run:example_nested_branch_dag
[2024-11-08T08:59:24.689+0000] {logging_mixin.py:190} INFO - [2024-11-08T08:59:24.688+0000] {override.py:1911} INFO - Created Permission View: menu access on DAG Run:example_nested_branch_dag
[2024-11-08T08:59:24.691+0000] {logging_mixin.py:190} INFO - [2024-11-08T08:59:24.690+0000] {dag.py:3239} INFO - Sync 1 DAGs
[2024-11-08T08:59:24.735+0000] {logging_mixin.py:190} INFO - [2024-11-08T08:59:24.734+0000] {dag.py:3262} INFO - Creating ORM DAG for example_nested_branch_dag
[2024-11-08T08:59:24.775+0000] {logging_mixin.py:190} INFO - [2024-11-08T08:59:24.774+0000] {dag.py:4180} INFO - Setting next_dagrun for example_nested_branch_dag to 2024-11-07 00:00:00+00:00, run_after=2024-11-08 00:00:00+00:00
[2024-11-08T08:59:24.830+0000] {processor.py:208} INFO - Processing /home/airflow/.local/lib/python3.12/site-packages/airflow/example_dags/example_nested_branch_dag.py took 0.717 seconds
[2024-11-08T09:00:05.262+0000] {processor.py:186} INFO - Started process (PID=225) to work on /home/airflow/.local/lib/python3.12/site-packages/airflow/example_dags/example_nested_branch_dag.py
[2024-11-08T09:00:05.269+0000] {processor.py:914} INFO - Processing file /home/airflow/.local/lib/python3.12/site-packages/airflow/example_dags/example_nested_branch_dag.py for tasks to queue
[2024-11-08T09:00:05.280+0000] {logging_mixin.py:190} INFO - [2024-11-08T09:00:05.279+0000] {dagbag.py:588} INFO - Filling up the DagBag from /home/airflow/.local/lib/python3.12/site-packages/airflow/example_dags/example_nested_branch_dag.py
[2024-11-08T09:00:05.319+0000] {processor.py:925} INFO - DAG(s) 'example_nested_branch_dag' retrieved from /home/airflow/.local/lib/python3.12/site-packages/airflow/example_dags/example_nested_branch_dag.py
[2024-11-08T09:00:05.372+0000] {logging_mixin.py:190} INFO - [2024-11-08T09:00:05.372+0000] {dag.py:3239} INFO - Sync 1 DAGs
[2024-11-08T09:00:05.434+0000] {logging_mixin.py:190} INFO - [2024-11-08T09:00:05.434+0000] {dag.py:4180} INFO - Setting next_dagrun for example_nested_branch_dag to 2024-11-07 00:00:00+00:00, run_after=2024-11-08 00:00:00+00:00
[2024-11-08T09:00:05.498+0000] {processor.py:208} INFO - Processing /home/airflow/.local/lib/python3.12/site-packages/airflow/example_dags/example_nested_branch_dag.py took 0.261 seconds
[2024-11-08T09:01:07.568+0000] {processor.py:186} INFO - Started process (PID=301) to work on /home/airflow/.local/lib/python3.12/site-packages/airflow/example_dags/example_nested_branch_dag.py
[2024-11-08T09:01:07.571+0000] {processor.py:914} INFO - Processing file /home/airflow/.local/lib/python3.12/site-packages/airflow/example_dags/example_nested_branch_dag.py for tasks to queue
[2024-11-08T09:01:07.576+0000] {logging_mixin.py:190} INFO - [2024-11-08T09:01:07.576+0000] {dagbag.py:588} INFO - Filling up the DagBag from /home/airflow/.local/lib/python3.12/site-packages/airflow/example_dags/example_nested_branch_dag.py
[2024-11-08T09:01:07.612+0000] {processor.py:925} INFO - DAG(s) 'example_nested_branch_dag' retrieved from /home/airflow/.local/lib/python3.12/site-packages/airflow/example_dags/example_nested_branch_dag.py
[2024-11-08T09:01:07.681+0000] {logging_mixin.py:190} INFO - [2024-11-08T09:01:07.680+0000] {dag.py:3239} INFO - Sync 1 DAGs
[2024-11-08T09:01:07.758+0000] {logging_mixin.py:190} INFO - [2024-11-08T09:01:07.757+0000] {dag.py:4180} INFO - Setting next_dagrun for example_nested_branch_dag to 2024-11-07 00:00:00+00:00, run_after=2024-11-08 00:00:00+00:00
[2024-11-08T09:01:07.826+0000] {processor.py:208} INFO - Processing /home/airflow/.local/lib/python3.12/site-packages/airflow/example_dags/example_nested_branch_dag.py took 0.275 seconds
[2024-11-08T09:04:39.930+0000] {processor.py:186} INFO - Started process (PID=421) to work on /home/airflow/.local/lib/python3.12/site-packages/airflow/example_dags/example_nested_branch_dag.py
[2024-11-08T09:04:39.941+0000] {processor.py:914} INFO - Processing file /home/airflow/.local/lib/python3.12/site-packages/airflow/example_dags/example_nested_branch_dag.py for tasks to queue
[2024-11-08T09:04:39.944+0000] {logging_mixin.py:190} INFO - [2024-11-08T09:04:39.943+0000] {dagbag.py:588} INFO - Filling up the DagBag from /home/airflow/.local/lib/python3.12/site-packages/airflow/example_dags/example_nested_branch_dag.py
[2024-11-08T09:04:39.995+0000] {processor.py:925} INFO - DAG(s) 'example_nested_branch_dag' retrieved from /home/airflow/.local/lib/python3.12/site-packages/airflow/example_dags/example_nested_branch_dag.py
[2024-11-08T09:04:40.106+0000] {logging_mixin.py:190} INFO - [2024-11-08T09:04:40.106+0000] {dag.py:3239} INFO - Sync 1 DAGs
[2024-11-08T09:04:40.212+0000] {logging_mixin.py:190} INFO - [2024-11-08T09:04:40.211+0000] {dag.py:4180} INFO - Setting next_dagrun for example_nested_branch_dag to 2024-11-07 00:00:00+00:00, run_after=2024-11-08 00:00:00+00:00
[2024-11-08T09:04:40.295+0000] {processor.py:208} INFO - Processing /home/airflow/.local/lib/python3.12/site-packages/airflow/example_dags/example_nested_branch_dag.py took 0.377 seconds
[2024-11-08T09:05:11.325+0000] {processor.py:186} INFO - Started process (PID=484) to work on /home/airflow/.local/lib/python3.12/site-packages/airflow/example_dags/example_nested_branch_dag.py
[2024-11-08T09:05:11.328+0000] {processor.py:914} INFO - Processing file /home/airflow/.local/lib/python3.12/site-packages/airflow/example_dags/example_nested_branch_dag.py for tasks to queue
[2024-11-08T09:05:11.334+0000] {logging_mixin.py:190} INFO - [2024-11-08T09:05:11.332+0000] {dagbag.py:588} INFO - Filling up the DagBag from /home/airflow/.local/lib/python3.12/site-packages/airflow/example_dags/example_nested_branch_dag.py
[2024-11-08T09:05:11.379+0000] {processor.py:925} INFO - DAG(s) 'example_nested_branch_dag' retrieved from /home/airflow/.local/lib/python3.12/site-packages/airflow/example_dags/example_nested_branch_dag.py
[2024-11-08T09:05:11.450+0000] {logging_mixin.py:190} INFO - [2024-11-08T09:05:11.449+0000] {dag.py:3239} INFO - Sync 1 DAGs
[2024-11-08T09:05:11.520+0000] {logging_mixin.py:190} INFO - [2024-11-08T09:05:11.520+0000] {dag.py:4180} INFO - Setting next_dagrun for example_nested_branch_dag to 2024-11-07 00:00:00+00:00, run_after=2024-11-08 00:00:00+00:00
[2024-11-08T09:05:11.576+0000] {processor.py:208} INFO - Processing /home/airflow/.local/lib/python3.12/site-packages/airflow/example_dags/example_nested_branch_dag.py took 0.274 seconds
[2024-11-08T09:05:41.828+0000] {processor.py:186} INFO - Started process (PID=546) to work on /home/airflow/.local/lib/python3.12/site-packages/airflow/example_dags/example_nested_branch_dag.py
[2024-11-08T09:05:41.839+0000] {processor.py:914} INFO - Processing file /home/airflow/.local/lib/python3.12/site-packages/airflow/example_dags/example_nested_branch_dag.py for tasks to queue
[2024-11-08T09:05:41.843+0000] {logging_mixin.py:190} INFO - [2024-11-08T09:05:41.842+0000] {dagbag.py:588} INFO - Filling up the DagBag from /home/airflow/.local/lib/python3.12/site-packages/airflow/example_dags/example_nested_branch_dag.py
[2024-11-08T09:05:41.892+0000] {processor.py:925} INFO - DAG(s) 'example_nested_branch_dag' retrieved from /home/airflow/.local/lib/python3.12/site-packages/airflow/example_dags/example_nested_branch_dag.py
[2024-11-08T09:05:41.969+0000] {logging_mixin.py:190} INFO - [2024-11-08T09:05:41.969+0000] {dag.py:3239} INFO - Sync 1 DAGs
[2024-11-08T09:05:42.050+0000] {logging_mixin.py:190} INFO - [2024-11-08T09:05:42.050+0000] {dag.py:4180} INFO - Setting next_dagrun for example_nested_branch_dag to 2024-11-07 00:00:00+00:00, run_after=2024-11-08 00:00:00+00:00
[2024-11-08T09:05:42.245+0000] {processor.py:208} INFO - Processing /home/airflow/.local/lib/python3.12/site-packages/airflow/example_dags/example_nested_branch_dag.py took 0.444 seconds
[2024-11-08T09:06:13.239+0000] {processor.py:186} INFO - Started process (PID=609) to work on /home/airflow/.local/lib/python3.12/site-packages/airflow/example_dags/example_nested_branch_dag.py
[2024-11-08T09:06:13.242+0000] {processor.py:914} INFO - Processing file /home/airflow/.local/lib/python3.12/site-packages/airflow/example_dags/example_nested_branch_dag.py for tasks to queue
[2024-11-08T09:06:13.245+0000] {logging_mixin.py:190} INFO - [2024-11-08T09:06:13.244+0000] {dagbag.py:588} INFO - Filling up the DagBag from /home/airflow/.local/lib/python3.12/site-packages/airflow/example_dags/example_nested_branch_dag.py
[2024-11-08T09:06:13.269+0000] {processor.py:925} INFO - DAG(s) 'example_nested_branch_dag' retrieved from /home/airflow/.local/lib/python3.12/site-packages/airflow/example_dags/example_nested_branch_dag.py
[2024-11-08T09:06:13.326+0000] {logging_mixin.py:190} INFO - [2024-11-08T09:06:13.325+0000] {dag.py:3239} INFO - Sync 1 DAGs
[2024-11-08T09:06:13.393+0000] {logging_mixin.py:190} INFO - [2024-11-08T09:06:13.392+0000] {dag.py:4180} INFO - Setting next_dagrun for example_nested_branch_dag to 2024-11-07 00:00:00+00:00, run_after=2024-11-08 00:00:00+00:00
[2024-11-08T09:06:13.438+0000] {processor.py:208} INFO - Processing /home/airflow/.local/lib/python3.12/site-packages/airflow/example_dags/example_nested_branch_dag.py took 0.208 seconds
