[2024-11-08T08:59:16.296+0000] {processor.py:186} INFO - Started process (PID=146) to work on /home/airflow/.local/lib/python3.12/site-packages/airflow/example_dags/example_branch_python_dop_operator_3.py
[2024-11-08T08:59:16.300+0000] {processor.py:914} INFO - Processing file /home/airflow/.local/lib/python3.12/site-packages/airflow/example_dags/example_branch_python_dop_operator_3.py for tasks to queue
[2024-11-08T08:59:16.323+0000] {logging_mixin.py:190} INFO - [2024-11-08T08:59:16.322+0000] {dagbag.py:588} INFO - Filling up the DagBag from /home/airflow/.local/lib/python3.12/site-packages/airflow/example_dags/example_branch_python_dop_operator_3.py
[2024-11-08T08:59:16.390+0000] {processor.py:925} INFO - DAG(s) 'example_branch_dop_operator_v3' retrieved from /home/airflow/.local/lib/python3.12/site-packages/airflow/example_dags/example_branch_python_dop_operator_3.py
[2024-11-08T08:59:17.058+0000] {logging_mixin.py:190} INFO - [2024-11-08T08:59:17.056+0000] {override.py:1911} INFO - Created Permission View: can read on DAG:example_branch_dop_operator_v3
[2024-11-08T08:59:17.161+0000] {logging_mixin.py:190} INFO - [2024-11-08T08:59:17.160+0000] {override.py:1911} INFO - Created Permission View: can delete on DAG:example_branch_dop_operator_v3
[2024-11-08T08:59:17.193+0000] {logging_mixin.py:190} INFO - [2024-11-08T08:59:17.192+0000] {override.py:1911} INFO - Created Permission View: can edit on DAG:example_branch_dop_operator_v3
[2024-11-08T08:59:17.233+0000] {logging_mixin.py:190} INFO - [2024-11-08T08:59:17.233+0000] {override.py:1911} INFO - Created Permission View: can read on DAG Run:example_branch_dop_operator_v3
[2024-11-08T08:59:17.260+0000] {logging_mixin.py:190} INFO - [2024-11-08T08:59:17.259+0000] {override.py:1911} INFO - Created Permission View: can delete on DAG Run:example_branch_dop_operator_v3
[2024-11-08T08:59:17.298+0000] {logging_mixin.py:190} INFO - [2024-11-08T08:59:17.297+0000] {override.py:1911} INFO - Created Permission View: can create on DAG Run:example_branch_dop_operator_v3
[2024-11-08T08:59:17.334+0000] {logging_mixin.py:190} INFO - [2024-11-08T08:59:17.333+0000] {override.py:1911} INFO - Created Permission View: menu access on DAG Run:example_branch_dop_operator_v3
[2024-11-08T08:59:17.336+0000] {logging_mixin.py:190} INFO - [2024-11-08T08:59:17.336+0000] {dag.py:3239} INFO - Sync 1 DAGs
[2024-11-08T08:59:17.373+0000] {logging_mixin.py:190} INFO - [2024-11-08T08:59:17.372+0000] {dag.py:3262} INFO - Creating ORM DAG for example_branch_dop_operator_v3
[2024-11-08T08:59:17.405+0000] {logging_mixin.py:190} INFO - [2024-11-08T08:59:17.404+0000] {dag.py:4180} INFO - Setting next_dagrun for example_branch_dop_operator_v3 to 2024-11-08 08:58:00+00:00, run_after=2024-11-08 08:59:00+00:00
[2024-11-08T08:59:17.487+0000] {processor.py:208} INFO - Processing /home/airflow/.local/lib/python3.12/site-packages/airflow/example_dags/example_branch_python_dop_operator_3.py took 1.240 seconds
[2024-11-08T08:59:48.150+0000] {processor.py:186} INFO - Started process (PID=208) to work on /home/airflow/.local/lib/python3.12/site-packages/airflow/example_dags/example_branch_python_dop_operator_3.py
[2024-11-08T08:59:48.167+0000] {processor.py:914} INFO - Processing file /home/airflow/.local/lib/python3.12/site-packages/airflow/example_dags/example_branch_python_dop_operator_3.py for tasks to queue
[2024-11-08T08:59:48.181+0000] {logging_mixin.py:190} INFO - [2024-11-08T08:59:48.180+0000] {dagbag.py:588} INFO - Filling up the DagBag from /home/airflow/.local/lib/python3.12/site-packages/airflow/example_dags/example_branch_python_dop_operator_3.py
[2024-11-08T08:59:48.266+0000] {processor.py:925} INFO - DAG(s) 'example_branch_dop_operator_v3' retrieved from /home/airflow/.local/lib/python3.12/site-packages/airflow/example_dags/example_branch_python_dop_operator_3.py
[2024-11-08T08:59:48.405+0000] {logging_mixin.py:190} INFO - [2024-11-08T08:59:48.404+0000] {dag.py:3239} INFO - Sync 1 DAGs
[2024-11-08T08:59:48.598+0000] {logging_mixin.py:190} INFO - [2024-11-08T08:59:48.598+0000] {dag.py:4180} INFO - Setting next_dagrun for example_branch_dop_operator_v3 to 2024-11-08 08:58:00+00:00, run_after=2024-11-08 08:59:00+00:00
[2024-11-08T08:59:48.724+0000] {processor.py:208} INFO - Processing /home/airflow/.local/lib/python3.12/site-packages/airflow/example_dags/example_branch_python_dop_operator_3.py took 0.606 seconds
[2024-11-08T09:00:53.044+0000] {processor.py:186} INFO - Started process (PID=279) to work on /home/airflow/.local/lib/python3.12/site-packages/airflow/example_dags/example_branch_python_dop_operator_3.py
[2024-11-08T09:00:53.069+0000] {processor.py:914} INFO - Processing file /home/airflow/.local/lib/python3.12/site-packages/airflow/example_dags/example_branch_python_dop_operator_3.py for tasks to queue
[2024-11-08T09:00:53.088+0000] {logging_mixin.py:190} INFO - [2024-11-08T09:00:53.087+0000] {dagbag.py:588} INFO - Filling up the DagBag from /home/airflow/.local/lib/python3.12/site-packages/airflow/example_dags/example_branch_python_dop_operator_3.py
[2024-11-08T09:00:53.174+0000] {processor.py:925} INFO - DAG(s) 'example_branch_dop_operator_v3' retrieved from /home/airflow/.local/lib/python3.12/site-packages/airflow/example_dags/example_branch_python_dop_operator_3.py
[2024-11-08T09:00:53.327+0000] {logging_mixin.py:190} INFO - [2024-11-08T09:00:53.327+0000] {dag.py:3239} INFO - Sync 1 DAGs
[2024-11-08T09:00:53.528+0000] {logging_mixin.py:190} INFO - [2024-11-08T09:00:53.527+0000] {dag.py:4180} INFO - Setting next_dagrun for example_branch_dop_operator_v3 to 2024-11-08 08:59:00+00:00, run_after=2024-11-08 09:00:00+00:00
[2024-11-08T09:00:53.686+0000] {processor.py:208} INFO - Processing /home/airflow/.local/lib/python3.12/site-packages/airflow/example_dags/example_branch_python_dop_operator_3.py took 0.683 seconds
[2024-11-08T09:01:27.083+0000] {processor.py:186} INFO - Started process (PID=343) to work on /home/airflow/.local/lib/python3.12/site-packages/airflow/example_dags/example_branch_python_dop_operator_3.py
[2024-11-08T09:01:27.085+0000] {processor.py:914} INFO - Processing file /home/airflow/.local/lib/python3.12/site-packages/airflow/example_dags/example_branch_python_dop_operator_3.py for tasks to queue
[2024-11-08T09:01:27.105+0000] {logging_mixin.py:190} INFO - [2024-11-08T09:01:27.104+0000] {dagbag.py:588} INFO - Filling up the DagBag from /home/airflow/.local/lib/python3.12/site-packages/airflow/example_dags/example_branch_python_dop_operator_3.py
[2024-11-08T09:01:27.178+0000] {processor.py:925} INFO - DAG(s) 'example_branch_dop_operator_v3' retrieved from /home/airflow/.local/lib/python3.12/site-packages/airflow/example_dags/example_branch_python_dop_operator_3.py
[2024-11-08T09:01:27.285+0000] {logging_mixin.py:190} INFO - [2024-11-08T09:01:27.283+0000] {dag.py:3239} INFO - Sync 1 DAGs
[2024-11-08T09:01:27.410+0000] {logging_mixin.py:190} INFO - [2024-11-08T09:01:27.409+0000] {dag.py:4180} INFO - Setting next_dagrun for example_branch_dop_operator_v3 to 2024-11-08 09:00:00+00:00, run_after=2024-11-08 09:01:00+00:00
[2024-11-08T09:01:27.488+0000] {processor.py:208} INFO - Processing /home/airflow/.local/lib/python3.12/site-packages/airflow/example_dags/example_branch_python_dop_operator_3.py took 0.431 seconds
[2024-11-08T09:04:35.301+0000] {processor.py:186} INFO - Started process (PID=412) to work on /home/airflow/.local/lib/python3.12/site-packages/airflow/example_dags/example_branch_python_dop_operator_3.py
[2024-11-08T09:04:35.310+0000] {processor.py:914} INFO - Processing file /home/airflow/.local/lib/python3.12/site-packages/airflow/example_dags/example_branch_python_dop_operator_3.py for tasks to queue
[2024-11-08T09:04:35.316+0000] {logging_mixin.py:190} INFO - [2024-11-08T09:04:35.315+0000] {dagbag.py:588} INFO - Filling up the DagBag from /home/airflow/.local/lib/python3.12/site-packages/airflow/example_dags/example_branch_python_dop_operator_3.py
[2024-11-08T09:04:35.376+0000] {processor.py:925} INFO - DAG(s) 'example_branch_dop_operator_v3' retrieved from /home/airflow/.local/lib/python3.12/site-packages/airflow/example_dags/example_branch_python_dop_operator_3.py
[2024-11-08T09:04:35.592+0000] {logging_mixin.py:190} INFO - [2024-11-08T09:04:35.581+0000] {dag.py:3239} INFO - Sync 1 DAGs
[2024-11-08T09:04:35.737+0000] {logging_mixin.py:190} INFO - [2024-11-08T09:04:35.736+0000] {dag.py:4180} INFO - Setting next_dagrun for example_branch_dop_operator_v3 to 2024-11-08 09:03:00+00:00, run_after=2024-11-08 09:04:00+00:00
[2024-11-08T09:04:35.815+0000] {processor.py:208} INFO - Processing /home/airflow/.local/lib/python3.12/site-packages/airflow/example_dags/example_branch_python_dop_operator_3.py took 0.544 seconds
[2024-11-08T09:05:05.981+0000] {processor.py:186} INFO - Started process (PID=474) to work on /home/airflow/.local/lib/python3.12/site-packages/airflow/example_dags/example_branch_python_dop_operator_3.py
[2024-11-08T09:05:05.984+0000] {processor.py:914} INFO - Processing file /home/airflow/.local/lib/python3.12/site-packages/airflow/example_dags/example_branch_python_dop_operator_3.py for tasks to queue
[2024-11-08T09:05:05.987+0000] {logging_mixin.py:190} INFO - [2024-11-08T09:05:05.986+0000] {dagbag.py:588} INFO - Filling up the DagBag from /home/airflow/.local/lib/python3.12/site-packages/airflow/example_dags/example_branch_python_dop_operator_3.py
[2024-11-08T09:05:06.005+0000] {processor.py:925} INFO - DAG(s) 'example_branch_dop_operator_v3' retrieved from /home/airflow/.local/lib/python3.12/site-packages/airflow/example_dags/example_branch_python_dop_operator_3.py
[2024-11-08T09:05:06.058+0000] {logging_mixin.py:190} INFO - [2024-11-08T09:05:06.057+0000] {dag.py:3239} INFO - Sync 1 DAGs
[2024-11-08T09:05:06.125+0000] {logging_mixin.py:190} INFO - [2024-11-08T09:05:06.125+0000] {dag.py:4180} INFO - Setting next_dagrun for example_branch_dop_operator_v3 to 2024-11-08 09:04:00+00:00, run_after=2024-11-08 09:05:00+00:00
[2024-11-08T09:05:06.187+0000] {processor.py:208} INFO - Processing /home/airflow/.local/lib/python3.12/site-packages/airflow/example_dags/example_branch_python_dop_operator_3.py took 0.217 seconds
[2024-11-08T09:05:37.823+0000] {processor.py:186} INFO - Started process (PID=537) to work on /home/airflow/.local/lib/python3.12/site-packages/airflow/example_dags/example_branch_python_dop_operator_3.py
[2024-11-08T09:05:37.854+0000] {processor.py:914} INFO - Processing file /home/airflow/.local/lib/python3.12/site-packages/airflow/example_dags/example_branch_python_dop_operator_3.py for tasks to queue
[2024-11-08T09:05:37.881+0000] {logging_mixin.py:190} INFO - [2024-11-08T09:05:37.880+0000] {dagbag.py:588} INFO - Filling up the DagBag from /home/airflow/.local/lib/python3.12/site-packages/airflow/example_dags/example_branch_python_dop_operator_3.py
[2024-11-08T09:05:37.971+0000] {processor.py:925} INFO - DAG(s) 'example_branch_dop_operator_v3' retrieved from /home/airflow/.local/lib/python3.12/site-packages/airflow/example_dags/example_branch_python_dop_operator_3.py
[2024-11-08T09:05:38.113+0000] {logging_mixin.py:190} INFO - [2024-11-08T09:05:38.112+0000] {dag.py:3239} INFO - Sync 1 DAGs
[2024-11-08T09:05:38.281+0000] {logging_mixin.py:190} INFO - [2024-11-08T09:05:38.280+0000] {dag.py:4180} INFO - Setting next_dagrun for example_branch_dop_operator_v3 to 2024-11-08 09:04:00+00:00, run_after=2024-11-08 09:05:00+00:00
[2024-11-08T09:05:38.398+0000] {processor.py:208} INFO - Processing /home/airflow/.local/lib/python3.12/site-packages/airflow/example_dags/example_branch_python_dop_operator_3.py took 0.611 seconds
[2024-11-08T09:06:11.930+0000] {processor.py:186} INFO - Started process (PID=600) to work on /home/airflow/.local/lib/python3.12/site-packages/airflow/example_dags/example_branch_python_dop_operator_3.py
[2024-11-08T09:06:11.932+0000] {processor.py:914} INFO - Processing file /home/airflow/.local/lib/python3.12/site-packages/airflow/example_dags/example_branch_python_dop_operator_3.py for tasks to queue
[2024-11-08T09:06:11.935+0000] {logging_mixin.py:190} INFO - [2024-11-08T09:06:11.934+0000] {dagbag.py:588} INFO - Filling up the DagBag from /home/airflow/.local/lib/python3.12/site-packages/airflow/example_dags/example_branch_python_dop_operator_3.py
[2024-11-08T09:06:11.952+0000] {processor.py:925} INFO - DAG(s) 'example_branch_dop_operator_v3' retrieved from /home/airflow/.local/lib/python3.12/site-packages/airflow/example_dags/example_branch_python_dop_operator_3.py
[2024-11-08T09:06:11.997+0000] {logging_mixin.py:190} INFO - [2024-11-08T09:06:11.996+0000] {dag.py:3239} INFO - Sync 1 DAGs
[2024-11-08T09:06:12.072+0000] {logging_mixin.py:190} INFO - [2024-11-08T09:06:12.071+0000] {dag.py:4180} INFO - Setting next_dagrun for example_branch_dop_operator_v3 to 2024-11-08 09:05:00+00:00, run_after=2024-11-08 09:06:00+00:00
[2024-11-08T09:06:12.122+0000] {processor.py:208} INFO - Processing /home/airflow/.local/lib/python3.12/site-packages/airflow/example_dags/example_branch_python_dop_operator_3.py took 0.200 seconds
