[2024-11-08T08:59:19.606+0000] {processor.py:186} INFO - Started process (PID=149) to work on /home/airflow/.local/lib/python3.12/site-packages/airflow/example_dags/example_python_decorator.py
[2024-11-08T08:59:19.614+0000] {processor.py:914} INFO - Processing file /home/airflow/.local/lib/python3.12/site-packages/airflow/example_dags/example_python_decorator.py for tasks to queue
[2024-11-08T08:59:19.632+0000] {logging_mixin.py:190} INFO - [2024-11-08T08:59:19.631+0000] {dagbag.py:588} INFO - Filling up the DagBag from /home/airflow/.local/lib/python3.12/site-packages/airflow/example_dags/example_python_decorator.py
[2024-11-08T08:59:19.746+0000] {processor.py:925} INFO - DAG(s) 'example_python_decorator' retrieved from /home/airflow/.local/lib/python3.12/site-packages/airflow/example_dags/example_python_decorator.py
[2024-11-08T08:59:20.299+0000] {logging_mixin.py:190} INFO - [2024-11-08T08:59:20.294+0000] {override.py:1911} INFO - Created Permission View: can read on DAG:example_python_decorator
[2024-11-08T08:59:20.344+0000] {logging_mixin.py:190} INFO - [2024-11-08T08:59:20.342+0000] {override.py:1911} INFO - Created Permission View: can delete on DAG:example_python_decorator
[2024-11-08T08:59:20.385+0000] {logging_mixin.py:190} INFO - [2024-11-08T08:59:20.378+0000] {override.py:1911} INFO - Created Permission View: can edit on DAG:example_python_decorator
[2024-11-08T08:59:20.436+0000] {logging_mixin.py:190} INFO - [2024-11-08T08:59:20.435+0000] {override.py:1911} INFO - Created Permission View: can read on DAG Run:example_python_decorator
[2024-11-08T08:59:20.503+0000] {logging_mixin.py:190} INFO - [2024-11-08T08:59:20.502+0000] {override.py:1911} INFO - Created Permission View: can delete on DAG Run:example_python_decorator
[2024-11-08T08:59:20.541+0000] {logging_mixin.py:190} INFO - [2024-11-08T08:59:20.540+0000] {override.py:1911} INFO - Created Permission View: can create on DAG Run:example_python_decorator
[2024-11-08T08:59:20.603+0000] {logging_mixin.py:190} INFO - [2024-11-08T08:59:20.603+0000] {override.py:1911} INFO - Created Permission View: menu access on DAG Run:example_python_decorator
[2024-11-08T08:59:20.613+0000] {logging_mixin.py:190} INFO - [2024-11-08T08:59:20.605+0000] {dag.py:3239} INFO - Sync 1 DAGs
[2024-11-08T08:59:20.695+0000] {logging_mixin.py:190} INFO - [2024-11-08T08:59:20.694+0000] {dag.py:3262} INFO - Creating ORM DAG for example_python_decorator
[2024-11-08T08:59:20.698+0000] {logging_mixin.py:190} INFO - [2024-11-08T08:59:20.698+0000] {dag.py:4180} INFO - Setting next_dagrun for example_python_decorator to None, run_after=None
[2024-11-08T08:59:20.842+0000] {processor.py:208} INFO - Processing /home/airflow/.local/lib/python3.12/site-packages/airflow/example_dags/example_python_decorator.py took 1.262 seconds
[2024-11-08T08:59:53.424+0000] {processor.py:186} INFO - Started process (PID=211) to work on /home/airflow/.local/lib/python3.12/site-packages/airflow/example_dags/example_python_decorator.py
[2024-11-08T08:59:53.508+0000] {processor.py:914} INFO - Processing file /home/airflow/.local/lib/python3.12/site-packages/airflow/example_dags/example_python_decorator.py for tasks to queue
[2024-11-08T08:59:53.623+0000] {logging_mixin.py:190} INFO - [2024-11-08T08:59:53.622+0000] {dagbag.py:588} INFO - Filling up the DagBag from /home/airflow/.local/lib/python3.12/site-packages/airflow/example_dags/example_python_decorator.py
[2024-11-08T08:59:53.917+0000] {processor.py:925} INFO - DAG(s) 'example_python_decorator' retrieved from /home/airflow/.local/lib/python3.12/site-packages/airflow/example_dags/example_python_decorator.py
[2024-11-08T08:59:54.822+0000] {logging_mixin.py:190} INFO - [2024-11-08T08:59:54.821+0000] {dag.py:3239} INFO - Sync 1 DAGs
[2024-11-08T08:59:54.982+0000] {logging_mixin.py:190} INFO - [2024-11-08T08:59:54.981+0000] {dag.py:4180} INFO - Setting next_dagrun for example_python_decorator to None, run_after=None
[2024-11-08T08:59:55.236+0000] {processor.py:208} INFO - Processing /home/airflow/.local/lib/python3.12/site-packages/airflow/example_dags/example_python_decorator.py took 2.112 seconds
[2024-11-08T09:00:54.382+0000] {processor.py:186} INFO - Started process (PID=282) to work on /home/airflow/.local/lib/python3.12/site-packages/airflow/example_dags/example_python_decorator.py
[2024-11-08T09:00:54.392+0000] {processor.py:914} INFO - Processing file /home/airflow/.local/lib/python3.12/site-packages/airflow/example_dags/example_python_decorator.py for tasks to queue
[2024-11-08T09:00:54.418+0000] {logging_mixin.py:190} INFO - [2024-11-08T09:00:54.418+0000] {dagbag.py:588} INFO - Filling up the DagBag from /home/airflow/.local/lib/python3.12/site-packages/airflow/example_dags/example_python_decorator.py
[2024-11-08T09:00:54.527+0000] {processor.py:925} INFO - DAG(s) 'example_python_decorator' retrieved from /home/airflow/.local/lib/python3.12/site-packages/airflow/example_dags/example_python_decorator.py
[2024-11-08T09:00:54.716+0000] {logging_mixin.py:190} INFO - [2024-11-08T09:00:54.715+0000] {dag.py:3239} INFO - Sync 1 DAGs
[2024-11-08T09:00:54.802+0000] {logging_mixin.py:190} INFO - [2024-11-08T09:00:54.802+0000] {dag.py:4180} INFO - Setting next_dagrun for example_python_decorator to None, run_after=None
[2024-11-08T09:00:54.931+0000] {processor.py:208} INFO - Processing /home/airflow/.local/lib/python3.12/site-packages/airflow/example_dags/example_python_decorator.py took 0.586 seconds
[2024-11-08T09:01:27.849+0000] {processor.py:186} INFO - Started process (PID=346) to work on /home/airflow/.local/lib/python3.12/site-packages/airflow/example_dags/example_python_decorator.py
[2024-11-08T09:01:27.853+0000] {processor.py:914} INFO - Processing file /home/airflow/.local/lib/python3.12/site-packages/airflow/example_dags/example_python_decorator.py for tasks to queue
[2024-11-08T09:01:27.862+0000] {logging_mixin.py:190} INFO - [2024-11-08T09:01:27.862+0000] {dagbag.py:588} INFO - Filling up the DagBag from /home/airflow/.local/lib/python3.12/site-packages/airflow/example_dags/example_python_decorator.py
[2024-11-08T09:01:27.921+0000] {processor.py:925} INFO - DAG(s) 'example_python_decorator' retrieved from /home/airflow/.local/lib/python3.12/site-packages/airflow/example_dags/example_python_decorator.py
[2024-11-08T09:01:28.027+0000] {logging_mixin.py:190} INFO - [2024-11-08T09:01:28.026+0000] {dag.py:3239} INFO - Sync 1 DAGs
[2024-11-08T09:01:28.101+0000] {logging_mixin.py:190} INFO - [2024-11-08T09:01:28.100+0000] {dag.py:4180} INFO - Setting next_dagrun for example_python_decorator to None, run_after=None
[2024-11-08T09:01:28.213+0000] {processor.py:208} INFO - Processing /home/airflow/.local/lib/python3.12/site-packages/airflow/example_dags/example_python_decorator.py took 0.378 seconds
[2024-11-08T09:04:36.631+0000] {processor.py:186} INFO - Started process (PID=415) to work on /home/airflow/.local/lib/python3.12/site-packages/airflow/example_dags/example_python_decorator.py
[2024-11-08T09:04:36.636+0000] {processor.py:914} INFO - Processing file /home/airflow/.local/lib/python3.12/site-packages/airflow/example_dags/example_python_decorator.py for tasks to queue
[2024-11-08T09:04:36.643+0000] {logging_mixin.py:190} INFO - [2024-11-08T09:04:36.642+0000] {dagbag.py:588} INFO - Filling up the DagBag from /home/airflow/.local/lib/python3.12/site-packages/airflow/example_dags/example_python_decorator.py
[2024-11-08T09:04:36.695+0000] {processor.py:925} INFO - DAG(s) 'example_python_decorator' retrieved from /home/airflow/.local/lib/python3.12/site-packages/airflow/example_dags/example_python_decorator.py
[2024-11-08T09:04:36.789+0000] {logging_mixin.py:190} INFO - [2024-11-08T09:04:36.789+0000] {dag.py:3239} INFO - Sync 1 DAGs
[2024-11-08T09:04:36.882+0000] {logging_mixin.py:190} INFO - [2024-11-08T09:04:36.882+0000] {dag.py:4180} INFO - Setting next_dagrun for example_python_decorator to None, run_after=None
[2024-11-08T09:04:36.986+0000] {processor.py:208} INFO - Processing /home/airflow/.local/lib/python3.12/site-packages/airflow/example_dags/example_python_decorator.py took 0.376 seconds
[2024-11-08T09:05:07.258+0000] {processor.py:186} INFO - Started process (PID=477) to work on /home/airflow/.local/lib/python3.12/site-packages/airflow/example_dags/example_python_decorator.py
[2024-11-08T09:05:07.262+0000] {processor.py:914} INFO - Processing file /home/airflow/.local/lib/python3.12/site-packages/airflow/example_dags/example_python_decorator.py for tasks to queue
[2024-11-08T09:05:07.266+0000] {logging_mixin.py:190} INFO - [2024-11-08T09:05:07.264+0000] {dagbag.py:588} INFO - Filling up the DagBag from /home/airflow/.local/lib/python3.12/site-packages/airflow/example_dags/example_python_decorator.py
[2024-11-08T09:05:07.309+0000] {processor.py:925} INFO - DAG(s) 'example_python_decorator' retrieved from /home/airflow/.local/lib/python3.12/site-packages/airflow/example_dags/example_python_decorator.py
[2024-11-08T09:05:07.392+0000] {logging_mixin.py:190} INFO - [2024-11-08T09:05:07.390+0000] {dag.py:3239} INFO - Sync 1 DAGs
[2024-11-08T09:05:07.448+0000] {logging_mixin.py:190} INFO - [2024-11-08T09:05:07.447+0000] {dag.py:4180} INFO - Setting next_dagrun for example_python_decorator to None, run_after=None
[2024-11-08T09:05:07.509+0000] {processor.py:208} INFO - Processing /home/airflow/.local/lib/python3.12/site-packages/airflow/example_dags/example_python_decorator.py took 0.264 seconds
[2024-11-08T09:05:38.997+0000] {processor.py:186} INFO - Started process (PID=540) to work on /home/airflow/.local/lib/python3.12/site-packages/airflow/example_dags/example_python_decorator.py
[2024-11-08T09:05:39.002+0000] {processor.py:914} INFO - Processing file /home/airflow/.local/lib/python3.12/site-packages/airflow/example_dags/example_python_decorator.py for tasks to queue
[2024-11-08T09:05:39.009+0000] {logging_mixin.py:190} INFO - [2024-11-08T09:05:39.008+0000] {dagbag.py:588} INFO - Filling up the DagBag from /home/airflow/.local/lib/python3.12/site-packages/airflow/example_dags/example_python_decorator.py
[2024-11-08T09:05:39.057+0000] {processor.py:925} INFO - DAG(s) 'example_python_decorator' retrieved from /home/airflow/.local/lib/python3.12/site-packages/airflow/example_dags/example_python_decorator.py
[2024-11-08T09:05:39.136+0000] {logging_mixin.py:190} INFO - [2024-11-08T09:05:39.135+0000] {dag.py:3239} INFO - Sync 1 DAGs
[2024-11-08T09:05:39.162+0000] {logging_mixin.py:190} INFO - [2024-11-08T09:05:39.161+0000] {dag.py:4180} INFO - Setting next_dagrun for example_python_decorator to None, run_after=None
[2024-11-08T09:05:39.227+0000] {processor.py:208} INFO - Processing /home/airflow/.local/lib/python3.12/site-packages/airflow/example_dags/example_python_decorator.py took 0.244 seconds
[2024-11-08T09:06:12.358+0000] {processor.py:186} INFO - Started process (PID=603) to work on /home/airflow/.local/lib/python3.12/site-packages/airflow/example_dags/example_python_decorator.py
[2024-11-08T09:06:12.360+0000] {processor.py:914} INFO - Processing file /home/airflow/.local/lib/python3.12/site-packages/airflow/example_dags/example_python_decorator.py for tasks to queue
[2024-11-08T09:06:12.364+0000] {logging_mixin.py:190} INFO - [2024-11-08T09:06:12.363+0000] {dagbag.py:588} INFO - Filling up the DagBag from /home/airflow/.local/lib/python3.12/site-packages/airflow/example_dags/example_python_decorator.py
[2024-11-08T09:06:12.394+0000] {processor.py:925} INFO - DAG(s) 'example_python_decorator' retrieved from /home/airflow/.local/lib/python3.12/site-packages/airflow/example_dags/example_python_decorator.py
[2024-11-08T09:06:12.464+0000] {logging_mixin.py:190} INFO - [2024-11-08T09:06:12.464+0000] {dag.py:3239} INFO - Sync 1 DAGs
[2024-11-08T09:06:12.512+0000] {logging_mixin.py:190} INFO - [2024-11-08T09:06:12.511+0000] {dag.py:4180} INFO - Setting next_dagrun for example_python_decorator to None, run_after=None
[2024-11-08T09:06:12.570+0000] {processor.py:208} INFO - Processing /home/airflow/.local/lib/python3.12/site-packages/airflow/example_dags/example_python_decorator.py took 0.223 seconds
