[2024-11-08T08:58:54.417+0000] {processor.py:186} INFO - Started process (PID=126) to work on /home/airflow/.local/lib/python3.12/site-packages/airflow/example_dags/example_display_name.py
[2024-11-08T08:58:54.428+0000] {processor.py:914} INFO - Processing file /home/airflow/.local/lib/python3.12/site-packages/airflow/example_dags/example_display_name.py for tasks to queue
[2024-11-08T08:58:54.436+0000] {logging_mixin.py:190} INFO - [2024-11-08T08:58:54.433+0000] {dagbag.py:588} INFO - Filling up the DagBag from /home/airflow/.local/lib/python3.12/site-packages/airflow/example_dags/example_display_name.py
[2024-11-08T08:58:54.475+0000] {processor.py:925} INFO - DAG(s) 'example_display_name' retrieved from /home/airflow/.local/lib/python3.12/site-packages/airflow/example_dags/example_display_name.py
[2024-11-08T08:58:54.879+0000] {logging_mixin.py:190} INFO - [2024-11-08T08:58:54.877+0000] {override.py:1911} INFO - Created Permission View: can read on DAG:example_display_name
[2024-11-08T08:58:54.926+0000] {logging_mixin.py:190} INFO - [2024-11-08T08:58:54.925+0000] {override.py:1911} INFO - Created Permission View: can delete on DAG:example_display_name
[2024-11-08T08:58:54.978+0000] {logging_mixin.py:190} INFO - [2024-11-08T08:58:54.977+0000] {override.py:1911} INFO - Created Permission View: can edit on DAG:example_display_name
[2024-11-08T08:58:55.037+0000] {logging_mixin.py:190} INFO - [2024-11-08T08:58:55.036+0000] {override.py:1911} INFO - Created Permission View: can read on DAG Run:example_display_name
[2024-11-08T08:58:55.086+0000] {logging_mixin.py:190} INFO - [2024-11-08T08:58:55.086+0000] {override.py:1911} INFO - Created Permission View: can delete on DAG Run:example_display_name
[2024-11-08T08:58:55.127+0000] {logging_mixin.py:190} INFO - [2024-11-08T08:58:55.127+0000] {override.py:1911} INFO - Created Permission View: can create on DAG Run:example_display_name
[2024-11-08T08:58:55.156+0000] {logging_mixin.py:190} INFO - [2024-11-08T08:58:55.155+0000] {override.py:1911} INFO - Created Permission View: menu access on DAG Run:example_display_name
[2024-11-08T08:58:55.158+0000] {logging_mixin.py:190} INFO - [2024-11-08T08:58:55.158+0000] {dag.py:3239} INFO - Sync 1 DAGs
[2024-11-08T08:58:55.214+0000] {logging_mixin.py:190} INFO - [2024-11-08T08:58:55.213+0000] {dag.py:3262} INFO - Creating ORM DAG for example_display_name
[2024-11-08T08:58:55.222+0000] {logging_mixin.py:190} INFO - [2024-11-08T08:58:55.221+0000] {dag.py:4180} INFO - Setting next_dagrun for example_display_name to None, run_after=None
[2024-11-08T08:58:55.285+0000] {processor.py:208} INFO - Processing /home/airflow/.local/lib/python3.12/site-packages/airflow/example_dags/example_display_name.py took 0.894 seconds
[2024-11-08T08:59:35.547+0000] {processor.py:186} INFO - Started process (PID=188) to work on /home/airflow/.local/lib/python3.12/site-packages/airflow/example_dags/example_display_name.py
[2024-11-08T08:59:35.550+0000] {processor.py:914} INFO - Processing file /home/airflow/.local/lib/python3.12/site-packages/airflow/example_dags/example_display_name.py for tasks to queue
[2024-11-08T08:59:35.555+0000] {logging_mixin.py:190} INFO - [2024-11-08T08:59:35.554+0000] {dagbag.py:588} INFO - Filling up the DagBag from /home/airflow/.local/lib/python3.12/site-packages/airflow/example_dags/example_display_name.py
[2024-11-08T08:59:35.571+0000] {processor.py:925} INFO - DAG(s) 'example_display_name' retrieved from /home/airflow/.local/lib/python3.12/site-packages/airflow/example_dags/example_display_name.py
[2024-11-08T08:59:35.607+0000] {logging_mixin.py:190} INFO - [2024-11-08T08:59:35.607+0000] {dag.py:3239} INFO - Sync 1 DAGs
[2024-11-08T08:59:35.659+0000] {logging_mixin.py:190} INFO - [2024-11-08T08:59:35.658+0000] {dag.py:4180} INFO - Setting next_dagrun for example_display_name to None, run_after=None
[2024-11-08T08:59:35.757+0000] {processor.py:208} INFO - Processing /home/airflow/.local/lib/python3.12/site-packages/airflow/example_dags/example_display_name.py took 0.221 seconds
[2024-11-08T09:00:30.503+0000] {processor.py:186} INFO - Started process (PID=258) to work on /home/airflow/.local/lib/python3.12/site-packages/airflow/example_dags/example_display_name.py
[2024-11-08T09:00:30.515+0000] {processor.py:914} INFO - Processing file /home/airflow/.local/lib/python3.12/site-packages/airflow/example_dags/example_display_name.py for tasks to queue
[2024-11-08T09:00:30.539+0000] {logging_mixin.py:190} INFO - [2024-11-08T09:00:30.538+0000] {dagbag.py:588} INFO - Filling up the DagBag from /home/airflow/.local/lib/python3.12/site-packages/airflow/example_dags/example_display_name.py
[2024-11-08T09:00:30.589+0000] {processor.py:925} INFO - DAG(s) 'example_display_name' retrieved from /home/airflow/.local/lib/python3.12/site-packages/airflow/example_dags/example_display_name.py
[2024-11-08T09:00:30.676+0000] {logging_mixin.py:190} INFO - [2024-11-08T09:00:30.673+0000] {dag.py:3239} INFO - Sync 1 DAGs
[2024-11-08T09:00:30.731+0000] {logging_mixin.py:190} INFO - [2024-11-08T09:00:30.730+0000] {dag.py:4180} INFO - Setting next_dagrun for example_display_name to None, run_after=None
[2024-11-08T09:00:30.802+0000] {processor.py:208} INFO - Processing /home/airflow/.local/lib/python3.12/site-packages/airflow/example_dags/example_display_name.py took 0.327 seconds
[2024-11-08T09:01:14.077+0000] {processor.py:186} INFO - Started process (PID=328) to work on /home/airflow/.local/lib/python3.12/site-packages/airflow/example_dags/example_display_name.py
[2024-11-08T09:01:14.081+0000] {processor.py:914} INFO - Processing file /home/airflow/.local/lib/python3.12/site-packages/airflow/example_dags/example_display_name.py for tasks to queue
[2024-11-08T09:01:14.096+0000] {logging_mixin.py:190} INFO - [2024-11-08T09:01:14.095+0000] {dagbag.py:588} INFO - Filling up the DagBag from /home/airflow/.local/lib/python3.12/site-packages/airflow/example_dags/example_display_name.py
[2024-11-08T09:01:14.150+0000] {processor.py:925} INFO - DAG(s) 'example_display_name' retrieved from /home/airflow/.local/lib/python3.12/site-packages/airflow/example_dags/example_display_name.py
[2024-11-08T09:01:14.272+0000] {logging_mixin.py:190} INFO - [2024-11-08T09:01:14.271+0000] {dag.py:3239} INFO - Sync 1 DAGs
[2024-11-08T09:01:14.363+0000] {logging_mixin.py:190} INFO - [2024-11-08T09:01:14.362+0000] {dag.py:4180} INFO - Setting next_dagrun for example_display_name to None, run_after=None
[2024-11-08T09:01:14.458+0000] {processor.py:208} INFO - Processing /home/airflow/.local/lib/python3.12/site-packages/airflow/example_dags/example_display_name.py took 0.416 seconds
[2024-11-08T09:04:05.338+0000] {processor.py:186} INFO - Started process (PID=391) to work on /home/airflow/.local/lib/python3.12/site-packages/airflow/example_dags/example_display_name.py
[2024-11-08T09:04:05.340+0000] {processor.py:914} INFO - Processing file /home/airflow/.local/lib/python3.12/site-packages/airflow/example_dags/example_display_name.py for tasks to queue
[2024-11-08T09:04:05.343+0000] {logging_mixin.py:190} INFO - [2024-11-08T09:04:05.343+0000] {dagbag.py:588} INFO - Filling up the DagBag from /home/airflow/.local/lib/python3.12/site-packages/airflow/example_dags/example_display_name.py
[2024-11-08T09:04:05.374+0000] {processor.py:925} INFO - DAG(s) 'example_display_name' retrieved from /home/airflow/.local/lib/python3.12/site-packages/airflow/example_dags/example_display_name.py
[2024-11-08T09:04:05.431+0000] {logging_mixin.py:190} INFO - [2024-11-08T09:04:05.431+0000] {dag.py:3239} INFO - Sync 1 DAGs
[2024-11-08T09:04:05.482+0000] {logging_mixin.py:190} INFO - [2024-11-08T09:04:05.482+0000] {dag.py:4180} INFO - Setting next_dagrun for example_display_name to None, run_after=None
[2024-11-08T09:04:05.539+0000] {processor.py:208} INFO - Processing /home/airflow/.local/lib/python3.12/site-packages/airflow/example_dags/example_display_name.py took 0.213 seconds
[2024-11-08T09:04:51.653+0000] {processor.py:186} INFO - Started process (PID=454) to work on /home/airflow/.local/lib/python3.12/site-packages/airflow/example_dags/example_display_name.py
[2024-11-08T09:04:51.662+0000] {processor.py:914} INFO - Processing file /home/airflow/.local/lib/python3.12/site-packages/airflow/example_dags/example_display_name.py for tasks to queue
[2024-11-08T09:04:51.665+0000] {logging_mixin.py:190} INFO - [2024-11-08T09:04:51.664+0000] {dagbag.py:588} INFO - Filling up the DagBag from /home/airflow/.local/lib/python3.12/site-packages/airflow/example_dags/example_display_name.py
[2024-11-08T09:04:51.689+0000] {processor.py:925} INFO - DAG(s) 'example_display_name' retrieved from /home/airflow/.local/lib/python3.12/site-packages/airflow/example_dags/example_display_name.py
[2024-11-08T09:04:51.750+0000] {logging_mixin.py:190} INFO - [2024-11-08T09:04:51.750+0000] {dag.py:3239} INFO - Sync 1 DAGs
[2024-11-08T09:04:51.797+0000] {logging_mixin.py:190} INFO - [2024-11-08T09:04:51.796+0000] {dag.py:4180} INFO - Setting next_dagrun for example_display_name to None, run_after=None
[2024-11-08T09:04:51.856+0000] {processor.py:208} INFO - Processing /home/airflow/.local/lib/python3.12/site-packages/airflow/example_dags/example_display_name.py took 0.218 seconds
[2024-11-08T09:05:24.471+0000] {processor.py:186} INFO - Started process (PID=517) to work on /home/airflow/.local/lib/python3.12/site-packages/airflow/example_dags/example_display_name.py
[2024-11-08T09:05:24.475+0000] {processor.py:914} INFO - Processing file /home/airflow/.local/lib/python3.12/site-packages/airflow/example_dags/example_display_name.py for tasks to queue
[2024-11-08T09:05:24.483+0000] {logging_mixin.py:190} INFO - [2024-11-08T09:05:24.482+0000] {dagbag.py:588} INFO - Filling up the DagBag from /home/airflow/.local/lib/python3.12/site-packages/airflow/example_dags/example_display_name.py
[2024-11-08T09:05:24.527+0000] {processor.py:925} INFO - DAG(s) 'example_display_name' retrieved from /home/airflow/.local/lib/python3.12/site-packages/airflow/example_dags/example_display_name.py
[2024-11-08T09:05:24.620+0000] {logging_mixin.py:190} INFO - [2024-11-08T09:05:24.619+0000] {dag.py:3239} INFO - Sync 1 DAGs
[2024-11-08T09:05:24.720+0000] {logging_mixin.py:190} INFO - [2024-11-08T09:05:24.719+0000] {dag.py:4180} INFO - Setting next_dagrun for example_display_name to None, run_after=None
[2024-11-08T09:05:24.787+0000] {processor.py:208} INFO - Processing /home/airflow/.local/lib/python3.12/site-packages/airflow/example_dags/example_display_name.py took 0.346 seconds
[2024-11-08T09:06:02.733+0000] {processor.py:186} INFO - Started process (PID=580) to work on /home/airflow/.local/lib/python3.12/site-packages/airflow/example_dags/example_display_name.py
[2024-11-08T09:06:02.830+0000] {processor.py:914} INFO - Processing file /home/airflow/.local/lib/python3.12/site-packages/airflow/example_dags/example_display_name.py for tasks to queue
[2024-11-08T09:06:02.899+0000] {logging_mixin.py:190} INFO - [2024-11-08T09:06:02.896+0000] {dagbag.py:588} INFO - Filling up the DagBag from /home/airflow/.local/lib/python3.12/site-packages/airflow/example_dags/example_display_name.py
[2024-11-08T09:06:03.039+0000] {processor.py:925} INFO - DAG(s) 'example_display_name' retrieved from /home/airflow/.local/lib/python3.12/site-packages/airflow/example_dags/example_display_name.py
[2024-11-08T09:06:03.278+0000] {logging_mixin.py:190} INFO - [2024-11-08T09:06:03.277+0000] {dag.py:3239} INFO - Sync 1 DAGs
[2024-11-08T09:06:03.495+0000] {logging_mixin.py:190} INFO - [2024-11-08T09:06:03.495+0000] {dag.py:4180} INFO - Setting next_dagrun for example_display_name to None, run_after=None
[2024-11-08T09:06:03.780+0000] {processor.py:208} INFO - Processing /home/airflow/.local/lib/python3.12/site-packages/airflow/example_dags/example_display_name.py took 1.120 seconds
[2024-11-08T09:06:35.107+0000] {processor.py:186} INFO - Started process (PID=649) to work on /home/airflow/.local/lib/python3.12/site-packages/airflow/example_dags/example_display_name.py
[2024-11-08T09:06:35.110+0000] {processor.py:914} INFO - Processing file /home/airflow/.local/lib/python3.12/site-packages/airflow/example_dags/example_display_name.py for tasks to queue
[2024-11-08T09:06:35.124+0000] {logging_mixin.py:190} INFO - [2024-11-08T09:06:35.123+0000] {dagbag.py:588} INFO - Filling up the DagBag from /home/airflow/.local/lib/python3.12/site-packages/airflow/example_dags/example_display_name.py
[2024-11-08T09:06:35.158+0000] {processor.py:925} INFO - DAG(s) 'example_display_name' retrieved from /home/airflow/.local/lib/python3.12/site-packages/airflow/example_dags/example_display_name.py
[2024-11-08T09:06:35.255+0000] {logging_mixin.py:190} INFO - [2024-11-08T09:06:35.251+0000] {dag.py:3239} INFO - Sync 1 DAGs
[2024-11-08T09:06:35.327+0000] {logging_mixin.py:190} INFO - [2024-11-08T09:06:35.327+0000] {dag.py:4180} INFO - Setting next_dagrun for example_display_name to None, run_after=None
[2024-11-08T09:06:35.401+0000] {processor.py:208} INFO - Processing /home/airflow/.local/lib/python3.12/site-packages/airflow/example_dags/example_display_name.py took 0.330 seconds
