[2024-11-08T08:59:24.778+0000] {processor.py:186} INFO - Started process (PID=156) to work on /home/airflow/.local/lib/python3.12/site-packages/airflow/example_dags/example_kubernetes_executor.py
[2024-11-08T08:59:24.780+0000] {processor.py:914} INFO - Processing file /home/airflow/.local/lib/python3.12/site-packages/airflow/example_dags/example_kubernetes_executor.py for tasks to queue
[2024-11-08T08:59:24.789+0000] {logging_mixin.py:190} INFO - [2024-11-08T08:59:24.789+0000] {dagbag.py:588} INFO - Filling up the DagBag from /home/airflow/.local/lib/python3.12/site-packages/airflow/example_dags/example_kubernetes_executor.py
[2024-11-08T08:59:24.839+0000] {processor.py:925} INFO - DAG(s) 'example_kubernetes_executor' retrieved from /home/airflow/.local/lib/python3.12/site-packages/airflow/example_dags/example_kubernetes_executor.py
[2024-11-08T08:59:25.260+0000] {logging_mixin.py:190} INFO - [2024-11-08T08:59:25.258+0000] {override.py:1911} INFO - Created Permission View: can read on DAG:example_kubernetes_executor
[2024-11-08T08:59:25.300+0000] {logging_mixin.py:190} INFO - [2024-11-08T08:59:25.300+0000] {override.py:1911} INFO - Created Permission View: can delete on DAG:example_kubernetes_executor
[2024-11-08T08:59:25.348+0000] {logging_mixin.py:190} INFO - [2024-11-08T08:59:25.347+0000] {override.py:1911} INFO - Created Permission View: can edit on DAG:example_kubernetes_executor
[2024-11-08T08:59:25.391+0000] {logging_mixin.py:190} INFO - [2024-11-08T08:59:25.390+0000] {override.py:1911} INFO - Created Permission View: can read on DAG Run:example_kubernetes_executor
[2024-11-08T08:59:25.418+0000] {logging_mixin.py:190} INFO - [2024-11-08T08:59:25.417+0000] {override.py:1911} INFO - Created Permission View: can delete on DAG Run:example_kubernetes_executor
[2024-11-08T08:59:25.442+0000] {logging_mixin.py:190} INFO - [2024-11-08T08:59:25.442+0000] {override.py:1911} INFO - Created Permission View: can create on DAG Run:example_kubernetes_executor
[2024-11-08T08:59:25.469+0000] {logging_mixin.py:190} INFO - [2024-11-08T08:59:25.468+0000] {override.py:1911} INFO - Created Permission View: menu access on DAG Run:example_kubernetes_executor
[2024-11-08T08:59:25.470+0000] {logging_mixin.py:190} INFO - [2024-11-08T08:59:25.470+0000] {dag.py:3239} INFO - Sync 1 DAGs
[2024-11-08T08:59:25.525+0000] {logging_mixin.py:190} INFO - [2024-11-08T08:59:25.525+0000] {dag.py:3262} INFO - Creating ORM DAG for example_kubernetes_executor
[2024-11-08T08:59:25.528+0000] {logging_mixin.py:190} INFO - [2024-11-08T08:59:25.528+0000] {dag.py:4180} INFO - Setting next_dagrun for example_kubernetes_executor to None, run_after=None
[2024-11-08T08:59:25.606+0000] {processor.py:208} INFO - Processing /home/airflow/.local/lib/python3.12/site-packages/airflow/example_dags/example_kubernetes_executor.py took 0.843 seconds
[2024-11-08T09:00:05.630+0000] {processor.py:186} INFO - Started process (PID=226) to work on /home/airflow/.local/lib/python3.12/site-packages/airflow/example_dags/example_kubernetes_executor.py
[2024-11-08T09:00:05.636+0000] {processor.py:914} INFO - Processing file /home/airflow/.local/lib/python3.12/site-packages/airflow/example_dags/example_kubernetes_executor.py for tasks to queue
[2024-11-08T09:00:05.640+0000] {logging_mixin.py:190} INFO - [2024-11-08T09:00:05.640+0000] {dagbag.py:588} INFO - Filling up the DagBag from /home/airflow/.local/lib/python3.12/site-packages/airflow/example_dags/example_kubernetes_executor.py
[2024-11-08T09:00:05.680+0000] {processor.py:925} INFO - DAG(s) 'example_kubernetes_executor' retrieved from /home/airflow/.local/lib/python3.12/site-packages/airflow/example_dags/example_kubernetes_executor.py
[2024-11-08T09:00:05.791+0000] {logging_mixin.py:190} INFO - [2024-11-08T09:00:05.790+0000] {dag.py:3239} INFO - Sync 1 DAGs
[2024-11-08T09:00:05.863+0000] {logging_mixin.py:190} INFO - [2024-11-08T09:00:05.862+0000] {dag.py:4180} INFO - Setting next_dagrun for example_kubernetes_executor to None, run_after=None
[2024-11-08T09:00:05.966+0000] {processor.py:208} INFO - Processing /home/airflow/.local/lib/python3.12/site-packages/airflow/example_dags/example_kubernetes_executor.py took 0.349 seconds
[2024-11-08T09:01:08.006+0000] {processor.py:186} INFO - Started process (PID=302) to work on /home/airflow/.local/lib/python3.12/site-packages/airflow/example_dags/example_kubernetes_executor.py
[2024-11-08T09:01:08.009+0000] {processor.py:914} INFO - Processing file /home/airflow/.local/lib/python3.12/site-packages/airflow/example_dags/example_kubernetes_executor.py for tasks to queue
[2024-11-08T09:01:08.023+0000] {logging_mixin.py:190} INFO - [2024-11-08T09:01:08.022+0000] {dagbag.py:588} INFO - Filling up the DagBag from /home/airflow/.local/lib/python3.12/site-packages/airflow/example_dags/example_kubernetes_executor.py
[2024-11-08T09:01:08.129+0000] {processor.py:925} INFO - DAG(s) 'example_kubernetes_executor' retrieved from /home/airflow/.local/lib/python3.12/site-packages/airflow/example_dags/example_kubernetes_executor.py
[2024-11-08T09:01:08.315+0000] {logging_mixin.py:190} INFO - [2024-11-08T09:01:08.312+0000] {dag.py:3239} INFO - Sync 1 DAGs
[2024-11-08T09:01:08.396+0000] {logging_mixin.py:190} INFO - [2024-11-08T09:01:08.396+0000] {dag.py:4180} INFO - Setting next_dagrun for example_kubernetes_executor to None, run_after=None
[2024-11-08T09:01:08.496+0000] {processor.py:208} INFO - Processing /home/airflow/.local/lib/python3.12/site-packages/airflow/example_dags/example_kubernetes_executor.py took 0.526 seconds
[2024-11-08T09:04:40.279+0000] {processor.py:186} INFO - Started process (PID=422) to work on /home/airflow/.local/lib/python3.12/site-packages/airflow/example_dags/example_kubernetes_executor.py
[2024-11-08T09:04:40.283+0000] {processor.py:914} INFO - Processing file /home/airflow/.local/lib/python3.12/site-packages/airflow/example_dags/example_kubernetes_executor.py for tasks to queue
[2024-11-08T09:04:40.288+0000] {logging_mixin.py:190} INFO - [2024-11-08T09:04:40.286+0000] {dagbag.py:588} INFO - Filling up the DagBag from /home/airflow/.local/lib/python3.12/site-packages/airflow/example_dags/example_kubernetes_executor.py
[2024-11-08T09:04:40.375+0000] {processor.py:925} INFO - DAG(s) 'example_kubernetes_executor' retrieved from /home/airflow/.local/lib/python3.12/site-packages/airflow/example_dags/example_kubernetes_executor.py
[2024-11-08T09:04:40.502+0000] {logging_mixin.py:190} INFO - [2024-11-08T09:04:40.502+0000] {dag.py:3239} INFO - Sync 1 DAGs
[2024-11-08T09:04:40.555+0000] {logging_mixin.py:190} INFO - [2024-11-08T09:04:40.555+0000] {dag.py:4180} INFO - Setting next_dagrun for example_kubernetes_executor to None, run_after=None
[2024-11-08T09:04:40.631+0000] {processor.py:208} INFO - Processing /home/airflow/.local/lib/python3.12/site-packages/airflow/example_dags/example_kubernetes_executor.py took 0.373 seconds
[2024-11-08T09:05:11.700+0000] {processor.py:186} INFO - Started process (PID=485) to work on /home/airflow/.local/lib/python3.12/site-packages/airflow/example_dags/example_kubernetes_executor.py
[2024-11-08T09:05:11.704+0000] {processor.py:914} INFO - Processing file /home/airflow/.local/lib/python3.12/site-packages/airflow/example_dags/example_kubernetes_executor.py for tasks to queue
[2024-11-08T09:05:11.708+0000] {logging_mixin.py:190} INFO - [2024-11-08T09:05:11.707+0000] {dagbag.py:588} INFO - Filling up the DagBag from /home/airflow/.local/lib/python3.12/site-packages/airflow/example_dags/example_kubernetes_executor.py
[2024-11-08T09:05:11.778+0000] {processor.py:925} INFO - DAG(s) 'example_kubernetes_executor' retrieved from /home/airflow/.local/lib/python3.12/site-packages/airflow/example_dags/example_kubernetes_executor.py
[2024-11-08T09:05:11.929+0000] {logging_mixin.py:190} INFO - [2024-11-08T09:05:11.928+0000] {dag.py:3239} INFO - Sync 1 DAGs
[2024-11-08T09:05:11.976+0000] {logging_mixin.py:190} INFO - [2024-11-08T09:05:11.975+0000] {dag.py:4180} INFO - Setting next_dagrun for example_kubernetes_executor to None, run_after=None
[2024-11-08T09:05:12.039+0000] {processor.py:208} INFO - Processing /home/airflow/.local/lib/python3.12/site-packages/airflow/example_dags/example_kubernetes_executor.py took 0.353 seconds
[2024-11-08T09:05:42.437+0000] {processor.py:186} INFO - Started process (PID=547) to work on /home/airflow/.local/lib/python3.12/site-packages/airflow/example_dags/example_kubernetes_executor.py
[2024-11-08T09:05:42.443+0000] {processor.py:914} INFO - Processing file /home/airflow/.local/lib/python3.12/site-packages/airflow/example_dags/example_kubernetes_executor.py for tasks to queue
[2024-11-08T09:05:42.449+0000] {logging_mixin.py:190} INFO - [2024-11-08T09:05:42.447+0000] {dagbag.py:588} INFO - Filling up the DagBag from /home/airflow/.local/lib/python3.12/site-packages/airflow/example_dags/example_kubernetes_executor.py
[2024-11-08T09:05:42.525+0000] {processor.py:925} INFO - DAG(s) 'example_kubernetes_executor' retrieved from /home/airflow/.local/lib/python3.12/site-packages/airflow/example_dags/example_kubernetes_executor.py
[2024-11-08T09:05:42.736+0000] {logging_mixin.py:190} INFO - [2024-11-08T09:05:42.736+0000] {dag.py:3239} INFO - Sync 1 DAGs
[2024-11-08T09:05:42.863+0000] {logging_mixin.py:190} INFO - [2024-11-08T09:05:42.862+0000] {dag.py:4180} INFO - Setting next_dagrun for example_kubernetes_executor to None, run_after=None
[2024-11-08T09:05:42.941+0000] {processor.py:208} INFO - Processing /home/airflow/.local/lib/python3.12/site-packages/airflow/example_dags/example_kubernetes_executor.py took 0.524 seconds
[2024-11-08T09:06:13.454+0000] {processor.py:186} INFO - Started process (PID=610) to work on /home/airflow/.local/lib/python3.12/site-packages/airflow/example_dags/example_kubernetes_executor.py
[2024-11-08T09:06:13.456+0000] {processor.py:914} INFO - Processing file /home/airflow/.local/lib/python3.12/site-packages/airflow/example_dags/example_kubernetes_executor.py for tasks to queue
[2024-11-08T09:06:13.459+0000] {logging_mixin.py:190} INFO - [2024-11-08T09:06:13.458+0000] {dagbag.py:588} INFO - Filling up the DagBag from /home/airflow/.local/lib/python3.12/site-packages/airflow/example_dags/example_kubernetes_executor.py
[2024-11-08T09:06:13.494+0000] {processor.py:925} INFO - DAG(s) 'example_kubernetes_executor' retrieved from /home/airflow/.local/lib/python3.12/site-packages/airflow/example_dags/example_kubernetes_executor.py
[2024-11-08T09:06:13.599+0000] {logging_mixin.py:190} INFO - [2024-11-08T09:06:13.598+0000] {dag.py:3239} INFO - Sync 1 DAGs
[2024-11-08T09:06:13.634+0000] {logging_mixin.py:190} INFO - [2024-11-08T09:06:13.634+0000] {dag.py:4180} INFO - Setting next_dagrun for example_kubernetes_executor to None, run_after=None
[2024-11-08T09:06:13.672+0000] {processor.py:208} INFO - Processing /home/airflow/.local/lib/python3.12/site-packages/airflow/example_dags/example_kubernetes_executor.py took 0.227 seconds
