[2024-11-08T08:59:08.786+0000] {processor.py:186} INFO - Started process (PID=131) to work on /home/airflow/.local/lib/python3.12/site-packages/airflow/example_dags/example_task_group.py
[2024-11-08T08:59:08.788+0000] {processor.py:914} INFO - Processing file /home/airflow/.local/lib/python3.12/site-packages/airflow/example_dags/example_task_group.py for tasks to queue
[2024-11-08T08:59:08.794+0000] {logging_mixin.py:190} INFO - [2024-11-08T08:59:08.793+0000] {dagbag.py:588} INFO - Filling up the DagBag from /home/airflow/.local/lib/python3.12/site-packages/airflow/example_dags/example_task_group.py
[2024-11-08T08:59:08.818+0000] {processor.py:925} INFO - DAG(s) 'example_task_group' retrieved from /home/airflow/.local/lib/python3.12/site-packages/airflow/example_dags/example_task_group.py
[2024-11-08T08:59:09.060+0000] {logging_mixin.py:190} INFO - [2024-11-08T08:59:09.059+0000] {override.py:1911} INFO - Created Permission View: can read on DAG:example_task_group
[2024-11-08T08:59:09.084+0000] {logging_mixin.py:190} INFO - [2024-11-08T08:59:09.084+0000] {override.py:1911} INFO - Created Permission View: can delete on DAG:example_task_group
[2024-11-08T08:59:09.103+0000] {logging_mixin.py:190} INFO - [2024-11-08T08:59:09.102+0000] {override.py:1911} INFO - Created Permission View: can edit on DAG:example_task_group
[2024-11-08T08:59:09.130+0000] {logging_mixin.py:190} INFO - [2024-11-08T08:59:09.129+0000] {override.py:1911} INFO - Created Permission View: can read on DAG Run:example_task_group
[2024-11-08T08:59:09.160+0000] {logging_mixin.py:190} INFO - [2024-11-08T08:59:09.158+0000] {override.py:1911} INFO - Created Permission View: can delete on DAG Run:example_task_group
[2024-11-08T08:59:09.180+0000] {logging_mixin.py:190} INFO - [2024-11-08T08:59:09.180+0000] {override.py:1911} INFO - Created Permission View: can create on DAG Run:example_task_group
[2024-11-08T08:59:09.203+0000] {logging_mixin.py:190} INFO - [2024-11-08T08:59:09.203+0000] {override.py:1911} INFO - Created Permission View: menu access on DAG Run:example_task_group
[2024-11-08T08:59:09.205+0000] {logging_mixin.py:190} INFO - [2024-11-08T08:59:09.204+0000] {dag.py:3239} INFO - Sync 1 DAGs
[2024-11-08T08:59:09.234+0000] {logging_mixin.py:190} INFO - [2024-11-08T08:59:09.234+0000] {dag.py:3262} INFO - Creating ORM DAG for example_task_group
[2024-11-08T08:59:09.236+0000] {logging_mixin.py:190} INFO - [2024-11-08T08:59:09.236+0000] {dag.py:4180} INFO - Setting next_dagrun for example_task_group to None, run_after=None
[2024-11-08T08:59:09.275+0000] {processor.py:208} INFO - Processing /home/airflow/.local/lib/python3.12/site-packages/airflow/example_dags/example_task_group.py took 0.500 seconds
[2024-11-08T08:59:40.937+0000] {processor.py:186} INFO - Started process (PID=193) to work on /home/airflow/.local/lib/python3.12/site-packages/airflow/example_dags/example_task_group.py
[2024-11-08T08:59:40.947+0000] {processor.py:914} INFO - Processing file /home/airflow/.local/lib/python3.12/site-packages/airflow/example_dags/example_task_group.py for tasks to queue
[2024-11-08T08:59:40.954+0000] {logging_mixin.py:190} INFO - [2024-11-08T08:59:40.953+0000] {dagbag.py:588} INFO - Filling up the DagBag from /home/airflow/.local/lib/python3.12/site-packages/airflow/example_dags/example_task_group.py
[2024-11-08T08:59:40.981+0000] {processor.py:925} INFO - DAG(s) 'example_task_group' retrieved from /home/airflow/.local/lib/python3.12/site-packages/airflow/example_dags/example_task_group.py
[2024-11-08T08:59:41.044+0000] {logging_mixin.py:190} INFO - [2024-11-08T08:59:41.044+0000] {dag.py:3239} INFO - Sync 1 DAGs
[2024-11-08T08:59:41.116+0000] {logging_mixin.py:190} INFO - [2024-11-08T08:59:41.115+0000] {dag.py:4180} INFO - Setting next_dagrun for example_task_group to None, run_after=None
[2024-11-08T08:59:41.204+0000] {processor.py:208} INFO - Processing /home/airflow/.local/lib/python3.12/site-packages/airflow/example_dags/example_task_group.py took 0.286 seconds
[2024-11-08T09:00:48.769+0000] {processor.py:186} INFO - Started process (PID=270) to work on /home/airflow/.local/lib/python3.12/site-packages/airflow/example_dags/example_task_group.py
[2024-11-08T09:00:48.790+0000] {processor.py:914} INFO - Processing file /home/airflow/.local/lib/python3.12/site-packages/airflow/example_dags/example_task_group.py for tasks to queue
[2024-11-08T09:00:48.799+0000] {logging_mixin.py:190} INFO - [2024-11-08T09:00:48.798+0000] {dagbag.py:588} INFO - Filling up the DagBag from /home/airflow/.local/lib/python3.12/site-packages/airflow/example_dags/example_task_group.py
[2024-11-08T09:00:48.853+0000] {processor.py:925} INFO - DAG(s) 'example_task_group' retrieved from /home/airflow/.local/lib/python3.12/site-packages/airflow/example_dags/example_task_group.py
[2024-11-08T09:00:49.041+0000] {logging_mixin.py:190} INFO - [2024-11-08T09:00:49.030+0000] {dag.py:3239} INFO - Sync 1 DAGs
[2024-11-08T09:00:49.183+0000] {logging_mixin.py:190} INFO - [2024-11-08T09:00:49.182+0000] {dag.py:4180} INFO - Setting next_dagrun for example_task_group to None, run_after=None
[2024-11-08T09:00:49.318+0000] {processor.py:208} INFO - Processing /home/airflow/.local/lib/python3.12/site-packages/airflow/example_dags/example_task_group.py took 0.572 seconds
[2024-11-08T09:01:23.588+0000] {processor.py:186} INFO - Started process (PID=333) to work on /home/airflow/.local/lib/python3.12/site-packages/airflow/example_dags/example_task_group.py
[2024-11-08T09:01:23.606+0000] {processor.py:914} INFO - Processing file /home/airflow/.local/lib/python3.12/site-packages/airflow/example_dags/example_task_group.py for tasks to queue
[2024-11-08T09:01:23.634+0000] {logging_mixin.py:190} INFO - [2024-11-08T09:01:23.632+0000] {dagbag.py:588} INFO - Filling up the DagBag from /home/airflow/.local/lib/python3.12/site-packages/airflow/example_dags/example_task_group.py
[2024-11-08T09:01:23.686+0000] {processor.py:925} INFO - DAG(s) 'example_task_group' retrieved from /home/airflow/.local/lib/python3.12/site-packages/airflow/example_dags/example_task_group.py
[2024-11-08T09:01:23.828+0000] {logging_mixin.py:190} INFO - [2024-11-08T09:01:23.824+0000] {dag.py:3239} INFO - Sync 1 DAGs
[2024-11-08T09:01:23.920+0000] {logging_mixin.py:190} INFO - [2024-11-08T09:01:23.919+0000] {dag.py:4180} INFO - Setting next_dagrun for example_task_group to None, run_after=None
[2024-11-08T09:01:23.999+0000] {processor.py:208} INFO - Processing /home/airflow/.local/lib/python3.12/site-packages/airflow/example_dags/example_task_group.py took 0.467 seconds
[2024-11-08T09:04:30.104+0000] {processor.py:186} INFO - Started process (PID=402) to work on /home/airflow/.local/lib/python3.12/site-packages/airflow/example_dags/example_task_group.py
[2024-11-08T09:04:30.135+0000] {processor.py:914} INFO - Processing file /home/airflow/.local/lib/python3.12/site-packages/airflow/example_dags/example_task_group.py for tasks to queue
[2024-11-08T09:04:30.140+0000] {logging_mixin.py:190} INFO - [2024-11-08T09:04:30.139+0000] {dagbag.py:588} INFO - Filling up the DagBag from /home/airflow/.local/lib/python3.12/site-packages/airflow/example_dags/example_task_group.py
[2024-11-08T09:04:30.182+0000] {processor.py:925} INFO - DAG(s) 'example_task_group' retrieved from /home/airflow/.local/lib/python3.12/site-packages/airflow/example_dags/example_task_group.py
[2024-11-08T09:04:30.344+0000] {logging_mixin.py:190} INFO - [2024-11-08T09:04:30.343+0000] {dag.py:3239} INFO - Sync 1 DAGs
[2024-11-08T09:04:30.420+0000] {logging_mixin.py:190} INFO - [2024-11-08T09:04:30.419+0000] {dag.py:4180} INFO - Setting next_dagrun for example_task_group to None, run_after=None
[2024-11-08T09:04:30.582+0000] {processor.py:208} INFO - Processing /home/airflow/.local/lib/python3.12/site-packages/airflow/example_dags/example_task_group.py took 0.512 seconds
[2024-11-08T09:05:02.379+0000] {processor.py:186} INFO - Started process (PID=465) to work on /home/airflow/.local/lib/python3.12/site-packages/airflow/example_dags/example_task_group.py
[2024-11-08T09:05:02.382+0000] {processor.py:914} INFO - Processing file /home/airflow/.local/lib/python3.12/site-packages/airflow/example_dags/example_task_group.py for tasks to queue
[2024-11-08T09:05:02.394+0000] {logging_mixin.py:190} INFO - [2024-11-08T09:05:02.393+0000] {dagbag.py:588} INFO - Filling up the DagBag from /home/airflow/.local/lib/python3.12/site-packages/airflow/example_dags/example_task_group.py
[2024-11-08T09:05:02.433+0000] {processor.py:925} INFO - DAG(s) 'example_task_group' retrieved from /home/airflow/.local/lib/python3.12/site-packages/airflow/example_dags/example_task_group.py
[2024-11-08T09:05:02.526+0000] {logging_mixin.py:190} INFO - [2024-11-08T09:05:02.525+0000] {dag.py:3239} INFO - Sync 1 DAGs
[2024-11-08T09:05:02.601+0000] {logging_mixin.py:190} INFO - [2024-11-08T09:05:02.597+0000] {dag.py:4180} INFO - Setting next_dagrun for example_task_group to None, run_after=None
[2024-11-08T09:05:02.685+0000] {processor.py:208} INFO - Processing /home/airflow/.local/lib/python3.12/site-packages/airflow/example_dags/example_task_group.py took 0.330 seconds
[2024-11-08T09:05:35.258+0000] {processor.py:186} INFO - Started process (PID=528) to work on /home/airflow/.local/lib/python3.12/site-packages/airflow/example_dags/example_task_group.py
[2024-11-08T09:05:35.263+0000] {processor.py:914} INFO - Processing file /home/airflow/.local/lib/python3.12/site-packages/airflow/example_dags/example_task_group.py for tasks to queue
[2024-11-08T09:05:35.271+0000] {logging_mixin.py:190} INFO - [2024-11-08T09:05:35.269+0000] {dagbag.py:588} INFO - Filling up the DagBag from /home/airflow/.local/lib/python3.12/site-packages/airflow/example_dags/example_task_group.py
[2024-11-08T09:05:35.311+0000] {processor.py:925} INFO - DAG(s) 'example_task_group' retrieved from /home/airflow/.local/lib/python3.12/site-packages/airflow/example_dags/example_task_group.py
[2024-11-08T09:05:35.404+0000] {logging_mixin.py:190} INFO - [2024-11-08T09:05:35.402+0000] {dag.py:3239} INFO - Sync 1 DAGs
[2024-11-08T09:05:35.473+0000] {logging_mixin.py:190} INFO - [2024-11-08T09:05:35.472+0000] {dag.py:4180} INFO - Setting next_dagrun for example_task_group to None, run_after=None
[2024-11-08T09:05:35.552+0000] {processor.py:208} INFO - Processing /home/airflow/.local/lib/python3.12/site-packages/airflow/example_dags/example_task_group.py took 0.316 seconds
[2024-11-08T09:06:10.166+0000] {processor.py:186} INFO - Started process (PID=591) to work on /home/airflow/.local/lib/python3.12/site-packages/airflow/example_dags/example_task_group.py
[2024-11-08T09:06:10.168+0000] {processor.py:914} INFO - Processing file /home/airflow/.local/lib/python3.12/site-packages/airflow/example_dags/example_task_group.py for tasks to queue
[2024-11-08T09:06:10.172+0000] {logging_mixin.py:190} INFO - [2024-11-08T09:06:10.171+0000] {dagbag.py:588} INFO - Filling up the DagBag from /home/airflow/.local/lib/python3.12/site-packages/airflow/example_dags/example_task_group.py
[2024-11-08T09:06:10.203+0000] {processor.py:925} INFO - DAG(s) 'example_task_group' retrieved from /home/airflow/.local/lib/python3.12/site-packages/airflow/example_dags/example_task_group.py
[2024-11-08T09:06:10.277+0000] {logging_mixin.py:190} INFO - [2024-11-08T09:06:10.276+0000] {dag.py:3239} INFO - Sync 1 DAGs
[2024-11-08T09:06:10.338+0000] {logging_mixin.py:190} INFO - [2024-11-08T09:06:10.338+0000] {dag.py:4180} INFO - Setting next_dagrun for example_task_group to None, run_after=None
[2024-11-08T09:06:10.433+0000] {processor.py:208} INFO - Processing /home/airflow/.local/lib/python3.12/site-packages/airflow/example_dags/example_task_group.py took 0.287 seconds
[2024-11-08T09:06:42.236+0000] {processor.py:186} INFO - Started process (PID=654) to work on /home/airflow/.local/lib/python3.12/site-packages/airflow/example_dags/example_task_group.py
[2024-11-08T09:06:42.240+0000] {processor.py:914} INFO - Processing file /home/airflow/.local/lib/python3.12/site-packages/airflow/example_dags/example_task_group.py for tasks to queue
[2024-11-08T09:06:42.242+0000] {logging_mixin.py:190} INFO - [2024-11-08T09:06:42.242+0000] {dagbag.py:588} INFO - Filling up the DagBag from /home/airflow/.local/lib/python3.12/site-packages/airflow/example_dags/example_task_group.py
[2024-11-08T09:06:42.265+0000] {processor.py:925} INFO - DAG(s) 'example_task_group' retrieved from /home/airflow/.local/lib/python3.12/site-packages/airflow/example_dags/example_task_group.py
[2024-11-08T09:06:42.330+0000] {logging_mixin.py:190} INFO - [2024-11-08T09:06:42.330+0000] {dag.py:3239} INFO - Sync 1 DAGs
[2024-11-08T09:06:42.380+0000] {logging_mixin.py:190} INFO - [2024-11-08T09:06:42.369+0000] {dag.py:4180} INFO - Setting next_dagrun for example_task_group to None, run_after=None
[2024-11-08T09:06:42.470+0000] {processor.py:208} INFO - Processing /home/airflow/.local/lib/python3.12/site-packages/airflow/example_dags/example_task_group.py took 0.247 seconds
