[2024-11-08T08:59:11.169+0000] {processor.py:186} INFO - Started process (PID=141) to work on /home/airflow/.local/lib/python3.12/site-packages/airflow/example_dags/example_datasets.py
[2024-11-08T08:59:11.171+0000] {processor.py:914} INFO - Processing file /home/airflow/.local/lib/python3.12/site-packages/airflow/example_dags/example_datasets.py for tasks to queue
[2024-11-08T08:59:11.190+0000] {logging_mixin.py:190} INFO - [2024-11-08T08:59:11.189+0000] {dagbag.py:588} INFO - Filling up the DagBag from /home/airflow/.local/lib/python3.12/site-packages/airflow/example_dags/example_datasets.py
[2024-11-08T08:59:14.109+0000] {processor.py:925} INFO - DAG(s) 'dataset_consumes_1', 'conditional_dataset_and_time_based_timetable', 'dataset_consumes_unknown_never_scheduled', 'consume_1_or_both_2_and_3_with_dataset_expressions', 'dataset_produces_2', 'consume_1_or_2_with_dataset_expressions', 'dataset_produces_1', 'dataset_consumes_1_never_scheduled', 'dataset_consumes_1_and_2', 'consume_1_and_2_with_dataset_expressions' retrieved from /home/airflow/.local/lib/python3.12/site-packages/airflow/example_dags/example_datasets.py
[2024-11-08T08:59:14.538+0000] {logging_mixin.py:190} INFO - [2024-11-08T08:59:14.534+0000] {override.py:1911} INFO - Created Permission View: can read on DAG:dataset_consumes_1
[2024-11-08T08:59:14.593+0000] {logging_mixin.py:190} INFO - [2024-11-08T08:59:14.592+0000] {override.py:1911} INFO - Created Permission View: can delete on DAG:dataset_consumes_1
[2024-11-08T08:59:14.677+0000] {logging_mixin.py:190} INFO - [2024-11-08T08:59:14.676+0000] {override.py:1911} INFO - Created Permission View: can edit on DAG:dataset_consumes_1
[2024-11-08T08:59:14.778+0000] {logging_mixin.py:190} INFO - [2024-11-08T08:59:14.777+0000] {override.py:1911} INFO - Created Permission View: can read on DAG Run:dataset_consumes_1
[2024-11-08T08:59:14.853+0000] {logging_mixin.py:190} INFO - [2024-11-08T08:59:14.853+0000] {override.py:1911} INFO - Created Permission View: can delete on DAG Run:dataset_consumes_1
[2024-11-08T08:59:14.952+0000] {logging_mixin.py:190} INFO - [2024-11-08T08:59:14.947+0000] {override.py:1911} INFO - Created Permission View: can create on DAG Run:dataset_consumes_1
[2024-11-08T08:59:15.029+0000] {logging_mixin.py:190} INFO - [2024-11-08T08:59:15.028+0000] {override.py:1911} INFO - Created Permission View: menu access on DAG Run:dataset_consumes_1
[2024-11-08T08:59:15.146+0000] {logging_mixin.py:190} INFO - [2024-11-08T08:59:15.146+0000] {override.py:1911} INFO - Created Permission View: can read on DAG:conditional_dataset_and_time_based_timetable
[2024-11-08T08:59:15.210+0000] {logging_mixin.py:190} INFO - [2024-11-08T08:59:15.208+0000] {override.py:1911} INFO - Created Permission View: can delete on DAG:conditional_dataset_and_time_based_timetable
[2024-11-08T08:59:15.265+0000] {logging_mixin.py:190} INFO - [2024-11-08T08:59:15.265+0000] {override.py:1911} INFO - Created Permission View: can edit on DAG:conditional_dataset_and_time_based_timetable
[2024-11-08T08:59:15.307+0000] {logging_mixin.py:190} INFO - [2024-11-08T08:59:15.306+0000] {override.py:1911} INFO - Created Permission View: can read on DAG Run:conditional_dataset_and_time_based_timetable
[2024-11-08T08:59:15.339+0000] {logging_mixin.py:190} INFO - [2024-11-08T08:59:15.338+0000] {override.py:1911} INFO - Created Permission View: can delete on DAG Run:conditional_dataset_and_time_based_timetable
[2024-11-08T08:59:15.366+0000] {logging_mixin.py:190} INFO - [2024-11-08T08:59:15.366+0000] {override.py:1911} INFO - Created Permission View: can create on DAG Run:conditional_dataset_and_time_based_timetable
[2024-11-08T08:59:15.394+0000] {logging_mixin.py:190} INFO - [2024-11-08T08:59:15.393+0000] {override.py:1911} INFO - Created Permission View: menu access on DAG Run:conditional_dataset_and_time_based_timetable
[2024-11-08T08:59:15.447+0000] {logging_mixin.py:190} INFO - [2024-11-08T08:59:15.446+0000] {override.py:1911} INFO - Created Permission View: can read on DAG:dataset_consumes_unknown_never_scheduled
[2024-11-08T08:59:15.473+0000] {logging_mixin.py:190} INFO - [2024-11-08T08:59:15.472+0000] {override.py:1911} INFO - Created Permission View: can delete on DAG:dataset_consumes_unknown_never_scheduled
[2024-11-08T08:59:15.514+0000] {logging_mixin.py:190} INFO - [2024-11-08T08:59:15.513+0000] {override.py:1911} INFO - Created Permission View: can edit on DAG:dataset_consumes_unknown_never_scheduled
[2024-11-08T08:59:15.560+0000] {logging_mixin.py:190} INFO - [2024-11-08T08:59:15.559+0000] {override.py:1911} INFO - Created Permission View: can read on DAG Run:dataset_consumes_unknown_never_scheduled
[2024-11-08T08:59:15.648+0000] {logging_mixin.py:190} INFO - [2024-11-08T08:59:15.647+0000] {override.py:1911} INFO - Created Permission View: can delete on DAG Run:dataset_consumes_unknown_never_scheduled
[2024-11-08T08:59:15.747+0000] {logging_mixin.py:190} INFO - [2024-11-08T08:59:15.746+0000] {override.py:1911} INFO - Created Permission View: can create on DAG Run:dataset_consumes_unknown_never_scheduled
[2024-11-08T08:59:15.811+0000] {logging_mixin.py:190} INFO - [2024-11-08T08:59:15.810+0000] {override.py:1911} INFO - Created Permission View: menu access on DAG Run:dataset_consumes_unknown_never_scheduled
[2024-11-08T08:59:15.899+0000] {logging_mixin.py:190} INFO - [2024-11-08T08:59:15.898+0000] {override.py:1911} INFO - Created Permission View: can read on DAG:consume_1_or_both_2_and_3_with_dataset_expressions
[2024-11-08T08:59:15.927+0000] {logging_mixin.py:190} INFO - [2024-11-08T08:59:15.926+0000] {override.py:1911} INFO - Created Permission View: can delete on DAG:consume_1_or_both_2_and_3_with_dataset_expressions
[2024-11-08T08:59:15.959+0000] {logging_mixin.py:190} INFO - [2024-11-08T08:59:15.958+0000] {override.py:1911} INFO - Created Permission View: can edit on DAG:consume_1_or_both_2_and_3_with_dataset_expressions
[2024-11-08T08:59:15.997+0000] {logging_mixin.py:190} INFO - [2024-11-08T08:59:15.996+0000] {override.py:1911} INFO - Created Permission View: can read on DAG Run:consume_1_or_both_2_and_3_with_dataset_expressions
[2024-11-08T08:59:16.038+0000] {logging_mixin.py:190} INFO - [2024-11-08T08:59:16.037+0000] {override.py:1911} INFO - Created Permission View: can delete on DAG Run:consume_1_or_both_2_and_3_with_dataset_expressions
[2024-11-08T08:59:16.079+0000] {logging_mixin.py:190} INFO - [2024-11-08T08:59:16.078+0000] {override.py:1911} INFO - Created Permission View: can create on DAG Run:consume_1_or_both_2_and_3_with_dataset_expressions
[2024-11-08T08:59:16.123+0000] {logging_mixin.py:190} INFO - [2024-11-08T08:59:16.122+0000] {override.py:1911} INFO - Created Permission View: menu access on DAG Run:consume_1_or_both_2_and_3_with_dataset_expressions
[2024-11-08T08:59:16.164+0000] {logging_mixin.py:190} INFO - [2024-11-08T08:59:16.164+0000] {override.py:1911} INFO - Created Permission View: can read on DAG:dataset_produces_2
[2024-11-08T08:59:16.194+0000] {logging_mixin.py:190} INFO - [2024-11-08T08:59:16.194+0000] {override.py:1911} INFO - Created Permission View: can delete on DAG:dataset_produces_2
[2024-11-08T08:59:16.223+0000] {logging_mixin.py:190} INFO - [2024-11-08T08:59:16.222+0000] {override.py:1911} INFO - Created Permission View: can edit on DAG:dataset_produces_2
[2024-11-08T08:59:16.251+0000] {logging_mixin.py:190} INFO - [2024-11-08T08:59:16.250+0000] {override.py:1911} INFO - Created Permission View: can read on DAG Run:dataset_produces_2
[2024-11-08T08:59:16.285+0000] {logging_mixin.py:190} INFO - [2024-11-08T08:59:16.284+0000] {override.py:1911} INFO - Created Permission View: can delete on DAG Run:dataset_produces_2
[2024-11-08T08:59:16.336+0000] {logging_mixin.py:190} INFO - [2024-11-08T08:59:16.335+0000] {override.py:1911} INFO - Created Permission View: can create on DAG Run:dataset_produces_2
[2024-11-08T08:59:16.388+0000] {logging_mixin.py:190} INFO - [2024-11-08T08:59:16.387+0000] {override.py:1911} INFO - Created Permission View: menu access on DAG Run:dataset_produces_2
[2024-11-08T08:59:16.484+0000] {logging_mixin.py:190} INFO - [2024-11-08T08:59:16.484+0000] {override.py:1911} INFO - Created Permission View: can read on DAG:consume_1_or_2_with_dataset_expressions
[2024-11-08T08:59:16.571+0000] {logging_mixin.py:190} INFO - [2024-11-08T08:59:16.570+0000] {override.py:1911} INFO - Created Permission View: can delete on DAG:consume_1_or_2_with_dataset_expressions
[2024-11-08T08:59:16.623+0000] {logging_mixin.py:190} INFO - [2024-11-08T08:59:16.622+0000] {override.py:1911} INFO - Created Permission View: can edit on DAG:consume_1_or_2_with_dataset_expressions
[2024-11-08T08:59:16.709+0000] {logging_mixin.py:190} INFO - [2024-11-08T08:59:16.708+0000] {override.py:1911} INFO - Created Permission View: can read on DAG Run:consume_1_or_2_with_dataset_expressions
[2024-11-08T08:59:16.795+0000] {logging_mixin.py:190} INFO - [2024-11-08T08:59:16.793+0000] {override.py:1911} INFO - Created Permission View: can delete on DAG Run:consume_1_or_2_with_dataset_expressions
[2024-11-08T08:59:16.885+0000] {logging_mixin.py:190} INFO - [2024-11-08T08:59:16.884+0000] {override.py:1911} INFO - Created Permission View: can create on DAG Run:consume_1_or_2_with_dataset_expressions
[2024-11-08T08:59:16.938+0000] {logging_mixin.py:190} INFO - [2024-11-08T08:59:16.938+0000] {override.py:1911} INFO - Created Permission View: menu access on DAG Run:consume_1_or_2_with_dataset_expressions
[2024-11-08T08:59:17.011+0000] {logging_mixin.py:190} INFO - [2024-11-08T08:59:17.010+0000] {override.py:1911} INFO - Created Permission View: can read on DAG:dataset_produces_1
[2024-11-08T08:59:17.024+0000] {logging_mixin.py:190} INFO - [2024-11-08T08:59:17.023+0000] {override.py:1911} INFO - Created Permission View: can delete on DAG:dataset_produces_1
[2024-11-08T08:59:17.075+0000] {logging_mixin.py:190} INFO - [2024-11-08T08:59:17.074+0000] {override.py:1911} INFO - Created Permission View: can edit on DAG:dataset_produces_1
[2024-11-08T08:59:17.119+0000] {logging_mixin.py:190} INFO - [2024-11-08T08:59:17.118+0000] {override.py:1911} INFO - Created Permission View: can read on DAG Run:dataset_produces_1
[2024-11-08T08:59:17.162+0000] {logging_mixin.py:190} INFO - [2024-11-08T08:59:17.161+0000] {override.py:1911} INFO - Created Permission View: can delete on DAG Run:dataset_produces_1
[2024-11-08T08:59:17.203+0000] {logging_mixin.py:190} INFO - [2024-11-08T08:59:17.197+0000] {override.py:1911} INFO - Created Permission View: can create on DAG Run:dataset_produces_1
[2024-11-08T08:59:17.241+0000] {logging_mixin.py:190} INFO - [2024-11-08T08:59:17.240+0000] {override.py:1911} INFO - Created Permission View: menu access on DAG Run:dataset_produces_1
[2024-11-08T08:59:17.294+0000] {logging_mixin.py:190} INFO - [2024-11-08T08:59:17.292+0000] {override.py:1911} INFO - Created Permission View: can read on DAG:dataset_consumes_1_never_scheduled
[2024-11-08T08:59:17.325+0000] {logging_mixin.py:190} INFO - [2024-11-08T08:59:17.324+0000] {override.py:1911} INFO - Created Permission View: can delete on DAG:dataset_consumes_1_never_scheduled
[2024-11-08T08:59:17.362+0000] {logging_mixin.py:190} INFO - [2024-11-08T08:59:17.361+0000] {override.py:1911} INFO - Created Permission View: can edit on DAG:dataset_consumes_1_never_scheduled
[2024-11-08T08:59:17.391+0000] {logging_mixin.py:190} INFO - [2024-11-08T08:59:17.390+0000] {override.py:1911} INFO - Created Permission View: can read on DAG Run:dataset_consumes_1_never_scheduled
[2024-11-08T08:59:17.418+0000] {logging_mixin.py:190} INFO - [2024-11-08T08:59:17.417+0000] {override.py:1911} INFO - Created Permission View: can delete on DAG Run:dataset_consumes_1_never_scheduled
[2024-11-08T08:59:17.467+0000] {logging_mixin.py:190} INFO - [2024-11-08T08:59:17.466+0000] {override.py:1911} INFO - Created Permission View: can create on DAG Run:dataset_consumes_1_never_scheduled
[2024-11-08T08:59:17.506+0000] {logging_mixin.py:190} INFO - [2024-11-08T08:59:17.505+0000] {override.py:1911} INFO - Created Permission View: menu access on DAG Run:dataset_consumes_1_never_scheduled
[2024-11-08T08:59:17.642+0000] {logging_mixin.py:190} INFO - [2024-11-08T08:59:17.640+0000] {override.py:1911} INFO - Created Permission View: can read on DAG:dataset_consumes_1_and_2
[2024-11-08T08:59:17.678+0000] {logging_mixin.py:190} INFO - [2024-11-08T08:59:17.677+0000] {override.py:1911} INFO - Created Permission View: can delete on DAG:dataset_consumes_1_and_2
[2024-11-08T08:59:17.741+0000] {logging_mixin.py:190} INFO - [2024-11-08T08:59:17.740+0000] {override.py:1911} INFO - Created Permission View: can edit on DAG:dataset_consumes_1_and_2
[2024-11-08T08:59:17.791+0000] {logging_mixin.py:190} INFO - [2024-11-08T08:59:17.789+0000] {override.py:1911} INFO - Created Permission View: can read on DAG Run:dataset_consumes_1_and_2
[2024-11-08T08:59:17.837+0000] {logging_mixin.py:190} INFO - [2024-11-08T08:59:17.836+0000] {override.py:1911} INFO - Created Permission View: can delete on DAG Run:dataset_consumes_1_and_2
[2024-11-08T08:59:17.887+0000] {logging_mixin.py:190} INFO - [2024-11-08T08:59:17.886+0000] {override.py:1911} INFO - Created Permission View: can create on DAG Run:dataset_consumes_1_and_2
[2024-11-08T08:59:17.920+0000] {logging_mixin.py:190} INFO - [2024-11-08T08:59:17.919+0000] {override.py:1911} INFO - Created Permission View: menu access on DAG Run:dataset_consumes_1_and_2
[2024-11-08T08:59:18.044+0000] {logging_mixin.py:190} INFO - [2024-11-08T08:59:18.043+0000] {override.py:1911} INFO - Created Permission View: can read on DAG:consume_1_and_2_with_dataset_expressions
[2024-11-08T08:59:18.081+0000] {logging_mixin.py:190} INFO - [2024-11-08T08:59:18.080+0000] {override.py:1911} INFO - Created Permission View: can delete on DAG:consume_1_and_2_with_dataset_expressions
[2024-11-08T08:59:18.136+0000] {logging_mixin.py:190} INFO - [2024-11-08T08:59:18.135+0000] {override.py:1911} INFO - Created Permission View: can edit on DAG:consume_1_and_2_with_dataset_expressions
[2024-11-08T08:59:18.178+0000] {logging_mixin.py:190} INFO - [2024-11-08T08:59:18.178+0000] {override.py:1911} INFO - Created Permission View: can read on DAG Run:consume_1_and_2_with_dataset_expressions
[2024-11-08T08:59:18.220+0000] {logging_mixin.py:190} INFO - [2024-11-08T08:59:18.220+0000] {override.py:1911} INFO - Created Permission View: can delete on DAG Run:consume_1_and_2_with_dataset_expressions
[2024-11-08T08:59:18.257+0000] {logging_mixin.py:190} INFO - [2024-11-08T08:59:18.256+0000] {override.py:1911} INFO - Created Permission View: can create on DAG Run:consume_1_and_2_with_dataset_expressions
[2024-11-08T08:59:18.308+0000] {logging_mixin.py:190} INFO - [2024-11-08T08:59:18.307+0000] {override.py:1911} INFO - Created Permission View: menu access on DAG Run:consume_1_and_2_with_dataset_expressions
[2024-11-08T08:59:18.319+0000] {logging_mixin.py:190} INFO - [2024-11-08T08:59:18.318+0000] {dag.py:3239} INFO - Sync 10 DAGs
[2024-11-08T08:59:18.430+0000] {logging_mixin.py:190} INFO - [2024-11-08T08:59:18.429+0000] {dag.py:3262} INFO - Creating ORM DAG for dataset_produces_2
[2024-11-08T08:59:18.470+0000] {logging_mixin.py:190} INFO - [2024-11-08T08:59:18.470+0000] {dag.py:3262} INFO - Creating ORM DAG for dataset_consumes_1_and_2
[2024-11-08T08:59:18.488+0000] {logging_mixin.py:190} INFO - [2024-11-08T08:59:18.488+0000] {dag.py:3262} INFO - Creating ORM DAG for consume_1_or_both_2_and_3_with_dataset_expressions
[2024-11-08T08:59:18.505+0000] {logging_mixin.py:190} INFO - [2024-11-08T08:59:18.504+0000] {dag.py:3262} INFO - Creating ORM DAG for dataset_consumes_1
[2024-11-08T08:59:18.507+0000] {logging_mixin.py:190} INFO - [2024-11-08T08:59:18.507+0000] {dag.py:3262} INFO - Creating ORM DAG for dataset_consumes_unknown_never_scheduled
[2024-11-08T08:59:18.536+0000] {logging_mixin.py:190} INFO - [2024-11-08T08:59:18.535+0000] {dag.py:3262} INFO - Creating ORM DAG for conditional_dataset_and_time_based_timetable
[2024-11-08T08:59:18.540+0000] {logging_mixin.py:190} INFO - [2024-11-08T08:59:18.539+0000] {dag.py:3262} INFO - Creating ORM DAG for consume_1_or_2_with_dataset_expressions
[2024-11-08T08:59:18.558+0000] {logging_mixin.py:190} INFO - [2024-11-08T08:59:18.557+0000] {dag.py:3262} INFO - Creating ORM DAG for dataset_consumes_1_never_scheduled
[2024-11-08T08:59:18.616+0000] {logging_mixin.py:190} INFO - [2024-11-08T08:59:18.616+0000] {dag.py:3262} INFO - Creating ORM DAG for dataset_produces_1
[2024-11-08T08:59:18.656+0000] {logging_mixin.py:190} INFO - [2024-11-08T08:59:18.655+0000] {dag.py:3262} INFO - Creating ORM DAG for consume_1_and_2_with_dataset_expressions
[2024-11-08T08:59:18.735+0000] {logging_mixin.py:190} INFO - [2024-11-08T08:59:18.735+0000] {dag.py:4180} INFO - Setting next_dagrun for conditional_dataset_and_time_based_timetable to 2024-11-06 01:00:00+00:00, run_after=2024-11-06 01:00:00+00:00
[2024-11-08T08:59:18.775+0000] {logging_mixin.py:190} INFO - [2024-11-08T08:59:18.774+0000] {dag.py:4180} INFO - Setting next_dagrun for consume_1_and_2_with_dataset_expressions to None, run_after=None
[2024-11-08T08:59:18.794+0000] {logging_mixin.py:190} INFO - [2024-11-08T08:59:18.793+0000] {dag.py:4180} INFO - Setting next_dagrun for consume_1_or_2_with_dataset_expressions to None, run_after=None
[2024-11-08T08:59:18.805+0000] {logging_mixin.py:190} INFO - [2024-11-08T08:59:18.804+0000] {dag.py:4180} INFO - Setting next_dagrun for consume_1_or_both_2_and_3_with_dataset_expressions to None, run_after=None
[2024-11-08T08:59:18.815+0000] {logging_mixin.py:190} INFO - [2024-11-08T08:59:18.815+0000] {dag.py:4180} INFO - Setting next_dagrun for dataset_consumes_1 to None, run_after=None
[2024-11-08T08:59:18.823+0000] {logging_mixin.py:190} INFO - [2024-11-08T08:59:18.823+0000] {dag.py:4180} INFO - Setting next_dagrun for dataset_consumes_1_and_2 to None, run_after=None
[2024-11-08T08:59:18.833+0000] {logging_mixin.py:190} INFO - [2024-11-08T08:59:18.833+0000] {dag.py:4180} INFO - Setting next_dagrun for dataset_consumes_1_never_scheduled to None, run_after=None
[2024-11-08T08:59:18.839+0000] {logging_mixin.py:190} INFO - [2024-11-08T08:59:18.838+0000] {dag.py:4180} INFO - Setting next_dagrun for dataset_consumes_unknown_never_scheduled to None, run_after=None
[2024-11-08T08:59:18.858+0000] {logging_mixin.py:190} INFO - [2024-11-08T08:59:18.857+0000] {dag.py:4180} INFO - Setting next_dagrun for dataset_produces_1 to 2024-11-07 00:00:00+00:00, run_after=2024-11-08 00:00:00+00:00
[2024-11-08T08:59:18.955+0000] {logging_mixin.py:190} INFO - [2024-11-08T08:59:18.954+0000] {dag.py:4180} INFO - Setting next_dagrun for dataset_produces_2 to None, run_after=None
[2024-11-08T08:59:19.329+0000] {processor.py:208} INFO - Processing /home/airflow/.local/lib/python3.12/site-packages/airflow/example_dags/example_datasets.py took 8.212 seconds
[2024-11-08T08:59:50.315+0000] {processor.py:186} INFO - Started process (PID=209) to work on /home/airflow/.local/lib/python3.12/site-packages/airflow/example_dags/example_datasets.py
[2024-11-08T08:59:50.396+0000] {processor.py:914} INFO - Processing file /home/airflow/.local/lib/python3.12/site-packages/airflow/example_dags/example_datasets.py for tasks to queue
[2024-11-08T08:59:50.471+0000] {logging_mixin.py:190} INFO - [2024-11-08T08:59:50.470+0000] {dagbag.py:588} INFO - Filling up the DagBag from /home/airflow/.local/lib/python3.12/site-packages/airflow/example_dags/example_datasets.py
[2024-11-08T09:00:02.959+0000] {processor.py:925} INFO - DAG(s) 'dataset_consumes_unknown_never_scheduled', 'consume_1_or_both_2_and_3_with_dataset_expressions', 'dataset_consumes_1_and_2', 'dataset_consumes_1_never_scheduled', 'conditional_dataset_and_time_based_timetable', 'dataset_produces_2', 'dataset_consumes_1', 'consume_1_and_2_with_dataset_expressions', 'consume_1_or_2_with_dataset_expressions', 'dataset_produces_1' retrieved from /home/airflow/.local/lib/python3.12/site-packages/airflow/example_dags/example_datasets.py
[2024-11-08T09:00:03.205+0000] {logging_mixin.py:190} INFO - [2024-11-08T09:00:03.204+0000] {dag.py:3239} INFO - Sync 10 DAGs
[2024-11-08T09:00:03.336+0000] {logging_mixin.py:190} INFO - [2024-11-08T09:00:03.336+0000] {dag.py:4180} INFO - Setting next_dagrun for conditional_dataset_and_time_based_timetable to 2024-11-06 01:00:00+00:00, run_after=2024-11-06 01:00:00+00:00
[2024-11-08T09:00:03.370+0000] {logging_mixin.py:190} INFO - [2024-11-08T09:00:03.359+0000] {dag.py:4180} INFO - Setting next_dagrun for consume_1_and_2_with_dataset_expressions to None, run_after=None
[2024-11-08T09:00:03.375+0000] {logging_mixin.py:190} INFO - [2024-11-08T09:00:03.375+0000] {dag.py:4180} INFO - Setting next_dagrun for consume_1_or_2_with_dataset_expressions to None, run_after=None
[2024-11-08T09:00:03.381+0000] {logging_mixin.py:190} INFO - [2024-11-08T09:00:03.380+0000] {dag.py:4180} INFO - Setting next_dagrun for consume_1_or_both_2_and_3_with_dataset_expressions to None, run_after=None
[2024-11-08T09:00:03.387+0000] {logging_mixin.py:190} INFO - [2024-11-08T09:00:03.386+0000] {dag.py:4180} INFO - Setting next_dagrun for dataset_consumes_1 to None, run_after=None
[2024-11-08T09:00:03.394+0000] {logging_mixin.py:190} INFO - [2024-11-08T09:00:03.394+0000] {dag.py:4180} INFO - Setting next_dagrun for dataset_consumes_1_and_2 to None, run_after=None
[2024-11-08T09:00:03.399+0000] {logging_mixin.py:190} INFO - [2024-11-08T09:00:03.399+0000] {dag.py:4180} INFO - Setting next_dagrun for dataset_consumes_1_never_scheduled to None, run_after=None
[2024-11-08T09:00:03.406+0000] {logging_mixin.py:190} INFO - [2024-11-08T09:00:03.405+0000] {dag.py:4180} INFO - Setting next_dagrun for dataset_consumes_unknown_never_scheduled to None, run_after=None
[2024-11-08T09:00:03.419+0000] {logging_mixin.py:190} INFO - [2024-11-08T09:00:03.418+0000] {dag.py:4180} INFO - Setting next_dagrun for dataset_produces_1 to 2024-11-07 00:00:00+00:00, run_after=2024-11-08 00:00:00+00:00
[2024-11-08T09:00:03.426+0000] {logging_mixin.py:190} INFO - [2024-11-08T09:00:03.426+0000] {dag.py:4180} INFO - Setting next_dagrun for dataset_produces_2 to None, run_after=None
[2024-11-08T09:00:03.609+0000] {processor.py:208} INFO - Processing /home/airflow/.local/lib/python3.12/site-packages/airflow/example_dags/example_datasets.py took 13.317 seconds
[2024-11-08T09:01:03.942+0000] {processor.py:186} INFO - Started process (PID=296) to work on /home/airflow/.local/lib/python3.12/site-packages/airflow/example_dags/example_datasets.py
[2024-11-08T09:01:03.946+0000] {processor.py:914} INFO - Processing file /home/airflow/.local/lib/python3.12/site-packages/airflow/example_dags/example_datasets.py for tasks to queue
[2024-11-08T09:01:03.957+0000] {logging_mixin.py:190} INFO - [2024-11-08T09:01:03.954+0000] {dagbag.py:588} INFO - Filling up the DagBag from /home/airflow/.local/lib/python3.12/site-packages/airflow/example_dags/example_datasets.py
[2024-11-08T09:01:08.509+0000] {processor.py:925} INFO - DAG(s) 'dataset_produces_2', 'consume_1_or_both_2_and_3_with_dataset_expressions', 'dataset_consumes_1', 'consume_1_or_2_with_dataset_expressions', 'dataset_consumes_1_never_scheduled', 'dataset_consumes_1_and_2', 'dataset_produces_1', 'dataset_consumes_unknown_never_scheduled', 'consume_1_and_2_with_dataset_expressions', 'conditional_dataset_and_time_based_timetable' retrieved from /home/airflow/.local/lib/python3.12/site-packages/airflow/example_dags/example_datasets.py
[2024-11-08T09:01:08.757+0000] {logging_mixin.py:190} INFO - [2024-11-08T09:01:08.756+0000] {dag.py:3239} INFO - Sync 10 DAGs
[2024-11-08T09:01:08.884+0000] {logging_mixin.py:190} INFO - [2024-11-08T09:01:08.883+0000] {dag.py:4180} INFO - Setting next_dagrun for conditional_dataset_and_time_based_timetable to 2024-11-06 01:00:00+00:00, run_after=2024-11-06 01:00:00+00:00
[2024-11-08T09:01:08.915+0000] {logging_mixin.py:190} INFO - [2024-11-08T09:01:08.914+0000] {dag.py:4180} INFO - Setting next_dagrun for consume_1_and_2_with_dataset_expressions to None, run_after=None
[2024-11-08T09:01:08.932+0000] {logging_mixin.py:190} INFO - [2024-11-08T09:01:08.931+0000] {dag.py:4180} INFO - Setting next_dagrun for consume_1_or_2_with_dataset_expressions to None, run_after=None
[2024-11-08T09:01:08.946+0000] {logging_mixin.py:190} INFO - [2024-11-08T09:01:08.945+0000] {dag.py:4180} INFO - Setting next_dagrun for consume_1_or_both_2_and_3_with_dataset_expressions to None, run_after=None
[2024-11-08T09:01:08.956+0000] {logging_mixin.py:190} INFO - [2024-11-08T09:01:08.955+0000] {dag.py:4180} INFO - Setting next_dagrun for dataset_consumes_1 to None, run_after=None
[2024-11-08T09:01:08.966+0000] {logging_mixin.py:190} INFO - [2024-11-08T09:01:08.966+0000] {dag.py:4180} INFO - Setting next_dagrun for dataset_consumes_1_and_2 to None, run_after=None
[2024-11-08T09:01:08.978+0000] {logging_mixin.py:190} INFO - [2024-11-08T09:01:08.978+0000] {dag.py:4180} INFO - Setting next_dagrun for dataset_consumes_1_never_scheduled to None, run_after=None
[2024-11-08T09:01:08.985+0000] {logging_mixin.py:190} INFO - [2024-11-08T09:01:08.984+0000] {dag.py:4180} INFO - Setting next_dagrun for dataset_consumes_unknown_never_scheduled to None, run_after=None
[2024-11-08T09:01:09.002+0000] {logging_mixin.py:190} INFO - [2024-11-08T09:01:09.002+0000] {dag.py:4180} INFO - Setting next_dagrun for dataset_produces_1 to 2024-11-07 00:00:00+00:00, run_after=2024-11-08 00:00:00+00:00
[2024-11-08T09:01:09.014+0000] {logging_mixin.py:190} INFO - [2024-11-08T09:01:09.014+0000] {dag.py:4180} INFO - Setting next_dagrun for dataset_produces_2 to None, run_after=None
[2024-11-08T09:01:09.243+0000] {processor.py:208} INFO - Processing /home/airflow/.local/lib/python3.12/site-packages/airflow/example_dags/example_datasets.py took 5.323 seconds
[2024-11-08T09:04:32.019+0000] {processor.py:186} INFO - Started process (PID=407) to work on /home/airflow/.local/lib/python3.12/site-packages/airflow/example_dags/example_datasets.py
[2024-11-08T09:04:32.024+0000] {processor.py:914} INFO - Processing file /home/airflow/.local/lib/python3.12/site-packages/airflow/example_dags/example_datasets.py for tasks to queue
[2024-11-08T09:04:32.028+0000] {logging_mixin.py:190} INFO - [2024-11-08T09:04:32.027+0000] {dagbag.py:588} INFO - Filling up the DagBag from /home/airflow/.local/lib/python3.12/site-packages/airflow/example_dags/example_datasets.py
[2024-11-08T09:04:39.361+0000] {processor.py:925} INFO - DAG(s) 'dataset_consumes_1_and_2', 'consume_1_and_2_with_dataset_expressions', 'dataset_consumes_1', 'dataset_produces_2', 'dataset_consumes_1_never_scheduled', 'consume_1_or_2_with_dataset_expressions', 'dataset_consumes_unknown_never_scheduled', 'consume_1_or_both_2_and_3_with_dataset_expressions', 'conditional_dataset_and_time_based_timetable', 'dataset_produces_1' retrieved from /home/airflow/.local/lib/python3.12/site-packages/airflow/example_dags/example_datasets.py
[2024-11-08T09:04:39.694+0000] {logging_mixin.py:190} INFO - [2024-11-08T09:04:39.693+0000] {dag.py:3239} INFO - Sync 10 DAGs
[2024-11-08T09:04:39.798+0000] {logging_mixin.py:190} INFO - [2024-11-08T09:04:39.796+0000] {dag.py:4180} INFO - Setting next_dagrun for conditional_dataset_and_time_based_timetable to 2024-11-06 01:00:00+00:00, run_after=2024-11-06 01:00:00+00:00
[2024-11-08T09:04:39.818+0000] {logging_mixin.py:190} INFO - [2024-11-08T09:04:39.817+0000] {dag.py:4180} INFO - Setting next_dagrun for consume_1_and_2_with_dataset_expressions to None, run_after=None
[2024-11-08T09:04:39.858+0000] {logging_mixin.py:190} INFO - [2024-11-08T09:04:39.857+0000] {dag.py:4180} INFO - Setting next_dagrun for consume_1_or_2_with_dataset_expressions to None, run_after=None
[2024-11-08T09:04:39.864+0000] {logging_mixin.py:190} INFO - [2024-11-08T09:04:39.863+0000] {dag.py:4180} INFO - Setting next_dagrun for consume_1_or_both_2_and_3_with_dataset_expressions to None, run_after=None
[2024-11-08T09:04:39.869+0000] {logging_mixin.py:190} INFO - [2024-11-08T09:04:39.869+0000] {dag.py:4180} INFO - Setting next_dagrun for dataset_consumes_1 to None, run_after=None
[2024-11-08T09:04:39.880+0000] {logging_mixin.py:190} INFO - [2024-11-08T09:04:39.879+0000] {dag.py:4180} INFO - Setting next_dagrun for dataset_consumes_1_and_2 to None, run_after=None
[2024-11-08T09:04:39.887+0000] {logging_mixin.py:190} INFO - [2024-11-08T09:04:39.886+0000] {dag.py:4180} INFO - Setting next_dagrun for dataset_consumes_1_never_scheduled to None, run_after=None
[2024-11-08T09:04:39.898+0000] {logging_mixin.py:190} INFO - [2024-11-08T09:04:39.897+0000] {dag.py:4180} INFO - Setting next_dagrun for dataset_consumes_unknown_never_scheduled to None, run_after=None
[2024-11-08T09:04:39.906+0000] {logging_mixin.py:190} INFO - [2024-11-08T09:04:39.906+0000] {dag.py:4180} INFO - Setting next_dagrun for dataset_produces_1 to 2024-11-07 00:00:00+00:00, run_after=2024-11-08 00:00:00+00:00
[2024-11-08T09:04:39.917+0000] {logging_mixin.py:190} INFO - [2024-11-08T09:04:39.916+0000] {dag.py:4180} INFO - Setting next_dagrun for dataset_produces_2 to None, run_after=None
[2024-11-08T09:04:40.054+0000] {processor.py:208} INFO - Processing /home/airflow/.local/lib/python3.12/site-packages/airflow/example_dags/example_datasets.py took 8.052 seconds
[2024-11-08T09:05:10.478+0000] {processor.py:186} INFO - Started process (PID=482) to work on /home/airflow/.local/lib/python3.12/site-packages/airflow/example_dags/example_datasets.py
[2024-11-08T09:05:10.481+0000] {processor.py:914} INFO - Processing file /home/airflow/.local/lib/python3.12/site-packages/airflow/example_dags/example_datasets.py for tasks to queue
[2024-11-08T09:05:10.485+0000] {logging_mixin.py:190} INFO - [2024-11-08T09:05:10.484+0000] {dagbag.py:588} INFO - Filling up the DagBag from /home/airflow/.local/lib/python3.12/site-packages/airflow/example_dags/example_datasets.py
[2024-11-08T09:05:13.812+0000] {processor.py:925} INFO - DAG(s) 'dataset_consumes_unknown_never_scheduled', 'dataset_produces_2', 'dataset_consumes_1_never_scheduled', 'consume_1_and_2_with_dataset_expressions', 'consume_1_or_both_2_and_3_with_dataset_expressions', 'dataset_consumes_1_and_2', 'consume_1_or_2_with_dataset_expressions', 'dataset_consumes_1', 'conditional_dataset_and_time_based_timetable', 'dataset_produces_1' retrieved from /home/airflow/.local/lib/python3.12/site-packages/airflow/example_dags/example_datasets.py
[2024-11-08T09:05:14.000+0000] {logging_mixin.py:190} INFO - [2024-11-08T09:05:13.997+0000] {dag.py:3239} INFO - Sync 10 DAGs
[2024-11-08T09:05:14.102+0000] {logging_mixin.py:190} INFO - [2024-11-08T09:05:14.101+0000] {dag.py:4180} INFO - Setting next_dagrun for conditional_dataset_and_time_based_timetable to 2024-11-06 01:00:00+00:00, run_after=2024-11-06 01:00:00+00:00
[2024-11-08T09:05:14.120+0000] {logging_mixin.py:190} INFO - [2024-11-08T09:05:14.119+0000] {dag.py:4180} INFO - Setting next_dagrun for consume_1_and_2_with_dataset_expressions to None, run_after=None
[2024-11-08T09:05:14.138+0000] {logging_mixin.py:190} INFO - [2024-11-08T09:05:14.138+0000] {dag.py:4180} INFO - Setting next_dagrun for consume_1_or_2_with_dataset_expressions to None, run_after=None
[2024-11-08T09:05:14.154+0000] {logging_mixin.py:190} INFO - [2024-11-08T09:05:14.153+0000] {dag.py:4180} INFO - Setting next_dagrun for consume_1_or_both_2_and_3_with_dataset_expressions to None, run_after=None
[2024-11-08T09:05:14.171+0000] {logging_mixin.py:190} INFO - [2024-11-08T09:05:14.170+0000] {dag.py:4180} INFO - Setting next_dagrun for dataset_consumes_1 to None, run_after=None
[2024-11-08T09:05:14.175+0000] {logging_mixin.py:190} INFO - [2024-11-08T09:05:14.175+0000] {dag.py:4180} INFO - Setting next_dagrun for dataset_consumes_1_and_2 to None, run_after=None
[2024-11-08T09:05:14.181+0000] {logging_mixin.py:190} INFO - [2024-11-08T09:05:14.180+0000] {dag.py:4180} INFO - Setting next_dagrun for dataset_consumes_1_never_scheduled to None, run_after=None
[2024-11-08T09:05:14.192+0000] {logging_mixin.py:190} INFO - [2024-11-08T09:05:14.192+0000] {dag.py:4180} INFO - Setting next_dagrun for dataset_consumes_unknown_never_scheduled to None, run_after=None
[2024-11-08T09:05:14.204+0000] {logging_mixin.py:190} INFO - [2024-11-08T09:05:14.202+0000] {dag.py:4180} INFO - Setting next_dagrun for dataset_produces_1 to 2024-11-07 00:00:00+00:00, run_after=2024-11-08 00:00:00+00:00
[2024-11-08T09:05:14.216+0000] {logging_mixin.py:190} INFO - [2024-11-08T09:05:14.216+0000] {dag.py:4180} INFO - Setting next_dagrun for dataset_produces_2 to None, run_after=None
[2024-11-08T09:05:14.364+0000] {processor.py:208} INFO - Processing /home/airflow/.local/lib/python3.12/site-packages/airflow/example_dags/example_datasets.py took 3.925 seconds
[2024-11-08T09:05:44.853+0000] {processor.py:186} INFO - Started process (PID=553) to work on /home/airflow/.local/lib/python3.12/site-packages/airflow/example_dags/example_datasets.py
[2024-11-08T09:05:44.860+0000] {processor.py:914} INFO - Processing file /home/airflow/.local/lib/python3.12/site-packages/airflow/example_dags/example_datasets.py for tasks to queue
[2024-11-08T09:05:44.863+0000] {logging_mixin.py:190} INFO - [2024-11-08T09:05:44.863+0000] {dagbag.py:588} INFO - Filling up the DagBag from /home/airflow/.local/lib/python3.12/site-packages/airflow/example_dags/example_datasets.py
[2024-11-08T09:05:50.905+0000] {processor.py:925} INFO - DAG(s) 'dataset_consumes_unknown_never_scheduled', 'dataset_consumes_1_never_scheduled', 'consume_1_or_both_2_and_3_with_dataset_expressions', 'dataset_produces_1', 'consume_1_or_2_with_dataset_expressions', 'dataset_consumes_1_and_2', 'conditional_dataset_and_time_based_timetable', 'dataset_consumes_1', 'dataset_produces_2', 'consume_1_and_2_with_dataset_expressions' retrieved from /home/airflow/.local/lib/python3.12/site-packages/airflow/example_dags/example_datasets.py
[2024-11-08T09:05:51.111+0000] {logging_mixin.py:190} INFO - [2024-11-08T09:05:51.110+0000] {dag.py:3239} INFO - Sync 10 DAGs
[2024-11-08T09:05:51.191+0000] {logging_mixin.py:190} INFO - [2024-11-08T09:05:51.189+0000] {dag.py:4180} INFO - Setting next_dagrun for conditional_dataset_and_time_based_timetable to 2024-11-06 01:00:00+00:00, run_after=2024-11-06 01:00:00+00:00
[2024-11-08T09:05:51.205+0000] {logging_mixin.py:190} INFO - [2024-11-08T09:05:51.204+0000] {dag.py:4180} INFO - Setting next_dagrun for consume_1_and_2_with_dataset_expressions to None, run_after=None
[2024-11-08T09:05:51.218+0000] {logging_mixin.py:190} INFO - [2024-11-08T09:05:51.217+0000] {dag.py:4180} INFO - Setting next_dagrun for consume_1_or_2_with_dataset_expressions to None, run_after=None
[2024-11-08T09:05:51.225+0000] {logging_mixin.py:190} INFO - [2024-11-08T09:05:51.225+0000] {dag.py:4180} INFO - Setting next_dagrun for consume_1_or_both_2_and_3_with_dataset_expressions to None, run_after=None
[2024-11-08T09:05:51.230+0000] {logging_mixin.py:190} INFO - [2024-11-08T09:05:51.229+0000] {dag.py:4180} INFO - Setting next_dagrun for dataset_consumes_1 to None, run_after=None
[2024-11-08T09:05:51.234+0000] {logging_mixin.py:190} INFO - [2024-11-08T09:05:51.234+0000] {dag.py:4180} INFO - Setting next_dagrun for dataset_consumes_1_and_2 to None, run_after=None
[2024-11-08T09:05:51.240+0000] {logging_mixin.py:190} INFO - [2024-11-08T09:05:51.239+0000] {dag.py:4180} INFO - Setting next_dagrun for dataset_consumes_1_never_scheduled to None, run_after=None
[2024-11-08T09:05:51.244+0000] {logging_mixin.py:190} INFO - [2024-11-08T09:05:51.243+0000] {dag.py:4180} INFO - Setting next_dagrun for dataset_consumes_unknown_never_scheduled to None, run_after=None
[2024-11-08T09:05:51.251+0000] {logging_mixin.py:190} INFO - [2024-11-08T09:05:51.251+0000] {dag.py:4180} INFO - Setting next_dagrun for dataset_produces_1 to 2024-11-07 00:00:00+00:00, run_after=2024-11-08 00:00:00+00:00
[2024-11-08T09:05:51.256+0000] {logging_mixin.py:190} INFO - [2024-11-08T09:05:51.255+0000] {dag.py:4180} INFO - Setting next_dagrun for dataset_produces_2 to None, run_after=None
[2024-11-08T09:05:51.415+0000] {processor.py:208} INFO - Processing /home/airflow/.local/lib/python3.12/site-packages/airflow/example_dags/example_datasets.py took 6.575 seconds
[2024-11-08T09:06:22.040+0000] {processor.py:186} INFO - Started process (PID=624) to work on /home/airflow/.local/lib/python3.12/site-packages/airflow/example_dags/example_datasets.py
[2024-11-08T09:06:22.042+0000] {processor.py:914} INFO - Processing file /home/airflow/.local/lib/python3.12/site-packages/airflow/example_dags/example_datasets.py for tasks to queue
[2024-11-08T09:06:22.052+0000] {logging_mixin.py:190} INFO - [2024-11-08T09:06:22.051+0000] {dagbag.py:588} INFO - Filling up the DagBag from /home/airflow/.local/lib/python3.12/site-packages/airflow/example_dags/example_datasets.py
[2024-11-08T09:06:23.842+0000] {processor.py:925} INFO - DAG(s) 'dataset_consumes_1', 'conditional_dataset_and_time_based_timetable', 'dataset_produces_1', 'dataset_consumes_1_and_2', 'dataset_produces_2', 'consume_1_or_both_2_and_3_with_dataset_expressions', 'dataset_consumes_1_never_scheduled', 'consume_1_and_2_with_dataset_expressions', 'consume_1_or_2_with_dataset_expressions', 'dataset_consumes_unknown_never_scheduled' retrieved from /home/airflow/.local/lib/python3.12/site-packages/airflow/example_dags/example_datasets.py
[2024-11-08T09:06:24.012+0000] {logging_mixin.py:190} INFO - [2024-11-08T09:06:24.012+0000] {dag.py:3239} INFO - Sync 10 DAGs
[2024-11-08T09:06:24.166+0000] {logging_mixin.py:190} INFO - [2024-11-08T09:06:24.166+0000] {dag.py:4180} INFO - Setting next_dagrun for conditional_dataset_and_time_based_timetable to 2024-11-06 01:00:00+00:00, run_after=2024-11-06 01:00:00+00:00
[2024-11-08T09:06:24.180+0000] {logging_mixin.py:190} INFO - [2024-11-08T09:06:24.179+0000] {dag.py:4180} INFO - Setting next_dagrun for consume_1_and_2_with_dataset_expressions to None, run_after=None
[2024-11-08T09:06:24.185+0000] {logging_mixin.py:190} INFO - [2024-11-08T09:06:24.184+0000] {dag.py:4180} INFO - Setting next_dagrun for consume_1_or_2_with_dataset_expressions to None, run_after=None
[2024-11-08T09:06:24.191+0000] {logging_mixin.py:190} INFO - [2024-11-08T09:06:24.190+0000] {dag.py:4180} INFO - Setting next_dagrun for consume_1_or_both_2_and_3_with_dataset_expressions to None, run_after=None
[2024-11-08T09:06:24.197+0000] {logging_mixin.py:190} INFO - [2024-11-08T09:06:24.197+0000] {dag.py:4180} INFO - Setting next_dagrun for dataset_consumes_1 to None, run_after=None
[2024-11-08T09:06:24.205+0000] {logging_mixin.py:190} INFO - [2024-11-08T09:06:24.203+0000] {dag.py:4180} INFO - Setting next_dagrun for dataset_consumes_1_and_2 to None, run_after=None
[2024-11-08T09:06:24.211+0000] {logging_mixin.py:190} INFO - [2024-11-08T09:06:24.210+0000] {dag.py:4180} INFO - Setting next_dagrun for dataset_consumes_1_never_scheduled to None, run_after=None
[2024-11-08T09:06:24.218+0000] {logging_mixin.py:190} INFO - [2024-11-08T09:06:24.218+0000] {dag.py:4180} INFO - Setting next_dagrun for dataset_consumes_unknown_never_scheduled to None, run_after=None
[2024-11-08T09:06:24.232+0000] {logging_mixin.py:190} INFO - [2024-11-08T09:06:24.230+0000] {dag.py:4180} INFO - Setting next_dagrun for dataset_produces_1 to 2024-11-07 00:00:00+00:00, run_after=2024-11-08 00:00:00+00:00
[2024-11-08T09:06:24.236+0000] {logging_mixin.py:190} INFO - [2024-11-08T09:06:24.236+0000] {dag.py:4180} INFO - Setting next_dagrun for dataset_produces_2 to None, run_after=None
[2024-11-08T09:06:24.379+0000] {processor.py:208} INFO - Processing /home/airflow/.local/lib/python3.12/site-packages/airflow/example_dags/example_datasets.py took 2.353 seconds
