[2024-11-08T08:58:53.249+0000] {processor.py:186} INFO - Started process (PID=125) to work on /home/airflow/.local/lib/python3.12/site-packages/airflow/example_dags/tutorial.py
[2024-11-08T08:58:53.252+0000] {processor.py:914} INFO - Processing file /home/airflow/.local/lib/python3.12/site-packages/airflow/example_dags/tutorial.py for tasks to queue
[2024-11-08T08:58:53.258+0000] {logging_mixin.py:190} INFO - [2024-11-08T08:58:53.257+0000] {dagbag.py:588} INFO - Filling up the DagBag from /home/airflow/.local/lib/python3.12/site-packages/airflow/example_dags/tutorial.py
[2024-11-08T08:58:53.290+0000] {processor.py:925} INFO - DAG(s) 'tutorial' retrieved from /home/airflow/.local/lib/python3.12/site-packages/airflow/example_dags/tutorial.py
[2024-11-08T08:58:53.639+0000] {logging_mixin.py:190} INFO - [2024-11-08T08:58:53.637+0000] {override.py:1911} INFO - Created Permission View: can read on DAG:tutorial
[2024-11-08T08:58:53.701+0000] {logging_mixin.py:190} INFO - [2024-11-08T08:58:53.700+0000] {override.py:1911} INFO - Created Permission View: can delete on DAG:tutorial
[2024-11-08T08:58:53.737+0000] {logging_mixin.py:190} INFO - [2024-11-08T08:58:53.736+0000] {override.py:1911} INFO - Created Permission View: can edit on DAG:tutorial
[2024-11-08T08:58:53.816+0000] {logging_mixin.py:190} INFO - [2024-11-08T08:58:53.815+0000] {override.py:1911} INFO - Created Permission View: can read on DAG Run:tutorial
[2024-11-08T08:58:53.901+0000] {logging_mixin.py:190} INFO - [2024-11-08T08:58:53.888+0000] {override.py:1911} INFO - Created Permission View: can delete on DAG Run:tutorial
[2024-11-08T08:58:53.967+0000] {logging_mixin.py:190} INFO - [2024-11-08T08:58:53.966+0000] {override.py:1911} INFO - Created Permission View: can create on DAG Run:tutorial
[2024-11-08T08:58:54.026+0000] {logging_mixin.py:190} INFO - [2024-11-08T08:58:54.025+0000] {override.py:1911} INFO - Created Permission View: menu access on DAG Run:tutorial
[2024-11-08T08:58:54.029+0000] {logging_mixin.py:190} INFO - [2024-11-08T08:58:54.028+0000] {dag.py:3239} INFO - Sync 1 DAGs
[2024-11-08T08:58:54.099+0000] {logging_mixin.py:190} INFO - [2024-11-08T08:58:54.098+0000] {dag.py:3262} INFO - Creating ORM DAG for tutorial
[2024-11-08T08:58:54.148+0000] {logging_mixin.py:190} INFO - [2024-11-08T08:58:54.147+0000] {dag.py:4180} INFO - Setting next_dagrun for tutorial to 2024-11-07 00:00:00+00:00, run_after=2024-11-08 00:00:00+00:00
[2024-11-08T08:58:54.245+0000] {processor.py:208} INFO - Processing /home/airflow/.local/lib/python3.12/site-packages/airflow/example_dags/tutorial.py took 1.028 seconds
[2024-11-08T08:59:35.150+0000] {processor.py:186} INFO - Started process (PID=187) to work on /home/airflow/.local/lib/python3.12/site-packages/airflow/example_dags/tutorial.py
[2024-11-08T08:59:35.153+0000] {processor.py:914} INFO - Processing file /home/airflow/.local/lib/python3.12/site-packages/airflow/example_dags/tutorial.py for tasks to queue
[2024-11-08T08:59:35.158+0000] {logging_mixin.py:190} INFO - [2024-11-08T08:59:35.157+0000] {dagbag.py:588} INFO - Filling up the DagBag from /home/airflow/.local/lib/python3.12/site-packages/airflow/example_dags/tutorial.py
[2024-11-08T08:59:35.189+0000] {processor.py:925} INFO - DAG(s) 'tutorial' retrieved from /home/airflow/.local/lib/python3.12/site-packages/airflow/example_dags/tutorial.py
[2024-11-08T08:59:35.278+0000] {logging_mixin.py:190} INFO - [2024-11-08T08:59:35.278+0000] {dag.py:3239} INFO - Sync 1 DAGs
[2024-11-08T08:59:35.396+0000] {logging_mixin.py:190} INFO - [2024-11-08T08:59:35.395+0000] {dag.py:4180} INFO - Setting next_dagrun for tutorial to 2024-11-07 00:00:00+00:00, run_after=2024-11-08 00:00:00+00:00
[2024-11-08T08:59:35.449+0000] {processor.py:208} INFO - Processing /home/airflow/.local/lib/python3.12/site-packages/airflow/example_dags/tutorial.py took 0.315 seconds
[2024-11-08T09:00:29.939+0000] {processor.py:186} INFO - Started process (PID=257) to work on /home/airflow/.local/lib/python3.12/site-packages/airflow/example_dags/tutorial.py
[2024-11-08T09:00:29.941+0000] {processor.py:914} INFO - Processing file /home/airflow/.local/lib/python3.12/site-packages/airflow/example_dags/tutorial.py for tasks to queue
[2024-11-08T09:00:29.948+0000] {logging_mixin.py:190} INFO - [2024-11-08T09:00:29.947+0000] {dagbag.py:588} INFO - Filling up the DagBag from /home/airflow/.local/lib/python3.12/site-packages/airflow/example_dags/tutorial.py
[2024-11-08T09:00:29.977+0000] {processor.py:925} INFO - DAG(s) 'tutorial' retrieved from /home/airflow/.local/lib/python3.12/site-packages/airflow/example_dags/tutorial.py
[2024-11-08T09:00:30.095+0000] {logging_mixin.py:190} INFO - [2024-11-08T09:00:30.094+0000] {dag.py:3239} INFO - Sync 1 DAGs
[2024-11-08T09:00:30.220+0000] {logging_mixin.py:190} INFO - [2024-11-08T09:00:30.219+0000] {dag.py:4180} INFO - Setting next_dagrun for tutorial to 2024-11-07 00:00:00+00:00, run_after=2024-11-08 00:00:00+00:00
[2024-11-08T09:00:30.291+0000] {processor.py:208} INFO - Processing /home/airflow/.local/lib/python3.12/site-packages/airflow/example_dags/tutorial.py took 0.364 seconds
[2024-11-08T09:01:13.441+0000] {processor.py:186} INFO - Started process (PID=327) to work on /home/airflow/.local/lib/python3.12/site-packages/airflow/example_dags/tutorial.py
[2024-11-08T09:01:13.455+0000] {processor.py:914} INFO - Processing file /home/airflow/.local/lib/python3.12/site-packages/airflow/example_dags/tutorial.py for tasks to queue
[2024-11-08T09:01:13.474+0000] {logging_mixin.py:190} INFO - [2024-11-08T09:01:13.473+0000] {dagbag.py:588} INFO - Filling up the DagBag from /home/airflow/.local/lib/python3.12/site-packages/airflow/example_dags/tutorial.py
[2024-11-08T09:01:13.523+0000] {processor.py:925} INFO - DAG(s) 'tutorial' retrieved from /home/airflow/.local/lib/python3.12/site-packages/airflow/example_dags/tutorial.py
[2024-11-08T09:01:13.621+0000] {logging_mixin.py:190} INFO - [2024-11-08T09:01:13.620+0000] {dag.py:3239} INFO - Sync 1 DAGs
[2024-11-08T09:01:13.737+0000] {logging_mixin.py:190} INFO - [2024-11-08T09:01:13.736+0000] {dag.py:4180} INFO - Setting next_dagrun for tutorial to 2024-11-07 00:00:00+00:00, run_after=2024-11-08 00:00:00+00:00
[2024-11-08T09:01:13.832+0000] {processor.py:208} INFO - Processing /home/airflow/.local/lib/python3.12/site-packages/airflow/example_dags/tutorial.py took 0.419 seconds
[2024-11-08T09:04:04.991+0000] {processor.py:186} INFO - Started process (PID=390) to work on /home/airflow/.local/lib/python3.12/site-packages/airflow/example_dags/tutorial.py
[2024-11-08T09:04:04.994+0000] {processor.py:914} INFO - Processing file /home/airflow/.local/lib/python3.12/site-packages/airflow/example_dags/tutorial.py for tasks to queue
[2024-11-08T09:04:04.996+0000] {logging_mixin.py:190} INFO - [2024-11-08T09:04:04.996+0000] {dagbag.py:588} INFO - Filling up the DagBag from /home/airflow/.local/lib/python3.12/site-packages/airflow/example_dags/tutorial.py
[2024-11-08T09:04:05.016+0000] {processor.py:925} INFO - DAG(s) 'tutorial' retrieved from /home/airflow/.local/lib/python3.12/site-packages/airflow/example_dags/tutorial.py
[2024-11-08T09:04:05.062+0000] {logging_mixin.py:190} INFO - [2024-11-08T09:04:05.061+0000] {dag.py:3239} INFO - Sync 1 DAGs
[2024-11-08T09:04:05.155+0000] {logging_mixin.py:190} INFO - [2024-11-08T09:04:05.154+0000] {dag.py:4180} INFO - Setting next_dagrun for tutorial to 2024-11-07 00:00:00+00:00, run_after=2024-11-08 00:00:00+00:00
[2024-11-08T09:04:05.241+0000] {processor.py:208} INFO - Processing /home/airflow/.local/lib/python3.12/site-packages/airflow/example_dags/tutorial.py took 0.263 seconds
[2024-11-08T09:04:51.288+0000] {processor.py:186} INFO - Started process (PID=453) to work on /home/airflow/.local/lib/python3.12/site-packages/airflow/example_dags/tutorial.py
[2024-11-08T09:04:51.291+0000] {processor.py:914} INFO - Processing file /home/airflow/.local/lib/python3.12/site-packages/airflow/example_dags/tutorial.py for tasks to queue
[2024-11-08T09:04:51.295+0000] {logging_mixin.py:190} INFO - [2024-11-08T09:04:51.294+0000] {dagbag.py:588} INFO - Filling up the DagBag from /home/airflow/.local/lib/python3.12/site-packages/airflow/example_dags/tutorial.py
[2024-11-08T09:04:51.323+0000] {processor.py:925} INFO - DAG(s) 'tutorial' retrieved from /home/airflow/.local/lib/python3.12/site-packages/airflow/example_dags/tutorial.py
[2024-11-08T09:04:51.379+0000] {logging_mixin.py:190} INFO - [2024-11-08T09:04:51.379+0000] {dag.py:3239} INFO - Sync 1 DAGs
[2024-11-08T09:04:51.434+0000] {logging_mixin.py:190} INFO - [2024-11-08T09:04:51.433+0000] {dag.py:4180} INFO - Setting next_dagrun for tutorial to 2024-11-07 00:00:00+00:00, run_after=2024-11-08 00:00:00+00:00
[2024-11-08T09:04:51.501+0000] {processor.py:208} INFO - Processing /home/airflow/.local/lib/python3.12/site-packages/airflow/example_dags/tutorial.py took 0.224 seconds
[2024-11-08T09:05:23.835+0000] {processor.py:186} INFO - Started process (PID=516) to work on /home/airflow/.local/lib/python3.12/site-packages/airflow/example_dags/tutorial.py
[2024-11-08T09:05:23.844+0000] {processor.py:914} INFO - Processing file /home/airflow/.local/lib/python3.12/site-packages/airflow/example_dags/tutorial.py for tasks to queue
[2024-11-08T09:05:23.855+0000] {logging_mixin.py:190} INFO - [2024-11-08T09:05:23.854+0000] {dagbag.py:588} INFO - Filling up the DagBag from /home/airflow/.local/lib/python3.12/site-packages/airflow/example_dags/tutorial.py
[2024-11-08T09:05:23.905+0000] {processor.py:925} INFO - DAG(s) 'tutorial' retrieved from /home/airflow/.local/lib/python3.12/site-packages/airflow/example_dags/tutorial.py
[2024-11-08T09:05:24.005+0000] {logging_mixin.py:190} INFO - [2024-11-08T09:05:24.004+0000] {dag.py:3239} INFO - Sync 1 DAGs
[2024-11-08T09:05:24.121+0000] {logging_mixin.py:190} INFO - [2024-11-08T09:05:24.121+0000] {dag.py:4180} INFO - Setting next_dagrun for tutorial to 2024-11-07 00:00:00+00:00, run_after=2024-11-08 00:00:00+00:00
[2024-11-08T09:05:24.234+0000] {processor.py:208} INFO - Processing /home/airflow/.local/lib/python3.12/site-packages/airflow/example_dags/tutorial.py took 0.421 seconds
[2024-11-08T09:06:01.550+0000] {processor.py:186} INFO - Started process (PID=579) to work on /home/airflow/.local/lib/python3.12/site-packages/airflow/example_dags/tutorial.py
[2024-11-08T09:06:01.563+0000] {processor.py:914} INFO - Processing file /home/airflow/.local/lib/python3.12/site-packages/airflow/example_dags/tutorial.py for tasks to queue
[2024-11-08T09:06:01.626+0000] {logging_mixin.py:190} INFO - [2024-11-08T09:06:01.626+0000] {dagbag.py:588} INFO - Filling up the DagBag from /home/airflow/.local/lib/python3.12/site-packages/airflow/example_dags/tutorial.py
[2024-11-08T09:06:01.687+0000] {processor.py:925} INFO - DAG(s) 'tutorial' retrieved from /home/airflow/.local/lib/python3.12/site-packages/airflow/example_dags/tutorial.py
[2024-11-08T09:06:02.162+0000] {logging_mixin.py:190} INFO - [2024-11-08T09:06:02.151+0000] {dag.py:3239} INFO - Sync 1 DAGs
[2024-11-08T09:06:02.556+0000] {logging_mixin.py:190} INFO - [2024-11-08T09:06:02.555+0000] {dag.py:4180} INFO - Setting next_dagrun for tutorial to 2024-11-07 00:00:00+00:00, run_after=2024-11-08 00:00:00+00:00
[2024-11-08T09:06:03.035+0000] {processor.py:208} INFO - Processing /home/airflow/.local/lib/python3.12/site-packages/airflow/example_dags/tutorial.py took 1.511 seconds
[2024-11-08T09:06:34.290+0000] {processor.py:186} INFO - Started process (PID=642) to work on /home/airflow/.local/lib/python3.12/site-packages/airflow/example_dags/tutorial.py
[2024-11-08T09:06:34.298+0000] {processor.py:914} INFO - Processing file /home/airflow/.local/lib/python3.12/site-packages/airflow/example_dags/tutorial.py for tasks to queue
[2024-11-08T09:06:34.302+0000] {logging_mixin.py:190} INFO - [2024-11-08T09:06:34.301+0000] {dagbag.py:588} INFO - Filling up the DagBag from /home/airflow/.local/lib/python3.12/site-packages/airflow/example_dags/tutorial.py
[2024-11-08T09:06:34.369+0000] {processor.py:925} INFO - DAG(s) 'tutorial' retrieved from /home/airflow/.local/lib/python3.12/site-packages/airflow/example_dags/tutorial.py
[2024-11-08T09:06:34.531+0000] {logging_mixin.py:190} INFO - [2024-11-08T09:06:34.527+0000] {dag.py:3239} INFO - Sync 1 DAGs
[2024-11-08T09:06:34.668+0000] {logging_mixin.py:190} INFO - [2024-11-08T09:06:34.667+0000] {dag.py:4180} INFO - Setting next_dagrun for tutorial to 2024-11-07 00:00:00+00:00, run_after=2024-11-08 00:00:00+00:00
[2024-11-08T09:06:34.776+0000] {processor.py:208} INFO - Processing /home/airflow/.local/lib/python3.12/site-packages/airflow/example_dags/tutorial.py took 0.508 seconds
