[2024-11-08T08:59:17.720+0000] {processor.py:186} INFO - Started process (PID=147) to work on /home/airflow/.local/lib/python3.12/site-packages/airflow/example_dags/tutorial_taskflow_api.py
[2024-11-08T08:59:17.732+0000] {processor.py:914} INFO - Processing file /home/airflow/.local/lib/python3.12/site-packages/airflow/example_dags/tutorial_taskflow_api.py for tasks to queue
[2024-11-08T08:59:17.749+0000] {logging_mixin.py:190} INFO - [2024-11-08T08:59:17.744+0000] {dagbag.py:588} INFO - Filling up the DagBag from /home/airflow/.local/lib/python3.12/site-packages/airflow/example_dags/tutorial_taskflow_api.py
[2024-11-08T08:59:17.795+0000] {processor.py:925} INFO - DAG(s) 'tutorial_taskflow_api' retrieved from /home/airflow/.local/lib/python3.12/site-packages/airflow/example_dags/tutorial_taskflow_api.py
[2024-11-08T08:59:18.337+0000] {logging_mixin.py:190} INFO - [2024-11-08T08:59:18.336+0000] {override.py:1911} INFO - Created Permission View: can read on DAG:tutorial_taskflow_api
[2024-11-08T08:59:18.468+0000] {logging_mixin.py:190} INFO - [2024-11-08T08:59:18.467+0000] {override.py:1911} INFO - Created Permission View: can delete on DAG:tutorial_taskflow_api
[2024-11-08T08:59:18.540+0000] {logging_mixin.py:190} INFO - [2024-11-08T08:59:18.539+0000] {override.py:1911} INFO - Created Permission View: can edit on DAG:tutorial_taskflow_api
[2024-11-08T08:59:18.656+0000] {logging_mixin.py:190} INFO - [2024-11-08T08:59:18.656+0000] {override.py:1911} INFO - Created Permission View: can read on DAG Run:tutorial_taskflow_api
[2024-11-08T08:59:18.741+0000] {logging_mixin.py:190} INFO - [2024-11-08T08:59:18.741+0000] {override.py:1911} INFO - Created Permission View: can delete on DAG Run:tutorial_taskflow_api
[2024-11-08T08:59:18.820+0000] {logging_mixin.py:190} INFO - [2024-11-08T08:59:18.819+0000] {override.py:1911} INFO - Created Permission View: can create on DAG Run:tutorial_taskflow_api
[2024-11-08T08:59:18.969+0000] {logging_mixin.py:190} INFO - [2024-11-08T08:59:18.968+0000] {override.py:1911} INFO - Created Permission View: menu access on DAG Run:tutorial_taskflow_api
[2024-11-08T08:59:19.008+0000] {logging_mixin.py:190} INFO - [2024-11-08T08:59:19.008+0000] {dag.py:3239} INFO - Sync 1 DAGs
[2024-11-08T08:59:19.109+0000] {logging_mixin.py:190} INFO - [2024-11-08T08:59:19.109+0000] {dag.py:3262} INFO - Creating ORM DAG for tutorial_taskflow_api
[2024-11-08T08:59:19.122+0000] {logging_mixin.py:190} INFO - [2024-11-08T08:59:19.121+0000] {dag.py:4180} INFO - Setting next_dagrun for tutorial_taskflow_api to None, run_after=None
[2024-11-08T08:59:19.239+0000] {processor.py:208} INFO - Processing /home/airflow/.local/lib/python3.12/site-packages/airflow/example_dags/tutorial_taskflow_api.py took 1.551 seconds
[2024-11-08T08:59:50.385+0000] {processor.py:186} INFO - Started process (PID=210) to work on /home/airflow/.local/lib/python3.12/site-packages/airflow/example_dags/tutorial_taskflow_api.py
[2024-11-08T08:59:50.404+0000] {processor.py:914} INFO - Processing file /home/airflow/.local/lib/python3.12/site-packages/airflow/example_dags/tutorial_taskflow_api.py for tasks to queue
[2024-11-08T08:59:50.444+0000] {logging_mixin.py:190} INFO - [2024-11-08T08:59:50.443+0000] {dagbag.py:588} INFO - Filling up the DagBag from /home/airflow/.local/lib/python3.12/site-packages/airflow/example_dags/tutorial_taskflow_api.py
[2024-11-08T08:59:50.526+0000] {processor.py:925} INFO - DAG(s) 'tutorial_taskflow_api' retrieved from /home/airflow/.local/lib/python3.12/site-packages/airflow/example_dags/tutorial_taskflow_api.py
[2024-11-08T08:59:50.734+0000] {logging_mixin.py:190} INFO - [2024-11-08T08:59:50.733+0000] {dag.py:3239} INFO - Sync 1 DAGs
[2024-11-08T08:59:50.953+0000] {logging_mixin.py:190} INFO - [2024-11-08T08:59:50.941+0000] {dag.py:4180} INFO - Setting next_dagrun for tutorial_taskflow_api to None, run_after=None
[2024-11-08T08:59:51.464+0000] {processor.py:208} INFO - Processing /home/airflow/.local/lib/python3.12/site-packages/airflow/example_dags/tutorial_taskflow_api.py took 1.172 seconds
[2024-11-08T09:00:53.243+0000] {processor.py:186} INFO - Started process (PID=280) to work on /home/airflow/.local/lib/python3.12/site-packages/airflow/example_dags/tutorial_taskflow_api.py
[2024-11-08T09:00:53.267+0000] {processor.py:914} INFO - Processing file /home/airflow/.local/lib/python3.12/site-packages/airflow/example_dags/tutorial_taskflow_api.py for tasks to queue
[2024-11-08T09:00:53.282+0000] {logging_mixin.py:190} INFO - [2024-11-08T09:00:53.281+0000] {dagbag.py:588} INFO - Filling up the DagBag from /home/airflow/.local/lib/python3.12/site-packages/airflow/example_dags/tutorial_taskflow_api.py
[2024-11-08T09:00:53.327+0000] {processor.py:925} INFO - DAG(s) 'tutorial_taskflow_api' retrieved from /home/airflow/.local/lib/python3.12/site-packages/airflow/example_dags/tutorial_taskflow_api.py
[2024-11-08T09:00:53.469+0000] {logging_mixin.py:190} INFO - [2024-11-08T09:00:53.469+0000] {dag.py:3239} INFO - Sync 1 DAGs
[2024-11-08T09:00:53.609+0000] {logging_mixin.py:190} INFO - [2024-11-08T09:00:53.608+0000] {dag.py:4180} INFO - Setting next_dagrun for tutorial_taskflow_api to None, run_after=None
[2024-11-08T09:00:53.755+0000] {processor.py:208} INFO - Processing /home/airflow/.local/lib/python3.12/site-packages/airflow/example_dags/tutorial_taskflow_api.py took 0.538 seconds
[2024-11-08T09:01:27.443+0000] {processor.py:186} INFO - Started process (PID=344) to work on /home/airflow/.local/lib/python3.12/site-packages/airflow/example_dags/tutorial_taskflow_api.py
[2024-11-08T09:01:27.450+0000] {processor.py:914} INFO - Processing file /home/airflow/.local/lib/python3.12/site-packages/airflow/example_dags/tutorial_taskflow_api.py for tasks to queue
[2024-11-08T09:01:27.469+0000] {logging_mixin.py:190} INFO - [2024-11-08T09:01:27.462+0000] {dagbag.py:588} INFO - Filling up the DagBag from /home/airflow/.local/lib/python3.12/site-packages/airflow/example_dags/tutorial_taskflow_api.py
[2024-11-08T09:01:27.518+0000] {processor.py:925} INFO - DAG(s) 'tutorial_taskflow_api' retrieved from /home/airflow/.local/lib/python3.12/site-packages/airflow/example_dags/tutorial_taskflow_api.py
[2024-11-08T09:01:27.559+0000] {logging_mixin.py:190} INFO - [2024-11-08T09:01:27.559+0000] {dag.py:3239} INFO - Sync 1 DAGs
[2024-11-08T09:01:27.593+0000] {logging_mixin.py:190} INFO - [2024-11-08T09:01:27.593+0000] {dag.py:4180} INFO - Setting next_dagrun for tutorial_taskflow_api to None, run_after=None
[2024-11-08T09:01:27.680+0000] {processor.py:208} INFO - Processing /home/airflow/.local/lib/python3.12/site-packages/airflow/example_dags/tutorial_taskflow_api.py took 0.257 seconds
[2024-11-08T09:04:35.924+0000] {processor.py:186} INFO - Started process (PID=413) to work on /home/airflow/.local/lib/python3.12/site-packages/airflow/example_dags/tutorial_taskflow_api.py
[2024-11-08T09:04:35.928+0000] {processor.py:914} INFO - Processing file /home/airflow/.local/lib/python3.12/site-packages/airflow/example_dags/tutorial_taskflow_api.py for tasks to queue
[2024-11-08T09:04:35.932+0000] {logging_mixin.py:190} INFO - [2024-11-08T09:04:35.931+0000] {dagbag.py:588} INFO - Filling up the DagBag from /home/airflow/.local/lib/python3.12/site-packages/airflow/example_dags/tutorial_taskflow_api.py
[2024-11-08T09:04:35.950+0000] {processor.py:925} INFO - DAG(s) 'tutorial_taskflow_api' retrieved from /home/airflow/.local/lib/python3.12/site-packages/airflow/example_dags/tutorial_taskflow_api.py
[2024-11-08T09:04:35.996+0000] {logging_mixin.py:190} INFO - [2024-11-08T09:04:35.995+0000] {dag.py:3239} INFO - Sync 1 DAGs
[2024-11-08T09:04:36.034+0000] {logging_mixin.py:190} INFO - [2024-11-08T09:04:36.034+0000] {dag.py:4180} INFO - Setting next_dagrun for tutorial_taskflow_api to None, run_after=None
[2024-11-08T09:04:36.111+0000] {processor.py:208} INFO - Processing /home/airflow/.local/lib/python3.12/site-packages/airflow/example_dags/tutorial_taskflow_api.py took 0.202 seconds
[2024-11-08T09:05:06.317+0000] {processor.py:186} INFO - Started process (PID=475) to work on /home/airflow/.local/lib/python3.12/site-packages/airflow/example_dags/tutorial_taskflow_api.py
[2024-11-08T09:05:06.320+0000] {processor.py:914} INFO - Processing file /home/airflow/.local/lib/python3.12/site-packages/airflow/example_dags/tutorial_taskflow_api.py for tasks to queue
[2024-11-08T09:05:06.324+0000] {logging_mixin.py:190} INFO - [2024-11-08T09:05:06.323+0000] {dagbag.py:588} INFO - Filling up the DagBag from /home/airflow/.local/lib/python3.12/site-packages/airflow/example_dags/tutorial_taskflow_api.py
[2024-11-08T09:05:06.343+0000] {processor.py:925} INFO - DAG(s) 'tutorial_taskflow_api' retrieved from /home/airflow/.local/lib/python3.12/site-packages/airflow/example_dags/tutorial_taskflow_api.py
[2024-11-08T09:05:06.439+0000] {logging_mixin.py:190} INFO - [2024-11-08T09:05:06.438+0000] {dag.py:3239} INFO - Sync 1 DAGs
[2024-11-08T09:05:06.496+0000] {logging_mixin.py:190} INFO - [2024-11-08T09:05:06.496+0000] {dag.py:4180} INFO - Setting next_dagrun for tutorial_taskflow_api to None, run_after=None
[2024-11-08T09:05:06.618+0000] {processor.py:208} INFO - Processing /home/airflow/.local/lib/python3.12/site-packages/airflow/example_dags/tutorial_taskflow_api.py took 0.310 seconds
[2024-11-08T09:05:38.366+0000] {processor.py:186} INFO - Started process (PID=538) to work on /home/airflow/.local/lib/python3.12/site-packages/airflow/example_dags/tutorial_taskflow_api.py
[2024-11-08T09:05:38.374+0000] {processor.py:914} INFO - Processing file /home/airflow/.local/lib/python3.12/site-packages/airflow/example_dags/tutorial_taskflow_api.py for tasks to queue
[2024-11-08T09:05:38.381+0000] {logging_mixin.py:190} INFO - [2024-11-08T09:05:38.380+0000] {dagbag.py:588} INFO - Filling up the DagBag from /home/airflow/.local/lib/python3.12/site-packages/airflow/example_dags/tutorial_taskflow_api.py
[2024-11-08T09:05:38.431+0000] {processor.py:925} INFO - DAG(s) 'tutorial_taskflow_api' retrieved from /home/airflow/.local/lib/python3.12/site-packages/airflow/example_dags/tutorial_taskflow_api.py
[2024-11-08T09:05:38.566+0000] {logging_mixin.py:190} INFO - [2024-11-08T09:05:38.566+0000] {dag.py:3239} INFO - Sync 1 DAGs
[2024-11-08T09:05:38.671+0000] {logging_mixin.py:190} INFO - [2024-11-08T09:05:38.670+0000] {dag.py:4180} INFO - Setting next_dagrun for tutorial_taskflow_api to None, run_after=None
[2024-11-08T09:05:38.792+0000] {processor.py:208} INFO - Processing /home/airflow/.local/lib/python3.12/site-packages/airflow/example_dags/tutorial_taskflow_api.py took 0.464 seconds
[2024-11-08T09:06:12.085+0000] {processor.py:186} INFO - Started process (PID=601) to work on /home/airflow/.local/lib/python3.12/site-packages/airflow/example_dags/tutorial_taskflow_api.py
[2024-11-08T09:06:12.087+0000] {processor.py:914} INFO - Processing file /home/airflow/.local/lib/python3.12/site-packages/airflow/example_dags/tutorial_taskflow_api.py for tasks to queue
[2024-11-08T09:06:12.091+0000] {logging_mixin.py:190} INFO - [2024-11-08T09:06:12.090+0000] {dagbag.py:588} INFO - Filling up the DagBag from /home/airflow/.local/lib/python3.12/site-packages/airflow/example_dags/tutorial_taskflow_api.py
[2024-11-08T09:06:12.114+0000] {processor.py:925} INFO - DAG(s) 'tutorial_taskflow_api' retrieved from /home/airflow/.local/lib/python3.12/site-packages/airflow/example_dags/tutorial_taskflow_api.py
[2024-11-08T09:06:12.164+0000] {logging_mixin.py:190} INFO - [2024-11-08T09:06:12.163+0000] {dag.py:3239} INFO - Sync 1 DAGs
[2024-11-08T09:06:12.199+0000] {logging_mixin.py:190} INFO - [2024-11-08T09:06:12.198+0000] {dag.py:4180} INFO - Setting next_dagrun for tutorial_taskflow_api to None, run_after=None
[2024-11-08T09:06:12.258+0000] {processor.py:208} INFO - Processing /home/airflow/.local/lib/python3.12/site-packages/airflow/example_dags/tutorial_taskflow_api.py took 0.186 seconds
