[2024-11-08T08:59:09.362+0000] {processor.py:186} INFO - Started process (PID=133) to work on /home/airflow/.local/lib/python3.12/site-packages/airflow/example_dags/tutorial_dag.py
[2024-11-08T08:59:09.363+0000] {processor.py:914} INFO - Processing file /home/airflow/.local/lib/python3.12/site-packages/airflow/example_dags/tutorial_dag.py for tasks to queue
[2024-11-08T08:59:09.369+0000] {logging_mixin.py:190} INFO - [2024-11-08T08:59:09.368+0000] {dagbag.py:588} INFO - Filling up the DagBag from /home/airflow/.local/lib/python3.12/site-packages/airflow/example_dags/tutorial_dag.py
[2024-11-08T08:59:09.384+0000] {processor.py:925} INFO - DAG(s) 'tutorial_dag' retrieved from /home/airflow/.local/lib/python3.12/site-packages/airflow/example_dags/tutorial_dag.py
[2024-11-08T08:59:09.877+0000] {logging_mixin.py:190} INFO - [2024-11-08T08:59:09.875+0000] {override.py:1911} INFO - Created Permission View: can read on DAG:tutorial_dag
[2024-11-08T08:59:09.918+0000] {logging_mixin.py:190} INFO - [2024-11-08T08:59:09.917+0000] {override.py:1911} INFO - Created Permission View: can delete on DAG:tutorial_dag
[2024-11-08T08:59:09.945+0000] {logging_mixin.py:190} INFO - [2024-11-08T08:59:09.944+0000] {override.py:1911} INFO - Created Permission View: can edit on DAG:tutorial_dag
[2024-11-08T08:59:09.983+0000] {logging_mixin.py:190} INFO - [2024-11-08T08:59:09.982+0000] {override.py:1911} INFO - Created Permission View: can read on DAG Run:tutorial_dag
[2024-11-08T08:59:10.012+0000] {logging_mixin.py:190} INFO - [2024-11-08T08:59:10.012+0000] {override.py:1911} INFO - Created Permission View: can delete on DAG Run:tutorial_dag
[2024-11-08T08:59:10.033+0000] {logging_mixin.py:190} INFO - [2024-11-08T08:59:10.032+0000] {override.py:1911} INFO - Created Permission View: can create on DAG Run:tutorial_dag
[2024-11-08T08:59:10.057+0000] {logging_mixin.py:190} INFO - [2024-11-08T08:59:10.057+0000] {override.py:1911} INFO - Created Permission View: menu access on DAG Run:tutorial_dag
[2024-11-08T08:59:10.059+0000] {logging_mixin.py:190} INFO - [2024-11-08T08:59:10.058+0000] {dag.py:3239} INFO - Sync 1 DAGs
[2024-11-08T08:59:10.091+0000] {logging_mixin.py:190} INFO - [2024-11-08T08:59:10.090+0000] {dag.py:3262} INFO - Creating ORM DAG for tutorial_dag
[2024-11-08T08:59:10.093+0000] {logging_mixin.py:190} INFO - [2024-11-08T08:59:10.092+0000] {dag.py:4180} INFO - Setting next_dagrun for tutorial_dag to None, run_after=None
[2024-11-08T08:59:10.134+0000] {processor.py:208} INFO - Processing /home/airflow/.local/lib/python3.12/site-packages/airflow/example_dags/tutorial_dag.py took 0.782 seconds
[2024-11-08T08:59:41.349+0000] {processor.py:186} INFO - Started process (PID=201) to work on /home/airflow/.local/lib/python3.12/site-packages/airflow/example_dags/tutorial_dag.py
[2024-11-08T08:59:41.354+0000] {processor.py:914} INFO - Processing file /home/airflow/.local/lib/python3.12/site-packages/airflow/example_dags/tutorial_dag.py for tasks to queue
[2024-11-08T08:59:41.362+0000] {logging_mixin.py:190} INFO - [2024-11-08T08:59:41.361+0000] {dagbag.py:588} INFO - Filling up the DagBag from /home/airflow/.local/lib/python3.12/site-packages/airflow/example_dags/tutorial_dag.py
[2024-11-08T08:59:41.384+0000] {processor.py:925} INFO - DAG(s) 'tutorial_dag' retrieved from /home/airflow/.local/lib/python3.12/site-packages/airflow/example_dags/tutorial_dag.py
[2024-11-08T08:59:41.476+0000] {logging_mixin.py:190} INFO - [2024-11-08T08:59:41.476+0000] {dag.py:3239} INFO - Sync 1 DAGs
[2024-11-08T08:59:41.545+0000] {logging_mixin.py:190} INFO - [2024-11-08T08:59:41.541+0000] {dag.py:4180} INFO - Setting next_dagrun for tutorial_dag to None, run_after=None
[2024-11-08T08:59:41.618+0000] {processor.py:208} INFO - Processing /home/airflow/.local/lib/python3.12/site-packages/airflow/example_dags/tutorial_dag.py took 0.288 seconds
[2024-11-08T09:00:49.641+0000] {processor.py:186} INFO - Started process (PID=272) to work on /home/airflow/.local/lib/python3.12/site-packages/airflow/example_dags/tutorial_dag.py
[2024-11-08T09:00:49.669+0000] {processor.py:914} INFO - Processing file /home/airflow/.local/lib/python3.12/site-packages/airflow/example_dags/tutorial_dag.py for tasks to queue
[2024-11-08T09:00:49.682+0000] {logging_mixin.py:190} INFO - [2024-11-08T09:00:49.681+0000] {dagbag.py:588} INFO - Filling up the DagBag from /home/airflow/.local/lib/python3.12/site-packages/airflow/example_dags/tutorial_dag.py
[2024-11-08T09:00:49.739+0000] {processor.py:925} INFO - DAG(s) 'tutorial_dag' retrieved from /home/airflow/.local/lib/python3.12/site-packages/airflow/example_dags/tutorial_dag.py
[2024-11-08T09:00:49.873+0000] {logging_mixin.py:190} INFO - [2024-11-08T09:00:49.872+0000] {dag.py:3239} INFO - Sync 1 DAGs
[2024-11-08T09:00:49.984+0000] {logging_mixin.py:190} INFO - [2024-11-08T09:00:49.984+0000] {dag.py:4180} INFO - Setting next_dagrun for tutorial_dag to None, run_after=None
[2024-11-08T09:00:50.167+0000] {processor.py:208} INFO - Processing /home/airflow/.local/lib/python3.12/site-packages/airflow/example_dags/tutorial_dag.py took 0.550 seconds
[2024-11-08T09:01:24.148+0000] {processor.py:186} INFO - Started process (PID=335) to work on /home/airflow/.local/lib/python3.12/site-packages/airflow/example_dags/tutorial_dag.py
[2024-11-08T09:01:24.151+0000] {processor.py:914} INFO - Processing file /home/airflow/.local/lib/python3.12/site-packages/airflow/example_dags/tutorial_dag.py for tasks to queue
[2024-11-08T09:01:24.165+0000] {logging_mixin.py:190} INFO - [2024-11-08T09:01:24.165+0000] {dagbag.py:588} INFO - Filling up the DagBag from /home/airflow/.local/lib/python3.12/site-packages/airflow/example_dags/tutorial_dag.py
[2024-11-08T09:01:24.252+0000] {processor.py:925} INFO - DAG(s) 'tutorial_dag' retrieved from /home/airflow/.local/lib/python3.12/site-packages/airflow/example_dags/tutorial_dag.py
[2024-11-08T09:01:24.366+0000] {logging_mixin.py:190} INFO - [2024-11-08T09:01:24.365+0000] {dag.py:3239} INFO - Sync 1 DAGs
[2024-11-08T09:01:24.442+0000] {logging_mixin.py:190} INFO - [2024-11-08T09:01:24.442+0000] {dag.py:4180} INFO - Setting next_dagrun for tutorial_dag to None, run_after=None
[2024-11-08T09:01:24.577+0000] {processor.py:208} INFO - Processing /home/airflow/.local/lib/python3.12/site-packages/airflow/example_dags/tutorial_dag.py took 0.450 seconds
[2024-11-08T09:04:30.760+0000] {processor.py:186} INFO - Started process (PID=404) to work on /home/airflow/.local/lib/python3.12/site-packages/airflow/example_dags/tutorial_dag.py
[2024-11-08T09:04:30.774+0000] {processor.py:914} INFO - Processing file /home/airflow/.local/lib/python3.12/site-packages/airflow/example_dags/tutorial_dag.py for tasks to queue
[2024-11-08T09:04:30.778+0000] {logging_mixin.py:190} INFO - [2024-11-08T09:04:30.777+0000] {dagbag.py:588} INFO - Filling up the DagBag from /home/airflow/.local/lib/python3.12/site-packages/airflow/example_dags/tutorial_dag.py
[2024-11-08T09:04:30.827+0000] {processor.py:925} INFO - DAG(s) 'tutorial_dag' retrieved from /home/airflow/.local/lib/python3.12/site-packages/airflow/example_dags/tutorial_dag.py
[2024-11-08T09:04:30.911+0000] {logging_mixin.py:190} INFO - [2024-11-08T09:04:30.910+0000] {dag.py:3239} INFO - Sync 1 DAGs
[2024-11-08T09:04:30.984+0000] {logging_mixin.py:190} INFO - [2024-11-08T09:04:30.983+0000] {dag.py:4180} INFO - Setting next_dagrun for tutorial_dag to None, run_after=None
[2024-11-08T09:04:31.120+0000] {processor.py:208} INFO - Processing /home/airflow/.local/lib/python3.12/site-packages/airflow/example_dags/tutorial_dag.py took 0.381 seconds
[2024-11-08T09:05:02.881+0000] {processor.py:186} INFO - Started process (PID=467) to work on /home/airflow/.local/lib/python3.12/site-packages/airflow/example_dags/tutorial_dag.py
[2024-11-08T09:05:02.891+0000] {processor.py:914} INFO - Processing file /home/airflow/.local/lib/python3.12/site-packages/airflow/example_dags/tutorial_dag.py for tasks to queue
[2024-11-08T09:05:02.895+0000] {logging_mixin.py:190} INFO - [2024-11-08T09:05:02.894+0000] {dagbag.py:588} INFO - Filling up the DagBag from /home/airflow/.local/lib/python3.12/site-packages/airflow/example_dags/tutorial_dag.py
[2024-11-08T09:05:02.933+0000] {processor.py:925} INFO - DAG(s) 'tutorial_dag' retrieved from /home/airflow/.local/lib/python3.12/site-packages/airflow/example_dags/tutorial_dag.py
[2024-11-08T09:05:03.036+0000] {logging_mixin.py:190} INFO - [2024-11-08T09:05:03.035+0000] {dag.py:3239} INFO - Sync 1 DAGs
[2024-11-08T09:05:03.097+0000] {logging_mixin.py:190} INFO - [2024-11-08T09:05:03.096+0000] {dag.py:4180} INFO - Setting next_dagrun for tutorial_dag to None, run_after=None
[2024-11-08T09:05:03.181+0000] {processor.py:208} INFO - Processing /home/airflow/.local/lib/python3.12/site-packages/airflow/example_dags/tutorial_dag.py took 0.329 seconds
[2024-11-08T09:05:35.700+0000] {processor.py:186} INFO - Started process (PID=530) to work on /home/airflow/.local/lib/python3.12/site-packages/airflow/example_dags/tutorial_dag.py
[2024-11-08T09:05:35.702+0000] {processor.py:914} INFO - Processing file /home/airflow/.local/lib/python3.12/site-packages/airflow/example_dags/tutorial_dag.py for tasks to queue
[2024-11-08T09:05:35.714+0000] {logging_mixin.py:190} INFO - [2024-11-08T09:05:35.713+0000] {dagbag.py:588} INFO - Filling up the DagBag from /home/airflow/.local/lib/python3.12/site-packages/airflow/example_dags/tutorial_dag.py
[2024-11-08T09:05:35.754+0000] {processor.py:925} INFO - DAG(s) 'tutorial_dag' retrieved from /home/airflow/.local/lib/python3.12/site-packages/airflow/example_dags/tutorial_dag.py
[2024-11-08T09:05:35.889+0000] {logging_mixin.py:190} INFO - [2024-11-08T09:05:35.877+0000] {dag.py:3239} INFO - Sync 1 DAGs
[2024-11-08T09:05:36.001+0000] {logging_mixin.py:190} INFO - [2024-11-08T09:05:35.999+0000] {dag.py:4180} INFO - Setting next_dagrun for tutorial_dag to None, run_after=None
[2024-11-08T09:05:36.093+0000] {processor.py:208} INFO - Processing /home/airflow/.local/lib/python3.12/site-packages/airflow/example_dags/tutorial_dag.py took 0.417 seconds
[2024-11-08T09:06:10.560+0000] {processor.py:186} INFO - Started process (PID=593) to work on /home/airflow/.local/lib/python3.12/site-packages/airflow/example_dags/tutorial_dag.py
[2024-11-08T09:06:10.563+0000] {processor.py:914} INFO - Processing file /home/airflow/.local/lib/python3.12/site-packages/airflow/example_dags/tutorial_dag.py for tasks to queue
[2024-11-08T09:06:10.569+0000] {logging_mixin.py:190} INFO - [2024-11-08T09:06:10.568+0000] {dagbag.py:588} INFO - Filling up the DagBag from /home/airflow/.local/lib/python3.12/site-packages/airflow/example_dags/tutorial_dag.py
[2024-11-08T09:06:10.602+0000] {processor.py:925} INFO - DAG(s) 'tutorial_dag' retrieved from /home/airflow/.local/lib/python3.12/site-packages/airflow/example_dags/tutorial_dag.py
[2024-11-08T09:06:10.679+0000] {logging_mixin.py:190} INFO - [2024-11-08T09:06:10.678+0000] {dag.py:3239} INFO - Sync 1 DAGs
[2024-11-08T09:06:10.741+0000] {logging_mixin.py:190} INFO - [2024-11-08T09:06:10.741+0000] {dag.py:4180} INFO - Setting next_dagrun for tutorial_dag to None, run_after=None
[2024-11-08T09:06:10.810+0000] {processor.py:208} INFO - Processing /home/airflow/.local/lib/python3.12/site-packages/airflow/example_dags/tutorial_dag.py took 0.268 seconds
