[2024-11-08T08:59:10.247+0000] {processor.py:186} INFO - Started process (PID=135) to work on /home/airflow/.local/lib/python3.12/site-packages/airflow/example_dags/tutorial_objectstorage.py
[2024-11-08T08:59:10.250+0000] {processor.py:914} INFO - Processing file /home/airflow/.local/lib/python3.12/site-packages/airflow/example_dags/tutorial_objectstorage.py for tasks to queue
[2024-11-08T08:59:10.256+0000] {logging_mixin.py:190} INFO - [2024-11-08T08:59:10.255+0000] {dagbag.py:588} INFO - Filling up the DagBag from /home/airflow/.local/lib/python3.12/site-packages/airflow/example_dags/tutorial_objectstorage.py
[2024-11-08T08:59:10.282+0000] {processor.py:925} INFO - DAG(s) 'tutorial_objectstorage' retrieved from /home/airflow/.local/lib/python3.12/site-packages/airflow/example_dags/tutorial_objectstorage.py
[2024-11-08T08:59:10.730+0000] {logging_mixin.py:190} INFO - [2024-11-08T08:59:10.727+0000] {override.py:1911} INFO - Created Permission View: can read on DAG:tutorial_objectstorage
[2024-11-08T08:59:10.782+0000] {logging_mixin.py:190} INFO - [2024-11-08T08:59:10.782+0000] {override.py:1911} INFO - Created Permission View: can delete on DAG:tutorial_objectstorage
[2024-11-08T08:59:10.836+0000] {logging_mixin.py:190} INFO - [2024-11-08T08:59:10.835+0000] {override.py:1911} INFO - Created Permission View: can edit on DAG:tutorial_objectstorage
[2024-11-08T08:59:10.888+0000] {logging_mixin.py:190} INFO - [2024-11-08T08:59:10.887+0000] {override.py:1911} INFO - Created Permission View: can read on DAG Run:tutorial_objectstorage
[2024-11-08T08:59:10.926+0000] {logging_mixin.py:190} INFO - [2024-11-08T08:59:10.925+0000] {override.py:1911} INFO - Created Permission View: can delete on DAG Run:tutorial_objectstorage
[2024-11-08T08:59:10.962+0000] {logging_mixin.py:190} INFO - [2024-11-08T08:59:10.961+0000] {override.py:1911} INFO - Created Permission View: can create on DAG Run:tutorial_objectstorage
[2024-11-08T08:59:10.996+0000] {logging_mixin.py:190} INFO - [2024-11-08T08:59:10.996+0000] {override.py:1911} INFO - Created Permission View: menu access on DAG Run:tutorial_objectstorage
[2024-11-08T08:59:10.998+0000] {logging_mixin.py:190} INFO - [2024-11-08T08:59:10.998+0000] {dag.py:3239} INFO - Sync 1 DAGs
[2024-11-08T08:59:11.044+0000] {logging_mixin.py:190} INFO - [2024-11-08T08:59:11.043+0000] {dag.py:3262} INFO - Creating ORM DAG for tutorial_objectstorage
[2024-11-08T08:59:11.046+0000] {logging_mixin.py:190} INFO - [2024-11-08T08:59:11.046+0000] {dag.py:4180} INFO - Setting next_dagrun for tutorial_objectstorage to None, run_after=None
[2024-11-08T08:59:11.138+0000] {processor.py:208} INFO - Processing /home/airflow/.local/lib/python3.12/site-packages/airflow/example_dags/tutorial_objectstorage.py took 0.909 seconds
[2024-11-08T08:59:41.749+0000] {processor.py:186} INFO - Started process (PID=203) to work on /home/airflow/.local/lib/python3.12/site-packages/airflow/example_dags/tutorial_objectstorage.py
[2024-11-08T08:59:41.751+0000] {processor.py:914} INFO - Processing file /home/airflow/.local/lib/python3.12/site-packages/airflow/example_dags/tutorial_objectstorage.py for tasks to queue
[2024-11-08T08:59:41.760+0000] {logging_mixin.py:190} INFO - [2024-11-08T08:59:41.759+0000] {dagbag.py:588} INFO - Filling up the DagBag from /home/airflow/.local/lib/python3.12/site-packages/airflow/example_dags/tutorial_objectstorage.py
[2024-11-08T08:59:41.799+0000] {processor.py:925} INFO - DAG(s) 'tutorial_objectstorage' retrieved from /home/airflow/.local/lib/python3.12/site-packages/airflow/example_dags/tutorial_objectstorage.py
[2024-11-08T08:59:41.896+0000] {logging_mixin.py:190} INFO - [2024-11-08T08:59:41.895+0000] {dag.py:3239} INFO - Sync 1 DAGs
[2024-11-08T08:59:41.941+0000] {logging_mixin.py:190} INFO - [2024-11-08T08:59:41.940+0000] {dag.py:4180} INFO - Setting next_dagrun for tutorial_objectstorage to None, run_after=None
[2024-11-08T08:59:42.017+0000] {processor.py:208} INFO - Processing /home/airflow/.local/lib/python3.12/site-packages/airflow/example_dags/tutorial_objectstorage.py took 0.282 seconds
[2024-11-08T09:00:50.425+0000] {processor.py:186} INFO - Started process (PID=274) to work on /home/airflow/.local/lib/python3.12/site-packages/airflow/example_dags/tutorial_objectstorage.py
[2024-11-08T09:00:50.440+0000] {processor.py:914} INFO - Processing file /home/airflow/.local/lib/python3.12/site-packages/airflow/example_dags/tutorial_objectstorage.py for tasks to queue
[2024-11-08T09:00:50.464+0000] {logging_mixin.py:190} INFO - [2024-11-08T09:00:50.464+0000] {dagbag.py:588} INFO - Filling up the DagBag from /home/airflow/.local/lib/python3.12/site-packages/airflow/example_dags/tutorial_objectstorage.py
[2024-11-08T09:00:50.530+0000] {processor.py:925} INFO - DAG(s) 'tutorial_objectstorage' retrieved from /home/airflow/.local/lib/python3.12/site-packages/airflow/example_dags/tutorial_objectstorage.py
[2024-11-08T09:00:50.691+0000] {logging_mixin.py:190} INFO - [2024-11-08T09:00:50.691+0000] {dag.py:3239} INFO - Sync 1 DAGs
[2024-11-08T09:00:50.877+0000] {logging_mixin.py:190} INFO - [2024-11-08T09:00:50.873+0000] {dag.py:4180} INFO - Setting next_dagrun for tutorial_objectstorage to None, run_after=None
[2024-11-08T09:00:50.976+0000] {processor.py:208} INFO - Processing /home/airflow/.local/lib/python3.12/site-packages/airflow/example_dags/tutorial_objectstorage.py took 0.587 seconds
[2024-11-08T09:01:24.847+0000] {processor.py:186} INFO - Started process (PID=337) to work on /home/airflow/.local/lib/python3.12/site-packages/airflow/example_dags/tutorial_objectstorage.py
[2024-11-08T09:01:24.851+0000] {processor.py:914} INFO - Processing file /home/airflow/.local/lib/python3.12/site-packages/airflow/example_dags/tutorial_objectstorage.py for tasks to queue
[2024-11-08T09:01:24.868+0000] {logging_mixin.py:190} INFO - [2024-11-08T09:01:24.867+0000] {dagbag.py:588} INFO - Filling up the DagBag from /home/airflow/.local/lib/python3.12/site-packages/airflow/example_dags/tutorial_objectstorage.py
[2024-11-08T09:01:24.923+0000] {processor.py:925} INFO - DAG(s) 'tutorial_objectstorage' retrieved from /home/airflow/.local/lib/python3.12/site-packages/airflow/example_dags/tutorial_objectstorage.py
[2024-11-08T09:01:25.027+0000] {logging_mixin.py:190} INFO - [2024-11-08T09:01:25.026+0000] {dag.py:3239} INFO - Sync 1 DAGs
[2024-11-08T09:01:25.107+0000] {logging_mixin.py:190} INFO - [2024-11-08T09:01:25.106+0000] {dag.py:4180} INFO - Setting next_dagrun for tutorial_objectstorage to None, run_after=None
[2024-11-08T09:01:25.238+0000] {processor.py:208} INFO - Processing /home/airflow/.local/lib/python3.12/site-packages/airflow/example_dags/tutorial_objectstorage.py took 0.437 seconds
[2024-11-08T09:04:32.011+0000] {processor.py:186} INFO - Started process (PID=406) to work on /home/airflow/.local/lib/python3.12/site-packages/airflow/example_dags/tutorial_objectstorage.py
[2024-11-08T09:04:32.020+0000] {processor.py:914} INFO - Processing file /home/airflow/.local/lib/python3.12/site-packages/airflow/example_dags/tutorial_objectstorage.py for tasks to queue
[2024-11-08T09:04:32.025+0000] {logging_mixin.py:190} INFO - [2024-11-08T09:04:32.024+0000] {dagbag.py:588} INFO - Filling up the DagBag from /home/airflow/.local/lib/python3.12/site-packages/airflow/example_dags/tutorial_objectstorage.py
[2024-11-08T09:04:32.086+0000] {processor.py:925} INFO - DAG(s) 'tutorial_objectstorage' retrieved from /home/airflow/.local/lib/python3.12/site-packages/airflow/example_dags/tutorial_objectstorage.py
[2024-11-08T09:04:32.174+0000] {logging_mixin.py:190} INFO - [2024-11-08T09:04:32.174+0000] {dag.py:3239} INFO - Sync 1 DAGs
[2024-11-08T09:04:32.266+0000] {logging_mixin.py:190} INFO - [2024-11-08T09:04:32.266+0000] {dag.py:4180} INFO - Setting next_dagrun for tutorial_objectstorage to None, run_after=None
[2024-11-08T09:04:32.409+0000] {processor.py:208} INFO - Processing /home/airflow/.local/lib/python3.12/site-packages/airflow/example_dags/tutorial_objectstorage.py took 0.415 seconds
[2024-11-08T09:05:03.304+0000] {processor.py:186} INFO - Started process (PID=469) to work on /home/airflow/.local/lib/python3.12/site-packages/airflow/example_dags/tutorial_objectstorage.py
[2024-11-08T09:05:03.309+0000] {processor.py:914} INFO - Processing file /home/airflow/.local/lib/python3.12/site-packages/airflow/example_dags/tutorial_objectstorage.py for tasks to queue
[2024-11-08T09:05:03.315+0000] {logging_mixin.py:190} INFO - [2024-11-08T09:05:03.313+0000] {dagbag.py:588} INFO - Filling up the DagBag from /home/airflow/.local/lib/python3.12/site-packages/airflow/example_dags/tutorial_objectstorage.py
[2024-11-08T09:05:03.347+0000] {processor.py:925} INFO - DAG(s) 'tutorial_objectstorage' retrieved from /home/airflow/.local/lib/python3.12/site-packages/airflow/example_dags/tutorial_objectstorage.py
[2024-11-08T09:05:03.394+0000] {logging_mixin.py:190} INFO - [2024-11-08T09:05:03.393+0000] {dag.py:3239} INFO - Sync 1 DAGs
[2024-11-08T09:05:03.429+0000] {logging_mixin.py:190} INFO - [2024-11-08T09:05:03.429+0000] {dag.py:4180} INFO - Setting next_dagrun for tutorial_objectstorage to None, run_after=None
[2024-11-08T09:05:03.480+0000] {processor.py:208} INFO - Processing /home/airflow/.local/lib/python3.12/site-packages/airflow/example_dags/tutorial_objectstorage.py took 0.196 seconds
[2024-11-08T09:05:36.315+0000] {processor.py:186} INFO - Started process (PID=532) to work on /home/airflow/.local/lib/python3.12/site-packages/airflow/example_dags/tutorial_objectstorage.py
[2024-11-08T09:05:36.319+0000] {processor.py:914} INFO - Processing file /home/airflow/.local/lib/python3.12/site-packages/airflow/example_dags/tutorial_objectstorage.py for tasks to queue
[2024-11-08T09:05:36.328+0000] {logging_mixin.py:190} INFO - [2024-11-08T09:05:36.327+0000] {dagbag.py:588} INFO - Filling up the DagBag from /home/airflow/.local/lib/python3.12/site-packages/airflow/example_dags/tutorial_objectstorage.py
[2024-11-08T09:05:36.367+0000] {processor.py:925} INFO - DAG(s) 'tutorial_objectstorage' retrieved from /home/airflow/.local/lib/python3.12/site-packages/airflow/example_dags/tutorial_objectstorage.py
[2024-11-08T09:05:36.411+0000] {logging_mixin.py:190} INFO - [2024-11-08T09:05:36.410+0000] {dag.py:3239} INFO - Sync 1 DAGs
[2024-11-08T09:05:36.494+0000] {logging_mixin.py:190} INFO - [2024-11-08T09:05:36.493+0000] {dag.py:4180} INFO - Setting next_dagrun for tutorial_objectstorage to None, run_after=None
[2024-11-08T09:05:36.599+0000] {processor.py:208} INFO - Processing /home/airflow/.local/lib/python3.12/site-packages/airflow/example_dags/tutorial_objectstorage.py took 0.327 seconds
[2024-11-08T09:06:10.946+0000] {processor.py:186} INFO - Started process (PID=595) to work on /home/airflow/.local/lib/python3.12/site-packages/airflow/example_dags/tutorial_objectstorage.py
[2024-11-08T09:06:10.951+0000] {processor.py:914} INFO - Processing file /home/airflow/.local/lib/python3.12/site-packages/airflow/example_dags/tutorial_objectstorage.py for tasks to queue
[2024-11-08T09:06:10.960+0000] {logging_mixin.py:190} INFO - [2024-11-08T09:06:10.959+0000] {dagbag.py:588} INFO - Filling up the DagBag from /home/airflow/.local/lib/python3.12/site-packages/airflow/example_dags/tutorial_objectstorage.py
[2024-11-08T09:06:11.017+0000] {processor.py:925} INFO - DAG(s) 'tutorial_objectstorage' retrieved from /home/airflow/.local/lib/python3.12/site-packages/airflow/example_dags/tutorial_objectstorage.py
[2024-11-08T09:06:11.087+0000] {logging_mixin.py:190} INFO - [2024-11-08T09:06:11.087+0000] {dag.py:3239} INFO - Sync 1 DAGs
[2024-11-08T09:06:11.138+0000] {logging_mixin.py:190} INFO - [2024-11-08T09:06:11.137+0000] {dag.py:4180} INFO - Setting next_dagrun for tutorial_objectstorage to None, run_after=None
[2024-11-08T09:06:11.230+0000] {processor.py:208} INFO - Processing /home/airflow/.local/lib/python3.12/site-packages/airflow/example_dags/tutorial_objectstorage.py took 0.303 seconds
